#
# A fatal error has been detected by the Java Runtime Environment:
#
#  EXCEPTION_ACCESS_VIOLATION (0xc0000005) at pc=0x00007ff99457d953, pid=116472, tid=65512
#
# JRE version: OpenJDK Runtime Environment (15.0.2+10) (build 15.0.2+10)
# Java VM: OpenJDK 64-Bit Server VM (15.0.2+10, mixed mode, sharing, tiered, compressed oops, g1 gc, windows-amd64)
# Problematic frame:
# C  [ucrtbase.dll+0x2d953]
#
# No core dump will be written. Minidumps are not enabled by default on client versions of Windows
#
# If you would like to submit a bug report, please visit:
#   https://bugreport.java.com/bugreport/crash.jsp
# The crash happened outside the Java Virtual Machine in native code.
# See problematic frame for where to report the bug.
#

---------------  S U M M A R Y ------------

Command Line: -Dfile.encoding=UTF-8 simrskhanza.SIMRSKhanza

Host: 12th Gen Intel(R) Core(TM) i7-12700H, 20 cores, 15G,  Windows 10 , 64 bit Build 22621 (10.0.22621.4391)
Time: Thu Dec  5 14:44:22 2024 SE Asia Standard Time elapsed time: 3162.094606 seconds (0d 0h 52m 42s)

---------------  T H R E A D  ---------------

Current thread (0x000002110ee27260):  JavaThread "RemotePrinterListener" daemon [_thread_in_native, id=65512, stack(0x00000087e7500000,0x00000087e7600000)]

Stack: [0x00000087e7500000,0x00000087e7600000],  sp=0x00000087e75ff178,  free space=1020k
Native frames: (J=compiled Java code, j=interpreted, Vv=VM code, C=native code)
C  [ucrtbase.dll+0x2d953]

Java frames: (J=compiled Java code, j=interpreted, Vv=VM code)
j  sun.print.PrintServiceLookupProvider.getRemotePrintersNames()[Ljava/lang/String;+0 java.desktop@15.0.2
j  sun.print.PrintServiceLookupProvider$RemotePrinterChangeListener.run()V+39 java.desktop@15.0.2
j  java.lang.Thread.run()V+11 java.base@15.0.2
v  ~StubRoutines::call_stub

siginfo: EXCEPTION_ACCESS_VIOLATION (0xc0000005), reading address 0x0000000000000000


Register to memory mapping:

RIP=0x00007ff99457d953 ucrtbase.dll
RAX=0x0 is NULL
RBX=0x0 is NULL
RCX=0x0 is NULL
RDX=0x0 is NULL
RSP=0x00000087e75ff178 is pointing into the stack for thread: 0x000002110ee27260
RBP=0x00000087e75ff270 is pointing into the stack for thread: 0x000002110ee27260
RSI=0x0 is NULL
RDI=0x000002110ee27588 points into unknown readable memory: 0x00007ff8df105fb0 | b0 5f 10 df f8 7f 00 00
R8 =0x0 is NULL
R9 =0x0 is NULL
R10=0x0000000800026230 is a pointer to class: 
R11=0x00000087e75feff0 is pointing into the stack for thread: 0x000002110ee27260
R12=0x0 is NULL
R13={method} {0x00000211589b38b8} 'getRemotePrintersNames' '()[Ljava/lang/String;' in 'sun/print/PrintServiceLookupProvider'
R14=0x000002110e2c0e48 points into unknown readable memory: 0x0000000716933448 | 48 34 93 16 07 00 00 00
R15=0x000002118caa9040 points into unknown readable memory: 0x0000000000000000 | 00 00 00 00 00 00 00 00


Registers:
RAX=0x0000000000000000, RBX=0x0000000000000000, RCX=0x0000000000000000, RDX=0x0000000000000000
RSP=0x00000087e75ff178, RBP=0x00000087e75ff270, RSI=0x0000000000000000, RDI=0x000002110ee27588
R8 =0x0000000000000000, R9 =0x0000000000000000, R10=0x0000000800026230, R11=0x00000087e75feff0
R12=0x0000000000000000, R13=0x00000211589b38b0, R14=0x000002110e2c0e48, R15=0x000002118caa9040
RIP=0x00007ff99457d953, EFLAGS=0x0000000000010246

Top of Stack: (sp=0x00000087e75ff178)
0x00000087e75ff178:   00007ff952185e16 000002110e2c0e40
0x00000087e75ff188:   00000087e75ff270 0000000000000004
0x00000087e75ff198:   0000000000000004 000000006c65746e
0x00000087e75ff1a8:   00000087e75ff218 00000087e75ff210
0x00000087e75ff1b8:   000002116509f1e5 000002110ee27260
0x00000087e75ff1c8:   000002118caa9040 fffffffffffffffe
0x00000087e75ff1d8:   0000000000000000 000002110ee27260
0x00000087e75ff1e8:   00000087e75ff290 000002116509a1aa
0x00000087e75ff1f8:   000002116509f177 00000211589b38b0
0x00000087e75ff208:   000002110ee27260 0000021100000211
0x00000087e75ff218:   000000006c650000 00000087e75ff220
0x00000087e75ff228:   00000087e75ff228 0000000000000000
0x00000087e75ff238:   00000087e75ff290 00000211589b3a60
0x00000087e75ff248:   0000000000000000 0000000712d3b9c8
0x00000087e75ff258:   00000211589b38b0 0000000000000000
0x00000087e75ff268:   00000087e75ff290 00000087e75ff2e0 

Instructions: (pc=0x00007ff99457d953)
0x00007ff99457d853:   74 0d 80 38 00 74 08 48 ff c0 48 3b c1 75 f3 48
0x00007ff99457d863:   8b c8 49 2b c9 49 3b ca 75 5f 4c 8b c2 48 8b c8
0x00007ff99457d873:   4d 2b c2 0f 57 c9 49 83 e0 f0 4c 03 c0 49 3b c0
0x00007ff99457d883:   74 19 66 0f 6f c1 66 0f 74 01 66 0f d7 c0 85 c0
0x00007ff99457d893:   75 09 48 83 c1 10 49 3b c8 75 e7 49 8d 04 11 eb
0x00007ff99457d8a3:   08 80 39 00 74 20 48 ff c1 48 3b c8 75 f3 eb 16
0x00007ff99457d8b3:   48 8d 04 11 4c 3b c8 74 0d 80 39 00 74 08 48 ff
0x00007ff99457d8c3:   c1 48 3b c8 75 f3 49 2b c9 48 8b c1 c3 cc cc cc
0x00007ff99457d8d3:   cc cc cc cc cc 71 51 59 3a 45 a6 25 ad 8b 05 8a
0x00007ff99457d8e3:   1b 0d 00 4c 8b c1 48 8b d1 83 f8 05 0f 8c 82 00
0x00007ff99457d8f3:   00 00 41 f6 c0 01 74 11 33 c9 66 39 0a 0f 84 f9
0x00007ff99457d903:   00 00 00 48 83 c2 02 eb f1 83 e1 1f b8 20 00 00
0x00007ff99457d913:   00 48 2b c1 48 f7 d9 4d 1b c9 33 c9 4c 23 c8 49
0x00007ff99457d923:   d1 e9 4b 8d 04 48 4c 3b c0 74 0e 66 39 0a 74 09
0x00007ff99457d933:   48 83 c2 02 48 3b d0 75 f2 49 2b d0 48 d1 fa 49
0x00007ff99457d943:   3b d1 0f 85 ba 00 00 00 49 8d 14 50 c5 e9 ef d2
0x00007ff99457d953:   c5 ed 75 0a c5 fd d7 c1 85 c0 75 06 48 83 c2 20
0x00007ff99457d963:   eb ee c5 f8 77 66 39 0a 0f 84 8e 00 00 00 48 83
0x00007ff99457d973:   c2 02 eb f1 83 f8 01 7c 76 41 f6 c0 01 74 0d 33
0x00007ff99457d983:   c9 66 39 0a 74 76 48 83 c2 02 eb f5 83 e1 0f b8
0x00007ff99457d993:   10 00 00 00 48 2b c1 48 f7 d9 4d 1b c9 33 c9 4c
0x00007ff99457d9a3:   23 c8 49 d1 e9 4b 8d 04 48 4c 3b c0 74 0e 66 39
0x00007ff99457d9b3:   0a 74 09 48 83 c2 02 48 3b d0 75 f2 49 2b d0 48
0x00007ff99457d9c3:   d1 fa 49 3b d1 75 3b 49 8d 14 50 0f 57 c9 66 0f
0x00007ff99457d9d3:   6f c1 66 0f 75 02 66 0f d7 c0 85 c0 75 06 48 83
0x00007ff99457d9e3:   c2 10 eb ea 66 39 0a 74 13 48 83 c2 02 eb f5 33
0x00007ff99457d9f3:   c9 66 39 0a 74 06 48 83 c2 02 eb f5 49 2b d0 48
0x00007ff99457da03:   d1 fa 48 8b c2 c3 cc cc cc cc cc cc cc cc cc cc
0x00007ff99457da13:   cc cc cc cc cc 71 30 56 58 4e 1f 68 ef 8b 05 4a
0x00007ff99457da23:   1a 0d 00 4c 8b d2 4c 8b c1 83 f8 05 0f 8c cc 00
0x00007ff99457da33:   00 00 41 f6 c0 01 74 29 48 8d 04 51 48 8b d1 48
0x00007ff99457da43:   3b c8 0f 84 a1 01 00 00 33 c9 66 39 0a 0f 84 96 


Stack slot to memory mapping:
stack at sp + 0 slots: 0x00007ff952185e16 awt.dll
stack at sp + 1 slots: 0x000002110e2c0e40 points into unknown readable memory: 0x0000000705c25bb0 | b0 5b c2 05 07 00 00 00
stack at sp + 2 slots: 0x00000087e75ff270 is pointing into the stack for thread: 0x000002110ee27260
stack at sp + 3 slots: 0x0000000000000004 is an unknown value
stack at sp + 4 slots: 0x0000000000000004 is an unknown value
stack at sp + 5 slots: 0x000000006c65746e is an unknown value
stack at sp + 6 slots: 0x00000087e75ff218 is pointing into the stack for thread: 0x000002110ee27260
stack at sp + 7 slots: 0x00000087e75ff210 is pointing into the stack for thread: 0x000002110ee27260


---------------  P R O C E S S  ---------------

Threads class SMR info:
_java_thread_list=0x000002110f55cff0, length=26, elements={
0x000002117f31f9d0, 0x000002117f3205a0, 0x000002117f336ca0, 0x000002117f339670,
0x000002117f33a120, 0x000002117f33cf10, 0x000002117fc01fe0, 0x000002117f348f10,
0x000002117fe78410, 0x000002117fe34490, 0x0000021102ed0760, 0x000002117fec67e0,
0x000002117fec6cb0, 0x00000211030f9b00, 0x0000021102bde730, 0x000002110869fd80,
0x000002110869d700, 0x000002110869f3e0, 0x000002110869f8b0, 0x000002110869d230,
0x000002110869dbd0, 0x000002110869e570, 0x000002110869ef10, 0x00000211086a0720,
0x000002110edec2e0, 0x000002110ee27260
}

Java Threads: ( => current thread )
  0x000002117f31f9d0 JavaThread "Reference Handler" daemon [_thread_blocked, id=115720, stack(0x00000087e4200000,0x00000087e4300000)]
  0x000002117f3205a0 JavaThread "Finalizer" daemon [_thread_blocked, id=11704, stack(0x00000087e4300000,0x00000087e4400000)]
  0x000002117f336ca0 JavaThread "Signal Dispatcher" daemon [_thread_blocked, id=109540, stack(0x00000087e4400000,0x00000087e4500000)]
  0x000002117f339670 JavaThread "Attach Listener" daemon [_thread_blocked, id=108448, stack(0x00000087e4500000,0x00000087e4600000)]
  0x000002117f33a120 JavaThread "Service Thread" daemon [_thread_blocked, id=27420, stack(0x00000087e4600000,0x00000087e4700000)]
  0x000002117f33cf10 JavaThread "C2 CompilerThread0" daemon [_thread_blocked, id=104768, stack(0x00000087e4700000,0x00000087e4800000)]
  0x000002117fc01fe0 JavaThread "C1 CompilerThread0" daemon [_thread_blocked, id=103252, stack(0x00000087e4800000,0x00000087e4900000)]
  0x000002117f348f10 JavaThread "Sweeper thread" daemon [_thread_blocked, id=17716, stack(0x00000087e4900000,0x00000087e4a00000)]
  0x000002117fe78410 JavaThread "Notification Thread" daemon [_thread_blocked, id=114724, stack(0x00000087e4c00000,0x00000087e4d00000)]
  0x000002117fe34490 JavaThread "Common-Cleaner" daemon [_thread_blocked, id=71624, stack(0x00000087e4e00000,0x00000087e4f00000)]
  0x0000021102ed0760 JavaThread "Java2D Disposer" daemon [_thread_blocked, id=117736, stack(0x00000087e5600000,0x00000087e5700000)]
  0x000002117fec67e0 JavaThread "AWT-Shutdown" [_thread_blocked, id=116984, stack(0x00000087e5700000,0x00000087e5800000)]
  0x000002117fec6cb0 JavaThread "AWT-Windows" daemon [_thread_in_native, id=17908, stack(0x00000087e5800000,0x00000087e5900000)]
  0x00000211030f9b00 JavaThread "AWT-EventQueue-0" [_thread_blocked, id=7132, stack(0x00000087e5a00000,0x00000087e5b00000)]
  0x0000021102bde730 JavaThread "Swing-Shell" daemon [_thread_blocked, id=118472, stack(0x00000087e5b00000,0x00000087e5c00000)]
  0x000002110869fd80 JavaThread "DestroyJavaVM" [_thread_blocked, id=110032, stack(0x00000087e3b00000,0x00000087e3c00000)]
  0x000002110869d700 JavaThread "Abandoned connection cleanup thread" daemon [_thread_blocked, id=117220, stack(0x00000087e6800000,0x00000087e6900000)]
  0x000002110869f3e0 JavaThread "TimerQueue" daemon [_thread_blocked, id=104332, stack(0x00000087e6d00000,0x00000087e6e00000)]
  0x000002110869f8b0 JavaThread "QuantumRenderer-0" daemon [_thread_blocked, id=36924, stack(0x00000087e4a00000,0x00000087e4b00000)]
  0x000002110869d230 JavaThread "InvokeLaterDispatcher" daemon [_thread_blocked, id=108332, stack(0x00000087e4b00000,0x00000087e4c00000)]
  0x000002110869dbd0 JavaThread "JavaFX Application Thread" [_thread_in_native, id=115148, stack(0x00000087e6400000,0x00000087e6500000)]
  0x000002110869e570 JavaThread "Thread-2" daemon [_thread_in_native, id=26260, stack(0x00000087e6e00000,0x00000087e6f00000)]
  0x000002110869ef10 JavaThread "D3D Screen Updater" daemon [_thread_blocked, id=103640, stack(0x00000087e7400000,0x00000087e7500000)]
  0x00000211086a0720 JavaThread "Prism Font Disposer" daemon [_thread_blocked, id=74832, stack(0x00000087e6f00000,0x00000087e7000000)]
  0x000002110edec2e0 JavaThread "Disposer" daemon [_thread_blocked, id=1156, stack(0x00000087e7000000,0x00000087e7100000)]
=>0x000002110ee27260 JavaThread "RemotePrinterListener" daemon [_thread_in_native, id=65512, stack(0x00000087e7500000,0x00000087e7600000)]

Other Threads:
  0x000002117f31d930 VMThread "VM Thread" [stack: 0x00000087e4100000,0x00000087e4200000] [id=108780]
  0x000002117fe8e620 WatcherThread [stack: 0x00000087e4d00000,0x00000087e4e00000] [id=102792]
  0x000002115b847b40 GCTaskThread "GC Thread#0" [stack: 0x00000087e3c00000,0x00000087e3d00000] [id=6120]
  0x000002117fe74450 GCTaskThread "GC Thread#1" [stack: 0x00000087e5100000,0x00000087e5200000] [id=115548]
  0x000002117fe77a80 GCTaskThread "GC Thread#2" [stack: 0x00000087e5200000,0x00000087e5300000] [id=78460]
  0x000002117fe74780 GCTaskThread "GC Thread#3" [stack: 0x00000087e5300000,0x00000087e5400000] [id=102936]
  0x000002117fe76760 GCTaskThread "GC Thread#4" [stack: 0x00000087e5400000,0x00000087e5500000] [id=28132]
  0x000002117fe75dd0 GCTaskThread "GC Thread#5" [stack: 0x00000087e5500000,0x00000087e5600000] [id=15736]
  0x0000021108965710 GCTaskThread "GC Thread#6" [stack: 0x00000087e6500000,0x00000087e6600000] [id=63604]
  0x00000211089640c0 GCTaskThread "GC Thread#7" [stack: 0x00000087e6600000,0x00000087e6700000] [id=104776]
  0x00000211089663d0 GCTaskThread "GC Thread#8" [stack: 0x00000087e6700000,0x00000087e6800000] [id=117504]
  0x0000021108963400 GCTaskThread "GC Thread#9" [stack: 0x00000087e6900000,0x00000087e6a00000] [id=96608]
  0x000002115b858760 ConcurrentGCThread "G1 Main Marker" [stack: 0x00000087e3d00000,0x00000087e3e00000] [id=19664]
  0x000002115b859350 ConcurrentGCThread "G1 Conc#0" [stack: 0x00000087e3e00000,0x00000087e3f00000] [id=78488]
  0x000002117fe75110 ConcurrentGCThread "G1 Conc#1" [stack: 0x00000087e6a00000,0x00000087e6b00000] [id=65168]
  0x000002117fe75440 ConcurrentGCThread "G1 Conc#2" [stack: 0x00000087e6b00000,0x00000087e6c00000] [id=112712]
  0x0000021108965a40 ConcurrentGCThread "G1 Conc#3" [stack: 0x00000087e6c00000,0x00000087e6d00000] [id=72396]
  0x000002117f215260 ConcurrentGCThread "G1 Refine#0" [stack: 0x00000087e3f00000,0x00000087e4000000] [id=21968]
  0x000002117f216c80 ConcurrentGCThread "G1 Young RemSet Sampling" [stack: 0x00000087e4000000,0x00000087e4100000] [id=117992]

Threads with active compile tasks:

VM state: not at safepoint (normal execution)

VM Mutex/Monitor currently owned by a thread: None

Heap address: 0x0000000705200000, size: 4014 MB, Compressed Oops mode: Zero based, Oop shift amount: 3
CDS archive(s) mapped at: [0x0000000800000000-0x0000000800b50000-0x0000000800b50000), size 11862016, SharedBaseAddress: 0x0000000800000000, ArchiveRelocationMode: 0.
Compressed class space mapped at: 0x0000000800b50000-0x0000000840b50000, size: 1073741824
Narrow klass base: 0x0000000800000000, Narrow klass shift: 3, Narrow klass range: 0x100000000

GC Precious Log:
 CPUs: 20 total, 20 available
 Memory: 16051M
 Large Page Support: Disabled
 NUMA Support: Disabled
 Compressed Oops: Enabled (Zero based)
 Heap Region Size: 2M
 Heap Min Capacity: 8M
 Heap Initial Capacity: 252M
 Heap Max Capacity: 4014M
 Pre-touch: Disabled
 Parallel Workers: 15
 Concurrent Workers: 4
 Concurrent Refinement Workers: 15
 Periodic GC: Disabled

Heap:
 garbage-first heap   total 327680K, used 225376K [0x0000000705200000, 0x0000000800000000)
  region size 2048K, 25 young (51200K), 4 survivors (8192K)
 Metaspace       used 78756K, capacity 79398K, committed 79872K, reserved 1120256K
  class space    used 9744K, capacity 9936K, committed 9984K, reserved 1048576K

Heap Regions: E=young(eden), S=young(survivor), O=old, HS=humongous(starts), HC=humongous(continues), CS=collection set, F=free, OA=open archive, CA=closed archive, TAMS=top-at-mark-start (previous, next)
|   0|0x0000000705200000, 0x0000000705400000, 0x0000000705400000|100%|HS|  |TAMS 0x0000000705400000, 0x0000000705200000| Complete 
|   1|0x0000000705400000, 0x0000000705600000, 0x0000000705600000|100%| O|  |TAMS 0x0000000705600000, 0x0000000705400000| Untracked 
|   2|0x0000000705600000, 0x0000000705800000, 0x0000000705800000|100%| O|  |TAMS 0x0000000705800000, 0x0000000705600000| Untracked 
|   3|0x0000000705800000, 0x0000000705a00000, 0x0000000705a00000|100%| O|  |TAMS 0x0000000705a00000, 0x0000000705800000| Untracked 
|   4|0x0000000705a00000, 0x0000000705c00000, 0x0000000705c00000|100%| O|  |TAMS 0x0000000705c00000, 0x0000000705a00000| Untracked 
|   5|0x0000000705c00000, 0x0000000705e00000, 0x0000000705e00000|100%| O|  |TAMS 0x0000000705e00000, 0x0000000705c00000| Untracked 
|   6|0x0000000705e00000, 0x0000000706000000, 0x0000000706000000|100%| O|  |TAMS 0x0000000706000000, 0x0000000705e00000| Untracked 
|   7|0x0000000706000000, 0x0000000706200000, 0x0000000706200000|100%| O|  |TAMS 0x0000000706200000, 0x0000000706000000| Untracked 
|   8|0x0000000706200000, 0x0000000706400000, 0x0000000706400000|100%| O|  |TAMS 0x0000000706400000, 0x0000000706200000| Untracked 
|   9|0x0000000706400000, 0x0000000706600000, 0x0000000706600000|100%| O|  |TAMS 0x0000000706600000, 0x0000000706400000| Untracked 
|  10|0x0000000706600000, 0x0000000706800000, 0x0000000706800000|100%| O|  |TAMS 0x0000000706800000, 0x0000000706600000| Untracked 
|  11|0x0000000706800000, 0x0000000706a00000, 0x0000000706a00000|100%| O|  |TAMS 0x0000000706a00000, 0x0000000706800000| Untracked 
|  12|0x0000000706a00000, 0x0000000706c00000, 0x0000000706c00000|100%| O|  |TAMS 0x0000000706c00000, 0x0000000706a00000| Untracked 
|  13|0x0000000706c00000, 0x0000000706e00000, 0x0000000706e00000|100%| O|  |TAMS 0x0000000706e00000, 0x0000000706c00000| Untracked 
|  14|0x0000000706e00000, 0x0000000707000000, 0x0000000707000000|100%| O|  |TAMS 0x0000000707000000, 0x0000000706e00000| Untracked 
|  15|0x0000000707000000, 0x0000000707200000, 0x0000000707200000|100%| O|  |TAMS 0x0000000707200000, 0x0000000707000000| Untracked 
|  16|0x0000000707200000, 0x0000000707400000, 0x0000000707400000|100%| O|  |TAMS 0x0000000707400000, 0x0000000707200000| Untracked 
|  17|0x0000000707400000, 0x0000000707600000, 0x0000000707600000|100%| O|  |TAMS 0x0000000707600000, 0x0000000707400000| Untracked 
|  18|0x0000000707600000, 0x0000000707800000, 0x0000000707800000|100%| O|  |TAMS 0x0000000707800000, 0x0000000707600000| Untracked 
|  19|0x0000000707800000, 0x0000000707a00000, 0x0000000707a00000|100%| O|  |TAMS 0x0000000707a00000, 0x0000000707800000| Untracked 
|  20|0x0000000707a00000, 0x0000000707b7ae00, 0x0000000707c00000| 73%| O|  |TAMS 0x0000000707b7ae00, 0x0000000707a00000| Untracked 
|  21|0x0000000707c00000, 0x0000000707e00000, 0x0000000707e00000|100%| O|  |TAMS 0x0000000707e00000, 0x0000000707c00000| Untracked 
|  22|0x0000000707e00000, 0x0000000708000000, 0x0000000708000000|100%| O|  |TAMS 0x0000000708000000, 0x0000000707e00000| Untracked 
|  23|0x0000000708000000, 0x0000000708200000, 0x0000000708200000|100%| O|  |TAMS 0x0000000708200000, 0x0000000708000000| Untracked 
|  24|0x0000000708200000, 0x0000000708200000, 0x0000000708400000|  0%| F|  |TAMS 0x0000000708200000, 0x0000000708200000| Untracked 
|  25|0x0000000708400000, 0x0000000708600000, 0x0000000708600000|100%| O|  |TAMS 0x0000000708600000, 0x0000000708400000| Untracked 
|  26|0x0000000708600000, 0x0000000708800000, 0x0000000708800000|100%| O|  |TAMS 0x0000000708800000, 0x0000000708600000| Untracked 
|  27|0x0000000708800000, 0x0000000708a00000, 0x0000000708a00000|100%| O|  |TAMS 0x0000000708a00000, 0x0000000708800000| Untracked 
|  28|0x0000000708a00000, 0x0000000708c00000, 0x0000000708c00000|100%| O|  |TAMS 0x0000000708c00000, 0x0000000708a00000| Untracked 
|  29|0x0000000708c00000, 0x0000000708e00000, 0x0000000708e00000|100%| O|  |TAMS 0x0000000708e00000, 0x0000000708c00000| Untracked 
|  30|0x0000000708e00000, 0x0000000709000000, 0x0000000709000000|100%| O|  |TAMS 0x0000000709000000, 0x0000000708e00000| Untracked 
|  31|0x0000000709000000, 0x0000000709200000, 0x0000000709200000|100%| O|  |TAMS 0x0000000709200000, 0x0000000709000000| Untracked 
|  32|0x0000000709200000, 0x0000000709400000, 0x0000000709400000|100%|HS|  |TAMS 0x0000000709400000, 0x0000000709200000| Complete 
|  33|0x0000000709400000, 0x0000000709600000, 0x0000000709600000|100%|HC|  |TAMS 0x0000000709600000, 0x0000000709400000| Complete 
|  34|0x0000000709600000, 0x0000000709800000, 0x0000000709800000|100%|HC|  |TAMS 0x0000000709800000, 0x0000000709600000| Complete 
|  35|0x0000000709800000, 0x0000000709a00000, 0x0000000709a00000|100%|HC|  |TAMS 0x0000000709a00000, 0x0000000709800000| Complete 
|  36|0x0000000709a00000, 0x0000000709c00000, 0x0000000709c00000|100%|HC|  |TAMS 0x0000000709c00000, 0x0000000709a00000| Complete 
|  37|0x0000000709c00000, 0x0000000709e00000, 0x0000000709e00000|100%| O|  |TAMS 0x0000000709e00000, 0x0000000709c00000| Untracked 
|  38|0x0000000709e00000, 0x000000070a000000, 0x000000070a000000|100%| O|  |TAMS 0x000000070a000000, 0x0000000709e00000| Untracked 
|  39|0x000000070a000000, 0x000000070a200000, 0x000000070a200000|100%| O|  |TAMS 0x000000070a200000, 0x000000070a000000| Untracked 
|  40|0x000000070a200000, 0x000000070a400000, 0x000000070a400000|100%| O|  |TAMS 0x000000070a400000, 0x000000070a200000| Untracked 
|  41|0x000000070a400000, 0x000000070a600000, 0x000000070a600000|100%| O|  |TAMS 0x000000070a600000, 0x000000070a400000| Untracked 
|  42|0x000000070a600000, 0x000000070a600000, 0x000000070a800000|  0%| F|  |TAMS 0x000000070a600000, 0x000000070a600000| Untracked 
|  43|0x000000070a800000, 0x000000070aa00000, 0x000000070aa00000|100%| O|  |TAMS 0x000000070aa00000, 0x000000070a800000| Untracked 
|  44|0x000000070aa00000, 0x000000070ac00000, 0x000000070ac00000|100%| O|  |TAMS 0x000000070ac00000, 0x000000070aa00000| Untracked 
|  45|0x000000070ac00000, 0x000000070ae00000, 0x000000070ae00000|100%| O|  |TAMS 0x000000070ae00000, 0x000000070ac00000| Untracked 
|  46|0x000000070ae00000, 0x000000070ae00000, 0x000000070b000000|  0%| F|  |TAMS 0x000000070ae00000, 0x000000070ae00000| Untracked 
|  47|0x000000070b000000, 0x000000070b200000, 0x000000070b200000|100%| O|  |TAMS 0x000000070b200000, 0x000000070b000000| Untracked 
|  48|0x000000070b200000, 0x000000070b400000, 0x000000070b400000|100%| O|  |TAMS 0x000000070b400000, 0x000000070b200000| Untracked 
|  49|0x000000070b400000, 0x000000070b600000, 0x000000070b600000|100%| O|  |TAMS 0x000000070b600000, 0x000000070b400000| Untracked 
|  50|0x000000070b600000, 0x000000070b800000, 0x000000070b800000|100%| O|  |TAMS 0x000000070b800000, 0x000000070b600000| Untracked 
|  51|0x000000070b800000, 0x000000070ba00000, 0x000000070ba00000|100%| O|  |TAMS 0x000000070ba00000, 0x000000070b800000| Untracked 
|  52|0x000000070ba00000, 0x000000070ba00000, 0x000000070bc00000|  0%| F|  |TAMS 0x000000070ba00000, 0x000000070ba00000| Untracked 
|  53|0x000000070bc00000, 0x000000070be00000, 0x000000070be00000|100%| O|  |TAMS 0x000000070be00000, 0x000000070bc00000| Untracked 
|  54|0x000000070be00000, 0x000000070c000000, 0x000000070c000000|100%| O|  |TAMS 0x000000070c000000, 0x000000070be00000| Untracked 
|  55|0x000000070c000000, 0x000000070c200000, 0x000000070c200000|100%| O|  |TAMS 0x000000070c200000, 0x000000070c000000| Untracked 
|  56|0x000000070c200000, 0x000000070c400000, 0x000000070c400000|100%| O|  |TAMS 0x000000070c400000, 0x000000070c200000| Untracked 
|  57|0x000000070c400000, 0x000000070c600000, 0x000000070c600000|100%| O|  |TAMS 0x000000070c600000, 0x000000070c400000| Untracked 
|  58|0x000000070c600000, 0x000000070c800000, 0x000000070c800000|100%| O|  |TAMS 0x000000070c800000, 0x000000070c600000| Untracked 
|  59|0x000000070c800000, 0x000000070ca00000, 0x000000070ca00000|100%| O|  |TAMS 0x000000070ca00000, 0x000000070c800000| Untracked 
|  60|0x000000070ca00000, 0x000000070cc00000, 0x000000070cc00000|100%| O|  |TAMS 0x000000070cc00000, 0x000000070ca00000| Untracked 
|  61|0x000000070cc00000, 0x000000070cc00000, 0x000000070ce00000|  0%| F|  |TAMS 0x000000070cc00000, 0x000000070cc00000| Untracked 
|  62|0x000000070ce00000, 0x000000070d000000, 0x000000070d000000|100%| O|  |TAMS 0x000000070d000000, 0x000000070ce00000| Untracked 
|  63|0x000000070d000000, 0x000000070d000000, 0x000000070d200000|  0%| F|  |TAMS 0x000000070d000000, 0x000000070d000000| Untracked 
|  64|0x000000070d200000, 0x000000070d200000, 0x000000070d400000|  0%| F|  |TAMS 0x000000070d200000, 0x000000070d200000| Untracked 
|  65|0x000000070d400000, 0x000000070d400000, 0x000000070d600000|  0%| F|  |TAMS 0x000000070d400000, 0x000000070d400000| Untracked 
|  66|0x000000070d600000, 0x000000070d800000, 0x000000070d800000|100%| O|  |TAMS 0x000000070d800000, 0x000000070d600000| Untracked 
|  67|0x000000070d800000, 0x000000070da00000, 0x000000070da00000|100%| O|  |TAMS 0x000000070da00000, 0x000000070d800000| Untracked 
|  68|0x000000070da00000, 0x000000070da00000, 0x000000070dc00000|  0%| F|  |TAMS 0x000000070da00000, 0x000000070da00000| Untracked 
|  69|0x000000070dc00000, 0x000000070dc00000, 0x000000070de00000|  0%| F|  |TAMS 0x000000070dc00000, 0x000000070dc00000| Untracked 
|  70|0x000000070de00000, 0x000000070e000000, 0x000000070e000000|100%| O|  |TAMS 0x000000070e000000, 0x000000070de00000| Untracked 
|  71|0x000000070e000000, 0x000000070e000000, 0x000000070e200000|  0%| F|  |TAMS 0x000000070e000000, 0x000000070e000000| Untracked 
|  72|0x000000070e200000, 0x000000070e200000, 0x000000070e400000|  0%| F|  |TAMS 0x000000070e200000, 0x000000070e200000| Untracked 
|  73|0x000000070e400000, 0x000000070e600000, 0x000000070e600000|100%| O|  |TAMS 0x000000070e600000, 0x000000070e400000| Untracked 
|  74|0x000000070e600000, 0x000000070e800000, 0x000000070e800000|100%| O|  |TAMS 0x000000070e800000, 0x000000070e600000| Untracked 
|  75|0x000000070e800000, 0x000000070e800000, 0x000000070ea00000|  0%| F|  |TAMS 0x000000070e800000, 0x000000070e800000| Untracked 
|  76|0x000000070ea00000, 0x000000070ec00000, 0x000000070ec00000|100%| O|  |TAMS 0x000000070ec00000, 0x000000070ea00000| Untracked 
|  77|0x000000070ec00000, 0x000000070ee00000, 0x000000070ee00000|100%|HS|  |TAMS 0x000000070ee00000, 0x000000070ec00000| Complete 
|  78|0x000000070ee00000, 0x000000070f000000, 0x000000070f000000|100%|HC|  |TAMS 0x000000070f000000, 0x000000070ee00000| Complete 
|  79|0x000000070f000000, 0x000000070f200000, 0x000000070f200000|100%|HC|  |TAMS 0x000000070f200000, 0x000000070f000000| Complete 
|  80|0x000000070f200000, 0x000000070f400000, 0x000000070f400000|100%|HC|  |TAMS 0x000000070f400000, 0x000000070f200000| Complete 
|  81|0x000000070f400000, 0x000000070f600000, 0x000000070f600000|100%| O|  |TAMS 0x000000070f600000, 0x000000070f400000| Untracked 
|  82|0x000000070f600000, 0x000000070f800000, 0x000000070f800000|100%| O|  |TAMS 0x000000070f800000, 0x000000070f600000| Untracked 
|  83|0x000000070f800000, 0x000000070fa00000, 0x000000070fa00000|100%| O|  |TAMS 0x000000070fa00000, 0x000000070f800000| Untracked 
|  84|0x000000070fa00000, 0x000000070fc00000, 0x000000070fc00000|100%| O|  |TAMS 0x000000070fc00000, 0x000000070fa00000| Untracked 
|  85|0x000000070fc00000, 0x000000070fe00000, 0x000000070fe00000|100%| O|  |TAMS 0x000000070fe00000, 0x000000070fc00000| Untracked 
|  86|0x000000070fe00000, 0x0000000710000000, 0x0000000710000000|100%| O|  |TAMS 0x0000000710000000, 0x000000070fe00000| Untracked 
|  87|0x0000000710000000, 0x0000000710200000, 0x0000000710200000|100%| O|  |TAMS 0x0000000710200000, 0x0000000710000000| Untracked 
|  88|0x0000000710200000, 0x0000000710400000, 0x0000000710400000|100%| O|  |TAMS 0x0000000710400000, 0x0000000710200000| Untracked 
|  89|0x0000000710400000, 0x0000000710600000, 0x0000000710600000|100%| O|  |TAMS 0x0000000710600000, 0x0000000710400000| Untracked 
|  90|0x0000000710600000, 0x0000000710800000, 0x0000000710800000|100%| O|  |TAMS 0x0000000710800000, 0x0000000710600000| Untracked 
|  91|0x0000000710800000, 0x0000000710a00000, 0x0000000710a00000|100%| O|  |TAMS 0x0000000710a00000, 0x0000000710800000| Untracked 
|  92|0x0000000710a00000, 0x0000000710c00000, 0x0000000710c00000|100%| O|  |TAMS 0x0000000710c00000, 0x0000000710a00000| Untracked 
|  93|0x0000000710c00000, 0x0000000710e00000, 0x0000000710e00000|100%| O|  |TAMS 0x0000000710e00000, 0x0000000710c00000| Untracked 
|  94|0x0000000710e00000, 0x0000000711000000, 0x0000000711000000|100%| O|  |TAMS 0x0000000711000000, 0x0000000710e00000| Untracked 
|  95|0x0000000711000000, 0x0000000711200000, 0x0000000711200000|100%| O|  |TAMS 0x0000000711200000, 0x0000000711000000| Untracked 
|  96|0x0000000711200000, 0x0000000711400000, 0x0000000711400000|100%| O|  |TAMS 0x0000000711400000, 0x0000000711200000| Untracked 
|  97|0x0000000711400000, 0x0000000711600000, 0x0000000711600000|100%| O|  |TAMS 0x0000000711600000, 0x0000000711400000| Untracked 
|  98|0x0000000711600000, 0x0000000711800000, 0x0000000711800000|100%| O|  |TAMS 0x0000000711800000, 0x0000000711600000| Untracked 
|  99|0x0000000711800000, 0x0000000711a00000, 0x0000000711a00000|100%| O|  |TAMS 0x0000000711a00000, 0x0000000711800000| Untracked 
| 100|0x0000000711a00000, 0x0000000711a00000, 0x0000000711c00000|  0%| F|  |TAMS 0x0000000711a00000, 0x0000000711a00000| Untracked 
| 101|0x0000000711c00000, 0x0000000711c00000, 0x0000000711e00000|  0%| F|  |TAMS 0x0000000711c00000, 0x0000000711c00000| Untracked 
| 102|0x0000000711e00000, 0x0000000711e00000, 0x0000000712000000|  0%| F|  |TAMS 0x0000000711e00000, 0x0000000711e00000| Untracked 
| 103|0x0000000712000000, 0x0000000712000000, 0x0000000712200000|  0%| F|  |TAMS 0x0000000712000000, 0x0000000712000000| Untracked 
| 104|0x0000000712200000, 0x0000000712200000, 0x0000000712400000|  0%| F|  |TAMS 0x0000000712200000, 0x0000000712200000| Untracked 
| 105|0x0000000712400000, 0x0000000712400000, 0x0000000712600000|  0%| F|  |TAMS 0x0000000712400000, 0x0000000712400000| Untracked 
| 106|0x0000000712600000, 0x0000000712600000, 0x0000000712800000|  0%| F|  |TAMS 0x0000000712600000, 0x0000000712600000| Untracked 
| 107|0x0000000712800000, 0x000000071289d200, 0x0000000712a00000| 30%| S|CS|TAMS 0x0000000712800000, 0x0000000712800000| Complete 
| 108|0x0000000712a00000, 0x0000000712c00000, 0x0000000712c00000|100%| S|CS|TAMS 0x0000000712a00000, 0x0000000712a00000| Complete 
| 109|0x0000000712c00000, 0x0000000712e00000, 0x0000000712e00000|100%| S|CS|TAMS 0x0000000712c00000, 0x0000000712c00000| Complete 
| 110|0x0000000712e00000, 0x0000000713000000, 0x0000000713000000|100%| S|CS|TAMS 0x0000000712e00000, 0x0000000712e00000| Complete 
| 111|0x0000000713000000, 0x0000000713000000, 0x0000000713200000|  0%| F|  |TAMS 0x0000000713000000, 0x0000000713000000| Untracked 
| 112|0x0000000713200000, 0x0000000713200000, 0x0000000713400000|  0%| F|  |TAMS 0x0000000713200000, 0x0000000713200000| Untracked 
| 113|0x0000000713400000, 0x0000000713400000, 0x0000000713600000|  0%| F|  |TAMS 0x0000000713400000, 0x0000000713400000| Untracked 
| 114|0x0000000713600000, 0x0000000713600000, 0x0000000713800000|  0%| F|  |TAMS 0x0000000713600000, 0x0000000713600000| Untracked 
| 115|0x0000000713800000, 0x0000000713800000, 0x0000000713a00000|  0%| F|  |TAMS 0x0000000713800000, 0x0000000713800000| Untracked 
| 116|0x0000000713a00000, 0x0000000713a00000, 0x0000000713c00000|  0%| F|  |TAMS 0x0000000713a00000, 0x0000000713a00000| Untracked 
| 117|0x0000000713c00000, 0x0000000713c00000, 0x0000000713e00000|  0%| F|  |TAMS 0x0000000713c00000, 0x0000000713c00000| Untracked 
| 118|0x0000000713e00000, 0x0000000713e00000, 0x0000000714000000|  0%| F|  |TAMS 0x0000000713e00000, 0x0000000713e00000| Untracked 
| 119|0x0000000714000000, 0x0000000714000000, 0x0000000714200000|  0%| F|  |TAMS 0x0000000714000000, 0x0000000714000000| Untracked 
| 120|0x0000000714200000, 0x0000000714200000, 0x0000000714400000|  0%| F|  |TAMS 0x0000000714200000, 0x0000000714200000| Untracked 
| 121|0x0000000714400000, 0x0000000714400000, 0x0000000714600000|  0%| F|  |TAMS 0x0000000714400000, 0x0000000714400000| Untracked 
| 122|0x0000000714600000, 0x0000000714600000, 0x0000000714800000|  0%| F|  |TAMS 0x0000000714600000, 0x0000000714600000| Untracked 
| 123|0x0000000714800000, 0x0000000714800000, 0x0000000714a00000|  0%| F|  |TAMS 0x0000000714800000, 0x0000000714800000| Untracked 
| 124|0x0000000714a00000, 0x0000000714a00000, 0x0000000714c00000|  0%| F|  |TAMS 0x0000000714a00000, 0x0000000714a00000| Untracked 
| 125|0x0000000714c00000, 0x0000000714c00000, 0x0000000714e00000|  0%| F|  |TAMS 0x0000000714c00000, 0x0000000714c00000| Untracked 
| 126|0x0000000714e00000, 0x0000000714e00000, 0x0000000715000000|  0%| F|  |TAMS 0x0000000714e00000, 0x0000000714e00000| Untracked 
| 127|0x0000000715000000, 0x0000000715000000, 0x0000000715200000|  0%| F|  |TAMS 0x0000000715000000, 0x0000000715000000| Untracked 
| 128|0x0000000715200000, 0x0000000715200000, 0x0000000715400000|  0%| F|  |TAMS 0x0000000715200000, 0x0000000715200000| Untracked 
| 129|0x0000000715400000, 0x0000000715400000, 0x0000000715600000|  0%| F|  |TAMS 0x0000000715400000, 0x0000000715400000| Untracked 
| 130|0x0000000715600000, 0x0000000715600000, 0x0000000715800000|  0%| F|  |TAMS 0x0000000715600000, 0x0000000715600000| Untracked 
| 131|0x0000000715800000, 0x0000000715800000, 0x0000000715a00000|  0%| F|  |TAMS 0x0000000715800000, 0x0000000715800000| Untracked 
| 132|0x0000000715a00000, 0x0000000715a00000, 0x0000000715c00000|  0%| F|  |TAMS 0x0000000715a00000, 0x0000000715a00000| Untracked 
| 133|0x0000000715c00000, 0x0000000715c00000, 0x0000000715e00000|  0%| F|  |TAMS 0x0000000715c00000, 0x0000000715c00000| Untracked 
| 134|0x0000000715e00000, 0x0000000715e00000, 0x0000000716000000|  0%| F|  |TAMS 0x0000000715e00000, 0x0000000715e00000| Untracked 
| 135|0x0000000716000000, 0x0000000716000000, 0x0000000716200000|  0%| F|  |TAMS 0x0000000716000000, 0x0000000716000000| Untracked 
| 136|0x0000000716200000, 0x0000000716200000, 0x0000000716400000|  0%| F|  |TAMS 0x0000000716200000, 0x0000000716200000| Untracked 
| 137|0x0000000716400000, 0x0000000716400000, 0x0000000716600000|  0%| F|  |TAMS 0x0000000716400000, 0x0000000716400000| Untracked 
| 138|0x0000000716600000, 0x0000000716600000, 0x0000000716800000|  0%| F|  |TAMS 0x0000000716600000, 0x0000000716600000| Untracked 
| 139|0x0000000716800000, 0x000000071694fa98, 0x0000000716a00000| 65%| E|  |TAMS 0x0000000716800000, 0x0000000716800000| Complete 
| 140|0x0000000716a00000, 0x0000000716c00000, 0x0000000716c00000|100%| E|CS|TAMS 0x0000000716a00000, 0x0000000716a00000| Complete 
| 141|0x0000000716c00000, 0x0000000716e00000, 0x0000000716e00000|100%| E|CS|TAMS 0x0000000716c00000, 0x0000000716c00000| Complete 
| 142|0x0000000716e00000, 0x0000000717000000, 0x0000000717000000|100%| E|CS|TAMS 0x0000000716e00000, 0x0000000716e00000| Complete 
| 143|0x0000000717000000, 0x0000000717200000, 0x0000000717200000|100%| E|CS|TAMS 0x0000000717000000, 0x0000000717000000| Complete 
| 144|0x0000000717200000, 0x0000000717400000, 0x0000000717400000|100%| E|CS|TAMS 0x0000000717200000, 0x0000000717200000| Complete 
| 145|0x0000000717400000, 0x0000000717600000, 0x0000000717600000|100%| E|CS|TAMS 0x0000000717400000, 0x0000000717400000| Complete 
| 146|0x0000000717600000, 0x0000000717800000, 0x0000000717800000|100%| E|CS|TAMS 0x0000000717600000, 0x0000000717600000| Complete 
| 147|0x0000000717800000, 0x0000000717a00000, 0x0000000717a00000|100%| E|CS|TAMS 0x0000000717800000, 0x0000000717800000| Complete 
| 148|0x0000000717a00000, 0x0000000717c00000, 0x0000000717c00000|100%| E|CS|TAMS 0x0000000717a00000, 0x0000000717a00000| Complete 
| 149|0x0000000717c00000, 0x0000000717e00000, 0x0000000717e00000|100%| E|CS|TAMS 0x0000000717c00000, 0x0000000717c00000| Complete 
| 150|0x0000000717e00000, 0x0000000718000000, 0x0000000718000000|100%| E|CS|TAMS 0x0000000717e00000, 0x0000000717e00000| Complete 
| 151|0x0000000718000000, 0x0000000718200000, 0x0000000718200000|100%| E|CS|TAMS 0x0000000718000000, 0x0000000718000000| Complete 
| 152|0x0000000718200000, 0x0000000718400000, 0x0000000718400000|100%| E|CS|TAMS 0x0000000718200000, 0x0000000718200000| Complete 
| 153|0x0000000718400000, 0x0000000718600000, 0x0000000718600000|100%| E|CS|TAMS 0x0000000718400000, 0x0000000718400000| Complete 
| 154|0x0000000718600000, 0x0000000718800000, 0x0000000718800000|100%| E|CS|TAMS 0x0000000718600000, 0x0000000718600000| Complete 
| 155|0x0000000718800000, 0x0000000718a00000, 0x0000000718a00000|100%| E|CS|TAMS 0x0000000718800000, 0x0000000718800000| Complete 
| 156|0x0000000718a00000, 0x0000000718c00000, 0x0000000718c00000|100%| E|CS|TAMS 0x0000000718a00000, 0x0000000718a00000| Complete 
| 157|0x0000000718c00000, 0x0000000718e00000, 0x0000000718e00000|100%| E|CS|TAMS 0x0000000718c00000, 0x0000000718c00000| Complete 
| 158|0x0000000718e00000, 0x0000000719000000, 0x0000000719000000|100%| E|CS|TAMS 0x0000000718e00000, 0x0000000718e00000| Complete 
| 159|0x0000000719000000, 0x0000000719200000, 0x0000000719200000|100%| E|CS|TAMS 0x0000000719000000, 0x0000000719000000| Complete 

Card table byte_map: [0x0000021175310000,0x0000021175af0000] _byte_map_base: 0x0000021171ae7000

Marking Bits (Prev, Next): (CMBitMap*) 0x000002115b848330, (CMBitMap*) 0x000002115b848370
 Prev Bits: [0x00000211762d0000, 0x000002117a188000)
 Next Bits: [0x000002117a190000, 0x000002117e048000)

Polling page: 0x0000021159770000

Metaspace:

Usage:
  Non-class:     67.83 MB capacity,    67.39 MB (>99%) used,   353.46 KB ( <1%) free+waste,    96.50 KB ( <1%) overhead. 
      Class:      9.70 MB capacity,     9.52 MB ( 98%) used,   157.75 KB (  2%) free+waste,    34.00 KB ( <1%) overhead. 
       Both:     77.54 MB capacity,    76.91 MB (>99%) used,   511.21 KB ( <1%) free+waste,   130.50 KB ( <1%) overhead. 

Virtual space:
  Non-class space:       70.00 MB reserved,      68.25 MB ( 98%) committed 
      Class space:        1.00 GB reserved,       9.75 MB ( <1%) committed 
             Both:        1.07 GB reserved,      78.00 MB (  7%) committed 

Chunk freelists:
   Non-Class:  234.00 KB
       Class:  16.00 KB
        Both:  250.00 KB

MaxMetaspaceSize: 17179869184.00 GB
CompressedClassSpaceSize: 1.00 GB

CodeHeap 'non-profiled nmethods': size=119168Kb used=11503Kb max_used=11503Kb free=107664Kb
 bounds [0x000002116cc30000, 0x000002116d770000, 0x0000021174090000]
CodeHeap 'profiled nmethods': size=119104Kb used=23840Kb max_used=23840Kb free=95263Kb
 bounds [0x00000211657e0000, 0x0000021166f30000, 0x000002116cc30000]
CodeHeap 'non-nmethods': size=7488Kb used=2760Kb max_used=4477Kb free=4727Kb
 bounds [0x0000021165090000, 0x0000021165520000, 0x00000211657e0000]
 total_blobs=13319 nmethods=11966 adapters=1262
 compilation: enabled
              stopped_count=0, restarted_count=0
 full_count=0

Compilation events (20 events):
Event: 2940.655 Thread 0x000002117fc01fe0 nmethod 15057 0x0000021166f1c390 code [0x0000021166f1c540, 0x0000021166f1c908]
Event: 2940.655 Thread 0x000002117f33cf10 nmethod 15056 0x000002116d763d90 code [0x000002116d763f20, 0x000002116d7642d8]
Event: 2940.658 Thread 0x000002117fc01fe0 15059       3       sun.awt.windows.WInputMethod::getNearestNativePeer (70 bytes)
Event: 2940.658 Thread 0x000002117fc01fe0 nmethod 15059 0x0000021166f1ca10 code [0x0000021166f1cc80, 0x0000021166f1d898]
Event: 2940.658 Thread 0x000002117fc01fe0 15058   !   3       sun.awt.im.InputContext::focusGained (234 bytes)
Event: 2940.659 Thread 0x000002117fc01fe0 nmethod 15058 0x0000021166f1dc10 code [0x0000021166f1dfe0, 0x0000021166f200e8]
Event: 2941.320 Thread 0x000002117fc01fe0 15060       3       java.awt.Component::dispatchEventImpl (777 bytes)
Event: 2941.322 Thread 0x000002117fc01fe0 nmethod 15060 0x0000021166f20b10 code [0x0000021166f21300, 0x0000021166f279c8]
Event: 2941.325 Thread 0x000002117fc01fe0 15061       3       javax.swing.plaf.basic.BasicTabbedPaneUI::tabForCoordinate (122 bytes)
Event: 2941.326 Thread 0x000002117fc01fe0 nmethod 15061 0x0000021166f28a90 code [0x0000021166f28d00, 0x0000021166f29ad8]
Event: 2941.326 Thread 0x000002117fc01fe0 15062       3       javax.swing.plaf.basic.BasicTabbedPaneUI::setRolloverTab (16 bytes)
Event: 2941.326 Thread 0x000002117fc01fe0 nmethod 15062 0x0000021166f2a010 code [0x0000021166f2a1c0, 0x0000021166f2a3c8]
Event: 2942.727 Thread 0x000002117f33cf10 15063   !   4       sun.awt.image.SurfaceManager::getManager (47 bytes)
Event: 2942.729 Thread 0x000002117f33cf10 nmethod 15063 0x000002116d764510 code [0x000002116d7646e0, 0x000002116d764a68]
Event: 2942.835 Thread 0x000002117fc01fe0 15064       3       javax.swing.JComboBox::hidePopup (6 bytes)
Event: 2942.835 Thread 0x000002117fc01fe0 nmethod 15064 0x0000021166f2a490 code [0x0000021166f2a640, 0x0000021166f2ab08]
Event: 2944.120 Thread 0x000002117fc01fe0 15065       3       sun.awt.windows.WWindowPeer::preprocessPostEvent (72 bytes)
Event: 2944.120 Thread 0x000002117fc01fe0 nmethod 15065 0x0000021166f2ac10 code [0x0000021166f2ae00, 0x0000021166f2b558]
Event: 3048.765 Thread 0x000002117f33cf10 15066       4       java.awt.Component::dispatchEventImpl (777 bytes)
Event: 3048.805 Thread 0x000002117f33cf10 nmethod 15066 0x000002116d764c90 code [0x000002116d765340, 0x000002116d769498]

GC Heap History (20 events):
Event: 2263.753 GC heap before
{Heap before GC invocations=87 (full 0):
 garbage-first heap   total 327680K, used 286977K [0x0000000705200000, 0x0000000800000000)
  region size 2048K, 54 young (110592K), 3 survivors (6144K)
 Metaspace       used 74732K, capacity 75304K, committed 75648K, reserved 1116160K
  class space    used 9400K, capacity 9598K, committed 9600K, reserved 1048576K
}
Event: 2263.762 GC heap after
{Heap after GC invocations=88 (full 0):
 garbage-first heap   total 327680K, used 182416K [0x0000000705200000, 0x0000000800000000)
  region size 2048K, 3 young (6144K), 3 survivors (6144K)
 Metaspace       used 74732K, capacity 75304K, committed 75648K, reserved 1116160K
  class space    used 9400K, capacity 9598K, committed 9600K, reserved 1048576K
}
Event: 2375.401 GC heap before
{Heap before GC invocations=89 (full 0):
 garbage-first heap   total 327680K, used 286864K [0x0000000705200000, 0x0000000800000000)
  region size 2048K, 54 young (110592K), 3 survivors (6144K)
 Metaspace       used 74732K, capacity 75304K, committed 75648K, reserved 1116160K
  class space    used 9400K, capacity 9598K, committed 9600K, reserved 1048576K
}
Event: 2375.404 GC heap after
{Heap after GC invocations=90 (full 0):
 garbage-first heap   total 327680K, used 182641K [0x0000000705200000, 0x0000000800000000)
  region size 2048K, 3 young (6144K), 3 survivors (6144K)
 Metaspace       used 74732K, capacity 75304K, committed 75648K, reserved 1116160K
  class space    used 9400K, capacity 9598K, committed 9600K, reserved 1048576K
}
Event: 2488.073 GC heap before
{Heap before GC invocations=90 (full 0):
 garbage-first heap   total 327680K, used 287089K [0x0000000705200000, 0x0000000800000000)
  region size 2048K, 54 young (110592K), 3 survivors (6144K)
 Metaspace       used 74737K, capacity 75304K, committed 75648K, reserved 1116160K
  class space    used 9400K, capacity 9598K, committed 9600K, reserved 1048576K
}
Event: 2488.076 GC heap after
{Heap after GC invocations=91 (full 0):
 garbage-first heap   total 327680K, used 182528K [0x0000000705200000, 0x0000000800000000)
  region size 2048K, 3 young (6144K), 3 survivors (6144K)
 Metaspace       used 74737K, capacity 75304K, committed 75648K, reserved 1116160K
  class space    used 9400K, capacity 9598K, committed 9600K, reserved 1048576K
}
Event: 2600.256 GC heap before
{Heap before GC invocations=92 (full 0):
 garbage-first heap   total 327680K, used 286976K [0x0000000705200000, 0x0000000800000000)
  region size 2048K, 54 young (110592K), 3 survivors (6144K)
 Metaspace       used 74737K, capacity 75304K, committed 75648K, reserved 1116160K
  class space    used 9400K, capacity 9598K, committed 9600K, reserved 1048576K
}
Event: 2600.260 GC heap after
{Heap after GC invocations=93 (full 0):
 garbage-first heap   total 327680K, used 182640K [0x0000000705200000, 0x0000000800000000)
  region size 2048K, 3 young (6144K), 3 survivors (6144K)
 Metaspace       used 74737K, capacity 75304K, committed 75648K, reserved 1116160K
  class space    used 9400K, capacity 9598K, committed 9600K, reserved 1048576K
}
Event: 2713.097 GC heap before
{Heap before GC invocations=93 (full 0):
 garbage-first heap   total 327680K, used 287088K [0x0000000705200000, 0x0000000800000000)
  region size 2048K, 54 young (110592K), 3 survivors (6144K)
 Metaspace       used 74737K, capacity 75304K, committed 75648K, reserved 1116160K
  class space    used 9400K, capacity 9598K, committed 9600K, reserved 1048576K
}
Event: 2713.105 GC heap after
{Heap after GC invocations=94 (full 0):
 garbage-first heap   total 327680K, used 182415K [0x0000000705200000, 0x0000000800000000)
  region size 2048K, 3 young (6144K), 3 survivors (6144K)
 Metaspace       used 74737K, capacity 75304K, committed 75648K, reserved 1116160K
  class space    used 9400K, capacity 9598K, committed 9600K, reserved 1048576K
}
Event: 2824.761 GC heap before
{Heap before GC invocations=95 (full 0):
 garbage-first heap   total 327680K, used 286863K [0x0000000705200000, 0x0000000800000000)
  region size 2048K, 54 young (110592K), 3 survivors (6144K)
 Metaspace       used 74737K, capacity 75304K, committed 75648K, reserved 1116160K
  class space    used 9400K, capacity 9598K, committed 9600K, reserved 1048576K
}
Event: 2824.767 GC heap after
{Heap after GC invocations=96 (full 0):
 garbage-first heap   total 327680K, used 182527K [0x0000000705200000, 0x0000000800000000)
  region size 2048K, 3 young (6144K), 3 survivors (6144K)
 Metaspace       used 74737K, capacity 75304K, committed 75648K, reserved 1116160K
  class space    used 9400K, capacity 9598K, committed 9600K, reserved 1048576K
}
Event: 2918.863 GC heap before
{Heap before GC invocations=96 (full 0):
 garbage-first heap   total 327680K, used 286975K [0x0000000705200000, 0x0000000800000000)
  region size 2048K, 54 young (110592K), 3 survivors (6144K)
 Metaspace       used 74741K, capacity 75304K, committed 75648K, reserved 1116160K
  class space    used 9400K, capacity 9598K, committed 9600K, reserved 1048576K
}
Event: 2918.867 GC heap after
{Heap after GC invocations=97 (full 0):
 garbage-first heap   total 327680K, used 182415K [0x0000000705200000, 0x0000000800000000)
  region size 2048K, 3 young (6144K), 3 survivors (6144K)
 Metaspace       used 74741K, capacity 75304K, committed 75648K, reserved 1116160K
  class space    used 9400K, capacity 9598K, committed 9600K, reserved 1048576K
}
Event: 2920.692 GC heap before
{Heap before GC invocations=98 (full 0):
 garbage-first heap   total 327680K, used 194703K [0x0000000705200000, 0x0000000800000000)
  region size 2048K, 10 young (20480K), 3 survivors (6144K)
 Metaspace       used 77133K, capacity 77722K, committed 78208K, reserved 1118208K
  class space    used 9636K, capacity 9826K, committed 9856K, reserved 1048576K
}
Event: 2920.696 GC heap after
{Heap after GC invocations=99 (full 0):
 garbage-first heap   total 327680K, used 185210K [0x0000000705200000, 0x0000000800000000)
  region size 2048K, 4 young (8192K), 4 survivors (8192K)
 Metaspace       used 77133K, capacity 77722K, committed 78208K, reserved 1118208K
  class space    used 9636K, capacity 9826K, committed 9856K, reserved 1048576K
}
Event: 3010.506 GC heap before
{Heap before GC invocations=100 (full 0):
 garbage-first heap   total 327680K, used 287610K [0x0000000705200000, 0x0000000800000000)
  region size 2048K, 53 young (108544K), 4 survivors (8192K)
 Metaspace       used 78756K, capacity 79398K, committed 79872K, reserved 1120256K
  class space    used 9744K, capacity 9936K, committed 9984K, reserved 1048576K
}
Event: 3010.514 GC heap after
{Heap after GC invocations=101 (full 0):
 garbage-first heap   total 327680K, used 184631K [0x0000000705200000, 0x0000000800000000)
  region size 2048K, 4 young (8192K), 4 survivors (8192K)
 Metaspace       used 78756K, capacity 79398K, committed 79872K, reserved 1120256K
  class space    used 9744K, capacity 9936K, committed 9984K, reserved 1048576K
}
Event: 3117.976 GC heap before
{Heap before GC invocations=101 (full 0):
 garbage-first heap   total 327680K, used 284983K [0x0000000705200000, 0x0000000800000000)
  region size 2048K, 53 young (108544K), 4 survivors (8192K)
 Metaspace       used 78756K, capacity 79398K, committed 79872K, reserved 1120256K
  class space    used 9744K, capacity 9936K, committed 9984K, reserved 1048576K
}
Event: 3117.983 GC heap after
{Heap after GC invocations=102 (full 0):
 garbage-first heap   total 327680K, used 184416K [0x0000000705200000, 0x0000000800000000)
  region size 2048K, 4 young (8192K), 4 survivors (8192K)
 Metaspace       used 78756K, capacity 79398K, committed 79872K, reserved 1120256K
  class space    used 9744K, capacity 9936K, committed 9984K, reserved 1048576K
}

Deoptimization events (20 events):
Event: 2920.910 Thread 0x00000211030f9b00 Uncommon trap: trap_request=0xffffff45 fr.pc=0x000002116d58c404 relative=0x00000000000012e4
Event: 2920.910 Thread 0x00000211030f9b00 Uncommon trap: reason=unstable_if action=reinterpret pc=0x000002116d58c404 method=javax.swing.LayoutComparator.compare(Ljava/awt/Component;Ljava/awt/Component;)I @ 280 c2
Event: 2920.910 Thread 0x00000211030f9b00 DEOPT PACKING pc=0x000002116d58c404 sp=0x00000087e5afe210
Event: 2920.910 Thread 0x00000211030f9b00 DEOPT UNPACKING pc=0x00000211650de42f sp=0x00000087e5afe1e8 mode 2
Event: 2940.584 Thread 0x000002117fec6cb0 Uncommon trap: trap_request=0xffffff45 fr.pc=0x000002116cf872f8 relative=0x0000000000000078
Event: 2940.584 Thread 0x000002117fec6cb0 Uncommon trap: reason=unstable_if action=reinterpret pc=0x000002116cf872f8 method=sun.awt.windows.WWindowPeer.preprocessPostEvent(Ljava/awt/AWTEvent;)V @ 4 c2
Event: 2940.584 Thread 0x000002117fec6cb0 DEOPT PACKING pc=0x000002116cf872f8 sp=0x00000087e58fbf40
Event: 2940.584 Thread 0x000002117fec6cb0 DEOPT UNPACKING pc=0x00000211650de42f sp=0x00000087e58fbec8 mode 2
Event: 2940.654 Thread 0x00000211030f9b00 Uncommon trap: trap_request=0xffffffde fr.pc=0x000002116d558c34 relative=0x0000000000002874
Event: 2940.654 Thread 0x00000211030f9b00 Uncommon trap: reason=class_check action=maybe_recompile pc=0x000002116d558c34 method=java.awt.dnd.DropTarget.removeNotify()V @ 12 c2
Event: 2940.654 Thread 0x00000211030f9b00 DEOPT PACKING pc=0x000002116d558c34 sp=0x00000087e5afe460
Event: 2940.654 Thread 0x00000211030f9b00 DEOPT UNPACKING pc=0x00000211650de42f sp=0x00000087e5afe3b8 mode 2
Event: 2940.654 Thread 0x00000211030f9b00 Uncommon trap: trap_request=0xffffffde fr.pc=0x000002116d558c34 relative=0x0000000000002874
Event: 2940.654 Thread 0x00000211030f9b00 Uncommon trap: reason=class_check action=maybe_recompile pc=0x000002116d558c34 method=java.awt.dnd.DropTarget.removeNotify()V @ 12 c2
Event: 2940.654 Thread 0x00000211030f9b00 DEOPT PACKING pc=0x000002116d558c34 sp=0x00000087e5afe4e0
Event: 2940.654 Thread 0x00000211030f9b00 DEOPT UNPACKING pc=0x00000211650de42f sp=0x00000087e5afe438 mode 2
Event: 2940.656 Thread 0x00000211030f9b00 Uncommon trap: trap_request=0xffffff45 fr.pc=0x000002116d716a04 relative=0x00000000000026c4
Event: 2940.656 Thread 0x00000211030f9b00 Uncommon trap: reason=unstable_if action=reinterpret pc=0x000002116d716a04 method=java.awt.Component.dispatchEventImpl(Ljava/awt/AWTEvent;)V @ 715 c2
Event: 2940.656 Thread 0x00000211030f9b00 DEOPT PACKING pc=0x000002116d716a04 sp=0x00000087e5afe6f0
Event: 2940.656 Thread 0x00000211030f9b00 DEOPT UNPACKING pc=0x00000211650de42f sp=0x00000087e5afe6c0 mode 2

Classes unloaded (0 events):
No events

Classes redefined (0 events):
No events

Internal exceptions (20 events):
Event: 2920.684 Thread 0x00000211030f9b00 Exception <a 'java/lang/ClassNotFoundException'{0x000000071870d778}: groovy/lang/ExpandoMetaClassCustomizer> (0x000000071870d778) 
thrown [./src/hotspot/share/classfile/systemDictionary.cpp, line 295]
Event: 2920.687 Thread 0x00000211030f9b00 Exception <a 'java/lang/ClassNotFoundException'{0x000000071877e600}: null_1728448236061_730642BeanInfo> (0x000000071877e600) 
thrown [./src/hotspot/share/classfile/systemDictionary.cpp, line 295]
Event: 2920.687 Thread 0x00000211030f9b00 Exception <a 'java/lang/ClassNotFoundException'{0x0000000718781a70}: net/sf/jasperreports/compilers/GroovyEvaluatorBeanInfo> (0x0000000718781a70) 
thrown [./src/hotspot/share/classfile/systemDictionary.cpp, line 295]
Event: 2920.687 Thread 0x00000211030f9b00 Exception <a 'java/lang/ClassNotFoundException'{0x0000000718784f20}: net/sf/jasperreports/engine/fill/JREvaluatorBeanInfo> (0x0000000718784f20) 
thrown [./src/hotspot/share/classfile/systemDictionary.cpp, line 295]
Event: 2920.687 Thread 0x00000211030f9b00 Exception <a 'java/lang/ClassNotFoundException'{0x00000007187883a0}: net/sf/jasperreports/engine/fill/JREvaluatorCustomizer> (0x00000007187883a0) 
thrown [./src/hotspot/share/classfile/systemDictionary.cpp, line 295]
Event: 2920.688 Thread 0x00000211030f9b00 Exception <a 'java/lang/ClassNotFoundException'{0x000000071879b318}: net/sf/jasperreports/compilers/GroovyEvaluatorCustomizer> (0x000000071879b318) 
thrown [./src/hotspot/share/classfile/systemDictionary.cpp, line 295]
Event: 2920.689 Thread 0x00000211030f9b00 Exception <a 'java/lang/ClassNotFoundException'{0x00000007187a1ce0}: null_1728448236061_730642Customizer> (0x00000007187a1ce0) 
thrown [./src/hotspot/share/classfile/systemDictionary.cpp, line 295]
Event: 2920.734 Thread 0x00000211030f9b00 Exception <a 'java/lang/ClassNotFoundException'{0x00000007190f4770}: java/util/HashMapBeanInfo> (0x00000007190f4770) 
thrown [./src/hotspot/share/classfile/systemDictionary.cpp, line 295]
Event: 2920.734 Thread 0x00000211030f9b00 Exception <a 'java/lang/ClassNotFoundException'{0x00000007190f59e0}: java/util/AbstractMapBeanInfo> (0x00000007190f59e0) 
thrown [./src/hotspot/share/classfile/systemDictionary.cpp, line 295]
Event: 2920.734 Thread 0x00000211030f9b00 Exception <a 'java/lang/ClassNotFoundException'{0x00000007190f6c28}: java/util/AbstractMapCustomizer> (0x00000007190f6c28) 
thrown [./src/hotspot/share/classfile/systemDictionary.cpp, line 295]
Event: 2920.735 Thread 0x00000211030f9b00 Exception <a 'java/lang/ClassNotFoundException'{0x0000000719103698}: java/util/HashMapCustomizer> (0x0000000719103698) 
thrown [./src/hotspot/share/classfile/systemDictionary.cpp, line 295]
Event: 2920.738 Thread 0x00000211030f9b00 Implicit null exception at 0x000002116d241d33 to 0x000002116d244d18
Event: 2920.743 Thread 0x00000211030f9b00 Exception <a 'java/lang/ClassNotFoundException'{0x00000007191b8018}: java/lang/IntegerBeanInfo> (0x00000007191b8018) 
thrown [./src/hotspot/share/classfile/systemDictionary.cpp, line 295]
Event: 2920.743 Thread 0x00000211030f9b00 Exception <a 'java/lang/ClassNotFoundException'{0x00000007191b9268}: java/lang/NumberBeanInfo> (0x00000007191b9268) 
thrown [./src/hotspot/share/classfile/systemDictionary.cpp, line 295]
Event: 2920.743 Thread 0x00000211030f9b00 Exception <a 'java/lang/ClassNotFoundException'{0x00000007191ba4a8}: java/lang/NumberCustomizer> (0x00000007191ba4a8) 
thrown [./src/hotspot/share/classfile/systemDictionary.cpp, line 295]
Event: 2920.743 Thread 0x00000211030f9b00 Exception <a 'java/lang/ClassNotFoundException'{0x00000007191beb08}: java/lang/IntegerCustomizer> (0x00000007191beb08) 
thrown [./src/hotspot/share/classfile/systemDictionary.cpp, line 295]
Event: 2920.746 Thread 0x00000211030f9b00 Exception <a 'java/lang/ClassNotFoundException'{0x00000007191f30f0}: net/sf/jasperreports/engine/fill/JRFillFieldBeanInfo> (0x00000007191f30f0) 
thrown [./src/hotspot/share/classfile/systemDictionary.cpp, line 295]
Event: 2920.746 Thread 0x00000211030f9b00 Exception <a 'java/lang/ClassNotFoundException'{0x00000007191f6570}: net/sf/jasperreports/engine/fill/JRFillFieldCustomizer> (0x00000007191f6570) 
thrown [./src/hotspot/share/classfile/systemDictionary.cpp, line 295]
Event: 2920.749 Thread 0x00000211030f9b00 Exception <a 'java/lang/ClassNotFoundException'{0x0000000718e62e38}: java/lang/StringBeanInfo> (0x0000000718e62e38) 
thrown [./src/hotspot/share/classfile/systemDictionary.cpp, line 295]
Event: 2920.749 Thread 0x00000211030f9b00 Exception <a 'java/lang/ClassNotFoundException'{0x0000000718e64078}: java/lang/StringCustomizer> (0x0000000718e64078) 
thrown [./src/hotspot/share/classfile/systemDictionary.cpp, line 295]

Events (20 events):
Event: 3118.027 Executing VM operation: HandshakeAllThreads
Event: 3118.027 Executing VM operation: HandshakeAllThreads done
Event: 3118.058 Executing VM operation: G1Concurrent
Event: 3118.059 Executing VM operation: G1Concurrent done
Event: 3118.059 Executing VM operation: HandshakeAllThreads
Event: 3118.059 Executing VM operation: HandshakeAllThreads done
Event: 3128.018 Thread 0x000002110ededaf0 Thread added: 0x000002110ededaf0
Event: 3128.018 Thread 0x000002110ededaf0 Thread exited: 0x000002110ededaf0
Event: 3128.018 Thread 0x000002110edee960 Thread added: 0x000002110edee960
Event: 3128.018 Thread 0x000002110edee960 Thread exited: 0x000002110edee960
Event: 3128.019 Thread 0x000002110edeb940 Thread added: 0x000002110edeb940
Event: 3128.019 Thread 0x000002110edeb940 Thread exited: 0x000002110edeb940
Event: 3128.019 Thread 0x000002110ededaf0 Thread added: 0x000002110ededaf0
Event: 3128.019 Thread 0x000002110ededaf0 Thread exited: 0x000002110ededaf0
Event: 3128.020 Thread 0x000002110edeb940 Thread added: 0x000002110edeb940
Event: 3128.020 Thread 0x000002110edeb940 Thread exited: 0x000002110edeb940
Event: 3128.020 Thread 0x000002110edeb940 Thread added: 0x000002110edeb940
Event: 3128.020 Thread 0x000002110edeb940 Thread exited: 0x000002110edeb940
Event: 3128.020 Thread 0x000002110edeb940 Thread added: 0x000002110edeb940
Event: 3128.020 Thread 0x000002110edeb940 Thread exited: 0x000002110edeb940


Dynamic libraries:
0x00007ff6b3b50000 - 0x00007ff6b3b5d000 	D:\Program Files\BellSoft\LibericaJDK-15-Full\bin\java.exe
0x00007ff9970b0000 - 0x00007ff9972c7000 	C:\Windows\SYSTEM32\ntdll.dll
0x00007ff996240000 - 0x00007ff996304000 	C:\Windows\System32\KERNEL32.DLL
0x00007ff9947b0000 - 0x00007ff994b69000 	C:\Windows\System32\KERNELBASE.dll
0x00007ff994550000 - 0x00007ff994661000 	C:\Windows\System32\ucrtbase.dll
0x00007ff98a640000 - 0x00007ff98a655000 	D:\Program Files\BellSoft\LibericaJDK-15-Full\bin\VCRUNTIME140.dll
0x00007ff9700d0000 - 0x00007ff9700e8000 	D:\Program Files\BellSoft\LibericaJDK-15-Full\bin\jli.dll
0x00007ff996cd0000 - 0x00007ff996e7e000 	C:\Windows\System32\USER32.dll
0x00007ff994c90000 - 0x00007ff994cb6000 	C:\Windows\System32\win32u.dll
0x00007ff995540000 - 0x00007ff995569000 	C:\Windows\System32\GDI32.dll
0x00007ff97fb30000 - 0x00007ff97fdc2000 	C:\Windows\WinSxS\amd64_microsoft.windows.common-controls_6595b64144ccf1df_6.0.22621.4391_none_2715d37f73803e96\COMCTL32.dll
0x00007ff994b70000 - 0x00007ff994c8b000 	C:\Windows\System32\gdi32full.dll
0x00007ff9951a0000 - 0x00007ff995247000 	C:\Windows\System32\msvcrt.dll
0x00007ff994cc0000 - 0x00007ff994d5a000 	C:\Windows\System32\msvcp_win.dll
0x00007ff997030000 - 0x00007ff997061000 	C:\Windows\System32\IMM32.DLL
0x00007ff96f440000 - 0x00007ff96f4db000 	D:\Program Files\BellSoft\LibericaJDK-15-Full\bin\msvcp140.dll
0x00007ff8de6e0000 - 0x00007ff8df270000 	D:\Program Files\BellSoft\LibericaJDK-15-Full\bin\server\jvm.dll
0x00007ff994f80000 - 0x00007ff995032000 	C:\Windows\System32\ADVAPI32.dll
0x00007ff996e80000 - 0x00007ff996f27000 	C:\Windows\System32\sechost.dll
0x00007ff994520000 - 0x00007ff994548000 	C:\Windows\System32\bcrypt.dll
0x00007ff995250000 - 0x00007ff995364000 	C:\Windows\System32\RPCRT4.dll
0x00007ff9963a0000 - 0x00007ff9963a8000 	C:\Windows\System32\PSAPI.DLL
0x00007ff98b000000 - 0x00007ff98b009000 	C:\Windows\SYSTEM32\WSOCK32.dll
0x00007ff988020000 - 0x00007ff98802a000 	C:\Windows\SYSTEM32\VERSION.dll
0x00007ff9895d0000 - 0x00007ff989604000 	C:\Windows\SYSTEM32\WINMM.dll
0x00007ff996310000 - 0x00007ff996381000 	C:\Windows\System32\WS2_32.dll
0x00007ff9934e0000 - 0x00007ff9934f8000 	C:\Windows\SYSTEM32\kernel.appcore.dll
0x00007ff98a630000 - 0x00007ff98a63a000 	D:\Program Files\BellSoft\LibericaJDK-15-Full\bin\jimage.dll
0x00007ff991ad0000 - 0x00007ff991d02000 	C:\Windows\SYSTEM32\DBGHELP.DLL
0x00007ff9955d0000 - 0x00007ff99595f000 	C:\Windows\System32\combase.dll
0x00007ff9963b0000 - 0x00007ff996487000 	C:\Windows\System32\OLEAUT32.dll
0x00007ff963450000 - 0x00007ff963482000 	C:\Windows\SYSTEM32\dbgcore.DLL
0x00007ff994730000 - 0x00007ff9947ab000 	C:\Windows\System32\bcryptPrimitives.dll
0x00007ff96f6b0000 - 0x00007ff96f6d5000 	D:\Program Files\BellSoft\LibericaJDK-15-Full\bin\java.dll
0x00007ff9959c0000 - 0x00007ff996236000 	C:\Windows\System32\SHELL32.dll
0x00007ff9922c0000 - 0x00007ff992bc3000 	C:\Windows\SYSTEM32\windows.storage.dll
0x00007ff992170000 - 0x00007ff9922af000 	C:\Windows\SYSTEM32\wintypes.dll
0x00007ff994dd0000 - 0x00007ff994ec9000 	C:\Windows\System32\SHCORE.dll
0x00007ff996490000 - 0x00007ff9964ee000 	C:\Windows\System32\shlwapi.dll
0x00007ff9942e0000 - 0x00007ff99430b000 	C:\Windows\SYSTEM32\profapi.dll
0x00007ff970210000 - 0x00007ff970229000 	D:\Program Files\BellSoft\LibericaJDK-15-Full\bin\net.dll
0x00007ff98dd90000 - 0x00007ff98dec6000 	C:\Windows\SYSTEM32\WINHTTP.dll
0x00007ff993960000 - 0x00007ff9939c9000 	C:\Windows\system32\mswsock.dll
0x00007ff970120000 - 0x00007ff970132000 	D:\Program Files\BellSoft\LibericaJDK-15-Full\bin\nio.dll
0x00007ff96f650000 - 0x00007ff96f668000 	D:\Program Files\BellSoft\LibericaJDK-15-Full\bin\zip.dll
0x00007ff952100000 - 0x00007ff952299000 	D:\Program Files\BellSoft\LibericaJDK-15-Full\bin\awt.dll
0x00007ff98d1c0000 - 0x00007ff98d257000 	C:\Windows\SYSTEM32\apphelp.dll
0x00007ff98ea30000 - 0x00007ff98eae1000 	C:\Windows\system32\uxtheme.dll
0x00007ff995040000 - 0x00007ff9951a0000 	C:\Windows\System32\MSCTF.dll
0x00007ff995390000 - 0x00007ff995535000 	C:\Windows\System32\ole32.dll
0x00007ff98ae80000 - 0x00007ff98ae98000 	C:\Program Files (x86)\Smadav\SmadHook64c.dll
0x00007ff994d60000 - 0x00007ff994dcc000 	C:\Windows\System32\WINTRUST.dll
0x00007ff9943b0000 - 0x00007ff994516000 	C:\Windows\System32\CRYPT32.dll
0x00007ff993c10000 - 0x00007ff993c22000 	C:\Windows\System32\MSASN1.dll
0x00007ff98ecc0000 - 0x00007ff98eceb000 	C:\Windows\system32\DWMAPI.DLL
0x00007ff9772e0000 - 0x00007ff977393000 	C:\Windows\WinSxS\amd64_microsoft.windows.common-controls_6595b64144ccf1df_5.82.22621.3527_none_b43b7f4b638cc64f\comctl32.dll
0x00007ff96f350000 - 0x00007ff96f3d2000 	D:\Program Files\BellSoft\LibericaJDK-15-Full\bin\freetype.dll
0x00007ff96f270000 - 0x00007ff96f316000 	D:\Program Files\BellSoft\LibericaJDK-15-Full\bin\fontmanager.dll
0x00007ff955e50000 - 0x00007ff955f50000 	C:\Windows\system32\opengl32.dll
0x00007ff96f530000 - 0x00007ff96f55d000 	C:\Windows\SYSTEM32\GLU32.dll
0x00007ff9915e0000 - 0x00007ff991617000 	C:\Windows\SYSTEM32\dxcore.dll
0x00007ff90d720000 - 0x00007ff90d8c8000 	C:\Windows\system32\d3d9.dll
0x00007ff9867b0000 - 0x00007ff986871000 	C:\Windows\System32\DriverStore\FileRepository\nvhm.inf_amd64_69784b7a3902e1a0\nvldumdx.dll
0x00007ff987e20000 - 0x00007ff987e52000 	C:\Windows\SYSTEM32\cryptnet.dll
0x00007ff993bd0000 - 0x00007ff993bdc000 	C:\Windows\SYSTEM32\cryptbase.dll
0x00007ff993c80000 - 0x00007ff993cc9000 	C:\Windows\SYSTEM32\wldp.dll
0x00007ff987c60000 - 0x00007ff987dc2000 	C:\Windows\SYSTEM32\drvstore.dll
0x00007ff994070000 - 0x00007ff99409c000 	C:\Windows\SYSTEM32\devobj.dll
0x00007ff9940a0000 - 0x00007ff9940ee000 	C:\Windows\SYSTEM32\cfgmgr32.dll
0x00007ff996cb0000 - 0x00007ff996ccf000 	C:\Windows\System32\imagehlp.dll
0x00007ff993bb0000 - 0x00007ff993bcb000 	C:\Windows\System32\CRYPTSP.dll
0x00007ff993440000 - 0x00007ff993475000 	C:\Windows\system32\rsaenh.dll
0x00007ff981270000 - 0x00007ff98309f000 	C:\Windows\System32\DriverStore\FileRepository\nvhm.inf_amd64_69784b7a3902e1a0\nvgpucomp64.dll
0x00007ff8cb170000 - 0x00007ff8cd1b3000 	C:\Windows\System32\DriverStore\FileRepository\nvhm.inf_amd64_69784b7a3902e1a0\nvd3dumx.dll
0x00007ff989560000 - 0x00007ff9895a9000 	C:\Windows\SYSTEM32\directxdatabasehelper.dll
0x00007ff90eae0000 - 0x00007ff90eb90000 	C:\Windows\SYSTEM32\d3d9on12.dll
0x00007ff98ebb0000 - 0x00007ff98eca7000 	C:\Windows\SYSTEM32\dxgi.dll
0x00007ff90f140000 - 0x00007ff90f166000 	C:\Windows\SYSTEM32\d3d12.dll
0x00007ff90b4c0000 - 0x00007ff90b6c2000 	C:\Windows\SYSTEM32\D3D12Core.dll
0x00007ff90d990000 - 0x00007ff90da97000 	C:\Windows\System32\DriverStore\FileRepository\iigd_dch.inf_amd64_0fdf6ce291234272\igd12umd64.dll
0x00007ff90a5b0000 - 0x00007ff90b4b5000 	C:\Windows\System32\DriverStore\FileRepository\iigd_dch.inf_amd64_0fdf6ce291234272\igd12um64xel.dll
0x00007ff97f610000 - 0x00007ff97f654000 	C:\Windows\SYSTEM32\ControlLib.dll
0x00007ff9964f0000 - 0x00007ff996964000 	C:\Windows\System32\SETUPAPI.dll
0x00007ff97f580000 - 0x00007ff97f60b000 	C:\Windows\System32\DriverStore\FileRepository\iigd_dch.inf_amd64_0fdf6ce291234272\IntelControlLib.dll
0x00007ff973b10000 - 0x00007ff973f48000 	C:\Windows\System32\DriverStore\FileRepository\iigd_dch.inf_amd64_0fdf6ce291234272\igdgmm64.dll
0x00007ff96b260000 - 0x00007ff96f10d000 	C:\Windows\System32\DriverStore\FileRepository\iigd_dch.inf_amd64_0fdf6ce291234272\igc64.dll
0x00007ff98cfe0000 - 0x00007ff98d00f000 	C:\Windows\SYSTEM32\D3DSCache.dll
0x00007ff993a50000 - 0x00007ff993a78000 	C:\Windows\SYSTEM32\USERENV.dll
0x00007ff90a2b0000 - 0x00007ff90a5ac000 	C:\Windows\System32\DriverStore\FileRepository\iigd_dch.inf_amd64_0fdf6ce291234272\igd12dxva64.dll
0x00007ff9090c0000 - 0x00007ff90a2a3000 	C:\Windows\System32\DriverStore\FileRepository\iigd_dch.inf_amd64_0fdf6ce291234272\igddxvacommon64.dll
0x00007ff907390000 - 0x00007ff9090b1000 	C:\Windows\System32\DriverStore\FileRepository\iigd_dch.inf_amd64_0fdf6ce291234272\media_bin_64.dll
0x00007ff98cfb0000 - 0x00007ff98cfd7000 	C:\Windows\System32\DriverStore\FileRepository\iigd_dch.inf_amd64_0fdf6ce291234272\igdinfo64.dll
0x00007ff987170000 - 0x00007ff987414000 	C:\Windows\SYSTEM32\twinapi.appcore.dll
0x00007ff994ed0000 - 0x00007ff994f80000 	C:\Windows\System32\clbcatq.dll
0x00007ff98e300000 - 0x00007ff98e401000 	C:\Windows\SYSTEM32\PROPSYS.dll
0x00007ff957da0000 - 0x00007ff957dba000 	C:\Windows\system32\NetworkExplorer.dll
0x00007ff987ee0000 - 0x00007ff98801d000 	C:\Windows\System32\Windows.System.Launcher.dll
0x00007ff98dac0000 - 0x00007ff98db53000 	C:\Windows\System32\msvcp110_win.dll
0x00007ff988c90000 - 0x00007ff988caa000 	C:\Windows\SYSTEM32\windows.staterepositorycore.dll
0x00007ff970100000 - 0x00007ff97011e000 	C:\Windows\SYSTEM32\MPR.dll
0x00007ff8ec1d0000 - 0x00007ff8ec1fb000 	C:\Windows\System32\p9np.dll
0x00007ff8f0830000 - 0x00007ff8f083c000 	C:\Windows\System32\drprov.dll
0x00007ff8ec1b0000 - 0x00007ff8ec1c9000 	C:\Windows\System32\ntlanman.dll
0x00007ff8ec190000 - 0x00007ff8ec1af000 	C:\Windows\System32\davclnt.dll
0x00007ff992e20000 - 0x00007ff992e86000 	C:\Windows\System32\WINSTA.dll
0x00007ff989cc0000 - 0x00007ff989cda000 	C:\Windows\System32\wkscli.dll
0x00007ff963990000 - 0x00007ff9639a2000 	C:\Windows\SYSTEM32\cscapi.dll
0x00007ff95f050000 - 0x00007ff95f0a6000 	C:\Windows\System32\dlnashext.dll
0x00007ff95b290000 - 0x00007ff95b2f9000 	C:\Windows\System32\PlayToDevice.dll
0x00007ff976d60000 - 0x00007ff976d81000 	C:\Windows\System32\DevDispItemProvider.dll
0x00007ff984140000 - 0x00007ff9841de000 	C:\Windows\System32\MMDevApi.dll
0x00007ff95b1e0000 - 0x00007ff95b289000 	C:\Windows\system32\wpdshext.dll
0x00007ff97fee0000 - 0x00007ff98009a000 	C:\Windows\WinSxS\amd64_microsoft.windows.gdiplus_6595b64144ccf1df_1.1.22621.4455_none_57fc69f8ce16b9dd\gdiplus.dll
0x00007ff989fb0000 - 0x00007ff98a04f000 	C:\Windows\System32\PortableDeviceApi.dll
0x00007ff96f4e0000 - 0x00007ff96f517000 	C:\Windows\System32\EhStorShell.dll
0x00007ff96a170000 - 0x00007ff96a194000 	C:\Windows\System32\EhStorAPI.dll
0x00007ff993290000 - 0x00007ff9932a4000 	C:\Windows\System32\WTSAPI32.dll
0x00007ff969ee0000 - 0x00007ff969eed000 	C:\Windows\SYSTEM32\LINKINFO.dll
0x00007ff98a220000 - 0x00007ff98a230000 	D:\Program Files\BellSoft\LibericaJDK-15-Full\bin\verify.dll
0x00007ff9701d0000 - 0x00007ff9701de000 	D:\Program Files\BellSoft\LibericaJDK-15-Full\bin\sunmscapi.dll
0x00007ff993d70000 - 0x00007ff993d9d000 	C:\Windows\SYSTEM32\ncrypt.dll
0x00007ff993d30000 - 0x00007ff993d67000 	C:\Windows\SYSTEM32\NTASN1.dll
0x00007ff992ee0000 - 0x00007ff992fe2000 	C:\Windows\SYSTEM32\DNSAPI.dll
0x00007ff992ea0000 - 0x00007ff992ecd000 	C:\Windows\SYSTEM32\IPHLPAPI.DLL
0x00007ff996390000 - 0x00007ff996399000 	C:\Windows\System32\NSI.dll
0x0000000059cb0000 - 0x0000000059cd6000 	C:\Program Files\Bonjour\mdnsNSP.dll
0x00007ff98a3d0000 - 0x00007ff98a3da000 	C:\Windows\System32\rasadhlp.dll
0x00007ff98a230000 - 0x00007ff98a2b3000 	C:\Windows\System32\fwpuclnt.dll

dbghelp: loaded successfully - version: 4.0.5 - missing functions: none
symbol engine: initialized successfully - sym options: 0x614 - pdb path: .;D:\Program Files\BellSoft\LibericaJDK-15-Full\bin;C:\Windows\SYSTEM32;C:\Windows\WinSxS\amd64_microsoft.windows.common-controls_6595b64144ccf1df_6.0.22621.4391_none_2715d37f73803e96;D:\Program Files\BellSoft\LibericaJDK-15-Full\bin\server;C:\Program Files (x86)\Smadav;C:\Windows\WinSxS\amd64_microsoft.windows.common-controls_6595b64144ccf1df_5.82.22621.3527_none_b43b7f4b638cc64f;C:\Windows\System32\DriverStore\FileRepository\nvhm.inf_amd64_69784b7a3902e1a0;C:\Windows\System32\DriverStore\FileRepository\iigd_dch.inf_amd64_0fdf6ce291234272;C:\Windows\WinSxS\amd64_microsoft.windows.gdiplus_6595b64144ccf1df_1.1.22621.4455_none_57fc69f8ce16b9dd;C:\Program Files\Bonjour

VM Arguments:
jvm_args: -Dfile.encoding=UTF-8 
java_command: simrskhanza.SIMRSKhanza
java_class_path (initial): D:\Documents\Project\SIMRSKhanza Custom Toper\lib\lib_all\commons-codec-1.10.jar;D:\Documents\Project\SIMRSKhanza Custom Toper\lib\lib_all\calendar-src.jar;D:\Documents\Project\SIMRSKhanza Custom Toper\lib\lib_all\calendar-doc.jar;D:\Documents\Project\SIMRSKhanza Custom Toper\lib\lib_all\calendar.jar;D:\Documents\Project\SIMRSKhanza Custom Toper\lib\lib_all\jcalendar-1.4.jar;D:\Documents\Project\SIMRSKhanza Custom Toper\lib\lib_all\ant-1.7.1.jar;D:\Documents\Project\SIMRSKhanza Custom Toper\lib\lib_all\apache-httpcomponents-httpclient.jar;D:\Documents\Project\SIMRSKhanza Custom Toper\lib\lib_all\appframework-1.0.3.jar;D:\Documents\Project\SIMRSKhanza Custom Toper\lib\lib_all\barbecue-1.5-beta1.jar;D:\Documents\Project\SIMRSKhanza Custom Toper\lib\lib_all\batik-dom.jar;D:\Documents\Project\SIMRSKhanza Custom Toper\lib\lib_all\groovy-all-2.4.7.jar;D:\Documents\Project\SIMRSKhanza Custom Toper\lib\lib_all\bcel-5.2.jar;D:\Documents\Project\SIMRSKhanza Custom Toper\lib\lib_all\bcprov-jdk15on-154.jar;D:\Documents\Project\SIMRSKhanza Custom Toper\lib\lib_all\poi-4.1.0.jar;D:\Documents\Project\SIMRSKhanza Custom Toper\lib\lib_all\beansbinding-1.2.1.jar;D:\Documents\Project\SIMRSKhanza Custom Toper\lib\lib_all\bsh-2.0b4.jar;D:\Documents\Project\SIMRSKhanza Custom Toper\lib\lib_all\com-jaspersoft-ireport.jar;D:\Documents\Project\SIMRSKhanza Custom Toper\lib\lib_all\com.fasterxml.jackson.core.jar;D:\Documents\Project\SIMRSKhanza Custom Toper\lib\lib_all\comm.jar;D:\Documents\Project\SIMRSKhanza Custom Toper\lib\lib_all\common-javaFX-plugin.jar;D:\Documents\Project\SIMRSKhanza Custom Toper\lib\lib_all\commons-javaflow-20060411.jar;D:\Documents\Project\SIMRSKhanza Custom Toper\lib\lib_all\commons-logging-1.2.jar;D:\Documents\Project\SIMRSKhanza Custom Toper\lib\lib_all\fluent-hc-4.5.1.jar;D:\Documents\Project\SIMRSKhanza Custom Toper\lib\lib_all\fontbox-2.0.13.jar;D:\Documents\Project\SIMRSKhanza Custom Toper\lib\lib_all\gson-2.2.2.jar;D:\Documents\P
Launcher Type: SUN_STANDARD

[Global flags]
     intx CICompilerCount                          = 12                                        {product} {ergonomic}
     uint ConcGCThreads                            = 4                                         {product} {ergonomic}
     uint G1ConcRefinementThreads                  = 15                                        {product} {ergonomic}
   size_t G1HeapRegionSize                         = 2097152                                   {product} {ergonomic}
    uintx GCDrainStackTargetSize                   = 64                                        {product} {ergonomic}
   size_t InitialHeapSize                          = 264241152                                 {product} {ergonomic}
   size_t MarkStackSize                            = 4194304                                   {product} {ergonomic}
   size_t MaxHeapSize                              = 4208984064                                {product} {ergonomic}
   size_t MaxNewSize                               = 2524971008                                {product} {ergonomic}
   size_t MinHeapDeltaBytes                        = 2097152                                   {product} {ergonomic}
   size_t MinHeapSize                              = 8388608                                   {product} {ergonomic}
    uintx NonNMethodCodeHeapSize                   = 7602480                                {pd product} {ergonomic}
    uintx NonProfiledCodeHeapSize                  = 122027880                              {pd product} {ergonomic}
    uintx ProfiledCodeHeapSize                     = 122027880                              {pd product} {ergonomic}
    uintx ReservedCodeCacheSize                    = 251658240                              {pd product} {ergonomic}
     bool SegmentedCodeCache                       = true                                      {product} {ergonomic}
   size_t SoftMaxHeapSize                          = 4208984064                             {manageable} {ergonomic}
     bool UseCompressedClassPointers               = true                                 {lp64_product} {ergonomic}
     bool UseCompressedOops                        = true                                 {lp64_product} {ergonomic}
     bool UseG1GC                                  = true                                      {product} {ergonomic}
     bool UseLargePagesIndividualAllocation        = false                                  {pd product} {ergonomic}

Logging:
Log output configuration:
 #0: stdout all=warning uptime,level,tags
 #1: stderr all=off uptime,level,tags

Environment Variables:
JAVA_HOME=D:\Program Files\BellSoft\LibericaJDK-15-Full\
PATH=D:\Program Files\Python312\Scripts\;D:\Program Files\Python312\;C:\Program Files (x86)\Common Files\Oracle\Java\javapath;D:\Program Files\Arena\RSCommon;D:\Program Files\BellSoft\LibericaJDK-15-Full\bin\;C:\Windows\system32;C:\Windows;C:\Windows\System32\Wbem;C:\Windows\System32\WindowsPowerShell\v1.0\;C:\Windows\System32\OpenSSH\;D:\laragon\bin\php\php-7.4.9-Win32-vc15-x64;C:\ProgramData\ComposerSetup\bin;D:\Program Files\Git\cmd;C:\Users\Victus\AppData\Local\Yarn\config\global\node_modules\.bin;C:\Users\Victus\AppData\Roaming\Composer\vendor\bin;C:\Users\Victus\AppData\Roaming\npm;D:\laragon\bin;D:\laragon\bin\apache\httpd-2.4.54-win64-VS16\bin;D:\laragon\bin\composer;D:\laragon\bin\git\bin;D:\laragon\bin\git\cmd;D:\laragon\bin\git\mingw64\bin;D:\laragon\bin\git\usr\bin;D:\laragon\bin\laragon\utils;D:\laragon\bin\mysql\mysql-8.0.30-winx64\bin;D:\laragon\bin\nginx\nginx-1.22.0;D:\laragon\bin\ngrok;D:\laragon\bin\nodejs\node-v18;D:\laragon\bin\notepad++;D:\laragon\bin\php\php-8.1.10-Win32-vs16-x64;D:\laragon\bin\python\python-3.10;D:\laragon\bin\python\python-3.10\Scripts;D:\laragon\bin\redis\redis-x64-5.0.14.1;D:\laragon\bin\telnet;D:\laragon\usr\bin;C:\Users\Victus\AppData\Local\Microsoft\WindowsApps;D:\Program Files\Microsoft VS Code\bin;
USERNAME=Victus
OS=Windows_NT
PROCESSOR_IDENTIFIER=Intel64 Family 6 Model 154 Stepping 3, GenuineIntel



---------------  S Y S T E M  ---------------

OS:
 Windows 10 , 64 bit Build 22621 (10.0.22621.4391)
OS uptime: 7 days 3:46 hours
HyperV virtualization detected

CPU: total 20 (initial active 20) (10 cores per cpu, 2 threads per core) family 6 model 154 stepping 3 microcode 0x432, cmov, cx8, fxsr, mmx, sse, sse2, sse3, ssse3, sse4.1, sse4.2, popcnt, vzeroupper, avx, avx2, aes, clmul, erms, 3dnowpref, lzcnt, ht, tsc, tscinvbit, bmi1, bmi2, adx, sha, fma, clflush, clflushopt, clwb

Memory: 4k page, system-wide physical 16051M (549M free)
TotalPageFile size 32177M (AvailPageFile size 6490M)
current process WorkingSet (physical memory assigned to process): 1610M, peak: 1610M
current process commit charge ("private bytes"): 2633M, peak: 2633M

vm_info: OpenJDK 64-Bit Server VM (15.0.2+10) for windows-amd64 JRE (15.0.2+10), built on Jan 21 2021 08:07:14 by "" with MS VC++ 15.9 (VS2017)

END.
