#
# A fatal error has been detected by the Java Runtime Environment:
#
#  EXCEPTION_ACCESS_VIOLATION (0xc0000005) at pc=0x00007ffe67527847, pid=18448, tid=3820
#
# JRE version: OpenJDK Runtime Environment (15.0.2+10) (build 15.0.2+10)
# Java VM: OpenJDK 64-Bit Server VM (15.0.2+10, mixed mode, sharing, tiered, compressed oops, g1 gc, windows-amd64)
# Problematic frame:
# C  0x00007ffe67527847
#
# No core dump will be written. Minidumps are not enabled by default on client versions of Windows
#
# If you would like to submit a bug report, please visit:
#   https://bugreport.java.com/bugreport/crash.jsp
# The crash happened outside the Java Virtual Machine in native code.
# See problematic frame for where to report the bug.
#

---------------  S U M M A R Y ------------

Command Line: -Dfile.encoding=UTF-8 simrskhanza.SIMRSKhanza

Host: 12th Gen Intel(R) Core(TM) i7-12700H, 20 cores, 15G,  Windows 10 , 64 bit Build 22621 (10.0.22621.3672)
Time: Thu Aug  1 11:22:41 2024 SE Asia Standard Time elapsed time: 28.397953 seconds (0d 0h 0m 28s)

---------------  T H R E A D  ---------------

Current thread (0x000001e17b12bc30):  JavaThread "JavaFX Application Thread" [_thread_in_native, id=3820, stack(0x0000003a73600000,0x0000003a73700000)]

Stack: [0x0000003a73600000,0x0000003a73700000],  sp=0x0000003a736fce20,  free space=1011k
Native frames: (J=compiled Java code, j=interpreted, Vv=VM code, C=native code)
C  0x00007ffe67527847

Java frames: (J=compiled Java code, j=interpreted, Vv=VM code)
j  com.sun.webkit.WebPage.twkInit(JZF)V+0 javafx.web@15.0.2
j  com.sun.webkit.WebPage.<init>(Lcom/sun/webkit/WebPageClient;Lcom/sun/webkit/UIClient;Lcom/sun/webkit/PolicyClient;Lcom/sun/webkit/InspectorClient;Lcom/sun/webkit/ThemeClient;Z)V+195 javafx.web@15.0.2
j  javafx.scene.web.WebEngine.<init>(Ljava/lang/String;Z)V+270 javafx.web@15.0.2
j  javafx.scene.web.WebEngine.<init>()V+3 javafx.web@15.0.2
j  javafx.scene.web.WebView.<init>()V+60 javafx.web@15.0.2
j  bridging.INACBGHybrid$3.run()V+4
j  com.sun.javafx.application.PlatformImpl.lambda$runLater$10(Ljava/lang/Runnable;)Ljava/lang/Void;+1 javafx.graphics@15.0.2
j  com.sun.javafx.application.PlatformImpl$$Lambda$310+0x000000080110b5e8.run()Ljava/lang/Object;+4 javafx.graphics@15.0.2
J 6441 c2 java.security.AccessController.doPrivileged(Ljava/security/PrivilegedAction;Ljava/security/AccessControlContext;)Ljava/lang/Object; java.base@15.0.2 (17 bytes) @ 0x000001e15fd211f8 [0x000001e15fd211a0+0x0000000000000058]
j  com.sun.javafx.application.PlatformImpl.lambda$runLater$11(Ljava/lang/Runnable;Ljava/security/AccessControlContext;)V+7 javafx.graphics@15.0.2
j  com.sun.javafx.application.PlatformImpl$$Lambda$309+0x000000080110b198.run()V+8 javafx.graphics@15.0.2
j  com.sun.glass.ui.InvokeLaterDispatcher$Future.run()V+4 javafx.graphics@15.0.2
v  ~StubRoutines::call_stub
j  com.sun.glass.ui.win.WinApplication._runLoop(Ljava/lang/Runnable;)V+0 javafx.graphics@15.0.2
j  com.sun.glass.ui.win.WinApplication.lambda$runLoop$3(ILjava/lang/Runnable;)V+8 javafx.graphics@15.0.2
j  com.sun.glass.ui.win.WinApplication$$Lambda$296+0x00000008010db790.run()V+12 javafx.graphics@15.0.2
j  java.lang.Thread.run()V+11 java.base@15.0.2
v  ~StubRoutines::call_stub

siginfo: EXCEPTION_ACCESS_VIOLATION (0xc0000005), writing address 0x0000000000000000


Register to memory mapping:

RIP=0x00007ffe67527847 points into unknown readable memory: ff
RAX=0x0000003a736fcea8 is pointing into the stack for thread: 0x000001e17b12bc30
RBX=0x000001e1765338c0 points into unknown readable memory: 0x0000000000000000 | 00 00 00 00 00 00 00 00
RCX=0x0 is NULL
RDX=0x00007ffe684abcf8 points into unknown readable memory: 0x00000073656d6974 | 74 69 6d 65 73 00 00 00
RSP=0x0000003a736fce20 is pointing into the stack for thread: 0x000001e17b12bc30
RBP=0x000001e1765338c0 points into unknown readable memory: 0x0000000000000000 | 00 00 00 00 00 00 00 00
RSI=0x00007ffe6a42f938 points into unknown readable memory: 0x00007ffe68478a60 | 60 8a 47 68 fe 7f 00 00
RDI=0x0000003a736fcf18 is pointing into the stack for thread: 0x000001e17b12bc30
R8 =0x0 is NULL
R9 =0xffff81e313326940 is an unknown value
R10=0x0000000000000005 is an unknown value
R11=0x0000003a736fca68 is pointing into the stack for thread: 0x000001e17b12bc30
R12=0x000001e176555648 points into unknown readable memory: 0x000001e175cca630 | 30 a6 cc 75 e1 01 00 00
R13=0x000001e17afbfa60 points into unknown readable memory: 0x00007ffe684bf7e0 | e0 f7 4b 68 fe 7f 00 00
R14=0x0 is NULL
R15=0x0 is NULL


Registers:
RAX=0x0000003a736fcea8, RBX=0x000001e1765338c0, RCX=0x0000000000000000, RDX=0x00007ffe684abcf8
RSP=0x0000003a736fce20, RBP=0x000001e1765338c0, RSI=0x00007ffe6a42f938, RDI=0x0000003a736fcf18
R8 =0x0000000000000000, R9 =0xffff81e313326940, R10=0x0000000000000005, R11=0x0000003a736fca68
R12=0x000001e176555648, R13=0x000001e17afbfa60, R14=0x0000000000000000, R15=0x0000000000000000
RIP=0x00007ffe67527847, EFLAGS=0x0000000000010206

Top of Stack: (sp=0x0000003a736fce20)
0x0000003a736fce20:   40f59e5b5c28f5c3 000001e1765338c0
0x0000003a736fce30:   000001e1765338c0 00007ffe6a42f938
0x0000003a736fce40:   0000000000000000 0000003a736fce60
0x0000003a736fce50:   000001e176555600 00007ffe66ddf78b
0x0000003a736fce60:   0000000000000000 0000000000000000
0x0000003a736fce70:   000001e1765342a0 000001e1765342b8
0x0000003a736fce80:   000001e1765342a0 00007ffe66f293da
0x0000003a736fce90:   000001e176555560 000001e1765342b8
0x0000003a736fcea0:   000001e17afbfa60 0000000000000000
0x0000003a736fceb0:   0000003a736fcec0 0000000000000001
0x0000003a736fcec0:   000001e1765338b8 00007ffe66f2c8ee
0x0000003a736fced0:   000001e17afbfa60 000001e1765338c0
0x0000003a736fcee0:   0000000000000001 0000003a736fcfb9
0x0000003a736fcef0:   000001e176555560 00007ffe6735cd43
0x0000003a736fcf00:   0000000000000000 000001e1765342a0
0x0000003a736fcf10:   000001e176555560 0000000000000000 

Instructions: (pc=0x00007ffe67527847)
0x00007ffe67527747:   33 cc e8 e2 4d e9 00 48 83 c4 40 5e 5d 5b c3 48
0x00007ffe67527757:   8d 0d 9b 43 f1 02 e8 be 53 e9 00 83 3d 8f 43 f1
0x00007ffe67527767:   02 ff 0f 85 36 ff ff ff 48 8b cf e8 b9 e0 ff ff
0x00007ffe67527777:   4c 8b 07 4c 8d 0d 53 5f 03 01 48 8b d0 48 8b cf
0x00007ffe67527787:   4d 8b 90 08 01 00 00 4c 8d 05 4b 5f 03 01 41 ff
0x00007ffe67527797:   d2 48 8d 0d 59 43 f1 02 48 89 05 4a 43 f1 02 e8
0x00007ffe675277a7:   15 53 e9 00 e9 f5 fe ff ff 48 89 5c 24 08 48 89
0x00007ffe675277b7:   74 24 10 57 48 83 ec 60 65 48 8b 04 25 58 00 00
0x00007ffe675277c7:   00 48 8b f1 44 8b 0d c6 24 f2 02 49 8b d8 b9 18
0x00007ffe675277d7:   00 00 00 48 8b fa 4e 8b 0c c8 42 8b 04 09 39 05
0x00007ffe675277e7:   2d 43 f1 02 0f 8f b0 00 00 00 48 8d 44 24 40 c6
0x00007ffe675277f7:   44 24 30 00 48 89 44 24 28 4c 8d 0d 09 43 f1 02
0x00007ffe67527807:   4c 8b c3 48 c7 44 24 20 00 00 00 00 48 8d 94 24
0x00007ffe67527817:   88 00 00 00 c6 44 24 40 00 48 8b ce c6 44 24 42
0x00007ffe67527827:   00 c6 44 24 46 00 c6 44 24 48 00 c6 44 24 4c 00
0x00007ffe67527837:   c6 44 24 4e 00 e8 0f cf 9f ff 48 8b 08 48 89 0f
0x00007ffe67527847:   ff 01 48 8b 9c 24 88 00 00 00 48 c7 84 24 88 00
0x00007ffe67527857:   00 00 00 00 00 00 48 85 db 74 2c 8b 03 83 e8 01
0x00007ffe67527867:   74 15 89 03 48 8b c7 48 8b 5c 24 70 48 8b 74 24
0x00007ffe67527877:   78 48 83 c4 60 5f c3 48 8b cb e8 aa 68 9f ff 48
0x00007ffe67527887:   8b cb e8 92 5e d9 00 48 8b 5c 24 70 48 8b c7 48
0x00007ffe67527897:   8b 74 24 78 48 83 c4 60 5f c3 48 8d 0d 70 42 f1
0x00007ffe675278a7:   02 e8 73 52 e9 00 83 3d 64 42 f1 02 ff 0f 85 37
0x00007ffe675278b7:   ff ff ff 48 8d 15 c3 c5 fe 00 48 8d 8c 24 88 00
0x00007ffe675278c7:   00 00 e8 e2 bc db 00 48 8b 84 24 88 00 00 00 48
0x00007ffe675278d7:   8d 0d 43 73 f4 00 48 89 05 2c 42 f1 02 e8 37 50
0x00007ffe675278e7:   e9 00 48 8d 0d 28 42 f1 02 e8 cb 51 e9 00 e9 f7
0x00007ffe675278f7:   fe ff ff cc cc cc cc cc cc 48 89 5c 24 08 48 89
0x00007ffe67527907:   6c 24 20 56 57 41 56 48 83 ec 40 48 8b 05 ff da
0x00007ffe67527917:   ef 02 48 33 c4 48 89 44 24 38 48 8b d9 41 8b e8
0x00007ffe67527927:   48 8b 0d 5a 18 f2 02 48 8b fa 41 b8 02 00 01 00
0x00007ffe67527937:   48 8d 54 24 20 48 8b 01 4c 8b 48 30 41 ff d1 48 


Stack slot to memory mapping:
stack at sp + 0 slots: 0x40f59e5b5c28f5c3 is an unknown value
stack at sp + 1 slots: 0x000001e1765338c0 points into unknown readable memory: 0x0000000000000000 | 00 00 00 00 00 00 00 00
stack at sp + 2 slots: 0x000001e1765338c0 points into unknown readable memory: 0x0000000000000000 | 00 00 00 00 00 00 00 00
stack at sp + 3 slots: 0x00007ffe6a42f938 points into unknown readable memory: 0x00007ffe68478a60 | 60 8a 47 68 fe 7f 00 00
stack at sp + 4 slots: 0x0 is NULL
stack at sp + 5 slots: 0x0000003a736fce60 is pointing into the stack for thread: 0x000001e17b12bc30
stack at sp + 6 slots: 0x000001e176555600 points into unknown readable memory: 0x0000000000000000 | 00 00 00 00 00 00 00 00
stack at sp + 7 slots: 0x00007ffe66ddf78b points into unknown readable memory: eb 06 4c 89 07


---------------  P R O C E S S  ---------------

Threads class SMR info:
_java_thread_list=0x000001e1008dc840, length=20, elements={
0x000001e173b2a9c0, 0x000001e173b2b4a0, 0x000001e174915120, 0x000001e1749179f0,
0x000001e1749182b0, 0x000001e17491b470, 0x000001e17491bf20, 0x000001e174924930,
0x000001e174baa090, 0x000001e174bc1550, 0x000001e1760755d0, 0x000001e174ec3690,
0x000001e17523da60, 0x000001e17b12c100, 0x000001e17b12d440, 0x000001e17b12caa0,
0x000001e17b12b290, 0x000001e17b12bc30, 0x000001e17b129f50, 0x000001e17b12d910
}

Java Threads: ( => current thread )
  0x000001e173b2a9c0 JavaThread "Reference Handler" daemon [_thread_blocked, id=8668, stack(0x0000003a70800000,0x0000003a70900000)]
  0x000001e173b2b4a0 JavaThread "Finalizer" daemon [_thread_blocked, id=19076, stack(0x0000003a70900000,0x0000003a70a00000)]
  0x000001e174915120 JavaThread "Signal Dispatcher" daemon [_thread_blocked, id=11048, stack(0x0000003a70a00000,0x0000003a70b00000)]
  0x000001e1749179f0 JavaThread "Attach Listener" daemon [_thread_blocked, id=2420, stack(0x0000003a70b00000,0x0000003a70c00000)]
  0x000001e1749182b0 JavaThread "Service Thread" daemon [_thread_blocked, id=12116, stack(0x0000003a70c00000,0x0000003a70d00000)]
  0x000001e17491b470 JavaThread "C2 CompilerThread0" daemon [_thread_blocked, id=18300, stack(0x0000003a70d00000,0x0000003a70e00000)]
  0x000001e17491bf20 JavaThread "C1 CompilerThread0" daemon [_thread_blocked, id=8520, stack(0x0000003a70e00000,0x0000003a70f00000)]
  0x000001e174924930 JavaThread "Sweeper thread" daemon [_thread_blocked, id=3916, stack(0x0000003a70f00000,0x0000003a71000000)]
  0x000001e174baa090 JavaThread "Notification Thread" daemon [_thread_blocked, id=15828, stack(0x0000003a71100000,0x0000003a71200000)]
  0x000001e174bc1550 JavaThread "Common-Cleaner" daemon [_thread_blocked, id=20672, stack(0x0000003a71300000,0x0000003a71400000)]
  0x000001e1760755d0 JavaThread "Java2D Disposer" daemon [_thread_blocked, id=10488, stack(0x0000003a71b00000,0x0000003a71c00000)]
  0x000001e174ec3690 JavaThread "AWT-Shutdown" [_thread_blocked, id=15916, stack(0x0000003a71c00000,0x0000003a71d00000)]
  0x000001e17523da60 JavaThread "AWT-EventQueue-0" [_thread_blocked, id=12824, stack(0x0000003a71f00000,0x0000003a72000000)]
  0x000001e17b12c100 JavaThread "DestroyJavaVM" [_thread_blocked, id=12392, stack(0x0000003a70100000,0x0000003a70200000)]
  0x000001e17b12d440 JavaThread "Abandoned connection cleanup thread" daemon [_thread_blocked, id=18384, stack(0x0000003a72e00000,0x0000003a72f00000)]
  0x000001e17b12caa0 JavaThread "TimerQueue" daemon [_thread_blocked, id=17196, stack(0x0000003a72d00000,0x0000003a72e00000)]
  0x000001e17b12b290 JavaThread "InvokeLaterDispatcher" daemon [_thread_blocked, id=17904, stack(0x0000003a73500000,0x0000003a73600000)]
=>0x000001e17b12bc30 JavaThread "JavaFX Application Thread" [_thread_in_native, id=3820, stack(0x0000003a73600000,0x0000003a73700000)]
  0x000001e17b129f50 JavaThread "Thread-2" daemon [_thread_in_native, id=17452, stack(0x0000003a72900000,0x0000003a72a00000)]
  0x000001e17b12d910 JavaThread "Image Fetcher 0" daemon [_thread_blocked, id=3040, stack(0x0000003a71e00000,0x0000003a71f00000)]

Other Threads:
  0x000001e173b28220 VMThread "VM Thread" [stack: 0x0000003a70700000,0x0000003a70800000] [id=12636]
  0x000001e174bbec60 WatcherThread [stack: 0x0000003a71200000,0x0000003a71300000] [id=11724]
  0x000001e14e598440 GCTaskThread "GC Thread#0" [stack: 0x0000003a70200000,0x0000003a70300000] [id=6552]
  0x000001e174ba5ff0 GCTaskThread "GC Thread#1" [stack: 0x0000003a71600000,0x0000003a71700000] [id=15124]
  0x000001e174ba6320 GCTaskThread "GC Thread#2" [stack: 0x0000003a71700000,0x0000003a71800000] [id=21096]
  0x000001e174ba6cb0 GCTaskThread "GC Thread#3" [stack: 0x0000003a71800000,0x0000003a71900000] [id=1816]
  0x000001e174ba92f0 GCTaskThread "GC Thread#4" [stack: 0x0000003a71900000,0x0000003a71a00000] [id=5480]
  0x000001e174ba8630 GCTaskThread "GC Thread#5" [stack: 0x0000003a71a00000,0x0000003a71b00000] [id=13932]
  0x000001e17b1439b0 GCTaskThread "GC Thread#6" [stack: 0x0000003a72a00000,0x0000003a72b00000] [id=19728]
  0x000001e17b1406b0 GCTaskThread "GC Thread#7" [stack: 0x0000003a72b00000,0x0000003a72c00000] [id=5932]
  0x000001e14e5a8f70 ConcurrentGCThread "G1 Main Marker" [stack: 0x0000003a70300000,0x0000003a70400000] [id=2736]
  0x000001e14e5a9a70 ConcurrentGCThread "G1 Conc#0" [stack: 0x0000003a70400000,0x0000003a70500000] [id=11324]
  0x000001e17b140d10 ConcurrentGCThread "G1 Conc#1" [stack: 0x0000003a73100000,0x0000003a73200000] [id=21360]
  0x000001e17b144010 ConcurrentGCThread "G1 Conc#2" [stack: 0x0000003a73200000,0x0000003a73300000] [id=18752]
  0x000001e17b141d00 ConcurrentGCThread "G1 Conc#3" [stack: 0x0000003a73300000,0x0000003a73400000] [id=5964]
  0x000001e14e5eec20 ConcurrentGCThread "G1 Refine#0" [stack: 0x0000003a70500000,0x0000003a70600000] [id=11308]
  0x000001e173a21890 ConcurrentGCThread "G1 Young RemSet Sampling" [stack: 0x0000003a70600000,0x0000003a70700000] [id=3860]

Threads with active compile tasks:

VM state: not at safepoint (normal execution)

VM Mutex/Monitor currently owned by a thread: None

Heap address: 0x0000000705200000, size: 4014 MB, Compressed Oops mode: Zero based, Oop shift amount: 3
CDS archive(s) mapped at: [0x0000000800000000-0x0000000800b50000-0x0000000800b50000), size 11862016, SharedBaseAddress: 0x0000000800000000, ArchiveRelocationMode: 0.
Compressed class space mapped at: 0x0000000800b50000-0x0000000840b50000, size: 1073741824
Narrow klass base: 0x0000000800000000, Narrow klass shift: 3, Narrow klass range: 0x100000000

GC Precious Log:
 CPUs: 20 total, 20 available
 Memory: 16051M
 Large Page Support: Disabled
 NUMA Support: Disabled
 Compressed Oops: Enabled (Zero based)
 Heap Region Size: 2M
 Heap Min Capacity: 8M
 Heap Initial Capacity: 252M
 Heap Max Capacity: 4014M
 Pre-touch: Disabled
 Parallel Workers: 15
 Concurrent Workers: 4
 Concurrent Refinement Workers: 15
 Periodic GC: Disabled

Heap:
 garbage-first heap   total 178176K, used 109133K [0x0000000705200000, 0x0000000800000000)
  region size 2048K, 6 young (12288K), 2 survivors (4096K)
 Metaspace       used 50749K, capacity 51052K, committed 51664K, reserved 1093632K
  class space    used 6721K, capacity 6824K, committed 6864K, reserved 1048576K

Heap Regions: E=young(eden), S=young(survivor), O=old, HS=humongous(starts), HC=humongous(continues), CS=collection set, F=free, OA=open archive, CA=closed archive, TAMS=top-at-mark-start (previous, next)
|   0|0x0000000705200000, 0x0000000705400000, 0x0000000705400000|100%|HS|  |TAMS 0x0000000705400000, 0x0000000705200000| Complete 
|   1|0x0000000705400000, 0x0000000705600000, 0x0000000705600000|100%| O|  |TAMS 0x0000000705600000, 0x0000000705400000| Untracked 
|   2|0x0000000705600000, 0x0000000705800000, 0x0000000705800000|100%| O|  |TAMS 0x0000000705800000, 0x0000000705600000| Untracked 
|   3|0x0000000705800000, 0x0000000705a00000, 0x0000000705a00000|100%| O|  |TAMS 0x0000000705a00000, 0x0000000705800000| Untracked 
|   4|0x0000000705a00000, 0x0000000705c00000, 0x0000000705c00000|100%| O|  |TAMS 0x0000000705c00000, 0x0000000705a00000| Untracked 
|   5|0x0000000705c00000, 0x0000000705e00000, 0x0000000705e00000|100%|HS|  |TAMS 0x0000000705e00000, 0x0000000705c00000| Complete 
|   6|0x0000000705e00000, 0x0000000706000000, 0x0000000706000000|100%|HC|  |TAMS 0x0000000706000000, 0x0000000705e00000| Complete 
|   7|0x0000000706000000, 0x0000000706200000, 0x0000000706200000|100%| O|  |TAMS 0x0000000706200000, 0x0000000706000000| Untracked 
|   8|0x0000000706200000, 0x0000000706400000, 0x0000000706400000|100%| O|  |TAMS 0x0000000706400000, 0x0000000706200000| Untracked 
|   9|0x0000000706400000, 0x0000000706600000, 0x0000000706600000|100%| O|  |TAMS 0x0000000706600000, 0x0000000706400000| Untracked 
|  10|0x0000000706600000, 0x0000000706800000, 0x0000000706800000|100%| O|  |TAMS 0x0000000706800000, 0x0000000706600000| Untracked 
|  11|0x0000000706800000, 0x0000000706a00000, 0x0000000706a00000|100%| O|  |TAMS 0x0000000706a00000, 0x0000000706800000| Untracked 
|  12|0x0000000706a00000, 0x0000000706b7e200, 0x0000000706c00000| 74%| O|  |TAMS 0x0000000706b7e200, 0x0000000706a00000| Untracked 
|  13|0x0000000706c00000, 0x0000000706e00000, 0x0000000706e00000|100%| O|  |TAMS 0x0000000706e00000, 0x0000000706c00000| Untracked 
|  14|0x0000000706e00000, 0x0000000707000000, 0x0000000707000000|100%| O|  |TAMS 0x0000000707000000, 0x0000000706e00000| Untracked 
|  15|0x0000000707000000, 0x0000000707200000, 0x0000000707200000|100%| O|  |TAMS 0x0000000707200000, 0x0000000707000000| Untracked 
|  16|0x0000000707200000, 0x0000000707400000, 0x0000000707400000|100%| O|  |TAMS 0x0000000707400000, 0x0000000707200000| Untracked 
|  17|0x0000000707400000, 0x0000000707600000, 0x0000000707600000|100%| O|  |TAMS 0x0000000707600000, 0x0000000707400000| Untracked 
|  18|0x0000000707600000, 0x0000000707800000, 0x0000000707800000|100%| O|  |TAMS 0x0000000707800000, 0x0000000707600000| Untracked 
|  19|0x0000000707800000, 0x0000000707a00000, 0x0000000707a00000|100%| O|  |TAMS 0x0000000707a00000, 0x0000000707800000| Untracked 
|  20|0x0000000707a00000, 0x0000000707c00000, 0x0000000707c00000|100%| O|  |TAMS 0x0000000707c00000, 0x0000000707a00000| Untracked 
|  21|0x0000000707c00000, 0x0000000707e00000, 0x0000000707e00000|100%| O|  |TAMS 0x0000000707e00000, 0x0000000707c00000| Untracked 
|  22|0x0000000707e00000, 0x0000000708000000, 0x0000000708000000|100%| O|  |TAMS 0x0000000708000000, 0x0000000707e00000| Untracked 
|  23|0x0000000708000000, 0x0000000708200000, 0x0000000708200000|100%| O|  |TAMS 0x0000000708200000, 0x0000000708000000| Untracked 
|  24|0x0000000708200000, 0x0000000708400000, 0x0000000708400000|100%| O|  |TAMS 0x0000000708400000, 0x0000000708200000| Untracked 
|  25|0x0000000708400000, 0x0000000708600000, 0x0000000708600000|100%| O|  |TAMS 0x0000000708600000, 0x0000000708400000| Untracked 
|  26|0x0000000708600000, 0x0000000708800000, 0x0000000708800000|100%| O|  |TAMS 0x0000000708800000, 0x0000000708600000| Untracked 
|  27|0x0000000708800000, 0x0000000708a00000, 0x0000000708a00000|100%| O|  |TAMS 0x0000000708a00000, 0x0000000708800000| Untracked 
|  28|0x0000000708a00000, 0x0000000708c00000, 0x0000000708c00000|100%| O|  |TAMS 0x0000000708c00000, 0x0000000708a00000| Untracked 
|  29|0x0000000708c00000, 0x0000000708e00000, 0x0000000708e00000|100%| O|  |TAMS 0x0000000708e00000, 0x0000000708c00000| Untracked 
|  30|0x0000000708e00000, 0x0000000709000000, 0x0000000709000000|100%| O|  |TAMS 0x0000000709000000, 0x0000000708e00000| Untracked 
|  31|0x0000000709000000, 0x0000000709200000, 0x0000000709200000|100%| O|  |TAMS 0x0000000709200000, 0x0000000709000000| Untracked 
|  32|0x0000000709200000, 0x0000000709400000, 0x0000000709400000|100%|HS|  |TAMS 0x0000000709400000, 0x0000000709200000| Complete 
|  33|0x0000000709400000, 0x0000000709600000, 0x0000000709600000|100%|HC|  |TAMS 0x0000000709600000, 0x0000000709400000| Complete 
|  34|0x0000000709600000, 0x0000000709800000, 0x0000000709800000|100%|HC|  |TAMS 0x0000000709800000, 0x0000000709600000| Complete 
|  35|0x0000000709800000, 0x0000000709a00000, 0x0000000709a00000|100%|HC|  |TAMS 0x0000000709a00000, 0x0000000709800000| Complete 
|  36|0x0000000709a00000, 0x0000000709c00000, 0x0000000709c00000|100%|HC|  |TAMS 0x0000000709c00000, 0x0000000709a00000| Complete 
|  37|0x0000000709c00000, 0x0000000709e00000, 0x0000000709e00000|100%| O|  |TAMS 0x0000000709e00000, 0x0000000709c00000| Untracked 
|  38|0x0000000709e00000, 0x000000070a000000, 0x000000070a000000|100%| O|  |TAMS 0x000000070a000000, 0x0000000709e00000| Untracked 
|  39|0x000000070a000000, 0x000000070a200000, 0x000000070a200000|100%| O|  |TAMS 0x000000070a200000, 0x000000070a000000| Untracked 
|  40|0x000000070a200000, 0x000000070a400000, 0x000000070a400000|100%| O|  |TAMS 0x000000070a400000, 0x000000070a200000| Untracked 
|  41|0x000000070a400000, 0x000000070a600000, 0x000000070a600000|100%| O|  |TAMS 0x000000070a5eae00, 0x000000070a400000| Untracked 
|  42|0x000000070a600000, 0x000000070a800000, 0x000000070a800000|100%| O|  |TAMS 0x000000070a600000, 0x000000070a600000| Untracked 
|  43|0x000000070a800000, 0x000000070aa00000, 0x000000070aa00000|100%| O|  |TAMS 0x000000070a800000, 0x000000070a800000| Untracked 
|  44|0x000000070aa00000, 0x000000070ab15400, 0x000000070ac00000| 54%| O|  |TAMS 0x000000070aa00000, 0x000000070aa00000| Untracked 
|  45|0x000000070ac00000, 0x000000070ae00000, 0x000000070ae00000|100%|HS|  |TAMS 0x000000070ac00000, 0x000000070ac00000| Complete 
|  46|0x000000070ae00000, 0x000000070b000000, 0x000000070b000000|100%|HC|  |TAMS 0x000000070ae00000, 0x000000070ae00000| Complete 
|  47|0x000000070b000000, 0x000000070b200000, 0x000000070b200000|100%|HC|  |TAMS 0x000000070b000000, 0x000000070b000000| Complete 
|  48|0x000000070b200000, 0x000000070b400000, 0x000000070b400000|100%|HC|  |TAMS 0x000000070b200000, 0x000000070b200000| Complete 
|  49|0x000000070b400000, 0x000000070b400000, 0x000000070b600000|  0%| F|  |TAMS 0x000000070b400000, 0x000000070b400000| Untracked 
|  50|0x000000070b600000, 0x000000070b600000, 0x000000070b800000|  0%| F|  |TAMS 0x000000070b600000, 0x000000070b600000| Untracked 
|  51|0x000000070b800000, 0x000000070b800000, 0x000000070ba00000|  0%| F|  |TAMS 0x000000070b800000, 0x000000070b800000| Untracked 
|  52|0x000000070ba00000, 0x000000070ba00000, 0x000000070bc00000|  0%| F|  |TAMS 0x000000070ba00000, 0x000000070ba00000| Untracked 
|  53|0x000000070bc00000, 0x000000070bc00000, 0x000000070be00000|  0%| F|  |TAMS 0x000000070bc00000, 0x000000070bc00000| Untracked 
|  54|0x000000070be00000, 0x000000070be00000, 0x000000070c000000|  0%| F|  |TAMS 0x000000070be00000, 0x000000070be00000| Untracked 
|  55|0x000000070c000000, 0x000000070c000000, 0x000000070c200000|  0%| F|  |TAMS 0x000000070c000000, 0x000000070c000000| Untracked 
|  56|0x000000070c200000, 0x000000070c200000, 0x000000070c400000|  0%| F|  |TAMS 0x000000070c200000, 0x000000070c200000| Untracked 
|  57|0x000000070c400000, 0x000000070c400000, 0x000000070c600000|  0%| F|  |TAMS 0x000000070c400000, 0x000000070c400000| Untracked 
|  58|0x000000070c600000, 0x000000070c600000, 0x000000070c800000|  0%| F|  |TAMS 0x000000070c600000, 0x000000070c600000| Untracked 
|  59|0x000000070c800000, 0x000000070c800000, 0x000000070ca00000|  0%| F|  |TAMS 0x000000070c800000, 0x000000070c800000| Untracked 
|  60|0x000000070ca00000, 0x000000070ca00000, 0x000000070cc00000|  0%| F|  |TAMS 0x000000070ca00000, 0x000000070ca00000| Untracked 
|  61|0x000000070cc00000, 0x000000070cc00000, 0x000000070ce00000|  0%| F|  |TAMS 0x000000070cc00000, 0x000000070cc00000| Untracked 
|  62|0x000000070ce00000, 0x000000070ce00000, 0x000000070d000000|  0%| F|  |TAMS 0x000000070ce00000, 0x000000070ce00000| Untracked 
|  63|0x000000070d000000, 0x000000070d000000, 0x000000070d200000|  0%| F|  |TAMS 0x000000070d000000, 0x000000070d000000| Untracked 
|  64|0x000000070d200000, 0x000000070d200000, 0x000000070d400000|  0%| F|  |TAMS 0x000000070d200000, 0x000000070d200000| Untracked 
|  65|0x000000070d400000, 0x000000070d600000, 0x000000070d600000|100%| S|CS|TAMS 0x000000070d400000, 0x000000070d400000| Complete 
|  66|0x000000070d600000, 0x000000070d800000, 0x000000070d800000|100%| S|CS|TAMS 0x000000070d600000, 0x000000070d600000| Complete 
|  67|0x000000070d800000, 0x000000070d800000, 0x000000070da00000|  0%| F|  |TAMS 0x000000070d800000, 0x000000070d800000| Untracked 
|  68|0x000000070da00000, 0x000000070da00000, 0x000000070dc00000|  0%| F|  |TAMS 0x000000070da00000, 0x000000070da00000| Untracked 
|  69|0x000000070dc00000, 0x000000070dc00000, 0x000000070de00000|  0%| F|  |TAMS 0x000000070dc00000, 0x000000070dc00000| Untracked 
|  70|0x000000070de00000, 0x000000070de00000, 0x000000070e000000|  0%| F|  |TAMS 0x000000070de00000, 0x000000070de00000| Untracked 
|  71|0x000000070e000000, 0x000000070e000000, 0x000000070e200000|  0%| F|  |TAMS 0x000000070e000000, 0x000000070e000000| Untracked 
|  72|0x000000070e200000, 0x000000070e200000, 0x000000070e400000|  0%| F|  |TAMS 0x000000070e200000, 0x000000070e200000| Untracked 
|  73|0x000000070e400000, 0x000000070e400000, 0x000000070e600000|  0%| F|  |TAMS 0x000000070e400000, 0x000000070e400000| Untracked 
|  74|0x000000070e600000, 0x000000070e600000, 0x000000070e800000|  0%| F|  |TAMS 0x000000070e600000, 0x000000070e600000| Untracked 
|  75|0x000000070e800000, 0x000000070e800000, 0x000000070ea00000|  0%| F|  |TAMS 0x000000070e800000, 0x000000070e800000| Untracked 
|  76|0x000000070ea00000, 0x000000070ea00000, 0x000000070ec00000|  0%| F|  |TAMS 0x000000070ea00000, 0x000000070ea00000| Untracked 
|  77|0x000000070ec00000, 0x000000070ec00000, 0x000000070ee00000|  0%| F|  |TAMS 0x000000070ec00000, 0x000000070ec00000| Untracked 
|  78|0x000000070ee00000, 0x000000070ee00000, 0x000000070f000000|  0%| F|  |TAMS 0x000000070ee00000, 0x000000070ee00000| Untracked 
|  79|0x000000070f000000, 0x000000070f000000, 0x000000070f200000|  0%| F|  |TAMS 0x000000070f000000, 0x000000070f000000| Untracked 
|  80|0x000000070f200000, 0x000000070f200000, 0x000000070f400000|  0%| F|  |TAMS 0x000000070f200000, 0x000000070f200000| Untracked 
|  81|0x000000070f400000, 0x000000070f400000, 0x000000070f600000|  0%| F|  |TAMS 0x000000070f400000, 0x000000070f400000| Untracked 
|  82|0x000000070f600000, 0x000000070f600000, 0x000000070f800000|  0%| F|  |TAMS 0x000000070f600000, 0x000000070f600000| Untracked 
|  83|0x000000070f800000, 0x000000070f923300, 0x000000070fa00000| 56%| E|  |TAMS 0x000000070f800000, 0x000000070f800000| Complete 
| 110|0x0000000712e00000, 0x0000000713000000, 0x0000000713000000|100%| E|CS|TAMS 0x0000000712e00000, 0x0000000712e00000| Complete 
| 111|0x0000000713000000, 0x0000000713200000, 0x0000000713200000|100%| E|CS|TAMS 0x0000000713000000, 0x0000000713000000| Complete 
| 125|0x0000000714c00000, 0x0000000714e00000, 0x0000000714e00000|100%| E|CS|TAMS 0x0000000714c00000, 0x0000000714c00000| Complete 

Card table byte_map: [0x000001e168060000,0x000001e168840000] _byte_map_base: 0x000001e164837000

Marking Bits (Prev, Next): (CMBitMap*) 0x000001e14e598b40, (CMBitMap*) 0x000001e14e598b80
 Prev Bits: [0x000001e169020000, 0x000001e16ced8000)
 Next Bits: [0x000001e16cee0000, 0x000001e170d98000)

Polling page: 0x000001e14c420000

Metaspace:

Usage:
  Non-class:     43.19 MB capacity,    43.00 MB (>99%) used,   144.57 KB ( <1%) free+waste,    54.81 KB ( <1%) overhead. 
      Class:      6.66 MB capacity,     6.56 MB ( 98%) used,    82.82 KB (  1%) free+waste,    20.13 KB ( <1%) overhead. 
       Both:     49.86 MB capacity,    49.56 MB (>99%) used,   227.39 KB ( <1%) free+waste,    74.94 KB ( <1%) overhead. 

Virtual space:
  Non-class space:       44.00 MB reserved,      43.75 MB (>99%) committed 
      Class space:        1.00 GB reserved,       6.70 MB ( <1%) committed 
             Both:        1.04 GB reserved,      50.45 MB (  5%) committed 

Chunk freelists:
   Non-Class:  508.00 KB
       Class:  24.00 KB
        Both:  532.00 KB

MaxMetaspaceSize: 17179869184.00 GB
CompressedClassSpaceSize: 1.00 GB

CodeHeap 'non-profiled nmethods': size=119168Kb used=4197Kb max_used=4197Kb free=114970Kb
 bounds [0x000001e15f980000, 0x000001e15fda0000, 0x000001e166de0000]
CodeHeap 'profiled nmethods': size=119104Kb used=12309Kb max_used=12309Kb free=106794Kb
 bounds [0x000001e158530000, 0x000001e159140000, 0x000001e15f980000]
CodeHeap 'non-nmethods': size=7488Kb used=1527Kb max_used=3226Kb free=5960Kb
 bounds [0x000001e157de0000, 0x000001e158110000, 0x000001e158530000]
 total_blobs=6747 nmethods=5868 adapters=789
 compilation: enabled
              stopped_count=0, restarted_count=0
 full_count=0

Compilation events (20 events):
Event: 28.356 Thread 0x000001e17491bf20 6734       3       javax.swing.JLabel::setText (107 bytes)
Event: 28.356 Thread 0x000001e17491bf20 nmethod 6734 0x000001e159132e10 code [0x000001e159133060, 0x000001e159133b18]
Event: 28.356 Thread 0x000001e17491bf20 6737       1       sun.java2d.loops.ScaledBlit::makePrimitive (2 bytes)
Event: 28.356 Thread 0x000001e17491bf20 nmethod 6737 0x000001e15fd99190 code [0x000001e15fd99320, 0x000001e15fd993d8]
Event: 28.357 Thread 0x000001e17491bf20 6738       3       java.lang.ClassLoader::findNative (21 bytes)
Event: 28.357 Thread 0x000001e17491bf20 nmethod 6738 0x000001e159133d90 code [0x000001e159133f40, 0x000001e159134138]
Event: 28.357 Thread 0x000001e17491bf20 6739       3       jdk.internal.loader.NativeLibraries::find (72 bytes)
Event: 28.357 Thread 0x000001e17491bf20 nmethod 6739 0x000001e159134290 code [0x000001e1591344c0, 0x000001e159134d38]
Event: 28.357 Thread 0x000001e17491bf20 6740       3       sun.awt.util.IdentityArrayList::remove (35 bytes)
Event: 28.357 Thread 0x000001e17491bf20 nmethod 6740 0x000001e159134f90 code [0x000001e159135140, 0x000001e1591353a8]
Event: 28.370 Thread 0x000001e17491bf20 6742       3       sun.invoke.util.VerifyAccess::getClassModifiers (24 bytes)
Event: 28.370 Thread 0x000001e17491bf20 nmethod 6742 0x000001e159135510 code [0x000001e1591356e0, 0x000001e159135908]
Event: 28.372 Thread 0x000001e17491bf20 6743       3       java.lang.Boolean::parseBoolean (7 bytes)
Event: 28.372 Thread 0x000001e17491bf20 nmethod 6743 0x000001e159135a10 code [0x000001e159135bc0, 0x000001e159135ce8]
Event: 28.374 Thread 0x000001e17491bf20 6744       3       java.lang.invoke.TypeConvertingMethodAdapter::cast (42 bytes)
Event: 28.374 Thread 0x000001e17491bf20 nmethod 6744 0x000001e159135d90 code [0x000001e159135f80, 0x000001e159136408]
Event: 28.380 Thread 0x000001e17491bf20 6745       3       java.util.regex.Pattern$Node::<init> (12 bytes)
Event: 28.380 Thread 0x000001e17491bf20 nmethod 6745 0x000001e159136590 code [0x000001e159136740, 0x000001e159136918]
Event: 28.382 Thread 0x000001e17491bf20 6746   !   3       java.nio.CharBuffer::wrap (21 bytes)
Event: 28.382 Thread 0x000001e17491bf20 nmethod 6746 0x000001e159136a10 code [0x000001e159136bc0, 0x000001e159136e58]

GC Heap History (20 events):
Event: 2.096 GC heap before
{Heap before GC invocations=4 (full 0):
 garbage-first heap   total 110592K, used 89592K [0x0000000705200000, 0x0000000800000000)
  region size 2048K, 32 young (65536K), 2 survivors (4096K)
 Metaspace       used 31589K, capacity 31785K, committed 32380K, reserved 1077248K
  class space    used 3566K, capacity 3632K, committed 3708K, reserved 1048576K
}
Event: 2.100 GC heap after
{Heap after GC invocations=5 (full 0):
 garbage-first heap   total 110592K, used 36859K [0x0000000705200000, 0x0000000800000000)
  region size 2048K, 4 young (8192K), 4 survivors (8192K)
 Metaspace       used 31589K, capacity 31785K, committed 32380K, reserved 1077248K
  class space    used 3566K, capacity 3632K, committed 3708K, reserved 1048576K
}
Event: 4.252 GC heap before
{Heap before GC invocations=5 (full 0):
 garbage-first heap   total 110592K, used 65531K [0x0000000705200000, 0x0000000800000000)
  region size 2048K, 19 young (38912K), 4 survivors (8192K)
 Metaspace       used 34670K, capacity 34945K, committed 35452K, reserved 1081344K
  class space    used 3973K, capacity 4084K, committed 4220K, reserved 1048576K
}
Event: 4.258 GC heap after
{Heap after GC invocations=6 (full 0):
 garbage-first heap   total 110592K, used 42996K [0x0000000705200000, 0x0000000800000000)
  region size 2048K, 3 young (6144K), 3 survivors (6144K)
 Metaspace       used 34670K, capacity 34945K, committed 35452K, reserved 1081344K
  class space    used 3973K, capacity 4084K, committed 4220K, reserved 1048576K
}
Event: 4.474 GC heap before
{Heap before GC invocations=6 (full 0):
 garbage-first heap   total 110592K, used 49140K [0x0000000705200000, 0x0000000800000000)
  region size 2048K, 7 young (14336K), 3 survivors (6144K)
 Metaspace       used 35371K, capacity 35622K, committed 36048K, reserved 1081344K
  class space    used 4143K, capacity 4245K, committed 4304K, reserved 1048576K
}
Event: 4.478 GC heap after
{Heap after GC invocations=7 (full 0):
 garbage-first heap   total 110592K, used 45282K [0x0000000705200000, 0x0000000800000000)
  region size 2048K, 2 young (4096K), 2 survivors (4096K)
 Metaspace       used 35371K, capacity 35622K, committed 36048K, reserved 1081344K
  class space    used 4143K, capacity 4245K, committed 4304K, reserved 1048576K
}
Event: 5.703 GC heap before
{Heap before GC invocations=8 (full 0):
 garbage-first heap   total 110592K, used 69858K [0x0000000705200000, 0x0000000800000000)
  region size 2048K, 15 young (30720K), 2 survivors (4096K)
 Metaspace       used 38858K, capacity 39084K, committed 39760K, reserved 1083392K
  class space    used 4727K, capacity 4822K, committed 4944K, reserved 1048576K
}
Event: 5.706 GC heap after
{Heap after GC invocations=9 (full 0):
 garbage-first heap   total 110592K, used 50648K [0x0000000705200000, 0x0000000800000000)
  region size 2048K, 2 young (4096K), 2 survivors (4096K)
 Metaspace       used 38858K, capacity 39084K, committed 39760K, reserved 1083392K
  class space    used 4727K, capacity 4822K, committed 4944K, reserved 1048576K
}
Event: 7.314 GC heap before
{Heap before GC invocations=9 (full 0):
 garbage-first heap   total 110592K, used 77272K [0x0000000705200000, 0x0000000800000000)
  region size 2048K, 15 young (30720K), 2 survivors (4096K)
 Metaspace       used 42675K, capacity 43006K, committed 43856K, reserved 1087488K
  class space    used 5477K, capacity 5595K, committed 5712K, reserved 1048576K
}
Event: 7.318 GC heap after
{Heap after GC invocations=10 (full 0):
 garbage-first heap   total 110592K, used 55924K [0x0000000705200000, 0x0000000800000000)
  region size 2048K, 2 young (4096K), 2 survivors (4096K)
 Metaspace       used 42675K, capacity 43006K, committed 43856K, reserved 1087488K
  class space    used 5477K, capacity 5595K, committed 5712K, reserved 1048576K
}
Event: 7.813 GC heap before
{Heap before GC invocations=10 (full 0):
 garbage-first heap   total 110592K, used 78452K [0x0000000705200000, 0x0000000800000000)
  region size 2048K, 13 young (26624K), 2 survivors (4096K)
 Metaspace       used 46141K, capacity 46556K, committed 47312K, reserved 1091584K
  class space    used 5916K, capacity 6052K, committed 6096K, reserved 1048576K
}
Event: 7.817 GC heap after
{Heap after GC invocations=11 (full 0):
 garbage-first heap   total 110592K, used 62483K [0x0000000705200000, 0x0000000800000000)
  region size 2048K, 2 young (4096K), 2 survivors (4096K)
 Metaspace       used 46141K, capacity 46556K, committed 47312K, reserved 1091584K
  class space    used 5916K, capacity 6052K, committed 6096K, reserved 1048576K
}
Event: 7.977 GC heap before
{Heap before GC invocations=12 (full 0):
 garbage-first heap   total 110592K, used 78867K [0x0000000705200000, 0x0000000800000000)
  region size 2048K, 11 young (22528K), 2 survivors (4096K)
 Metaspace       used 46850K, capacity 47196K, committed 47824K, reserved 1091584K
  class space    used 6106K, capacity 6244K, committed 6352K, reserved 1048576K
}
Event: 7.980 GC heap after
{Heap after GC invocations=13 (full 0):
 garbage-first heap   total 110592K, used 69112K [0x0000000705200000, 0x0000000800000000)
  region size 2048K, 2 young (4096K), 2 survivors (4096K)
 Metaspace       used 46850K, capacity 47196K, committed 47824K, reserved 1091584K
  class space    used 6106K, capacity 6244K, committed 6352K, reserved 1048576K
}
Event: 8.057 GC heap before
{Heap before GC invocations=14 (full 0):
 garbage-first heap   total 143360K, used 93688K [0x0000000705200000, 0x0000000800000000)
  region size 2048K, 9 young (18432K), 2 survivors (4096K)
 Metaspace       used 47042K, capacity 47420K, committed 48080K, reserved 1091584K
  class space    used 6157K, capacity 6276K, committed 6352K, reserved 1048576K
}
Event: 8.059 GC heap after
{Heap after GC invocations=15 (full 0):
 garbage-first heap   total 143360K, used 81449K [0x0000000705200000, 0x0000000800000000)
  region size 2048K, 1 young (2048K), 1 survivors (2048K)
 Metaspace       used 47042K, capacity 47420K, committed 48080K, reserved 1091584K
  class space    used 6157K, capacity 6276K, committed 6352K, reserved 1048576K
}
Event: 8.250 GC heap before
{Heap before GC invocations=15 (full 0):
 garbage-first heap   total 143360K, used 108073K [0x0000000705200000, 0x0000000800000000)
  region size 2048K, 14 young (28672K), 1 survivors (2048K)
 Metaspace       used 47676K, capacity 48061K, committed 48848K, reserved 1091584K
  class space    used 6335K, capacity 6468K, committed 6608K, reserved 1048576K
}
Event: 8.252 GC heap after
{Heap after GC invocations=16 (full 0):
 garbage-first heap   total 143360K, used 89508K [0x0000000705200000, 0x0000000800000000)
  region size 2048K, 2 young (4096K), 2 survivors (4096K)
 Metaspace       used 47676K, capacity 48061K, committed 48848K, reserved 1091584K
  class space    used 6335K, capacity 6468K, committed 6608K, reserved 1048576K
}
Event: 8.505 GC heap before
{Heap before GC invocations=17 (full 0):
 garbage-first heap   total 153600K, used 103844K [0x0000000705200000, 0x0000000800000000)
  region size 2048K, 10 young (20480K), 2 survivors (4096K)
 Metaspace       used 48818K, capacity 49117K, committed 49872K, reserved 1093632K
  class space    used 6476K, capacity 6564K, committed 6608K, reserved 1048576K
}
Event: 8.507 GC heap after
{Heap after GC invocations=18 (full 0):
 garbage-first heap   total 153600K, used 94797K [0x0000000705200000, 0x0000000800000000)
  region size 2048K, 2 young (4096K), 2 survivors (4096K)
 Metaspace       used 48818K, capacity 49117K, committed 49872K, reserved 1093632K
  class space    used 6476K, capacity 6564K, committed 6608K, reserved 1048576K
}

Deoptimization events (20 events):
Event: 28.362 Thread 0x000001e17523da60 Uncommon trap: trap_request=0xffffff45 fr.pc=0x000001e15fd84278 relative=0x0000000000002478
Event: 28.362 Thread 0x000001e17523da60 Uncommon trap: reason=unstable_if action=reinterpret pc=0x000001e15fd84278 method=java.awt.Container.isParentOf(Ljava/awt/Component;)Z @ 13 c2
Event: 28.362 Thread 0x000001e17523da60 DEOPT PACKING pc=0x000001e15fd84278 sp=0x0000003a71ffd710
Event: 28.362 Thread 0x000001e17523da60 DEOPT UNPACKING pc=0x000001e157e2e42f sp=0x0000003a71ffd5b0 mode 2
Event: 28.362 Thread 0x000001e17523da60 Uncommon trap: trap_request=0xffffff45 fr.pc=0x000001e15fd84278 relative=0x0000000000002478
Event: 28.362 Thread 0x000001e17523da60 Uncommon trap: reason=unstable_if action=reinterpret pc=0x000001e15fd84278 method=java.awt.Container.isParentOf(Ljava/awt/Component;)Z @ 13 c2
Event: 28.362 Thread 0x000001e17523da60 DEOPT PACKING pc=0x000001e15fd84278 sp=0x0000003a71ffd7d0
Event: 28.362 Thread 0x000001e17523da60 DEOPT UNPACKING pc=0x000001e157e2e42f sp=0x0000003a71ffd678 mode 2
Event: 28.362 Thread 0x000001e17523da60 Uncommon trap: trap_request=0xffffff45 fr.pc=0x000001e15fd80d00 relative=0x0000000000000760
Event: 28.362 Thread 0x000001e17523da60 Uncommon trap: reason=unstable_if action=reinterpret pc=0x000001e15fd80d00 method=java.awt.Container.isParentOf(Ljava/awt/Component;)Z @ 13 c2
Event: 28.362 Thread 0x000001e17523da60 DEOPT PACKING pc=0x000001e15fd80d00 sp=0x0000003a71ffd900
Event: 28.362 Thread 0x000001e17523da60 DEOPT UNPACKING pc=0x000001e157e2e42f sp=0x0000003a71ffd7b8 mode 2
Event: 28.380 Thread 0x000001e17b12bc30 Uncommon trap: trap_request=0xffffff45 fr.pc=0x000001e15fa3a3c8 relative=0x0000000000000228
Event: 28.380 Thread 0x000001e17b12bc30 Uncommon trap: reason=unstable_if action=reinterpret pc=0x000001e15fa3a3c8 method=java.util.regex.Matcher.reset()Ljava/util/regex/Matcher; @ 71 c2
Event: 28.380 Thread 0x000001e17b12bc30 DEOPT PACKING pc=0x000001e15fa3a3c8 sp=0x0000003a736fd560
Event: 28.380 Thread 0x000001e17b12bc30 DEOPT UNPACKING pc=0x000001e157e2e42f sp=0x0000003a736fd4e8 mode 2
Event: 28.380 Thread 0x000001e17b12bc30 Uncommon trap: trap_request=0xffffffc6 fr.pc=0x000001e15fa85600 relative=0x00000000000001c0
Event: 28.380 Thread 0x000001e17b12bc30 Uncommon trap: reason=bimorphic_or_optimized_type_check action=maybe_recompile pc=0x000001e15fa85600 method=java.util.regex.Pattern$Branch.match(Ljava/util/regex/Matcher;ILjava/lang/CharSequence;)Z @ 32 c2
Event: 28.380 Thread 0x000001e17b12bc30 DEOPT PACKING pc=0x000001e15fa85600 sp=0x0000003a736fcd50
Event: 28.380 Thread 0x000001e17b12bc30 DEOPT UNPACKING pc=0x000001e157e2e42f sp=0x0000003a736fcce0 mode 2

Classes unloaded (0 events):
No events

Classes redefined (0 events):
No events

Internal exceptions (20 events):
Event: 7.377 Thread 0x000001e17b12bc30 Implicit null exception at 0x000001e15fb69d6f to 0x000001e15fb6a4f0
Event: 7.580 Thread 0x000001e17523da60 Exception <a 'java/lang/NoSuchMethodError'{0x000000070b61e120}: 'java.lang.Object java.lang.invoke.DirectMethodHandle$Holder.invokeStaticInit(java.lang.Object, java.lang.Object, java.lang.Object, java.lang.Object)'> (0x000000070b61e120) 
thrown [./src/hotspot/share/interpreter/linkResolver.cpp, line 782]
Event: 7.799 Thread 0x000001e175ee3c10 Implicit null exception at 0x000001e15f9da9cb to 0x000001e15f9dbd6c
Event: 7.922 Thread 0x000001e175ee3c10 Implicit null exception at 0x000001e15fbf0b8a to 0x000001e15fbf18ec
Event: 8.018 Thread 0x000001e17523da60 Implicit null exception at 0x000001e15fa8b705 to 0x000001e15fa8ba10
Event: 8.091 Thread 0x000001e175ee3c10 Implicit null exception at 0x000001e15fa48db2 to 0x000001e15fa4a664
Event: 8.452 Thread 0x000001e17523da60 Implicit null exception at 0x000001e15fce0f6a to 0x000001e15fce1f4e
Event: 8.452 Thread 0x000001e17523da60 Implicit null exception at 0x000001e15f9feef2 to 0x000001e15f9ffc5c
Event: 8.453 Thread 0x000001e17523da60 Implicit null exception at 0x000001e15fbf81cc to 0x000001e15fbfb6d7
Event: 26.680 Thread 0x000001e17523da60 Implicit null exception at 0x000001e15fb4b33f to 0x000001e15fb4cdc0
Event: 26.681 Thread 0x000001e17523da60 Implicit null exception at 0x000001e15fb4e5ac to 0x000001e15fb4e63c
Event: 26.688 Thread 0x000001e17523da60 Implicit null exception at 0x000001e15fd4736a to 0x000001e15fd47e74
Event: 26.701 Thread 0x000001e17523da60 Exception <a 'java/lang/NoSuchMethodError'{0x0000000712f56340}: 'int java.lang.invoke.DirectMethodHandle$Holder.invokeStatic(java.lang.Object)'> (0x0000000712f56340) 
thrown [./src/hotspot/share/interpreter/linkResolver.cpp, line 782]
Event: 28.350 Thread 0x000001e17b12bc30 Exception <a 'java/lang/NullPointerException'{0x0000000712fd5410}> (0x0000000712fd5410) 
thrown [./src/hotspot/share/interpreter/linkResolver.cpp, line 1374]
Event: 28.353 Thread 0x000001e17b12bc30 Exception <a 'java/lang/NoSuchMethodError'{0x0000000712ff12a0}: 'void java.lang.invoke.DirectMethodHandle$Holder.invokeSpecial(java.lang.Object, java.lang.Object, java.lang.Object, java.lang.Object, java.lang.Object)'> (0x0000000712ff12a0) 
thrown [./src/hotspot/share/interpreter/linkResolver.cpp, line 782]
Event: 28.361 Thread 0x000001e17b12bc30 Exception <a 'java/lang/NoSuchMethodError'{0x000000070f86e030}: 'int java.lang.invoke.DirectMethodHandle$Holder.invokeSpecial(java.lang.Object, java.lang.Object, java.lang.Object, java.lang.Object)'> (0x000000070f86e030) 
thrown [./src/hotspot/share/interpreter/linkResolver.cpp, line 782]
Event: 28.361 Thread 0x000001e17523da60 Implicit null exception at 0x000001e15fbd755a to 0x000001e15fbd76e8
Event: 28.382 Thread 0x000001e17b12bc30 Exception <a 'java/lang/NullPointerException'{0x000000070f90cd08}> (0x000000070f90cd08) 
thrown [./src/hotspot/share/interpreter/linkResolver.cpp, line 1374]
Event: 28.382 Thread 0x000001e17b12bc30 Exception <a 'java/lang/NullPointerException'{0x000000070f911ec0}> (0x000000070f911ec0) 
thrown [./src/hotspot/share/interpreter/linkResolver.cpp, line 1374]
Event: 28.382 Thread 0x000001e17b12bc30 Exception <a 'java/lang/NullPointerException'{0x000000070f916dc0}> (0x000000070f916dc0) 
thrown [./src/hotspot/share/interpreter/linkResolver.cpp, line 1374]

Events (20 events):
Event: 28.366 loading class java/util/concurrent/Executors$DelegatedScheduledExecutorService
Event: 28.366 loading class java/util/concurrent/ScheduledExecutorService
Event: 28.366 loading class java/util/concurrent/ScheduledExecutorService done
Event: 28.366 loading class java/util/concurrent/Executors$DelegatedScheduledExecutorService done
Event: 28.366 loading class java/util/concurrent/ScheduledThreadPoolExecutor
Event: 28.366 loading class java/util/concurrent/ScheduledThreadPoolExecutor done
Event: 28.366 loading class java/util/concurrent/ScheduledThreadPoolExecutor$DelayedWorkQueue
Event: 28.367 loading class java/util/concurrent/ScheduledThreadPoolExecutor$DelayedWorkQueue done
Event: 28.367 loading class java/util/concurrent/RunnableScheduledFuture
Event: 28.367 loading class java/util/concurrent/ScheduledFuture
Event: 28.367 loading class java/util/concurrent/ScheduledFuture done
Event: 28.367 loading class java/util/concurrent/RunnableScheduledFuture done
Event: 28.369 loading class java/net/CookieHandler
Event: 28.369 loading class java/net/CookieHandler done
Event: 28.371 Loaded shared library D:\Program Files\BellSoft\LibericaJDK-15-Full\bin\jfxwebkit.dll
Event: 28.375 Thread 0x000001e17b12adc0 Thread exited: 0x000001e17b12adc0
Event: 28.380 loading class java/lang/Runtime$VersionPattern
Event: 28.380 loading class java/lang/Runtime$VersionPattern done
Event: 28.382 loading class java/lang/Throwable$WrappedPrintStream
Event: 28.382 loading class java/lang/Throwable$WrappedPrintStream done


Dynamic libraries:
0x00007ff726cc0000 - 0x00007ff726ccd000 	D:\Program Files\BellSoft\LibericaJDK-15-Full\bin\java.exe
0x00007fff215d0000 - 0x00007fff217e7000 	C:\Windows\SYSTEM32\ntdll.dll
0x00007fff1fc10000 - 0x00007fff1fcd4000 	C:\Windows\System32\KERNEL32.DLL
0x00007fff1e900000 - 0x00007fff1ecad000 	C:\Windows\System32\KERNELBASE.dll
0x00007fff1f050000 - 0x00007fff1f161000 	C:\Windows\System32\ucrtbase.dll
0x00007fff14290000 - 0x00007fff142a8000 	D:\Program Files\BellSoft\LibericaJDK-15-Full\bin\jli.dll
0x00007fff12f40000 - 0x00007fff12f55000 	D:\Program Files\BellSoft\LibericaJDK-15-Full\bin\VCRUNTIME140.dll
0x00007fff1f490000 - 0x00007fff1f63e000 	C:\Windows\System32\USER32.dll
0x00007fff1f170000 - 0x00007fff1f196000 	C:\Windows\System32\win32u.dll
0x00007fff00180000 - 0x00007fff00413000 	C:\Windows\WinSxS\amd64_microsoft.windows.common-controls_6595b64144ccf1df_6.0.22621.3672_none_2713b9d173822955\COMCTL32.dll
0x00007fff20470000 - 0x00007fff20517000 	C:\Windows\System32\msvcrt.dll
0x00007fff1f740000 - 0x00007fff1f769000 	C:\Windows\System32\GDI32.dll
0x00007fff1eda0000 - 0x00007fff1eeb9000 	C:\Windows\System32\gdi32full.dll
0x00007fff1eec0000 - 0x00007fff1ef5a000 	C:\Windows\System32\msvcp_win.dll
0x00007fff1f450000 - 0x00007fff1f481000 	C:\Windows\System32\IMM32.DLL
0x00007ffef56d0000 - 0x00007ffef576b000 	D:\Program Files\BellSoft\LibericaJDK-15-Full\bin\msvcp140.dll
0x00007ffe80bd0000 - 0x00007ffe81760000 	D:\Program Files\BellSoft\LibericaJDK-15-Full\bin\server\jvm.dll
0x00007fff20360000 - 0x00007fff20412000 	C:\Windows\System32\ADVAPI32.dll
0x00007fff1fe90000 - 0x00007fff1ff39000 	C:\Windows\System32\sechost.dll
0x00007fff1f020000 - 0x00007fff1f048000 	C:\Windows\System32\bcrypt.dll
0x00007fff1fce0000 - 0x00007fff1fdf4000 	C:\Windows\System32\RPCRT4.dll
0x00007fff1fe80000 - 0x00007fff1fe88000 	C:\Windows\System32\PSAPI.DLL
0x00007fff18d20000 - 0x00007fff18d29000 	C:\Windows\SYSTEM32\WSOCK32.dll
0x00007fff142b0000 - 0x00007fff142e4000 	C:\Windows\SYSTEM32\WINMM.dll
0x00007fff16400000 - 0x00007fff1640a000 	C:\Windows\SYSTEM32\VERSION.dll
0x00007fff1fe00000 - 0x00007fff1fe71000 	C:\Windows\System32\WS2_32.dll
0x00007fff1da20000 - 0x00007fff1da38000 	C:\Windows\SYSTEM32\kernel.appcore.dll
0x00007fff14310000 - 0x00007fff1431a000 	D:\Program Files\BellSoft\LibericaJDK-15-Full\bin\jimage.dll
0x00007fff1bd40000 - 0x00007fff1bf72000 	C:\Windows\SYSTEM32\DBGHELP.DLL
0x00007fff1f870000 - 0x00007fff1fbf8000 	C:\Windows\System32\combase.dll
0x00007fff20c30000 - 0x00007fff20d07000 	C:\Windows\System32\OLEAUT32.dll
0x00007fff10e40000 - 0x00007fff10e72000 	C:\Windows\SYSTEM32\dbgcore.DLL
0x00007fff1ed20000 - 0x00007fff1ed9b000 	C:\Windows\System32\bcryptPrimitives.dll
0x00007fff02600000 - 0x00007fff02625000 	D:\Program Files\BellSoft\LibericaJDK-15-Full\bin\java.dll
0x00007fff20d30000 - 0x00007fff2158f000 	C:\Windows\System32\SHELL32.dll
0x00007fff1c820000 - 0x00007fff1d11c000 	C:\Windows\SYSTEM32\windows.storage.dll
0x00007fff1c6e0000 - 0x00007fff1c81f000 	C:\Windows\SYSTEM32\wintypes.dll
0x00007fff1f770000 - 0x00007fff1f864000 	C:\Windows\System32\SHCORE.dll
0x00007fff20b70000 - 0x00007fff20bce000 	C:\Windows\System32\shlwapi.dll
0x00007fff1e830000 - 0x00007fff1e851000 	C:\Windows\SYSTEM32\profapi.dll
0x00007ffeff870000 - 0x00007ffeff889000 	D:\Program Files\BellSoft\LibericaJDK-15-Full\bin\net.dll
0x00007fff17af0000 - 0x00007fff17c26000 	C:\Windows\SYSTEM32\WINHTTP.dll
0x00007fff1de90000 - 0x00007fff1def9000 	C:\Windows\system32\mswsock.dll
0x00007ffeff460000 - 0x00007ffeff472000 	D:\Program Files\BellSoft\LibericaJDK-15-Full\bin\nio.dll
0x00007ffeff280000 - 0x00007ffeff298000 	D:\Program Files\BellSoft\LibericaJDK-15-Full\bin\zip.dll
0x00007ffed5bc0000 - 0x00007ffed5d59000 	D:\Program Files\BellSoft\LibericaJDK-15-Full\bin\awt.dll
0x00007fff17570000 - 0x00007fff17607000 	C:\Windows\SYSTEM32\apphelp.dll
0x00007fff18fc0000 - 0x00007fff1906f000 	C:\Windows\system32\uxtheme.dll
0x00007fff20180000 - 0x00007fff202d3000 	C:\Windows\System32\MSCTF.dll
0x00007fff1ffd0000 - 0x00007fff20175000 	C:\Windows\System32\ole32.dll
0x00007ffed5f80000 - 0x00007ffed5f98000 	C:\Program Files (x86)\Smadav\SmadHook64c.dll
0x00007fff1ecb0000 - 0x00007fff1ed1b000 	C:\Windows\System32\WINTRUST.dll
0x00007fff1f1a0000 - 0x00007fff1f307000 	C:\Windows\System32\CRYPT32.dll
0x00007fff1e150000 - 0x00007fff1e162000 	C:\Windows\System32\MSASN1.dll
0x00007fff19240000 - 0x00007fff1926b000 	C:\Windows\system32\DWMAPI.DLL
0x00007ffeffb80000 - 0x00007ffeffc33000 	C:\Windows\WinSxS\amd64_microsoft.windows.common-controls_6595b64144ccf1df_5.82.22621.3527_none_b43b7f4b638cc64f\comctl32.dll
0x00007ffef4960000 - 0x00007ffef49e2000 	D:\Program Files\BellSoft\LibericaJDK-15-Full\bin\freetype.dll
0x00007ffef1b60000 - 0x00007ffef1c06000 	D:\Program Files\BellSoft\LibericaJDK-15-Full\bin\fontmanager.dll
0x00007ffedd9f0000 - 0x00007ffeddaf0000 	C:\Windows\system32\opengl32.dll
0x00007ffeff250000 - 0x00007ffeff27d000 	C:\Windows\SYSTEM32\GLU32.dll
0x00007fff1bcf0000 - 0x00007fff1bd29000 	C:\Windows\SYSTEM32\dxcore.dll
0x00007ffeb9070000 - 0x00007ffeb9218000 	C:\Windows\system32\d3d9.dll
0x00007fff1e5e0000 - 0x00007fff1e62e000 	C:\Windows\SYSTEM32\cfgmgr32.dll
0x00007fff206e0000 - 0x00007fff20b54000 	C:\Windows\System32\SETUPAPI.dll
0x00007fff1e3d0000 - 0x00007fff1e3fc000 	C:\Windows\SYSTEM32\DEVOBJ.dll
0x00007fff13580000 - 0x00007fff135c9000 	C:\Windows\SYSTEM32\directxdatabasehelper.dll
0x00007fff1df90000 - 0x00007fff1dfb8000 	C:\Windows\SYSTEM32\USERENV.dll
0x00007fff11190000 - 0x00007fff1141a000 	C:\Windows\SYSTEM32\twinapi.appcore.dll
0x00007fff12ff0000 - 0x00007fff13022000 	C:\Windows\SYSTEM32\cryptnet.dll
0x00007fff11ca0000 - 0x00007fff11df8000 	C:\Windows\SYSTEM32\drvstore.dll
0x00007fff1e1c0000 - 0x00007fff1e209000 	C:\Windows\SYSTEM32\wldp.dll
0x00007fff1e110000 - 0x00007fff1e11c000 	C:\Windows\SYSTEM32\cryptbase.dll
0x00007fff20d10000 - 0x00007fff20d2f000 	C:\Windows\System32\imagehlp.dll
0x00007fff1e0f0000 - 0x00007fff1e10b000 	C:\Windows\System32\CRYPTSP.dll
0x00007fff1d980000 - 0x00007fff1d9b5000 	C:\Windows\system32\rsaenh.dll
0x00007ffefc2c0000 - 0x00007ffefe4ab000 	C:\Windows\System32\DriverStore\FileRepository\nvhm.inf_amd64_41c48f20ac7de4fb\nvgpucomp64.dll
0x00007fff1df20000 - 0x00007fff1df46000 	C:\Windows\SYSTEM32\gpapi.dll
0x00007fff1f310000 - 0x00007fff1f3c0000 	C:\Windows\System32\clbcatq.dll
0x00007fff18710000 - 0x00007fff18810000 	C:\Windows\SYSTEM32\PROPSYS.dll
0x00007ffeeeaf0000 - 0x00007ffeeeba5000 	C:\Windows\System32\Windows.FileExplorer.Common.dll
0x00007ffee3d60000 - 0x00007ffee3d7a000 	C:\Windows\system32\NetworkExplorer.dll
0x00007ffef9700000 - 0x00007ffef971e000 	C:\Windows\SYSTEM32\MPR.dll
0x00007ffedbaf0000 - 0x00007ffedbb1b000 	C:\Windows\System32\p9np.dll
0x00007ffefa850000 - 0x00007ffefa85c000 	C:\Windows\System32\drprov.dll
0x00007ffedbac0000 - 0x00007ffedbae2000 	C:\Windows\System32\ntlanman.dll
0x00007ffedb020000 - 0x00007ffedb03f000 	C:\Windows\System32\davclnt.dll
0x00007fff1d4a0000 - 0x00007fff1d506000 	C:\Windows\System32\WINSTA.dll
0x00007fff176f0000 - 0x00007fff1770a000 	C:\Windows\System32\wkscli.dll
0x00007ffeedbc0000 - 0x00007ffeedbd2000 	C:\Windows\SYSTEM32\cscapi.dll
0x00007fff1d6d0000 - 0x00007fff1d6dc000 	C:\Windows\System32\netutils.dll
0x00007ffeff300000 - 0x00007ffeff356000 	C:\Windows\System32\dlnashext.dll
0x00007ffefaf00000 - 0x00007ffefaf69000 	C:\Windows\System32\PlayToDevice.dll
0x00007ffee40c0000 - 0x00007ffee40e1000 	C:\Windows\System32\DevDispItemProvider.dll
0x00007fff0def0000 - 0x00007fff0df8d000 	C:\Windows\System32\MMDevApi.dll
0x00007ffed6540000 - 0x00007ffed65e5000 	C:\Windows\system32\wpdshext.dll
0x00007fff00420000 - 0x00007fff005d9000 	C:\Windows\WinSxS\amd64_microsoft.windows.gdiplus_6595b64144ccf1df_1.1.22621.3810_none_57f8d842ce19d879\gdiplus.dll
0x00007fff14440000 - 0x00007fff144de000 	C:\Windows\System32\PortableDeviceApi.dll
0x00007fff13180000 - 0x00007fff131b1000 	C:\Windows\System32\PortableDeviceTypes.dll
0x00007ffeff5b0000 - 0x00007ffeff5d4000 	C:\Windows\System32\EhStorAPI.dll
0x00007fff1d7e0000 - 0x00007fff1d7f4000 	C:\Windows\System32\WTSAPI32.dll
0x00007ffee05d0000 - 0x00007ffee05dd000 	C:\Windows\SYSTEM32\LINKINFO.dll
0x00007fff11420000 - 0x00007fff11555000 	C:\Windows\System32\Windows.System.Launcher.dll
0x00007fff18550000 - 0x00007fff185e3000 	C:\Windows\System32\msvcp110_win.dll
0x00007fff13650000 - 0x00007fff1366a000 	C:\Windows\SYSTEM32\windows.staterepositorycore.dll
0x00007fff14070000 - 0x00007fff14080000 	D:\Program Files\BellSoft\LibericaJDK-15-Full\bin\verify.dll
0x00007fff1d3a0000 - 0x00007fff1d498000 	C:\Windows\SYSTEM32\DNSAPI.dll
0x00007fff1d370000 - 0x00007fff1d39d000 	C:\Windows\SYSTEM32\IPHLPAPI.DLL
0x00007fff1fc00000 - 0x00007fff1fc09000 	C:\Windows\System32\NSI.dll
0x00007fff161f0000 - 0x00007fff161fa000 	C:\Windows\System32\rasadhlp.dll
0x00007fff164e0000 - 0x00007fff16563000 	C:\Windows\System32\fwpuclnt.dll
0x00007fff17a20000 - 0x00007fff17a39000 	C:\Windows\SYSTEM32\dhcpcsvc6.DLL
0x00007fff17a00000 - 0x00007fff17a1f000 	C:\Windows\SYSTEM32\dhcpcsvc.DLL
0x00007fff16ca0000 - 0x00007fff16cae000 	D:\Program Files\BellSoft\LibericaJDK-15-Full\bin\sunmscapi.dll
0x00007fff1e2b0000 - 0x00007fff1e2de000 	C:\Windows\SYSTEM32\ncrypt.dll
0x00007fff1e270000 - 0x00007fff1e2a7000 	C:\Windows\SYSTEM32\NTASN1.dll
0x00007fff18dc0000 - 0x00007fff18f71000 	C:\Windows\SYSTEM32\WindowsCodecs.dll
0x00007ffee0b30000 - 0x00007ffee0b8e000 	C:\Windows\system32\dataexchange.dll
0x000001e102850000 - 0x000001e102853000 	D:\Program Files\BellSoft\LibericaJDK-15-Full\bin\api-ms-win-core-console-l1-1-0.dll
0x000001e102960000 - 0x000001e102963000 	D:\Program Files\BellSoft\LibericaJDK-15-Full\bin\api-ms-win-core-console-l1-2-0.dll
0x000001e105f40000 - 0x000001e105f43000 	D:\Program Files\BellSoft\LibericaJDK-15-Full\bin\api-ms-win-core-datetime-l1-1-0.dll
0x000001e105f50000 - 0x000001e105f53000 	D:\Program Files\BellSoft\LibericaJDK-15-Full\bin\api-ms-win-core-debug-l1-1-0.dll
0x000001e105f60000 - 0x000001e105f63000 	D:\Program Files\BellSoft\LibericaJDK-15-Full\bin\api-ms-win-core-errorhandling-l1-1-0.dll
0x000001e105f70000 - 0x000001e105f74000 	D:\Program Files\BellSoft\LibericaJDK-15-Full\bin\api-ms-win-core-file-l1-1-0.dll
0x000001e105f80000 - 0x000001e105f83000 	D:\Program Files\BellSoft\LibericaJDK-15-Full\bin\api-ms-win-core-file-l1-2-0.dll
0x000001e105f90000 - 0x000001e105f93000 	D:\Program Files\BellSoft\LibericaJDK-15-Full\bin\api-ms-win-core-file-l2-1-0.dll
0x000001e105fa0000 - 0x000001e105fa3000 	D:\Program Files\BellSoft\LibericaJDK-15-Full\bin\api-ms-win-core-handle-l1-1-0.dll
0x000001e105fb0000 - 0x000001e105fb3000 	D:\Program Files\BellSoft\LibericaJDK-15-Full\bin\api-ms-win-core-heap-l1-1-0.dll
0x000001e105fc0000 - 0x000001e105fc3000 	D:\Program Files\BellSoft\LibericaJDK-15-Full\bin\api-ms-win-core-interlocked-l1-1-0.dll

dbghelp: loaded successfully - version: 4.0.5 - missing functions: none
symbol engine: initialized successfully - sym options: 0x614 - pdb path: .;D:\Program Files\BellSoft\LibericaJDK-15-Full\bin;C:\Windows\SYSTEM32;C:\Windows\WinSxS\amd64_microsoft.windows.common-controls_6595b64144ccf1df_6.0.22621.3672_none_2713b9d173822955;D:\Program Files\BellSoft\LibericaJDK-15-Full\bin\server;C:\Program Files (x86)\Smadav;C:\Windows\WinSxS\amd64_microsoft.windows.common-controls_6595b64144ccf1df_5.82.22621.3527_none_b43b7f4b638cc64f;C:\Windows\System32\DriverStore\FileRepository\iigd_dch.inf_amd64_0fdf6ce291234272;C:\Windows\System32\DriverStore\FileRepository\nvhm.inf_amd64_41c48f20ac7de4fb;C:\Windows\WinSxS\amd64_microsoft.windows.gdiplus_6595b64144ccf1df_1.1.22621.3810_none_57f8d842ce19d879

VM Arguments:
jvm_args: -Dfile.encoding=UTF-8 
java_command: simrskhanza.SIMRSKhanza
java_class_path (initial): D:\Documents\Project\SIMRSKhanza Custom Toper\lib\lib_all\commons-codec-1.10.jar;D:\Documents\Project\SIMRSKhanza Custom Toper\lib\lib_all\calendar-src.jar;D:\Documents\Project\SIMRSKhanza Custom Toper\lib\lib_all\calendar-doc.jar;D:\Documents\Project\SIMRSKhanza Custom Toper\lib\lib_all\calendar.jar;D:\Documents\Project\SIMRSKhanza Custom Toper\lib\lib_all\jcalendar-1.4.jar;D:\Documents\Project\SIMRSKhanza Custom Toper\lib\lib_all\ant-1.7.1.jar;D:\Documents\Project\SIMRSKhanza Custom Toper\lib\lib_all\apache-httpcomponents-httpclient.jar;D:\Documents\Project\SIMRSKhanza Custom Toper\lib\lib_all\appframework-1.0.3.jar;D:\Documents\Project\SIMRSKhanza Custom Toper\lib\lib_all\barbecue-1.5-beta1.jar;D:\Documents\Project\SIMRSKhanza Custom Toper\lib\lib_all\batik-dom.jar;D:\Documents\Project\SIMRSKhanza Custom Toper\lib\lib_all\groovy-all-2.4.7.jar;D:\Documents\Project\SIMRSKhanza Custom Toper\lib\lib_all\bcel-5.2.jar;D:\Documents\Project\SIMRSKhanza Custom Toper\lib\lib_all\bcprov-jdk15on-154.jar;D:\Documents\Project\SIMRSKhanza Custom Toper\lib\lib_all\poi-4.1.0.jar;D:\Documents\Project\SIMRSKhanza Custom Toper\lib\lib_all\beansbinding-1.2.1.jar;D:\Documents\Project\SIMRSKhanza Custom Toper\lib\lib_all\bsh-2.0b4.jar;D:\Documents\Project\SIMRSKhanza Custom Toper\lib\lib_all\com-jaspersoft-ireport.jar;D:\Documents\Project\SIMRSKhanza Custom Toper\lib\lib_all\com.fasterxml.jackson.core.jar;D:\Documents\Project\SIMRSKhanza Custom Toper\lib\lib_all\comm.jar;D:\Documents\Project\SIMRSKhanza Custom Toper\lib\lib_all\common-javaFX-plugin.jar;D:\Documents\Project\SIMRSKhanza Custom Toper\lib\lib_all\commons-javaflow-20060411.jar;D:\Documents\Project\SIMRSKhanza Custom Toper\lib\lib_all\commons-logging-1.2.jar;D:\Documents\Project\SIMRSKhanza Custom Toper\lib\lib_all\fluent-hc-4.5.1.jar;D:\Documents\Project\SIMRSKhanza Custom Toper\lib\lib_all\fontbox-2.0.13.jar;D:\Documents\Project\SIMRSKhanza Custom Toper\lib\lib_all\gson-2.2.2.jar;D:\Documents\P
Launcher Type: SUN_STANDARD

[Global flags]
     intx CICompilerCount                          = 12                                        {product} {ergonomic}
     uint ConcGCThreads                            = 4                                         {product} {ergonomic}
     uint G1ConcRefinementThreads                  = 15                                        {product} {ergonomic}
   size_t G1HeapRegionSize                         = 2097152                                   {product} {ergonomic}
    uintx GCDrainStackTargetSize                   = 64                                        {product} {ergonomic}
   size_t InitialHeapSize                          = 264241152                                 {product} {ergonomic}
   size_t MarkStackSize                            = 4194304                                   {product} {ergonomic}
   size_t MaxHeapSize                              = 4208984064                                {product} {ergonomic}
   size_t MaxNewSize                               = 2524971008                                {product} {ergonomic}
   size_t MinHeapDeltaBytes                        = 2097152                                   {product} {ergonomic}
   size_t MinHeapSize                              = 8388608                                   {product} {ergonomic}
    uintx NonNMethodCodeHeapSize                   = 7602480                                {pd product} {ergonomic}
    uintx NonProfiledCodeHeapSize                  = 122027880                              {pd product} {ergonomic}
    uintx ProfiledCodeHeapSize                     = 122027880                              {pd product} {ergonomic}
    uintx ReservedCodeCacheSize                    = 251658240                              {pd product} {ergonomic}
     bool SegmentedCodeCache                       = true                                      {product} {ergonomic}
   size_t SoftMaxHeapSize                          = 4208984064                             {manageable} {ergonomic}
     bool UseCompressedClassPointers               = true                                 {lp64_product} {ergonomic}
     bool UseCompressedOops                        = true                                 {lp64_product} {ergonomic}
     bool UseG1GC                                  = true                                      {product} {ergonomic}
     bool UseLargePagesIndividualAllocation        = false                                  {pd product} {ergonomic}

Logging:
Log output configuration:
 #0: stdout all=warning uptime,level,tags
 #1: stderr all=off uptime,level,tags

Environment Variables:
JAVA_HOME=D:\Program Files\BellSoft\LibericaJDK-15-Full\
PATH=D:\Program Files\Python312\Scripts\;D:\Program Files\Python312\;C:\Program Files (x86)\Common Files\Oracle\Java\javapath;D:\Program Files\Arena\RSCommon;D:\Program Files\BellSoft\LibericaJDK-15-Full\bin\;C:\Windows\system32;C:\Windows;C:\Windows\System32\Wbem;C:\Windows\System32\WindowsPowerShell\v1.0\;C:\Windows\System32\OpenSSH\;D:\laragon\bin\php\php-7.4.9-Win32-vc15-x64;C:\ProgramData\ComposerSetup\bin;D:\Program Files\Git\cmd;C:\Users\Victus\AppData\Local\Yarn\config\global\node_modules\.bin;C:\Users\Victus\AppData\Roaming\Composer\vendor\bin;C:\Users\Victus\AppData\Roaming\npm;D:\laragon\bin;D:\laragon\bin\apache\httpd-2.4.54-win64-VS16\bin;D:\laragon\bin\composer;D:\laragon\bin\git\bin;D:\laragon\bin\git\cmd;D:\laragon\bin\git\mingw64\bin;D:\laragon\bin\git\usr\bin;D:\laragon\bin\laragon\utils;D:\laragon\bin\mysql\mysql-8.0.30-winx64\bin;D:\laragon\bin\nginx\nginx-1.22.0;D:\laragon\bin\ngrok;D:\laragon\bin\nodejs\node-v18;D:\laragon\bin\notepad++;D:\laragon\bin\php\php-7.4.9-Win32-vc15-x64;D:\laragon\bin\python\python-3.10;D:\laragon\bin\python\python-3.10\Scripts;D:\laragon\bin\redis\redis-x64-5.0.14.1;D:\laragon\bin\telnet;D:\laragon\usr\bin;C:\Users\Victus\AppData\Local\Microsoft\WindowsApps;D:\Program Files\Microsoft VS Code\bin;
USERNAME=Victus
OS=Windows_NT
PROCESSOR_IDENTIFIER=Intel64 Family 6 Model 154 Stepping 3, GenuineIntel



---------------  S Y S T E M  ---------------

OS:
 Windows 10 , 64 bit Build 22621 (10.0.22621.3672)
OS uptime: 1 days 0:35 hours
HyperV virtualization detected

CPU: total 20 (initial active 20) (10 cores per cpu, 2 threads per core) family 6 model 154 stepping 3 microcode 0x432, cmov, cx8, fxsr, mmx, sse, sse2, sse3, ssse3, sse4.1, sse4.2, popcnt, vzeroupper, avx, avx2, aes, clmul, erms, 3dnowpref, lzcnt, ht, tsc, tscinvbit, bmi1, bmi2, adx, sha, fma, clflush, clflushopt, clwb

Memory: 4k page, system-wide physical 16051M (5521M free)
TotalPageFile size 27827M (AvailPageFile size 12467M)
current process WorkingSet (physical memory assigned to process): 405M, peak: 442M
current process commit charge ("private bytes"): 478M, peak: 535M

vm_info: OpenJDK 64-Bit Server VM (15.0.2+10) for windows-amd64 JRE (15.0.2+10), built on Jan 21 2021 08:07:14 by "" with MS VC++ 15.9 (VS2017)

END.
