#
# A fatal error has been detected by the Java Runtime Environment:
#
#  EXCEPTION_ACCESS_VIOLATION (0xc0000005) at pc=0x00007fffe9417847, pid=25708, tid=22616
#
# JRE version: OpenJDK Runtime Environment (15.0.2+10) (build 15.0.2+10)
# Java VM: OpenJDK 64-Bit Server VM (15.0.2+10, mixed mode, sharing, tiered, compressed oops, g1 gc, windows-amd64)
# Problematic frame:
# C  0x00007fffe9417847
#
# No core dump will be written. Minidumps are not enabled by default on client versions of Windows
#
# If you would like to submit a bug report, please visit:
#   https://bugreport.java.com/bugreport/crash.jsp
# The crash happened outside the Java Virtual Machine in native code.
# See problematic frame for where to report the bug.
#

---------------  S U M M A R Y ------------

Command Line: -Dfile.encoding=UTF-8 simrskhanza.SIMRSKhanza

Host: 12th Gen Intel(R) Core(TM) i7-12700H, 20 cores, 15G,  Windows 10 , 64 bit Build 22621 (10.0.22621.3958)
Time: Wed Oct  9 09:39:34 2024 SE Asia Standard Time elapsed time: 20.998802 seconds (0d 0h 0m 20s)

---------------  T H R E A D  ---------------

Current thread (0x0000020b07a54b70):  JavaThread "JavaFX Application Thread" [_thread_in_native, id=22616, stack(0x0000001ce4b00000,0x0000001ce4c00000)]

Stack: [0x0000001ce4b00000,0x0000001ce4c00000],  sp=0x0000001ce4bfcfd0,  free space=1011k
Native frames: (J=compiled Java code, j=interpreted, Vv=VM code, C=native code)
C  0x00007fffe9417847

Java frames: (J=compiled Java code, j=interpreted, Vv=VM code)
j  com.sun.webkit.WebPage.twkInit(JZF)V+0 javafx.web@15.0.2
j  com.sun.webkit.WebPage.<init>(Lcom/sun/webkit/WebPageClient;Lcom/sun/webkit/UIClient;Lcom/sun/webkit/PolicyClient;Lcom/sun/webkit/InspectorClient;Lcom/sun/webkit/ThemeClient;Z)V+195 javafx.web@15.0.2
j  javafx.scene.web.WebEngine.<init>(Ljava/lang/String;Z)V+270 javafx.web@15.0.2
j  javafx.scene.web.WebEngine.<init>()V+3 javafx.web@15.0.2
j  javafx.scene.web.WebView.<init>()V+60 javafx.web@15.0.2
j  bridging.INACBGHybrid$3.run()V+4
j  com.sun.javafx.application.PlatformImpl.lambda$runLater$10(Ljava/lang/Runnable;)Ljava/lang/Void;+1 javafx.graphics@15.0.2
j  com.sun.javafx.application.PlatformImpl$$Lambda$307+0x000000080110b1b8.run()Ljava/lang/Object;+4 javafx.graphics@15.0.2
J 5336 c1 java.security.AccessController.doPrivileged(Ljava/security/PrivilegedAction;Ljava/security/AccessControlContext;)Ljava/lang/Object; java.base@15.0.2 (17 bytes) @ 0x0000020b65711f64 [0x0000020b65711d80+0x00000000000001e4]
j  com.sun.javafx.application.PlatformImpl.lambda$runLater$11(Ljava/lang/Runnable;Ljava/security/AccessControlContext;)V+7 javafx.graphics@15.0.2
j  com.sun.javafx.application.PlatformImpl$$Lambda$306+0x000000080110ad68.run()V+8 javafx.graphics@15.0.2
j  com.sun.glass.ui.InvokeLaterDispatcher$Future.run()V+4 javafx.graphics@15.0.2
v  ~StubRoutines::call_stub
j  com.sun.glass.ui.win.WinApplication._runLoop(Ljava/lang/Runnable;)V+0 javafx.graphics@15.0.2
j  com.sun.glass.ui.win.WinApplication.lambda$runLoop$3(ILjava/lang/Runnable;)V+8 javafx.graphics@15.0.2
j  com.sun.glass.ui.win.WinApplication$$Lambda$293+0x00000008010dbc00.run()V+12 javafx.graphics@15.0.2
j  java.lang.Thread.run()V+11 java.base@15.0.2
v  ~StubRoutines::call_stub

siginfo: EXCEPTION_ACCESS_VIOLATION (0xc0000005), writing address 0x0000000000000000


Register to memory mapping:

RIP=0x00007fffe9417847 points into unknown readable memory: ff
RAX=0x0000001ce4bfd058 is pointing into the stack for thread: 0x0000020b07a54b70
RBX=0x0000020b0d6ce120 points into unknown readable memory: 0x0000000000000000 | 00 00 00 00 00 00 00 00
RCX=0x0 is NULL
RDX=0x00007fffea39bcf8 points into unknown readable memory: 0x00000073656d6974 | 74 69 6d 65 73 00 00 00
RSP=0x0000001ce4bfcfd0 is pointing into the stack for thread: 0x0000020b07a54b70
RBP=0x0000020b0d6ce120 points into unknown readable memory: 0x0000000000000000 | 00 00 00 00 00 00 00 00
RSI=0x00007fffec31f938 points into unknown readable memory: 0x00007fffea368a60 | 60 8a 36 ea ff 7f 00 00
RDI=0x0000001ce4bfd0c8 is pointing into the stack for thread: 0x0000020b07a54b70
R8 =0x0 is NULL
R9 =0xffff820b229dd5d0 is an unknown value
R10=0x0000000000000005 is an unknown value
R11=0x0000001ce4bfcc18 is pointing into the stack for thread: 0x0000020b07a54b70
R12=0x0000020b143b1ac8 points into unknown readable memory: 0x0000020b02bfd7b0 | b0 d7 bf 02 0b 02 00 00
R13=0x0000020b0df1d120 points into unknown readable memory: 0x00007fffea3af7e0 | e0 f7 3a ea ff 7f 00 00
R14=0x0 is NULL
R15=0x0 is NULL


Registers:
RAX=0x0000001ce4bfd058, RBX=0x0000020b0d6ce120, RCX=0x0000000000000000, RDX=0x00007fffea39bcf8
RSP=0x0000001ce4bfcfd0, RBP=0x0000020b0d6ce120, RSI=0x00007fffec31f938, RDI=0x0000001ce4bfd0c8
R8 =0x0000000000000000, R9 =0xffff820b229dd5d0, R10=0x0000000000000005, R11=0x0000001ce4bfcc18
R12=0x0000020b143b1ac8, R13=0x0000020b0df1d120, R14=0x0000000000000000, R15=0x0000000000000000
RIP=0x00007fffe9417847, EFLAGS=0x0000000000010202

Top of Stack: (sp=0x0000001ce4bfcfd0)
0x0000001ce4bfcfd0:   40f348976c8b4396 0000020b0d6ce120
0x0000001ce4bfcfe0:   0000020b0d6ce120 00007fffec31f938
0x0000001ce4bfcff0:   0000000000000000 0000001ce4bfd010
0x0000001ce4bfd000:   0000020b143b1a00 00007fffe8ccf78b
0x0000001ce4bfd010:   0000000000000000 0000000000000000
0x0000001ce4bfd020:   0000020b0d6c74e0 0000020b0d6c74f8
0x0000001ce4bfd030:   0000020b0d6c74e0 00007fffe8e193da
0x0000001ce4bfd040:   0000020b143b19e0 0000020b0d6c74f8
0x0000001ce4bfd050:   0000020b0df1d120 0000000000000000
0x0000001ce4bfd060:   0000001ce4bfd070 0000000000000001
0x0000001ce4bfd070:   0000020b0d6ce118 00007fffe8e1c8ee
0x0000001ce4bfd080:   0000020b0df1d120 0000020b0d6ce120
0x0000001ce4bfd090:   0000000000000001 0000001ce4bfd169
0x0000001ce4bfd0a0:   0000020b143b19e0 00007fffe924cd43
0x0000001ce4bfd0b0:   0000000000000000 0000020b0d6c74e0
0x0000001ce4bfd0c0:   0000020b143b19e0 0000000000000000 

Instructions: (pc=0x00007fffe9417847)
0x00007fffe9417747:   33 cc e8 e2 4d e9 00 48 83 c4 40 5e 5d 5b c3 48
0x00007fffe9417757:   8d 0d 9b 43 f1 02 e8 be 53 e9 00 83 3d 8f 43 f1
0x00007fffe9417767:   02 ff 0f 85 36 ff ff ff 48 8b cf e8 b9 e0 ff ff
0x00007fffe9417777:   4c 8b 07 4c 8d 0d 53 5f 03 01 48 8b d0 48 8b cf
0x00007fffe9417787:   4d 8b 90 08 01 00 00 4c 8d 05 4b 5f 03 01 41 ff
0x00007fffe9417797:   d2 48 8d 0d 59 43 f1 02 48 89 05 4a 43 f1 02 e8
0x00007fffe94177a7:   15 53 e9 00 e9 f5 fe ff ff 48 89 5c 24 08 48 89
0x00007fffe94177b7:   74 24 10 57 48 83 ec 60 65 48 8b 04 25 58 00 00
0x00007fffe94177c7:   00 48 8b f1 44 8b 0d c6 24 f2 02 49 8b d8 b9 18
0x00007fffe94177d7:   00 00 00 48 8b fa 4e 8b 0c c8 42 8b 04 09 39 05
0x00007fffe94177e7:   2d 43 f1 02 0f 8f b0 00 00 00 48 8d 44 24 40 c6
0x00007fffe94177f7:   44 24 30 00 48 89 44 24 28 4c 8d 0d 09 43 f1 02
0x00007fffe9417807:   4c 8b c3 48 c7 44 24 20 00 00 00 00 48 8d 94 24
0x00007fffe9417817:   88 00 00 00 c6 44 24 40 00 48 8b ce c6 44 24 42
0x00007fffe9417827:   00 c6 44 24 46 00 c6 44 24 48 00 c6 44 24 4c 00
0x00007fffe9417837:   c6 44 24 4e 00 e8 0f cf 9f ff 48 8b 08 48 89 0f
0x00007fffe9417847:   ff 01 48 8b 9c 24 88 00 00 00 48 c7 84 24 88 00
0x00007fffe9417857:   00 00 00 00 00 00 48 85 db 74 2c 8b 03 83 e8 01
0x00007fffe9417867:   74 15 89 03 48 8b c7 48 8b 5c 24 70 48 8b 74 24
0x00007fffe9417877:   78 48 83 c4 60 5f c3 48 8b cb e8 aa 68 9f ff 48
0x00007fffe9417887:   8b cb e8 92 5e d9 00 48 8b 5c 24 70 48 8b c7 48
0x00007fffe9417897:   8b 74 24 78 48 83 c4 60 5f c3 48 8d 0d 70 42 f1
0x00007fffe94178a7:   02 e8 73 52 e9 00 83 3d 64 42 f1 02 ff 0f 85 37
0x00007fffe94178b7:   ff ff ff 48 8d 15 c3 c5 fe 00 48 8d 8c 24 88 00
0x00007fffe94178c7:   00 00 e8 e2 bc db 00 48 8b 84 24 88 00 00 00 48
0x00007fffe94178d7:   8d 0d 43 73 f4 00 48 89 05 2c 42 f1 02 e8 37 50
0x00007fffe94178e7:   e9 00 48 8d 0d 28 42 f1 02 e8 cb 51 e9 00 e9 f7
0x00007fffe94178f7:   fe ff ff cc cc cc cc cc cc 48 89 5c 24 08 48 89
0x00007fffe9417907:   6c 24 20 56 57 41 56 48 83 ec 40 48 8b 05 ff da
0x00007fffe9417917:   ef 02 48 33 c4 48 89 44 24 38 48 8b d9 41 8b e8
0x00007fffe9417927:   48 8b 0d 5a 18 f2 02 48 8b fa 41 b8 02 00 01 00
0x00007fffe9417937:   48 8d 54 24 20 48 8b 01 4c 8b 48 30 41 ff d1 48 


Stack slot to memory mapping:
stack at sp + 0 slots: 0x40f348976c8b4396 is an unknown value
stack at sp + 1 slots: 0x0000020b0d6ce120 points into unknown readable memory: 0x0000000000000000 | 00 00 00 00 00 00 00 00
stack at sp + 2 slots: 0x0000020b0d6ce120 points into unknown readable memory: 0x0000000000000000 | 00 00 00 00 00 00 00 00
stack at sp + 3 slots: 0x00007fffec31f938 points into unknown readable memory: 0x00007fffea368a60 | 60 8a 36 ea ff 7f 00 00
stack at sp + 4 slots: 0x0 is NULL
stack at sp + 5 slots: 0x0000001ce4bfd010 is pointing into the stack for thread: 0x0000020b07a54b70
stack at sp + 6 slots: 0x0000020b143b1a00 points into unknown readable memory: 0x0000000000000000 | 00 00 00 00 00 00 00 00
stack at sp + 7 slots: 0x00007fffe8ccf78b points into unknown readable memory: eb 06 4c 89 07


---------------  P R O C E S S  ---------------

Threads class SMR info:
_java_thread_list=0x0000020b0daa7590, length=20, elements={
0x0000020b0081a430, 0x0000020b0081b000, 0x0000020b00832fc0, 0x0000020b00835990,
0x0000020b00836440, 0x0000020b008382e0, 0x0000020b00839620, 0x0000020b0083e030,
0x0000020b013d9970, 0x0000020b013da150, 0x0000020b01a001f0, 0x0000020b01e30fa0,
0x0000020b0224bbe0, 0x0000020b07a53830, 0x0000020b07a541d0, 0x0000020b07a546a0,
0x0000020b07a529c0, 0x0000020b07a54b70, 0x0000020b07a51b50, 0x0000020b01aac740
}

Java Threads: ( => current thread )
  0x0000020b0081a430 JavaThread "Reference Handler" daemon [_thread_blocked, id=18568, stack(0x0000001ce2a00000,0x0000001ce2b00000)]
  0x0000020b0081b000 JavaThread "Finalizer" daemon [_thread_blocked, id=28144, stack(0x0000001ce2b00000,0x0000001ce2c00000)]
  0x0000020b00832fc0 JavaThread "Signal Dispatcher" daemon [_thread_blocked, id=26340, stack(0x0000001ce2c00000,0x0000001ce2d00000)]
  0x0000020b00835990 JavaThread "Attach Listener" daemon [_thread_blocked, id=16980, stack(0x0000001ce2d00000,0x0000001ce2e00000)]
  0x0000020b00836440 JavaThread "Service Thread" daemon [_thread_blocked, id=11956, stack(0x0000001ce2e00000,0x0000001ce2f00000)]
  0x0000020b008382e0 JavaThread "C2 CompilerThread0" daemon [_thread_blocked, id=27836, stack(0x0000001ce2f00000,0x0000001ce3000000)]
  0x0000020b00839620 JavaThread "C1 CompilerThread0" daemon [_thread_blocked, id=16356, stack(0x0000001ce3000000,0x0000001ce3100000)]
  0x0000020b0083e030 JavaThread "Sweeper thread" daemon [_thread_blocked, id=30176, stack(0x0000001ce3100000,0x0000001ce3200000)]
  0x0000020b013d9970 JavaThread "Notification Thread" daemon [_thread_blocked, id=27196, stack(0x0000001ce3300000,0x0000001ce3400000)]
  0x0000020b013da150 JavaThread "Common-Cleaner" daemon [_thread_blocked, id=3968, stack(0x0000001ce3500000,0x0000001ce3600000)]
  0x0000020b01a001f0 JavaThread "Java2D Disposer" daemon [_thread_blocked, id=23960, stack(0x0000001ce3700000,0x0000001ce3800000)]
  0x0000020b01e30fa0 JavaThread "AWT-Shutdown" [_thread_blocked, id=22808, stack(0x0000001ce3d00000,0x0000001ce3e00000)]
  0x0000020b0224bbe0 JavaThread "AWT-EventQueue-0" [_thread_blocked, id=22820, stack(0x0000001ce4000000,0x0000001ce4100000)]
  0x0000020b07a53830 JavaThread "DestroyJavaVM" [_thread_blocked, id=20924, stack(0x0000001ce2300000,0x0000001ce2400000)]
  0x0000020b07a541d0 JavaThread "Abandoned connection cleanup thread" daemon [_thread_blocked, id=28760, stack(0x0000001ce4f00000,0x0000001ce5000000)]
  0x0000020b07a546a0 JavaThread "TimerQueue" daemon [_thread_blocked, id=18124, stack(0x0000001ce4d00000,0x0000001ce4e00000)]
  0x0000020b07a529c0 JavaThread "InvokeLaterDispatcher" daemon [_thread_blocked, id=18656, stack(0x0000001ce4a00000,0x0000001ce4b00000)]
=>0x0000020b07a54b70 JavaThread "JavaFX Application Thread" [_thread_in_native, id=22616, stack(0x0000001ce4b00000,0x0000001ce4c00000)]
  0x0000020b07a51b50 JavaThread "Thread-2" daemon [_thread_in_native, id=28636, stack(0x0000001ce4c00000,0x0000001ce4d00000)]
  0x0000020b01aac740 JavaThread "ToolkitShutdown" daemon [_thread_in_native, id=29044, stack(0x0000001ce3f00000,0x0000001ce4000000)]

Other Threads:
  0x0000020b00817400 VMThread "VM Thread" [stack: 0x0000001ce2900000,0x0000001ce2a00000] [id=10472]
  0x0000020b013d9e40 WatcherThread [stack: 0x0000001ce3400000,0x0000001ce3500000] [id=24876]
  0x0000020b5ac76d30 GCTaskThread "GC Thread#0" [stack: 0x0000001ce2400000,0x0000001ce2500000] [id=21748]
  0x0000020b013be690 GCTaskThread "GC Thread#1" [stack: 0x0000001ce3800000,0x0000001ce3900000] [id=22004]
  0x0000020b013bf350 GCTaskThread "GC Thread#2" [stack: 0x0000001ce3900000,0x0000001ce3a00000] [id=21716]
  0x0000020b013c1660 GCTaskThread "GC Thread#3" [stack: 0x0000001ce3a00000,0x0000001ce3b00000] [id=22524]
  0x0000020b013c09a0 GCTaskThread "GC Thread#4" [stack: 0x0000001ce3b00000,0x0000001ce3c00000] [id=6264]
  0x0000020b013c0010 GCTaskThread "GC Thread#5" [stack: 0x0000001ce3c00000,0x0000001ce3d00000] [id=30556]
  0x0000020b0cdec630 GCTaskThread "GC Thread#6" [stack: 0x0000001ce5700000,0x0000001ce5800000] [id=26112]
  0x0000020b0cdebfd0 GCTaskThread "GC Thread#7" [stack: 0x0000001ce5800000,0x0000001ce5900000] [id=4480]
  0x0000020b5ac87950 ConcurrentGCThread "G1 Main Marker" [stack: 0x0000001ce2500000,0x0000001ce2600000] [id=7816]
  0x0000020b5ac88540 ConcurrentGCThread "G1 Conc#0" [stack: 0x0000001ce2600000,0x0000001ce2700000] [id=29356]
  0x0000020b013c1330 ConcurrentGCThread "G1 Conc#1" [stack: 0x0000001ce5000000,0x0000001ce5100000] [id=30084]
  0x0000020b013be360 ConcurrentGCThread "G1 Conc#2" [stack: 0x0000001ce5100000,0x0000001ce5200000] [id=25796]
  0x0000020b0d4c0d40 ConcurrentGCThread "G1 Conc#3" [stack: 0x0000001ce5200000,0x0000001ce5300000] [id=30472]
  0x0000020b5acce540 ConcurrentGCThread "G1 Refine#0" [stack: 0x0000001ce2700000,0x0000001ce2800000] [id=3328]
  0x0000020b0070dc70 ConcurrentGCThread "G1 Young RemSet Sampling" [stack: 0x0000001ce2800000,0x0000001ce2900000] [id=29684]

Threads with active compile tasks:

VM state: not at safepoint (normal execution)

VM Mutex/Monitor currently owned by a thread: None

Heap address: 0x0000000705200000, size: 4014 MB, Compressed Oops mode: Zero based, Oop shift amount: 3
CDS archive(s) mapped at: [0x0000000800000000-0x0000000800b50000-0x0000000800b50000), size 11862016, SharedBaseAddress: 0x0000000800000000, ArchiveRelocationMode: 0.
Compressed class space mapped at: 0x0000000800b50000-0x0000000840b50000, size: 1073741824
Narrow klass base: 0x0000000800000000, Narrow klass shift: 3, Narrow klass range: 0x100000000

GC Precious Log:
 CPUs: 20 total, 20 available
 Memory: 16051M
 Large Page Support: Disabled
 NUMA Support: Disabled
 Compressed Oops: Enabled (Zero based)
 Heap Region Size: 2M
 Heap Min Capacity: 8M
 Heap Initial Capacity: 252M
 Heap Max Capacity: 4014M
 Pre-touch: Disabled
 Parallel Workers: 15
 Concurrent Workers: 4
 Concurrent Refinement Workers: 15
 Periodic GC: Disabled

Heap:
 garbage-first heap   total 157696K, used 108684K [0x0000000705200000, 0x0000000800000000)
  region size 2048K, 13 young (26624K), 2 survivors (4096K)
 Metaspace       used 51139K, capacity 51465K, committed 52048K, reserved 1093632K
  class space    used 6782K, capacity 6887K, committed 6992K, reserved 1048576K

Heap Regions: E=young(eden), S=young(survivor), O=old, HS=humongous(starts), HC=humongous(continues), CS=collection set, F=free, OA=open archive, CA=closed archive, TAMS=top-at-mark-start (previous, next)
|   0|0x0000000705200000, 0x0000000705400000, 0x0000000705400000|100%|HS|  |TAMS 0x0000000705400000, 0x0000000705200000| Complete 
|   1|0x0000000705400000, 0x0000000705600000, 0x0000000705600000|100%| O|  |TAMS 0x0000000705600000, 0x0000000705400000| Untracked 
|   2|0x0000000705600000, 0x0000000705800000, 0x0000000705800000|100%| O|  |TAMS 0x0000000705800000, 0x0000000705600000| Untracked 
|   3|0x0000000705800000, 0x0000000705a00000, 0x0000000705a00000|100%| O|  |TAMS 0x0000000705a00000, 0x0000000705800000| Untracked 
|   4|0x0000000705a00000, 0x0000000705c00000, 0x0000000705c00000|100%| O|  |TAMS 0x0000000705c00000, 0x0000000705a00000| Untracked 
|   5|0x0000000705c00000, 0x0000000705e00000, 0x0000000705e00000|100%|HS|  |TAMS 0x0000000705e00000, 0x0000000705c00000| Complete 
|   6|0x0000000705e00000, 0x0000000706000000, 0x0000000706000000|100%|HC|  |TAMS 0x0000000706000000, 0x0000000705e00000| Complete 
|   7|0x0000000706000000, 0x0000000706200000, 0x0000000706200000|100%| O|  |TAMS 0x0000000706200000, 0x0000000706000000| Untracked 
|   8|0x0000000706200000, 0x0000000706400000, 0x0000000706400000|100%| O|  |TAMS 0x0000000706400000, 0x0000000706200000| Untracked 
|   9|0x0000000706400000, 0x0000000706600000, 0x0000000706600000|100%| O|  |TAMS 0x0000000706600000, 0x0000000706400000| Untracked 
|  10|0x0000000706600000, 0x0000000706800000, 0x0000000706800000|100%| O|  |TAMS 0x0000000706800000, 0x0000000706600000| Untracked 
|  11|0x0000000706800000, 0x0000000706a00000, 0x0000000706a00000|100%| O|  |TAMS 0x0000000706a00000, 0x0000000706800000| Untracked 
|  12|0x0000000706a00000, 0x0000000706bda600, 0x0000000706c00000| 92%| O|  |TAMS 0x0000000706bda600, 0x0000000706a00000| Untracked 
|  13|0x0000000706c00000, 0x0000000706e00000, 0x0000000706e00000|100%| O|  |TAMS 0x0000000706e00000, 0x0000000706c00000| Untracked 
|  14|0x0000000706e00000, 0x0000000707000000, 0x0000000707000000|100%| O|  |TAMS 0x0000000707000000, 0x0000000706e00000| Untracked 
|  15|0x0000000707000000, 0x0000000707200000, 0x0000000707200000|100%| O|  |TAMS 0x0000000707200000, 0x0000000707000000| Untracked 
|  16|0x0000000707200000, 0x0000000707400000, 0x0000000707400000|100%| O|  |TAMS 0x0000000707400000, 0x0000000707200000| Untracked 
|  17|0x0000000707400000, 0x0000000707600000, 0x0000000707600000|100%| O|  |TAMS 0x0000000707600000, 0x0000000707400000| Untracked 
|  18|0x0000000707600000, 0x0000000707800000, 0x0000000707800000|100%| O|  |TAMS 0x0000000707800000, 0x0000000707600000| Untracked 
|  19|0x0000000707800000, 0x0000000707a00000, 0x0000000707a00000|100%| O|  |TAMS 0x0000000707a00000, 0x0000000707800000| Untracked 
|  20|0x0000000707a00000, 0x0000000707c00000, 0x0000000707c00000|100%| O|  |TAMS 0x0000000707c00000, 0x0000000707a00000| Untracked 
|  21|0x0000000707c00000, 0x0000000707e00000, 0x0000000707e00000|100%| O|  |TAMS 0x0000000707e00000, 0x0000000707c00000| Untracked 
|  22|0x0000000707e00000, 0x0000000708000000, 0x0000000708000000|100%| O|  |TAMS 0x0000000708000000, 0x0000000707e00000| Untracked 
|  23|0x0000000708000000, 0x0000000708200000, 0x0000000708200000|100%| O|  |TAMS 0x0000000708200000, 0x0000000708000000| Untracked 
|  24|0x0000000708200000, 0x0000000708400000, 0x0000000708400000|100%| O|  |TAMS 0x0000000708400000, 0x0000000708200000| Untracked 
|  25|0x0000000708400000, 0x0000000708600000, 0x0000000708600000|100%| O|  |TAMS 0x0000000708600000, 0x0000000708400000| Untracked 
|  26|0x0000000708600000, 0x0000000708800000, 0x0000000708800000|100%| O|  |TAMS 0x0000000708800000, 0x0000000708600000| Untracked 
|  27|0x0000000708800000, 0x0000000708a00000, 0x0000000708a00000|100%| O|  |TAMS 0x0000000708a00000, 0x0000000708800000| Untracked 
|  28|0x0000000708a00000, 0x0000000708c00000, 0x0000000708c00000|100%| O|  |TAMS 0x0000000708c00000, 0x0000000708a00000| Untracked 
|  29|0x0000000708c00000, 0x0000000708e00000, 0x0000000708e00000|100%| O|  |TAMS 0x0000000708e00000, 0x0000000708c00000| Untracked 
|  30|0x0000000708e00000, 0x0000000709000000, 0x0000000709000000|100%| O|  |TAMS 0x0000000709000000, 0x0000000708e00000| Untracked 
|  31|0x0000000709000000, 0x0000000709200000, 0x0000000709200000|100%| O|  |TAMS 0x0000000709200000, 0x0000000709000000| Untracked 
|  32|0x0000000709200000, 0x0000000709400000, 0x0000000709400000|100%| O|  |TAMS 0x0000000709400000, 0x0000000709200000| Untracked 
|  33|0x0000000709400000, 0x0000000709600000, 0x0000000709600000|100%| O|  |TAMS 0x0000000709600000, 0x0000000709400000| Untracked 
|  34|0x0000000709600000, 0x0000000709800000, 0x0000000709800000|100%|HS|  |TAMS 0x0000000709800000, 0x0000000709600000| Complete 
|  35|0x0000000709800000, 0x0000000709a00000, 0x0000000709a00000|100%|HC|  |TAMS 0x0000000709a00000, 0x0000000709800000| Complete 
|  36|0x0000000709a00000, 0x0000000709c00000, 0x0000000709c00000|100%|HC|  |TAMS 0x0000000709c00000, 0x0000000709a00000| Complete 
|  37|0x0000000709c00000, 0x0000000709e00000, 0x0000000709e00000|100%|HC|  |TAMS 0x0000000709e00000, 0x0000000709c00000| Complete 
|  38|0x0000000709e00000, 0x000000070a000000, 0x000000070a000000|100%|HC|  |TAMS 0x000000070a000000, 0x0000000709e00000| Complete 
|  39|0x000000070a000000, 0x000000070a200000, 0x000000070a200000|100%| O|  |TAMS 0x000000070a0d4c00, 0x000000070a000000| Untracked 
|  40|0x000000070a200000, 0x000000070a400000, 0x000000070a400000|100%| O|  |TAMS 0x000000070a200000, 0x000000070a200000| Untracked 
|  41|0x000000070a400000, 0x000000070a600000, 0x000000070a600000|100%| O|  |TAMS 0x000000070a400000, 0x000000070a400000| Untracked 
|  42|0x000000070a600000, 0x000000070a648c00, 0x000000070a800000| 14%| O|  |TAMS 0x000000070a600000, 0x000000070a600000| Untracked 
|  43|0x000000070a800000, 0x000000070a800000, 0x000000070aa00000|  0%| F|  |TAMS 0x000000070a800000, 0x000000070a800000| Untracked 
|  44|0x000000070aa00000, 0x000000070aa00000, 0x000000070ac00000|  0%| F|  |TAMS 0x000000070aa00000, 0x000000070aa00000| Untracked 
|  45|0x000000070ac00000, 0x000000070ac00000, 0x000000070ae00000|  0%| F|  |TAMS 0x000000070ac00000, 0x000000070ac00000| Untracked 
|  46|0x000000070ae00000, 0x000000070ae00000, 0x000000070b000000|  0%| F|  |TAMS 0x000000070ae00000, 0x000000070ae00000| Untracked 
|  47|0x000000070b000000, 0x000000070b000000, 0x000000070b200000|  0%| F|  |TAMS 0x000000070b000000, 0x000000070b000000| Untracked 
|  48|0x000000070b200000, 0x000000070b200000, 0x000000070b400000|  0%| F|  |TAMS 0x000000070b200000, 0x000000070b200000| Untracked 
|  49|0x000000070b400000, 0x000000070b400000, 0x000000070b600000|  0%| F|  |TAMS 0x000000070b400000, 0x000000070b400000| Untracked 
|  50|0x000000070b600000, 0x000000070b600000, 0x000000070b800000|  0%| F|  |TAMS 0x000000070b600000, 0x000000070b600000| Untracked 
|  51|0x000000070b800000, 0x000000070b800000, 0x000000070ba00000|  0%| F|  |TAMS 0x000000070b800000, 0x000000070b800000| Untracked 
|  52|0x000000070ba00000, 0x000000070ba00000, 0x000000070bc00000|  0%| F|  |TAMS 0x000000070ba00000, 0x000000070ba00000| Untracked 
|  53|0x000000070bc00000, 0x000000070bc00000, 0x000000070be00000|  0%| F|  |TAMS 0x000000070bc00000, 0x000000070bc00000| Untracked 
|  54|0x000000070be00000, 0x000000070be00000, 0x000000070c000000|  0%| F|  |TAMS 0x000000070be00000, 0x000000070be00000| Untracked 
|  55|0x000000070c000000, 0x000000070c200000, 0x000000070c200000|100%| S|CS|TAMS 0x000000070c000000, 0x000000070c000000| Complete 
|  56|0x000000070c200000, 0x000000070c400000, 0x000000070c400000|100%| S|CS|TAMS 0x000000070c200000, 0x000000070c200000| Complete 
|  57|0x000000070c400000, 0x000000070c400000, 0x000000070c600000|  0%| F|  |TAMS 0x000000070c400000, 0x000000070c400000| Untracked 
|  58|0x000000070c600000, 0x000000070c600000, 0x000000070c800000|  0%| F|  |TAMS 0x000000070c600000, 0x000000070c600000| Untracked 
|  59|0x000000070c800000, 0x000000070c800000, 0x000000070ca00000|  0%| F|  |TAMS 0x000000070c800000, 0x000000070c800000| Untracked 
|  60|0x000000070ca00000, 0x000000070ca00000, 0x000000070cc00000|  0%| F|  |TAMS 0x000000070ca00000, 0x000000070ca00000| Untracked 
|  61|0x000000070cc00000, 0x000000070cc00000, 0x000000070ce00000|  0%| F|  |TAMS 0x000000070cc00000, 0x000000070cc00000| Untracked 
|  62|0x000000070ce00000, 0x000000070ce00000, 0x000000070d000000|  0%| F|  |TAMS 0x000000070ce00000, 0x000000070ce00000| Untracked 
|  63|0x000000070d000000, 0x000000070d000000, 0x000000070d200000|  0%| F|  |TAMS 0x000000070d000000, 0x000000070d000000| Untracked 
|  64|0x000000070d200000, 0x000000070d200000, 0x000000070d400000|  0%| F|  |TAMS 0x000000070d200000, 0x000000070d200000| Untracked 
|  65|0x000000070d400000, 0x000000070d400000, 0x000000070d600000|  0%| F|  |TAMS 0x000000070d400000, 0x000000070d400000| Untracked 
|  66|0x000000070d600000, 0x000000070d7f4858, 0x000000070d800000| 97%| E|  |TAMS 0x000000070d600000, 0x000000070d600000| Complete 
|  67|0x000000070d800000, 0x000000070da00000, 0x000000070da00000|100%| E|CS|TAMS 0x000000070d800000, 0x000000070d800000| Complete 
|  68|0x000000070da00000, 0x000000070dc00000, 0x000000070dc00000|100%| E|CS|TAMS 0x000000070da00000, 0x000000070da00000| Complete 
|  69|0x000000070dc00000, 0x000000070de00000, 0x000000070de00000|100%| E|  |TAMS 0x000000070dc00000, 0x000000070dc00000| Complete 
|  70|0x000000070de00000, 0x000000070e000000, 0x000000070e000000|100%| E|CS|TAMS 0x000000070de00000, 0x000000070de00000| Complete 
|  71|0x000000070e000000, 0x000000070e200000, 0x000000070e200000|100%| E|CS|TAMS 0x000000070e000000, 0x000000070e000000| Complete 
|  72|0x000000070e200000, 0x000000070e400000, 0x000000070e400000|100%| E|CS|TAMS 0x000000070e200000, 0x000000070e200000| Complete 
|  73|0x000000070e400000, 0x000000070e600000, 0x000000070e600000|100%| E|CS|TAMS 0x000000070e400000, 0x000000070e400000| Complete 
| 110|0x0000000712e00000, 0x0000000713000000, 0x0000000713000000|100%| E|CS|TAMS 0x0000000712e00000, 0x0000000712e00000| Complete 
| 111|0x0000000713000000, 0x0000000713200000, 0x0000000713200000|100%| E|CS|TAMS 0x0000000713000000, 0x0000000713000000| Complete 
| 125|0x0000000714c00000, 0x0000000714e00000, 0x0000000714e00000|100%| E|CS|TAMS 0x0000000714c00000, 0x0000000714c00000| Complete 

Card table byte_map: [0x0000020b74760000,0x0000020b74f40000] _byte_map_base: 0x0000020b70f37000

Marking Bits (Prev, Next): (CMBitMap*) 0x0000020b5ac77560, (CMBitMap*) 0x0000020b5ac77520
 Prev Bits: [0x0000020b795e0000, 0x0000020b7d498000)
 Next Bits: [0x0000020b75720000, 0x0000020b795d8000)

Polling page: 0x0000020b5a3d0000

Metaspace:

Usage:
  Non-class:     43.53 MB capacity,    43.32 MB (>99%) used,   166.00 KB ( <1%) free+waste,    55.00 KB ( <1%) overhead. 
      Class:      6.73 MB capacity,     6.62 MB ( 98%) used,    84.52 KB (  1%) free+waste,    20.19 KB ( <1%) overhead. 
       Both:     50.26 MB capacity,    49.94 MB (>99%) used,   250.52 KB ( <1%) free+waste,    75.19 KB ( <1%) overhead. 

Virtual space:
  Non-class space:       44.00 MB reserved,      44.00 MB (100%) committed 
      Class space:        1.00 GB reserved,       6.83 MB ( <1%) committed 
             Both:        1.04 GB reserved,      50.83 MB (  5%) committed 

Chunk freelists:
   Non-Class:  478.00 KB
       Class:  25.00 KB
        Both:  503.00 KB

MaxMetaspaceSize: 17179869184.00 GB
CompressedClassSpaceSize: 1.00 GB

CodeHeap 'non-profiled nmethods': size=119168Kb used=4139Kb max_used=4139Kb free=115028Kb
 bounds [0x0000020b6c060000, 0x0000020b6c470000, 0x0000020b734c0000]
CodeHeap 'profiled nmethods': size=119104Kb used=12511Kb max_used=12511Kb free=106592Kb
 bounds [0x0000020b64c10000, 0x0000020b65850000, 0x0000020b6c060000]
CodeHeap 'non-nmethods': size=7488Kb used=1543Kb max_used=3266Kb free=5944Kb
 bounds [0x0000020b644c0000, 0x0000020b64800000, 0x0000020b64c10000]
 total_blobs=6767 nmethods=5868 adapters=807
 compilation: enabled
              stopped_count=0, restarted_count=0
 full_count=0

Compilation events (20 events):
Event: 20.807 Thread 0x0000020b00839620 nmethod 6727 0x0000020b65374510 code [0x0000020b653746a0, 0x0000020b65374798]
Event: 20.809 Thread 0x0000020b00839620 6729       3       sun.awt.image.ImageRepresentation::drawToBufImage (159 bytes)
Event: 20.810 Thread 0x0000020b00839620 nmethod 6729 0x0000020b65845010 code [0x0000020b65845240, 0x0000020b65845dd8]
Event: 20.813 Thread 0x0000020b008382e0 nmethod 6725 0x0000020b6c469d10 code [0x0000020b6c469ec0, 0x0000020b6c46a738]
Event: 20.815 Thread 0x0000020b00839620 6730   !   3       java.util.concurrent.ConcurrentHashMap::initTable (112 bytes)
Event: 20.815 Thread 0x0000020b00839620 nmethod 6730 0x0000020b65846090 code [0x0000020b65846260, 0x0000020b658467e8]
Event: 20.836 Thread 0x0000020b00839620 6731       3       sun.awt.util.IdentityArrayList::remove (35 bytes)
Event: 20.837 Thread 0x0000020b00839620 nmethod 6731 0x0000020b65846990 code [0x0000020b65846b40, 0x0000020b65846da8]
Event: 20.911 Thread 0x0000020b00839620 6732       3       java.lang.Boolean::parseBoolean (7 bytes)
Event: 20.911 Thread 0x0000020b00839620 nmethod 6732 0x0000020b65846f10 code [0x0000020b658470c0, 0x0000020b658471e8]
Event: 20.912 Thread 0x0000020b00839620 6733       3       java.lang.ClassLoader::findNative (21 bytes)
Event: 20.912 Thread 0x0000020b00839620 nmethod 6733 0x0000020b65847290 code [0x0000020b65847440, 0x0000020b65847638]
Event: 20.912 Thread 0x0000020b00839620 6734       3       jdk.internal.loader.NativeLibraries::find (72 bytes)
Event: 20.913 Thread 0x0000020b00839620 nmethod 6734 0x0000020b65847790 code [0x0000020b658479c0, 0x0000020b65848238]
Event: 20.954 Thread 0x0000020b008382e0 6735       4       java.util.ImmutableCollections$ListN::size (6 bytes)
Event: 20.954 Thread 0x0000020b008382e0 nmethod 6735 0x0000020b6c46ab10 code [0x0000020b6c46ac80, 0x0000020b6c46acf8]
Event: 20.960 Thread 0x0000020b00839620 6736       3       java.util.regex.Pattern$Node::<init> (12 bytes)
Event: 20.960 Thread 0x0000020b00839620 nmethod 6736 0x0000020b65848490 code [0x0000020b65848640, 0x0000020b65848818]
Event: 20.980 Thread 0x0000020b00839620 6737   !   3       java.nio.CharBuffer::wrap (21 bytes)
Event: 20.981 Thread 0x0000020b00839620 nmethod 6737 0x0000020b65848910 code [0x0000020b65848ac0, 0x0000020b65848d58]

GC Heap History (20 events):
Event: 3.634 GC heap before
{Heap before GC invocations=4 (full 0):
 garbage-first heap   total 110592K, used 89961K [0x0000000705200000, 0x0000000800000000)
  region size 2048K, 32 young (65536K), 2 survivors (4096K)
 Metaspace       used 32005K, capacity 32258K, committed 32764K, reserved 1079296K
  class space    used 3592K, capacity 3695K, committed 3836K, reserved 1048576K
}
Event: 3.640 GC heap after
{Heap after GC invocations=5 (full 0):
 garbage-first heap   total 110592K, used 37439K [0x0000000705200000, 0x0000000800000000)
  region size 2048K, 4 young (8192K), 4 survivors (8192K)
 Metaspace       used 32005K, capacity 32258K, committed 32764K, reserved 1079296K
  class space    used 3592K, capacity 3695K, committed 3836K, reserved 1048576K
}
Event: 6.098 GC heap before
{Heap before GC invocations=5 (full 0):
 garbage-first heap   total 110592K, used 68159K [0x0000000705200000, 0x0000000800000000)
  region size 2048K, 19 young (38912K), 4 survivors (8192K)
 Metaspace       used 34877K, capacity 35099K, committed 35708K, reserved 1081344K
  class space    used 4001K, capacity 4083K, committed 4220K, reserved 1048576K
}
Event: 6.105 GC heap after
{Heap after GC invocations=6 (full 0):
 garbage-first heap   total 110592K, used 43757K [0x0000000705200000, 0x0000000800000000)
  region size 2048K, 3 young (6144K), 3 survivors (6144K)
 Metaspace       used 34877K, capacity 35099K, committed 35708K, reserved 1081344K
  class space    used 4001K, capacity 4083K, committed 4220K, reserved 1048576K
}
Event: 6.282 GC heap before
{Heap before GC invocations=6 (full 0):
 garbage-first heap   total 110592K, used 45805K [0x0000000705200000, 0x0000000800000000)
  region size 2048K, 5 young (10240K), 3 survivors (6144K)
 Metaspace       used 35453K, capacity 35675K, committed 36048K, reserved 1081344K
  class space    used 4104K, capacity 4211K, committed 4304K, reserved 1048576K
}
Event: 6.286 GC heap after
{Heap after GC invocations=7 (full 0):
 garbage-first heap   total 110592K, used 45868K [0x0000000705200000, 0x0000000800000000)
  region size 2048K, 1 young (2048K), 1 survivors (2048K)
 Metaspace       used 35453K, capacity 35675K, committed 36048K, reserved 1081344K
  class space    used 4104K, capacity 4211K, committed 4304K, reserved 1048576K
}
Event: 7.555 GC heap before
{Heap before GC invocations=8 (full 0):
 garbage-first heap   total 110592K, used 72492K [0x0000000705200000, 0x0000000800000000)
  region size 2048K, 15 young (30720K), 1 survivors (2048K)
 Metaspace       used 38907K, capacity 39145K, committed 39888K, reserved 1085440K
  class space    used 4697K, capacity 4789K, committed 4816K, reserved 1048576K
}
Event: 7.559 GC heap after
{Heap after GC invocations=9 (full 0):
 garbage-first heap   total 110592K, used 51428K [0x0000000705200000, 0x0000000800000000)
  region size 2048K, 2 young (4096K), 2 survivors (4096K)
 Metaspace       used 38907K, capacity 39145K, committed 39888K, reserved 1085440K
  class space    used 4697K, capacity 4789K, committed 4816K, reserved 1048576K
}
Event: 9.536 GC heap before
{Heap before GC invocations=9 (full 0):
 garbage-first heap   total 110592K, used 76004K [0x0000000705200000, 0x0000000800000000)
  region size 2048K, 14 young (28672K), 2 survivors (4096K)
 Metaspace       used 41365K, capacity 41643K, committed 42320K, reserved 1085440K
  class space    used 5282K, capacity 5365K, committed 5456K, reserved 1048576K
}
Event: 9.543 GC heap after
{Heap after GC invocations=10 (full 0):
 garbage-first heap   total 110592K, used 56542K [0x0000000705200000, 0x0000000800000000)
  region size 2048K, 2 young (4096K), 2 survivors (4096K)
 Metaspace       used 41365K, capacity 41643K, committed 42320K, reserved 1085440K
  class space    used 5282K, capacity 5365K, committed 5456K, reserved 1048576K
}
Event: 12.013 GC heap before
{Heap before GC invocations=10 (full 0):
 garbage-first heap   total 110592K, used 77022K [0x0000000705200000, 0x0000000800000000)
  region size 2048K, 13 young (26624K), 2 survivors (4096K)
 Metaspace       used 46190K, capacity 46521K, committed 47312K, reserved 1091584K
  class space    used 5888K, capacity 5987K, committed 6096K, reserved 1048576K
}
Event: 12.018 GC heap after
{Heap after GC invocations=11 (full 0):
 garbage-first heap   total 110592K, used 61783K [0x0000000705200000, 0x0000000800000000)
  region size 2048K, 2 young (4096K), 2 survivors (4096K)
 Metaspace       used 46190K, capacity 46521K, committed 47312K, reserved 1091584K
  class space    used 5888K, capacity 5987K, committed 6096K, reserved 1048576K
}
Event: 12.292 GC heap before
{Heap before GC invocations=12 (full 0):
 garbage-first heap   total 110592K, used 78167K [0x0000000705200000, 0x0000000800000000)
  region size 2048K, 11 young (22528K), 2 survivors (4096K)
 Metaspace       used 46936K, capacity 47289K, committed 47952K, reserved 1091584K
  class space    used 6072K, capacity 6179K, committed 6224K, reserved 1048576K
}
Event: 12.295 GC heap after
{Heap after GC invocations=13 (full 0):
 garbage-first heap   total 110592K, used 68143K [0x0000000705200000, 0x0000000800000000)
  region size 2048K, 2 young (4096K), 2 survivors (4096K)
 Metaspace       used 46936K, capacity 47289K, committed 47952K, reserved 1091584K
  class space    used 6072K, capacity 6179K, committed 6224K, reserved 1048576K
}
Event: 12.373 GC heap before
{Heap before GC invocations=13 (full 0):
 garbage-first heap   total 110592K, used 72239K [0x0000000705200000, 0x0000000800000000)
  region size 2048K, 5 young (10240K), 2 survivors (4096K)
 Metaspace       used 47101K, capacity 47481K, committed 48080K, reserved 1091584K
  class space    used 6120K, capacity 6243K, committed 6352K, reserved 1048576K
}
Event: 12.377 GC heap after
{Heap after GC invocations=14 (full 0):
 garbage-first heap   total 110592K, used 70374K [0x0000000705200000, 0x0000000800000000)
  region size 2048K, 1 young (2048K), 1 survivors (2048K)
 Metaspace       used 47101K, capacity 47481K, committed 48080K, reserved 1091584K
  class space    used 6120K, capacity 6243K, committed 6352K, reserved 1048576K
}
Event: 12.493 GC heap before
{Heap before GC invocations=15 (full 0):
 garbage-first heap   total 147456K, used 92902K [0x0000000705200000, 0x0000000800000000)
  region size 2048K, 8 young (16384K), 1 survivors (2048K)
 Metaspace       used 47302K, capacity 47641K, committed 48336K, reserved 1091584K
  class space    used 6172K, capacity 6275K, committed 6352K, reserved 1048576K
}
Event: 12.497 GC heap after
{Heap after GC invocations=16 (full 0):
 garbage-first heap   total 147456K, used 81992K [0x0000000705200000, 0x0000000800000000)
  region size 2048K, 1 young (2048K), 1 survivors (2048K)
 Metaspace       used 47302K, capacity 47641K, committed 48336K, reserved 1091584K
  class space    used 6172K, capacity 6275K, committed 6352K, reserved 1048576K
}
Event: 12.769 GC heap before
{Heap before GC invocations=16 (full 0):
 garbage-first heap   total 147456K, used 110664K [0x0000000705200000, 0x0000000800000000)
  region size 2048K, 15 young (30720K), 1 survivors (2048K)
 Metaspace       used 47974K, capacity 48282K, committed 49104K, reserved 1091584K
  class space    used 6363K, capacity 6467K, committed 6608K, reserved 1048576K
}
Event: 12.772 GC heap after
{Heap after GC invocations=17 (full 0):
 garbage-first heap   total 147456K, used 90252K [0x0000000705200000, 0x0000000800000000)
  region size 2048K, 2 young (4096K), 2 survivors (4096K)
 Metaspace       used 47974K, capacity 48282K, committed 49104K, reserved 1091584K
  class space    used 6363K, capacity 6467K, committed 6608K, reserved 1048576K
}

Deoptimization events (20 events):
Event: 20.893 Thread 0x0000020b0224bbe0 Uncommon trap: trap_request=0xffffff45 fr.pc=0x0000020b6c459e00 relative=0x0000000000000760
Event: 20.893 Thread 0x0000020b0224bbe0 Uncommon trap: reason=unstable_if action=reinterpret pc=0x0000020b6c459e00 method=java.awt.Container.isParentOf(Ljava/awt/Component;)Z @ 13 c2
Event: 20.893 Thread 0x0000020b0224bbe0 DEOPT PACKING pc=0x0000020b6c459e00 sp=0x0000001ce40fdf40
Event: 20.893 Thread 0x0000020b0224bbe0 DEOPT UNPACKING pc=0x0000020b6450e42f sp=0x0000001ce40fddf0 mode 2
Event: 20.893 Thread 0x0000020b0224bbe0 Uncommon trap: trap_request=0xffffff45 fr.pc=0x0000020b6c459e00 relative=0x0000000000000760
Event: 20.893 Thread 0x0000020b0224bbe0 Uncommon trap: reason=unstable_if action=reinterpret pc=0x0000020b6c459e00 method=java.awt.Container.isParentOf(Ljava/awt/Component;)Z @ 13 c2
Event: 20.893 Thread 0x0000020b0224bbe0 DEOPT PACKING pc=0x0000020b6c459e00 sp=0x0000001ce40fe030
Event: 20.893 Thread 0x0000020b0224bbe0 DEOPT UNPACKING pc=0x0000020b6450e42f sp=0x0000001ce40fdee0 mode 2
Event: 20.893 Thread 0x0000020b0224bbe0 Uncommon trap: trap_request=0xffffff45 fr.pc=0x0000020b6c459e00 relative=0x0000000000000760
Event: 20.893 Thread 0x0000020b0224bbe0 Uncommon trap: reason=unstable_if action=reinterpret pc=0x0000020b6c459e00 method=java.awt.Container.isParentOf(Ljava/awt/Component;)Z @ 13 c2
Event: 20.893 Thread 0x0000020b0224bbe0 DEOPT PACKING pc=0x0000020b6c459e00 sp=0x0000001ce40fe190
Event: 20.893 Thread 0x0000020b0224bbe0 DEOPT UNPACKING pc=0x0000020b6450e42f sp=0x0000001ce40fe048 mode 2
Event: 20.960 Thread 0x0000020b07a54b70 Uncommon trap: trap_request=0xffffff45 fr.pc=0x0000020b6c127a48 relative=0x0000000000000228
Event: 20.960 Thread 0x0000020b07a54b70 Uncommon trap: reason=unstable_if action=reinterpret pc=0x0000020b6c127a48 method=java.util.regex.Matcher.reset()Ljava/util/regex/Matcher; @ 71 c2
Event: 20.960 Thread 0x0000020b07a54b70 DEOPT PACKING pc=0x0000020b6c127a48 sp=0x0000001ce4bfd710
Event: 20.960 Thread 0x0000020b07a54b70 DEOPT UNPACKING pc=0x0000020b6450e42f sp=0x0000001ce4bfd698 mode 2
Event: 20.960 Thread 0x0000020b07a54b70 Uncommon trap: trap_request=0xffffff45 fr.pc=0x0000020b6c4180bc relative=0x000000000000007c
Event: 20.960 Thread 0x0000020b07a54b70 Uncommon trap: reason=unstable_if action=reinterpret pc=0x0000020b6c4180bc method=java.lang.StrictMath.floorOrCeil(DDDD)D @ 14 c2
Event: 20.960 Thread 0x0000020b07a54b70 DEOPT PACKING pc=0x0000020b6c4180bc sp=0x0000001ce4bfdb00
Event: 20.960 Thread 0x0000020b07a54b70 DEOPT UNPACKING pc=0x0000020b6450e42f sp=0x0000001ce4bfda38 mode 2

Classes unloaded (0 events):
No events

Classes redefined (0 events):
No events

Internal exceptions (20 events):
Event: 11.552 Thread 0x0000020b07a54b70 Implicit null exception at 0x0000020b6c17016f to 0x0000020b6c1708f0
Event: 11.787 Thread 0x0000020b0224bbe0 Exception <a 'java/lang/NoSuchMethodError'{0x000000070b28d5e8}: 'java.lang.Object java.lang.invoke.DirectMethodHandle$Holder.invokeStaticInit(java.lang.Object, java.lang.Object, java.lang.Object, java.lang.Object)'> (0x000000070b28d5e8) 
thrown [./src/hotspot/share/interpreter/linkResolver.cpp, line 782]
Event: 12.089 Thread 0x0000020b01fefdf0 Implicit null exception at 0x0000020b6c0be8c8 to 0x0000020b6c0bfc4c
Event: 12.104 Thread 0x0000020b01fefdf0 Implicit null exception at 0x0000020b6c23f91d to 0x0000020b6c242240
Event: 12.269 Thread 0x0000020b01fefdf0 Implicit null exception at 0x0000020b6c2d508a to 0x0000020b6c2d5dfc
Event: 12.436 Thread 0x0000020b0224bbe0 Implicit null exception at 0x0000020b6c12ed05 to 0x0000020b6c12f010
Event: 13.117 Thread 0x0000020b0224bbe0 Implicit null exception at 0x0000020b6c3f0d6a to 0x0000020b6c3f1d4e
Event: 13.117 Thread 0x0000020b0224bbe0 Implicit null exception at 0x0000020b6c1059f2 to 0x0000020b6c10675c
Event: 13.118 Thread 0x0000020b0224bbe0 Implicit null exception at 0x0000020b6c23a7cb to 0x0000020b6c23dc3f
Event: 14.370 Thread 0x0000020b0224bbe0 Implicit null exception at 0x0000020b6c41ac5d to 0x0000020b6c41b613
Event: 14.370 Thread 0x0000020b0224bbe0 Implicit null exception at 0x0000020b6c223722 to 0x0000020b6c224c74
Event: 14.374 Thread 0x0000020b0224bbe0 Implicit null exception at 0x0000020b6c3586d1 to 0x0000020b6c358c48
Event: 14.398 Thread 0x0000020b0224bbe0 Implicit null exception at 0x0000020b6c43f3ea to 0x0000020b6c43fef4
Event: 14.432 Thread 0x0000020b0224bbe0 Exception <a 'java/lang/NoSuchMethodError'{0x000000070d62f6f0}: 'int java.lang.invoke.DirectMethodHandle$Holder.invokeStatic(java.lang.Object)'> (0x000000070d62f6f0) 
thrown [./src/hotspot/share/interpreter/linkResolver.cpp, line 782]
Event: 20.785 Thread 0x0000020b07a54b70 Exception <a 'java/lang/NullPointerException'{0x000000070d6aed58}> (0x000000070d6aed58) 
thrown [./src/hotspot/share/interpreter/linkResolver.cpp, line 1374]
Event: 20.791 Thread 0x0000020b07a54b70 Exception <a 'java/lang/NoSuchMethodError'{0x000000070d6cabe8}: 'void java.lang.invoke.DirectMethodHandle$Holder.invokeSpecial(java.lang.Object, java.lang.Object, java.lang.Object, java.lang.Object, java.lang.Object)'> (0x000000070d6cabe8) 
thrown [./src/hotspot/share/interpreter/linkResolver.cpp, line 782]
Event: 20.809 Thread 0x0000020b07a54b70 Exception <a 'java/lang/NoSuchMethodError'{0x000000070d700b18}: 'int java.lang.invoke.DirectMethodHandle$Holder.invokeSpecial(java.lang.Object, java.lang.Object, java.lang.Object, java.lang.Object)'> (0x000000070d700b18) 
thrown [./src/hotspot/share/interpreter/linkResolver.cpp, line 782]
Event: 20.980 Thread 0x0000020b07a54b70 Exception <a 'java/lang/NullPointerException'{0x000000070d7dea28}> (0x000000070d7dea28) 
thrown [./src/hotspot/share/interpreter/linkResolver.cpp, line 1374]
Event: 20.980 Thread 0x0000020b07a54b70 Exception <a 'java/lang/NullPointerException'{0x000000070d7e3be0}> (0x000000070d7e3be0) 
thrown [./src/hotspot/share/interpreter/linkResolver.cpp, line 1374]
Event: 20.981 Thread 0x0000020b07a54b70 Exception <a 'java/lang/NullPointerException'{0x000000070d7e8ae0}> (0x000000070d7e8ae0) 
thrown [./src/hotspot/share/interpreter/linkResolver.cpp, line 1374]

Events (20 events):
Event: 20.827 loading class javax/swing/Popup$HeavyWeightWindow done
Event: 20.836 loading class java/awt/KeyboardFocusManager$2
Event: 20.836 loading class java/awt/KeyboardFocusManager$2 done
Event: 20.840 loading class sun/awt/SunToolkit$1
Event: 20.840 loading class sun/awt/SunToolkit$1 done
Event: 20.893 Thread 0x0000020b01aac740 Thread added: 0x0000020b01aac740
Event: 20.894 Thread 0x0000020b01aabda0 Thread added: 0x0000020b01aabda0
Event: 20.894 Thread 0x0000020b01aafc30 Thread added: 0x0000020b01aafc30
Event: 20.894 Thread 0x0000020b01aac270 Thread added: 0x0000020b01aac270
Event: 20.910 Loaded shared library D:\Program Files\BellSoft\LibericaJDK-15-Full\bin\jfxwebkit.dll
Event: 20.911 Thread 0x0000020b01aafc30 Thread exited: 0x0000020b01aafc30
Event: 20.911 Thread 0x0000020b01aabda0 Thread exited: 0x0000020b01aabda0
Event: 20.912 Thread 0x0000020b01aac270 Thread exited: 0x0000020b01aac270
Event: 20.916 Thread 0x0000020b0224c0b0 Thread exited: 0x0000020b0224c0b0
Event: 20.946 Thread 0x0000020b07a53d00 Thread exited: 0x0000020b07a53d00
Event: 20.959 loading class java/lang/Runtime$VersionPattern
Event: 20.959 loading class java/lang/Runtime$VersionPattern done
Event: 20.971 Thread 0x0000020b07a52020 Thread exited: 0x0000020b07a52020
Event: 20.980 loading class java/lang/Throwable$WrappedPrintStream
Event: 20.980 loading class java/lang/Throwable$WrappedPrintStream done


Dynamic libraries:
0x00007ff604b00000 - 0x00007ff604b0d000 	D:\Program Files\BellSoft\LibericaJDK-15-Full\bin\java.exe
0x00007ff8adc30000 - 0x00007ff8ade47000 	C:\Windows\SYSTEM32\ntdll.dll
0x00007ff8ac160000 - 0x00007ff8ac224000 	C:\Windows\System32\KERNEL32.DLL
0x00007ff8ab5b0000 - 0x00007ff8ab95d000 	C:\Windows\System32\KERNELBASE.dll
0x00007ff8ab2e0000 - 0x00007ff8ab3f1000 	C:\Windows\System32\ucrtbase.dll
0x00007ff8a22c0000 - 0x00007ff8a22d8000 	D:\Program Files\BellSoft\LibericaJDK-15-Full\bin\jli.dll
0x00007ff8abc70000 - 0x00007ff8abe1e000 	C:\Windows\System32\USER32.dll
0x00007ff8ab0a0000 - 0x00007ff8ab0c6000 	C:\Windows\System32\win32u.dll
0x00007ff8971e0000 - 0x00007ff897473000 	C:\Windows\WinSxS\amd64_microsoft.windows.common-controls_6595b64144ccf1df_6.0.22621.3672_none_2713b9d173822955\COMCTL32.dll
0x00007ff8adbc0000 - 0x00007ff8adbe9000 	C:\Windows\System32\GDI32.dll
0x00007ff8abea0000 - 0x00007ff8abf47000 	C:\Windows\System32\msvcrt.dll
0x00007ff8aaf50000 - 0x00007ff8ab069000 	C:\Windows\System32\gdi32full.dll
0x00007ff8ab0d0000 - 0x00007ff8ab16a000 	C:\Windows\System32\msvcp_win.dll
0x00007ff89e090000 - 0x00007ff89e0a5000 	D:\Program Files\BellSoft\LibericaJDK-15-Full\bin\VCRUNTIME140.dll
0x00007ff8acef0000 - 0x00007ff8acf21000 	C:\Windows\System32\IMM32.DLL
0x00007ff879e10000 - 0x00007ff879eab000 	D:\Program Files\BellSoft\LibericaJDK-15-Full\bin\msvcp140.dll
0x00007ff80fc70000 - 0x00007ff810800000 	D:\Program Files\BellSoft\LibericaJDK-15-Full\bin\server\jvm.dll
0x00007ff8aca30000 - 0x00007ff8acae2000 	C:\Windows\System32\ADVAPI32.dll
0x00007ff8ab990000 - 0x00007ff8aba39000 	C:\Windows\System32\sechost.dll
0x00007ff8ab070000 - 0x00007ff8ab098000 	C:\Windows\System32\bcrypt.dll
0x00007ff8abf50000 - 0x00007ff8ac064000 	C:\Windows\System32\RPCRT4.dll
0x00007ff8ac710000 - 0x00007ff8ac718000 	C:\Windows\System32\PSAPI.DLL
0x00007ff89fe60000 - 0x00007ff89fe6a000 	C:\Windows\SYSTEM32\VERSION.dll
0x00007ff8a1990000 - 0x00007ff8a19c4000 	C:\Windows\SYSTEM32\WINMM.dll
0x00007ff8a3c80000 - 0x00007ff8a3c89000 	C:\Windows\SYSTEM32\WSOCK32.dll
0x00007ff8abe20000 - 0x00007ff8abe91000 	C:\Windows\System32\WS2_32.dll
0x00007ff8aa090000 - 0x00007ff8aa0a8000 	C:\Windows\SYSTEM32\kernel.appcore.dll
0x00007ff8a3c40000 - 0x00007ff8a3c4a000 	D:\Program Files\BellSoft\LibericaJDK-15-Full\bin\jimage.dll
0x00007ff8a83b0000 - 0x00007ff8a85e2000 	C:\Windows\SYSTEM32\DBGHELP.DLL
0x00007ff8acb00000 - 0x00007ff8ace8e000 	C:\Windows\System32\combase.dll
0x00007ff8acfb0000 - 0x00007ff8ad087000 	C:\Windows\System32\OLEAUT32.dll
0x00007ff89f780000 - 0x00007ff89f7b2000 	C:\Windows\SYSTEM32\dbgcore.DLL
0x00007ff8ab400000 - 0x00007ff8ab47b000 	C:\Windows\System32\bcryptPrimitives.dll
0x00007ff896b00000 - 0x00007ff896b25000 	D:\Program Files\BellSoft\LibericaJDK-15-Full\bin\java.dll
0x00007ff8ad250000 - 0x00007ff8adab7000 	C:\Windows\System32\SHELL32.dll
0x00007ff8a8ea0000 - 0x00007ff8a979f000 	C:\Windows\SYSTEM32\windows.storage.dll
0x00007ff8a8d60000 - 0x00007ff8a8e9f000 	C:\Windows\SYSTEM32\wintypes.dll
0x00007ff8adac0000 - 0x00007ff8adbb9000 	C:\Windows\System32\SHCORE.dll
0x00007ff8ace90000 - 0x00007ff8aceee000 	C:\Windows\System32\shlwapi.dll
0x00007ff8aae80000 - 0x00007ff8aaea7000 	C:\Windows\SYSTEM32\profapi.dll
0x00007ff895ec0000 - 0x00007ff895ed9000 	D:\Program Files\BellSoft\LibericaJDK-15-Full\bin\net.dll
0x00007ff8a4ea0000 - 0x00007ff8a4fd6000 	C:\Windows\SYSTEM32\WINHTTP.dll
0x00007ff8aa500000 - 0x00007ff8aa569000 	C:\Windows\system32\mswsock.dll
0x00007ff895dd0000 - 0x00007ff895de2000 	D:\Program Files\BellSoft\LibericaJDK-15-Full\bin\nio.dll
0x00007ff895cc0000 - 0x00007ff895cd8000 	D:\Program Files\BellSoft\LibericaJDK-15-Full\bin\zip.dll
0x00007ff864ba0000 - 0x00007ff864d39000 	D:\Program Files\BellSoft\LibericaJDK-15-Full\bin\awt.dll
0x00007ff8a4920000 - 0x00007ff8a49b7000 	C:\Windows\SYSTEM32\apphelp.dll
0x00007ff8a5620000 - 0x00007ff8a56d1000 	C:\Windows\system32\uxtheme.dll
0x00007ff8ac7d0000 - 0x00007ff8ac92e000 	C:\Windows\System32\MSCTF.dll
0x00007ff8aba40000 - 0x00007ff8abbe5000 	C:\Windows\System32\ole32.dll
0x00007ff865250000 - 0x00007ff865268000 	C:\Program Files (x86)\Smadav\SmadHook64c.dll
0x00007ff8ab540000 - 0x00007ff8ab5ab000 	C:\Windows\System32\WINTRUST.dll
0x00007ff8ab170000 - 0x00007ff8ab2d6000 	C:\Windows\System32\CRYPT32.dll
0x00007ff8aa7b0000 - 0x00007ff8aa7c2000 	C:\Windows\System32\MSASN1.dll
0x00007ff8a58b0000 - 0x00007ff8a58db000 	C:\Windows\system32\DWMAPI.DLL
0x00007ff896bd0000 - 0x00007ff896c83000 	C:\Windows\WinSxS\amd64_microsoft.windows.common-controls_6595b64144ccf1df_5.82.22621.3527_none_b43b7f4b638cc64f\comctl32.dll
0x00007ff8716c0000 - 0x00007ff871742000 	D:\Program Files\BellSoft\LibericaJDK-15-Full\bin\freetype.dll
0x00007ff863d20000 - 0x00007ff863dc6000 	D:\Program Files\BellSoft\LibericaJDK-15-Full\bin\fontmanager.dll
0x00007ff877c40000 - 0x00007ff877d40000 	C:\Windows\system32\opengl32.dll
0x00007ff895c90000 - 0x00007ff895cbd000 	C:\Windows\SYSTEM32\GLU32.dll
0x00007ff8a82b0000 - 0x00007ff8a82e7000 	C:\Windows\SYSTEM32\dxcore.dll
0x00007ff886980000 - 0x00007ff886b28000 	C:\Windows\system32\d3d9.dll
0x00007ff89fd00000 - 0x00007ff89fd32000 	C:\Windows\SYSTEM32\cryptnet.dll
0x00007ff8aa750000 - 0x00007ff8aa75c000 	C:\Windows\SYSTEM32\cryptbase.dll
0x00007ff8aa820000 - 0x00007ff8aa869000 	C:\Windows\SYSTEM32\wldp.dll
0x00007ff89fb90000 - 0x00007ff89fcf2000 	C:\Windows\SYSTEM32\drvstore.dll
0x00007ff8aac20000 - 0x00007ff8aac4c000 	C:\Windows\SYSTEM32\devobj.dll
0x00007ff8aac50000 - 0x00007ff8aac9e000 	C:\Windows\SYSTEM32\cfgmgr32.dll
0x00007ff8abc50000 - 0x00007ff8abc6f000 	C:\Windows\System32\imagehlp.dll
0x00007ff8aa760000 - 0x00007ff8aa77b000 	C:\Windows\System32\CRYPTSP.dll
0x00007ff8a9ff0000 - 0x00007ff8aa025000 	C:\Windows\system32\rsaenh.dll
0x00007ff8a1300000 - 0x00007ff8a1349000 	C:\Windows\SYSTEM32\directxdatabasehelper.dll
0x00007ff8ac290000 - 0x00007ff8ac704000 	C:\Windows\System32\SETUPAPI.dll
0x00007ff8aa5f0000 - 0x00007ff8aa618000 	C:\Windows\SYSTEM32\USERENV.dll
0x00007ff89f3c0000 - 0x00007ff89f64a000 	C:\Windows\SYSTEM32\twinapi.appcore.dll
0x00007ff8ac720000 - 0x00007ff8ac7d0000 	C:\Windows\System32\clbcatq.dll
0x00007ff8a44b0000 - 0x00007ff8a45b0000 	C:\Windows\SYSTEM32\PROPSYS.dll
0x00007ff826d30000 - 0x00007ff826d4a000 	C:\Windows\system32\NetworkExplorer.dll
0x00007ff89f7c0000 - 0x00007ff89f8f9000 	C:\Windows\System32\Windows.System.Launcher.dll
0x00007ff8a2810000 - 0x00007ff8a28a3000 	C:\Windows\System32\msvcp110_win.dll
0x00007ff8a1290000 - 0x00007ff8a12aa000 	C:\Windows\SYSTEM32\windows.staterepositorycore.dll
0x00007ff8838f0000 - 0x00007ff88390e000 	C:\Windows\SYSTEM32\MPR.dll
0x00007ff826d00000 - 0x00007ff826d2b000 	C:\Windows\System32\p9np.dll
0x00007ff827a70000 - 0x00007ff827a7c000 	C:\Windows\System32\drprov.dll
0x00007ff826cd0000 - 0x00007ff826cf2000 	C:\Windows\System32\ntlanman.dll
0x00007ff826cb0000 - 0x00007ff826ccf000 	C:\Windows\System32\davclnt.dll
0x00007ff8a9b20000 - 0x00007ff8a9b86000 	C:\Windows\System32\WINSTA.dll
0x00007ff8a4ca0000 - 0x00007ff8a4cba000 	C:\Windows\System32\wkscli.dll
0x00007ff889610000 - 0x00007ff889622000 	C:\Windows\SYSTEM32\cscapi.dll
0x00007ff8a9b90000 - 0x00007ff8a9b9c000 	C:\Windows\System32\netutils.dll
0x00007ff826c50000 - 0x00007ff826ca6000 	C:\Windows\System32\dlnashext.dll
0x00007ff84dc60000 - 0x00007ff84dcc9000 	C:\Windows\System32\PlayToDevice.dll
0x00007ff875710000 - 0x00007ff875731000 	C:\Windows\System32\DevDispItemProvider.dll
0x00007ff89b8d0000 - 0x00007ff89b96e000 	C:\Windows\System32\MMDevApi.dll
0x00007ff861ad0000 - 0x00007ff861b79000 	C:\Windows\system32\wpdshext.dll
0x00007ff897480000 - 0x00007ff897639000 	C:\Windows\WinSxS\amd64_microsoft.windows.gdiplus_6595b64144ccf1df_1.1.22621.3810_none_57f8d842ce19d879\gdiplus.dll
0x00007ff8a19d0000 - 0x00007ff8a1a6e000 	C:\Windows\System32\PortableDeviceApi.dll
0x00007ff887960000 - 0x00007ff887984000 	C:\Windows\System32\EhStorAPI.dll
0x00007ff8a9e50000 - 0x00007ff8a9e64000 	C:\Windows\System32\WTSAPI32.dll
0x00007ff8714b0000 - 0x00007ff8714bd000 	C:\Windows\SYSTEM32\LINKINFO.dll
0x00007ff8a1840000 - 0x00007ff8a1850000 	D:\Program Files\BellSoft\LibericaJDK-15-Full\bin\verify.dll
0x00007ff89e160000 - 0x00007ff89e16e000 	D:\Program Files\BellSoft\LibericaJDK-15-Full\bin\sunmscapi.dll
0x00007ff8aa910000 - 0x00007ff8aa93e000 	C:\Windows\SYSTEM32\ncrypt.dll
0x00007ff8aa8d0000 - 0x00007ff8aa907000 	C:\Windows\SYSTEM32\NTASN1.dll
0x00007ff8a9a20000 - 0x00007ff8a9b18000 	C:\Windows\SYSTEM32\DNSAPI.dll
0x00007ff8a99f0000 - 0x00007ff8a9a1d000 	C:\Windows\SYSTEM32\IPHLPAPI.DLL
0x00007ff8ac150000 - 0x00007ff8ac159000 	C:\Windows\System32\NSI.dll
0x00007ff8a48a0000 - 0x00007ff8a48aa000 	C:\Windows\System32\rasadhlp.dll
0x00007ff8a4a00000 - 0x00007ff8a4a83000 	C:\Windows\System32\fwpuclnt.dll
0x00007ff8a4dd0000 - 0x00007ff8a4de9000 	C:\Windows\SYSTEM32\dhcpcsvc6.DLL
0x00007ff8a4db0000 - 0x00007ff8a4dcf000 	C:\Windows\SYSTEM32\dhcpcsvc.DLL
0x00007ff8a5420000 - 0x00007ff8a55d1000 	C:\Windows\SYSTEM32\WindowsCodecs.dll
0x00007ff870cc0000 - 0x00007ff870d1e000 	C:\Windows\system32\dataexchange.dll
0x0000020b13520000 - 0x0000020b13523000 	D:\Program Files\BellSoft\LibericaJDK-15-Full\bin\api-ms-win-core-console-l1-1-0.dll
0x0000020b13530000 - 0x0000020b13533000 	D:\Program Files\BellSoft\LibericaJDK-15-Full\bin\api-ms-win-core-console-l1-2-0.dll
0x0000020b13540000 - 0x0000020b13543000 	D:\Program Files\BellSoft\LibericaJDK-15-Full\bin\api-ms-win-core-datetime-l1-1-0.dll
0x0000020b13550000 - 0x0000020b13553000 	D:\Program Files\BellSoft\LibericaJDK-15-Full\bin\api-ms-win-core-debug-l1-1-0.dll
0x0000020b13560000 - 0x0000020b13563000 	D:\Program Files\BellSoft\LibericaJDK-15-Full\bin\api-ms-win-core-errorhandling-l1-1-0.dll
0x0000020b13570000 - 0x0000020b13574000 	D:\Program Files\BellSoft\LibericaJDK-15-Full\bin\api-ms-win-core-file-l1-1-0.dll
0x0000020b13580000 - 0x0000020b13583000 	D:\Program Files\BellSoft\LibericaJDK-15-Full\bin\api-ms-win-core-file-l1-2-0.dll
0x0000020b13590000 - 0x0000020b13593000 	D:\Program Files\BellSoft\LibericaJDK-15-Full\bin\api-ms-win-core-file-l2-1-0.dll
0x0000020b135a0000 - 0x0000020b135a3000 	D:\Program Files\BellSoft\LibericaJDK-15-Full\bin\api-ms-win-core-handle-l1-1-0.dll
0x0000020b135b0000 - 0x0000020b135b3000 	D:\Program Files\BellSoft\LibericaJDK-15-Full\bin\api-ms-win-core-heap-l1-1-0.dll
0x0000020b135c0000 - 0x0000020b135c3000 	D:\Program Files\BellSoft\LibericaJDK-15-Full\bin\api-ms-win-core-interlocked-l1-1-0.dll
0x0000020b135d0000 - 0x0000020b135d3000 	D:\Program Files\BellSoft\LibericaJDK-15-Full\bin\api-ms-win-core-libraryloader-l1-1-0.dll
0x0000020b135e0000 - 0x0000020b135e3000 	D:\Program Files\BellSoft\LibericaJDK-15-Full\bin\api-ms-win-core-localization-l1-2-0.dll
0x0000020b135f0000 - 0x0000020b135f3000 	D:\Program Files\BellSoft\LibericaJDK-15-Full\bin\api-ms-win-core-memory-l1-1-0.dll
0x0000020b13600000 - 0x0000020b13603000 	D:\Program Files\BellSoft\LibericaJDK-15-Full\bin\api-ms-win-core-namedpipe-l1-1-0.dll

dbghelp: loaded successfully - version: 4.0.5 - missing functions: none
symbol engine: initialized successfully - sym options: 0x614 - pdb path: .;D:\Program Files\BellSoft\LibericaJDK-15-Full\bin;C:\Windows\SYSTEM32;C:\Windows\WinSxS\amd64_microsoft.windows.common-controls_6595b64144ccf1df_6.0.22621.3672_none_2713b9d173822955;D:\Program Files\BellSoft\LibericaJDK-15-Full\bin\server;C:\Program Files (x86)\Smadav;C:\Windows\WinSxS\amd64_microsoft.windows.common-controls_6595b64144ccf1df_5.82.22621.3527_none_b43b7f4b638cc64f;C:\Windows\System32\DriverStore\FileRepository\nvhm.inf_amd64_69784b7a3902e1a0;C:\Windows\System32\DriverStore\FileRepository\iigd_dch.inf_amd64_0fdf6ce291234272;C:\Windows\WinSxS\amd64_microsoft.windows.gdiplus_6595b64144ccf1df_1.1.22621.3810_none_57f8d842ce19d879

VM Arguments:
jvm_args: -Dfile.encoding=UTF-8 
java_command: simrskhanza.SIMRSKhanza
java_class_path (initial): D:\Documents\Project\SIMRSKhanza Custom Toper\lib\lib_all\commons-codec-1.10.jar;D:\Documents\Project\SIMRSKhanza Custom Toper\lib\lib_all\calendar-src.jar;D:\Documents\Project\SIMRSKhanza Custom Toper\lib\lib_all\calendar-doc.jar;D:\Documents\Project\SIMRSKhanza Custom Toper\lib\lib_all\calendar.jar;D:\Documents\Project\SIMRSKhanza Custom Toper\lib\lib_all\jcalendar-1.4.jar;D:\Documents\Project\SIMRSKhanza Custom Toper\lib\lib_all\ant-1.7.1.jar;D:\Documents\Project\SIMRSKhanza Custom Toper\lib\lib_all\apache-httpcomponents-httpclient.jar;D:\Documents\Project\SIMRSKhanza Custom Toper\lib\lib_all\appframework-1.0.3.jar;D:\Documents\Project\SIMRSKhanza Custom Toper\lib\lib_all\barbecue-1.5-beta1.jar;D:\Documents\Project\SIMRSKhanza Custom Toper\lib\lib_all\batik-dom.jar;D:\Documents\Project\SIMRSKhanza Custom Toper\lib\lib_all\groovy-all-2.4.7.jar;D:\Documents\Project\SIMRSKhanza Custom Toper\lib\lib_all\bcel-5.2.jar;D:\Documents\Project\SIMRSKhanza Custom Toper\lib\lib_all\bcprov-jdk15on-154.jar;D:\Documents\Project\SIMRSKhanza Custom Toper\lib\lib_all\poi-4.1.0.jar;D:\Documents\Project\SIMRSKhanza Custom Toper\lib\lib_all\beansbinding-1.2.1.jar;D:\Documents\Project\SIMRSKhanza Custom Toper\lib\lib_all\bsh-2.0b4.jar;D:\Documents\Project\SIMRSKhanza Custom Toper\lib\lib_all\com-jaspersoft-ireport.jar;D:\Documents\Project\SIMRSKhanza Custom Toper\lib\lib_all\com.fasterxml.jackson.core.jar;D:\Documents\Project\SIMRSKhanza Custom Toper\lib\lib_all\comm.jar;D:\Documents\Project\SIMRSKhanza Custom Toper\lib\lib_all\common-javaFX-plugin.jar;D:\Documents\Project\SIMRSKhanza Custom Toper\lib\lib_all\commons-javaflow-20060411.jar;D:\Documents\Project\SIMRSKhanza Custom Toper\lib\lib_all\commons-logging-1.2.jar;D:\Documents\Project\SIMRSKhanza Custom Toper\lib\lib_all\fluent-hc-4.5.1.jar;D:\Documents\Project\SIMRSKhanza Custom Toper\lib\lib_all\fontbox-2.0.13.jar;D:\Documents\Project\SIMRSKhanza Custom Toper\lib\lib_all\gson-2.2.2.jar;D:\Documents\P
Launcher Type: SUN_STANDARD

[Global flags]
     intx CICompilerCount                          = 12                                        {product} {ergonomic}
     uint ConcGCThreads                            = 4                                         {product} {ergonomic}
     uint G1ConcRefinementThreads                  = 15                                        {product} {ergonomic}
   size_t G1HeapRegionSize                         = 2097152                                   {product} {ergonomic}
    uintx GCDrainStackTargetSize                   = 64                                        {product} {ergonomic}
   size_t InitialHeapSize                          = 264241152                                 {product} {ergonomic}
   size_t MarkStackSize                            = 4194304                                   {product} {ergonomic}
   size_t MaxHeapSize                              = 4208984064                                {product} {ergonomic}
   size_t MaxNewSize                               = 2524971008                                {product} {ergonomic}
   size_t MinHeapDeltaBytes                        = 2097152                                   {product} {ergonomic}
   size_t MinHeapSize                              = 8388608                                   {product} {ergonomic}
    uintx NonNMethodCodeHeapSize                   = 7602480                                {pd product} {ergonomic}
    uintx NonProfiledCodeHeapSize                  = 122027880                              {pd product} {ergonomic}
    uintx ProfiledCodeHeapSize                     = 122027880                              {pd product} {ergonomic}
    uintx ReservedCodeCacheSize                    = 251658240                              {pd product} {ergonomic}
     bool SegmentedCodeCache                       = true                                      {product} {ergonomic}
   size_t SoftMaxHeapSize                          = 4208984064                             {manageable} {ergonomic}
     bool UseCompressedClassPointers               = true                                 {lp64_product} {ergonomic}
     bool UseCompressedOops                        = true                                 {lp64_product} {ergonomic}
     bool UseG1GC                                  = true                                      {product} {ergonomic}
     bool UseLargePagesIndividualAllocation        = false                                  {pd product} {ergonomic}

Logging:
Log output configuration:
 #0: stdout all=warning uptime,level,tags
 #1: stderr all=off uptime,level,tags

Environment Variables:
JAVA_HOME=D:\Program Files\BellSoft\LibericaJDK-15-Full\
PATH=D:\Program Files\Python312\Scripts\;D:\Program Files\Python312\;C:\Program Files (x86)\Common Files\Oracle\Java\javapath;D:\Program Files\Arena\RSCommon;D:\Program Files\BellSoft\LibericaJDK-15-Full\bin\;C:\Windows\system32;C:\Windows;C:\Windows\System32\Wbem;C:\Windows\System32\WindowsPowerShell\v1.0\;C:\Windows\System32\OpenSSH\;D:\laragon\bin\php\php-7.4.9-Win32-vc15-x64;C:\ProgramData\ComposerSetup\bin;D:\Program Files\Git\cmd;C:\Users\Victus\AppData\Local\Yarn\config\global\node_modules\.bin;C:\Users\Victus\AppData\Roaming\Composer\vendor\bin;C:\Users\Victus\AppData\Roaming\npm;D:\laragon\bin;D:\laragon\bin\apache\httpd-2.4.54-win64-VS16\bin;D:\laragon\bin\composer;D:\laragon\bin\git\bin;D:\laragon\bin\git\cmd;D:\laragon\bin\git\mingw64\bin;D:\laragon\bin\git\usr\bin;D:\laragon\bin\laragon\utils;D:\laragon\bin\mysql\mysql-8.0.30-winx64\bin;D:\laragon\bin\nginx\nginx-1.22.0;D:\laragon\bin\ngrok;D:\laragon\bin\nodejs\node-v18;D:\laragon\bin\notepad++;D:\laragon\bin\php\php-7.4.9-Win32-vc15-x64;D:\laragon\bin\python\python-3.10;D:\laragon\bin\python\python-3.10\Scripts;D:\laragon\bin\redis\redis-x64-5.0.14.1;D:\laragon\bin\telnet;D:\laragon\usr\bin;C:\Users\Victus\AppData\Local\Microsoft\WindowsApps;D:\Program Files\Microsoft VS Code\bin;
USERNAME=Victus
OS=Windows_NT
PROCESSOR_IDENTIFIER=Intel64 Family 6 Model 154 Stepping 3, GenuineIntel



---------------  S Y S T E M  ---------------

OS:
 Windows 10 , 64 bit Build 22621 (10.0.22621.3958)
OS uptime: 0 days 21:56 hours
HyperV virtualization detected

CPU: total 20 (initial active 20) (10 cores per cpu, 2 threads per core) family 6 model 154 stepping 3 microcode 0x432, cmov, cx8, fxsr, mmx, sse, sse2, sse3, ssse3, sse4.1, sse4.2, popcnt, vzeroupper, avx, avx2, aes, clmul, erms, 3dnowpref, lzcnt, ht, tsc, tscinvbit, bmi1, bmi2, adx, sha, fma, clflush, clflushopt, clwb

Memory: 4k page, system-wide physical 16051M (1803M free)
TotalPageFile size 35507M (AvailPageFile size 13571M)
current process WorkingSet (physical memory assigned to process): 329M, peak: 416M
current process commit charge ("private bytes"): 427M, peak: 528M

vm_info: OpenJDK 64-Bit Server VM (15.0.2+10) for windows-amd64 JRE (15.0.2+10), built on Jan 21 2021 08:07:14 by "" with MS VC++ 15.9 (VS2017)

END.
