#
# A fatal error has been detected by the Java Runtime Environment:
#
#  EXCEPTION_ACCESS_VIOLATION (0xc0000005) at pc=0x00007ffd57a77847, pid=1516, tid=19984
#
# JRE version: OpenJDK Runtime Environment (15.0.2+10) (build 15.0.2+10)
# Java VM: OpenJDK 64-Bit Server VM (15.0.2+10, mixed mode, sharing, tiered, compressed oops, g1 gc, windows-amd64)
# Problematic frame:
# C  0x00007ffd57a77847
#
# No core dump will be written. Minidumps are not enabled by default on client versions of Windows
#
# If you would like to submit a bug report, please visit:
#   https://bugreport.java.com/bugreport/crash.jsp
# The crash happened outside the Java Virtual Machine in native code.
# See problematic frame for where to report the bug.
#

---------------  S U M M A R Y ------------

Command Line: -Dfile.encoding=UTF-8 simrskhanza.SIMRSKhanza

Host: 12th Gen Intel(R) Core(TM) i7-12700H, 20 cores, 15G,  Windows 10 , 64 bit Build 22621 (10.0.22621.3672)
Time: Mon Jul 29 11:35:13 2024 SE Asia Standard Time elapsed time: 200.761829 seconds (0d 0h 3m 20s)

---------------  T H R E A D  ---------------

Current thread (0x000001c7094e35d0):  JavaThread "JavaFX Application Thread" [_thread_in_native, id=19984, stack(0x000000b9f0300000,0x000000b9f0400000)]

Stack: [0x000000b9f0300000,0x000000b9f0400000],  sp=0x000000b9f03fcf80,  free space=1011k
Native frames: (J=compiled Java code, j=interpreted, Vv=VM code, C=native code)
C  0x00007ffd57a77847

Java frames: (J=compiled Java code, j=interpreted, Vv=VM code)
j  com.sun.webkit.WebPage.twkInit(JZF)V+0 javafx.web@15.0.2
j  com.sun.webkit.WebPage.<init>(Lcom/sun/webkit/WebPageClient;Lcom/sun/webkit/UIClient;Lcom/sun/webkit/PolicyClient;Lcom/sun/webkit/InspectorClient;Lcom/sun/webkit/ThemeClient;Z)V+195 javafx.web@15.0.2
j  javafx.scene.web.WebEngine.<init>(Ljava/lang/String;Z)V+270 javafx.web@15.0.2
j  javafx.scene.web.WebEngine.<init>()V+3 javafx.web@15.0.2
j  javafx.scene.web.WebView.<init>()V+60 javafx.web@15.0.2
j  bridging.INACBGHybrid$3.run()V+4
j  com.sun.javafx.application.PlatformImpl.lambda$runLater$10(Ljava/lang/Runnable;)Ljava/lang/Void;+1 javafx.graphics@15.0.2
j  com.sun.javafx.application.PlatformImpl$$Lambda$307+0x00000008011033a8.run()Ljava/lang/Object;+4 javafx.graphics@15.0.2
J 2877 c1 java.security.AccessController.doPrivileged(Ljava/security/PrivilegedAction;Ljava/security/AccessControlContext;)Ljava/lang/Object; java.base@15.0.2 (17 bytes) @ 0x000001c7613dc464 [0x000001c7613dc280+0x00000000000001e4]
j  com.sun.javafx.application.PlatformImpl.lambda$runLater$11(Ljava/lang/Runnable;Ljava/security/AccessControlContext;)V+7 javafx.graphics@15.0.2
j  com.sun.javafx.application.PlatformImpl$$Lambda$306+0x0000000801102f58.run()V+8 javafx.graphics@15.0.2
j  com.sun.glass.ui.InvokeLaterDispatcher$Future.run()V+4 javafx.graphics@15.0.2
v  ~StubRoutines::call_stub
j  com.sun.glass.ui.win.WinApplication._runLoop(Ljava/lang/Runnable;)V+0 javafx.graphics@15.0.2
j  com.sun.glass.ui.win.WinApplication.lambda$runLoop$3(ILjava/lang/Runnable;)V+8 javafx.graphics@15.0.2
j  com.sun.glass.ui.win.WinApplication$$Lambda$293+0x00000008010d3bc8.run()V+12 javafx.graphics@15.0.2
j  java.lang.Thread.run()V+11 java.base@15.0.2
v  ~StubRoutines::call_stub

siginfo: EXCEPTION_ACCESS_VIOLATION (0xc0000005), writing address 0x0000000000000000


Register to memory mapping:

RIP=0x00007ffd57a77847 points into unknown readable memory: ff
RAX=0x000000b9f03fd008 is pointing into the stack for thread: 0x000001c7094e35d0
RBX=0x000001c70d9b1ff0 points into unknown readable memory: 0x0000000000000000 | 00 00 00 00 00 00 00 00
RCX=0x0 is NULL
RDX=0x00007ffd589fbcf8 points into unknown readable memory: 0x00000073656d6974 | 74 69 6d 65 73 00 00 00
RSP=0x000000b9f03fcf80 is pointing into the stack for thread: 0x000001c7094e35d0
RBP=0x000001c70d9b1ff0 points into unknown readable memory: 0x0000000000000000 | 00 00 00 00 00 00 00 00
RSI=0x00007ffd5a97f938 points into unknown readable memory: 0x00007ffd589c8a60 | 60 8a 9c 58 fd 7f 00 00
RDI=0x000000b9f03fd078 is pointing into the stack for thread: 0x000001c7094e35d0
R8 =0x0 is NULL
R9 =0xffff81c9a81b7110 is an unknown value
R10=0x0000000000000005 is an unknown value
R11=0x000000b9f03fcbc8 is pointing into the stack for thread: 0x000001c7094e35d0
R12=0x000001c77dcc0e98 points into unknown readable memory: 0x000001c77e141b80 | 80 1b 14 7e c7 01 00 00
R13=0x000001c77de9c4e0 points into unknown readable memory: 0x00007ffd58a0f7e0 | e0 f7 a0 58 fd 7f 00 00
R14=0x0 is NULL
R15=0x0 is NULL


Registers:
RAX=0x000000b9f03fd008, RBX=0x000001c70d9b1ff0, RCX=0x0000000000000000, RDX=0x00007ffd589fbcf8
RSP=0x000000b9f03fcf80, RBP=0x000001c70d9b1ff0, RSI=0x00007ffd5a97f938, RDI=0x000000b9f03fd078
R8 =0x0000000000000000, R9 =0xffff81c9a81b7110, R10=0x0000000000000005, R11=0x000000b9f03fcbc8
R12=0x000001c77dcc0e98, R13=0x000001c77de9c4e0, R14=0x0000000000000000, R15=0x0000000000000000
RIP=0x00007ffd57a77847, EFLAGS=0x0000000000010206

Top of Stack: (sp=0x000000b9f03fcf80)
0x000000b9f03fcf80:   40ca1c77ae147ae1 000001c70d9b1ff0
0x000000b9f03fcf90:   000001c70d9b1ff0 00007ffd5a97f938
0x000000b9f03fcfa0:   0000000000000000 000000b9f03fcfc0
0x000000b9f03fcfb0:   000001c77dcc0e00 00007ffd5732f78b
0x000000b9f03fcfc0:   0000000000000000 0000000000000000
0x000000b9f03fcfd0:   000001c70d9b1e90 000001c70d9b1ea8
0x000000b9f03fcfe0:   000001c70d9b1e90 00007ffd574793da
0x000000b9f03fcff0:   000001c77dcc0db0 000001c70d9b1ea8
0x000000b9f03fd000:   000001c77de9c4e0 0000000000000000
0x000000b9f03fd010:   000000b9f03fd020 0000000000000001
0x000000b9f03fd020:   000001c70d9b1fe8 00007ffd5747c8ee
0x000000b9f03fd030:   000001c77de9c4e0 000001c70d9b1ff0
0x000000b9f03fd040:   0000000000000001 000000b9f03fd119
0x000000b9f03fd050:   000001c77dcc0db0 00007ffd578acd43
0x000000b9f03fd060:   0000000000000000 000001c70d9b1e90
0x000000b9f03fd070:   000001c77dcc0db0 0000000000000000 

Instructions: (pc=0x00007ffd57a77847)
0x00007ffd57a77747:   33 cc e8 e2 4d e9 00 48 83 c4 40 5e 5d 5b c3 48
0x00007ffd57a77757:   8d 0d 9b 43 f1 02 e8 be 53 e9 00 83 3d 8f 43 f1
0x00007ffd57a77767:   02 ff 0f 85 36 ff ff ff 48 8b cf e8 b9 e0 ff ff
0x00007ffd57a77777:   4c 8b 07 4c 8d 0d 53 5f 03 01 48 8b d0 48 8b cf
0x00007ffd57a77787:   4d 8b 90 08 01 00 00 4c 8d 05 4b 5f 03 01 41 ff
0x00007ffd57a77797:   d2 48 8d 0d 59 43 f1 02 48 89 05 4a 43 f1 02 e8
0x00007ffd57a777a7:   15 53 e9 00 e9 f5 fe ff ff 48 89 5c 24 08 48 89
0x00007ffd57a777b7:   74 24 10 57 48 83 ec 60 65 48 8b 04 25 58 00 00
0x00007ffd57a777c7:   00 48 8b f1 44 8b 0d c6 24 f2 02 49 8b d8 b9 18
0x00007ffd57a777d7:   00 00 00 48 8b fa 4e 8b 0c c8 42 8b 04 09 39 05
0x00007ffd57a777e7:   2d 43 f1 02 0f 8f b0 00 00 00 48 8d 44 24 40 c6
0x00007ffd57a777f7:   44 24 30 00 48 89 44 24 28 4c 8d 0d 09 43 f1 02
0x00007ffd57a77807:   4c 8b c3 48 c7 44 24 20 00 00 00 00 48 8d 94 24
0x00007ffd57a77817:   88 00 00 00 c6 44 24 40 00 48 8b ce c6 44 24 42
0x00007ffd57a77827:   00 c6 44 24 46 00 c6 44 24 48 00 c6 44 24 4c 00
0x00007ffd57a77837:   c6 44 24 4e 00 e8 0f cf 9f ff 48 8b 08 48 89 0f
0x00007ffd57a77847:   ff 01 48 8b 9c 24 88 00 00 00 48 c7 84 24 88 00
0x00007ffd57a77857:   00 00 00 00 00 00 48 85 db 74 2c 8b 03 83 e8 01
0x00007ffd57a77867:   74 15 89 03 48 8b c7 48 8b 5c 24 70 48 8b 74 24
0x00007ffd57a77877:   78 48 83 c4 60 5f c3 48 8b cb e8 aa 68 9f ff 48
0x00007ffd57a77887:   8b cb e8 92 5e d9 00 48 8b 5c 24 70 48 8b c7 48
0x00007ffd57a77897:   8b 74 24 78 48 83 c4 60 5f c3 48 8d 0d 70 42 f1
0x00007ffd57a778a7:   02 e8 73 52 e9 00 83 3d 64 42 f1 02 ff 0f 85 37
0x00007ffd57a778b7:   ff ff ff 48 8d 15 c3 c5 fe 00 48 8d 8c 24 88 00
0x00007ffd57a778c7:   00 00 e8 e2 bc db 00 48 8b 84 24 88 00 00 00 48
0x00007ffd57a778d7:   8d 0d 43 73 f4 00 48 89 05 2c 42 f1 02 e8 37 50
0x00007ffd57a778e7:   e9 00 48 8d 0d 28 42 f1 02 e8 cb 51 e9 00 e9 f7
0x00007ffd57a778f7:   fe ff ff cc cc cc cc cc cc 48 89 5c 24 08 48 89
0x00007ffd57a77907:   6c 24 20 56 57 41 56 48 83 ec 40 48 8b 05 ff da
0x00007ffd57a77917:   ef 02 48 33 c4 48 89 44 24 38 48 8b d9 41 8b e8
0x00007ffd57a77927:   48 8b 0d 5a 18 f2 02 48 8b fa 41 b8 02 00 01 00
0x00007ffd57a77937:   48 8d 54 24 20 48 8b 01 4c 8b 48 30 41 ff d1 48 


Stack slot to memory mapping:
stack at sp + 0 slots: 0x40ca1c77ae147ae1 is an unknown value
stack at sp + 1 slots: 0x000001c70d9b1ff0 points into unknown readable memory: 0x0000000000000000 | 00 00 00 00 00 00 00 00
stack at sp + 2 slots: 0x000001c70d9b1ff0 points into unknown readable memory: 0x0000000000000000 | 00 00 00 00 00 00 00 00
stack at sp + 3 slots: 0x00007ffd5a97f938 points into unknown readable memory: 0x00007ffd589c8a60 | 60 8a 9c 58 fd 7f 00 00
stack at sp + 4 slots: 0x0 is NULL
stack at sp + 5 slots: 0x000000b9f03fcfc0 is pointing into the stack for thread: 0x000001c7094e35d0
stack at sp + 6 slots: 0x000001c77dcc0e00 points into unknown readable memory: 0x0000000000000000 | 00 00 00 00 00 00 00 00
stack at sp + 7 slots: 0x00007ffd5732f78b points into unknown readable memory: eb 06 4c 89 07


---------------  P R O C E S S  ---------------

Threads class SMR info:
_java_thread_list=0x000001c77e2fe1c0, length=20, elements={
0x000001c77c777970, 0x000001c77c778540, 0x000001c77d231d40, 0x000001c77d234710,
0x000001c77d2351c0, 0x000001c77d238680, 0x000001c77d242590, 0x000001c77d246b90,
0x000001c77d4d4eb0, 0x000001c77d310570, 0x000001c77e8d1450, 0x000001c77de468e0,
0x000001c77d89c3f0, 0x000001c77e227160, 0x000001c77e227630, 0x000001c77e229310,
0x000001c7094e65f0, 0x000001c7094e35d0, 0x000001c7094e5780, 0x000001c7094e4440
}

Java Threads: ( => current thread )
  0x000001c77c777970 JavaThread "Reference Handler" daemon [_thread_blocked, id=6668, stack(0x000000b9ed900000,0x000000b9eda00000)]
  0x000001c77c778540 JavaThread "Finalizer" daemon [_thread_blocked, id=10928, stack(0x000000b9eda00000,0x000000b9edb00000)]
  0x000001c77d231d40 JavaThread "Signal Dispatcher" daemon [_thread_blocked, id=18544, stack(0x000000b9edb00000,0x000000b9edc00000)]
  0x000001c77d234710 JavaThread "Attach Listener" daemon [_thread_blocked, id=14368, stack(0x000000b9edc00000,0x000000b9edd00000)]
  0x000001c77d2351c0 JavaThread "Service Thread" daemon [_thread_blocked, id=10076, stack(0x000000b9edd00000,0x000000b9ede00000)]
  0x000001c77d238680 JavaThread "C2 CompilerThread0" daemon [_thread_blocked, id=9728, stack(0x000000b9ede00000,0x000000b9edf00000)]
  0x000001c77d242590 JavaThread "C1 CompilerThread0" daemon [_thread_blocked, id=18124, stack(0x000000b9edf00000,0x000000b9ee000000)]
  0x000001c77d246b90 JavaThread "Sweeper thread" daemon [_thread_blocked, id=7196, stack(0x000000b9ee000000,0x000000b9ee100000)]
  0x000001c77d4d4eb0 JavaThread "Notification Thread" daemon [_thread_blocked, id=18144, stack(0x000000b9ee300000,0x000000b9ee400000)]
  0x000001c77d310570 JavaThread "Common-Cleaner" daemon [_thread_blocked, id=17824, stack(0x000000b9ee500000,0x000000b9ee600000)]
  0x000001c77e8d1450 JavaThread "Java2D Disposer" daemon [_thread_blocked, id=19860, stack(0x000000b9eed00000,0x000000b9eee00000)]
  0x000001c77de468e0 JavaThread "AWT-Shutdown" [_thread_blocked, id=19632, stack(0x000000b9eee00000,0x000000b9eef00000)]
  0x000001c77d89c3f0 JavaThread "AWT-EventQueue-0" [_thread_blocked, id=19096, stack(0x000000b9ef100000,0x000000b9ef200000)]
  0x000001c77e227160 JavaThread "DestroyJavaVM" [_thread_blocked, id=19496, stack(0x000000b9ed200000,0x000000b9ed300000)]
  0x000001c77e227630 JavaThread "Abandoned connection cleanup thread" daemon [_thread_blocked, id=6256, stack(0x000000b9efd00000,0x000000b9efe00000)]
  0x000001c77e229310 JavaThread "TimerQueue" daemon [_thread_blocked, id=3928, stack(0x000000b9efc00000,0x000000b9efd00000)]
  0x000001c7094e65f0 JavaThread "InvokeLaterDispatcher" daemon [_thread_blocked, id=248, stack(0x000000b9f0200000,0x000000b9f0300000)]
=>0x000001c7094e35d0 JavaThread "JavaFX Application Thread" [_thread_in_native, id=19984, stack(0x000000b9f0300000,0x000000b9f0400000)]
  0x000001c7094e5780 JavaThread "Thread-2" daemon [_thread_in_native, id=19128, stack(0x000000b9efb00000,0x000000b9efc00000)]
  0x000001c7094e4440 JavaThread "Image Fetcher 0" daemon [_thread_blocked, id=16892, stack(0x000000b9ed100000,0x000000b9ed200000)]

Other Threads:
  0x000001c77c7750e0 VMThread "VM Thread" [stack: 0x000000b9ed800000,0x000000b9ed900000] [id=18156]
  0x000001c77d4d5380 WatcherThread [stack: 0x000000b9ee400000,0x000000b9ee500000] [id=18084]
  0x000001c756e96e50 GCTaskThread "GC Thread#0" [stack: 0x000000b9ed300000,0x000000b9ed400000] [id=14380]
  0x000001c77d4c2e60 GCTaskThread "GC Thread#1" [stack: 0x000000b9ee800000,0x000000b9ee900000] [id=1960]
  0x000001c77d4c4e40 GCTaskThread "GC Thread#2" [stack: 0x000000b9ee900000,0x000000b9eea00000] [id=14028]
  0x000001c77d4c3b20 GCTaskThread "GC Thread#3" [stack: 0x000000b9eea00000,0x000000b9eeb00000] [id=17756]
  0x000001c77d4c3e50 GCTaskThread "GC Thread#4" [stack: 0x000000b9eeb00000,0x000000b9eec00000] [id=4548]
  0x000001c77d4c47e0 GCTaskThread "GC Thread#5" [stack: 0x000000b9eec00000,0x000000b9eed00000] [id=18644]
  0x000001c77d864a70 GCTaskThread "GC Thread#6" [stack: 0x000000b9f0900000,0x000000b9f0a00000] [id=19356]
  0x000001c77d864740 GCTaskThread "GC Thread#7" [stack: 0x000000b9f0a00000,0x000000b9f0b00000] [id=18404]
  0x000001c756ea7a70 ConcurrentGCThread "G1 Main Marker" [stack: 0x000000b9ed400000,0x000000b9ed500000] [id=18464]
  0x000001c756ea8660 ConcurrentGCThread "G1 Conc#0" [stack: 0x000000b9ed500000,0x000000b9ed600000] [id=8296]
  0x000001c703b33010 ConcurrentGCThread "G1 Conc#1" [stack: 0x000000b9eff00000,0x000000b9f0000000] [id=18796]
  0x000001c703b31360 ConcurrentGCThread "G1 Conc#2" [stack: 0x000000b9f0000000,0x000000b9f0100000] [id=19196]
  0x000001c703b31030 ConcurrentGCThread "G1 Conc#3" [stack: 0x000000b9f0100000,0x000000b9f0200000] [id=15140]
  0x000001c756eee830 ConcurrentGCThread "G1 Refine#0" [stack: 0x000000b9ed600000,0x000000b9ed700000] [id=19948]
  0x000001c77c66d630 ConcurrentGCThread "G1 Young RemSet Sampling" [stack: 0x000000b9ed700000,0x000000b9ed800000] [id=19400]

Threads with active compile tasks:

VM state: not at safepoint (normal execution)

VM Mutex/Monitor currently owned by a thread: None

Heap address: 0x0000000705200000, size: 4014 MB, Compressed Oops mode: Zero based, Oop shift amount: 3
CDS archive(s) mapped at: [0x0000000800000000-0x0000000800b50000-0x0000000800b50000), size 11862016, SharedBaseAddress: 0x0000000800000000, ArchiveRelocationMode: 0.
Compressed class space mapped at: 0x0000000800b50000-0x0000000840b50000, size: 1073741824
Narrow klass base: 0x0000000800000000, Narrow klass shift: 3, Narrow klass range: 0x100000000

GC Precious Log:
 CPUs: 20 total, 20 available
 Memory: 16051M
 Large Page Support: Disabled
 NUMA Support: Disabled
 Compressed Oops: Enabled (Zero based)
 Heap Region Size: 2M
 Heap Min Capacity: 8M
 Heap Initial Capacity: 252M
 Heap Max Capacity: 4014M
 Pre-touch: Disabled
 Parallel Workers: 15
 Concurrent Workers: 4
 Concurrent Refinement Workers: 15
 Periodic GC: Disabled

Heap:
 garbage-first heap   total 178176K, used 127428K [0x0000000705200000, 0x0000000800000000)
  region size 2048K, 15 young (30720K), 2 survivors (4096K)
 Metaspace       used 51141K, capacity 51463K, committed 52048K, reserved 1093632K
  class space    used 6747K, capacity 6855K, committed 6992K, reserved 1048576K

Heap Regions: E=young(eden), S=young(survivor), O=old, HS=humongous(starts), HC=humongous(continues), CS=collection set, F=free, OA=open archive, CA=closed archive, TAMS=top-at-mark-start (previous, next)
|   0|0x0000000705200000, 0x0000000705400000, 0x0000000705400000|100%|HS|  |TAMS 0x0000000705400000, 0x0000000705200000| Complete 
|   1|0x0000000705400000, 0x0000000705600000, 0x0000000705600000|100%| O|  |TAMS 0x0000000705600000, 0x0000000705400000| Untracked 
|   2|0x0000000705600000, 0x0000000705800000, 0x0000000705800000|100%| O|  |TAMS 0x0000000705800000, 0x0000000705600000| Untracked 
|   3|0x0000000705800000, 0x0000000705a00000, 0x0000000705a00000|100%| O|  |TAMS 0x0000000705a00000, 0x0000000705800000| Untracked 
|   4|0x0000000705a00000, 0x0000000705c00000, 0x0000000705c00000|100%| O|  |TAMS 0x0000000705c00000, 0x0000000705a00000| Untracked 
|   5|0x0000000705c00000, 0x0000000705e00000, 0x0000000705e00000|100%|HS|  |TAMS 0x0000000705e00000, 0x0000000705c00000| Complete 
|   6|0x0000000705e00000, 0x0000000706000000, 0x0000000706000000|100%|HC|  |TAMS 0x0000000706000000, 0x0000000705e00000| Complete 
|   7|0x0000000706000000, 0x0000000706200000, 0x0000000706200000|100%| O|  |TAMS 0x0000000706200000, 0x0000000706000000| Untracked 
|   8|0x0000000706200000, 0x0000000706400000, 0x0000000706400000|100%| O|  |TAMS 0x0000000706400000, 0x0000000706200000| Untracked 
|   9|0x0000000706400000, 0x0000000706600000, 0x0000000706600000|100%| O|  |TAMS 0x0000000706600000, 0x0000000706400000| Untracked 
|  10|0x0000000706600000, 0x0000000706800000, 0x0000000706800000|100%| O|  |TAMS 0x0000000706800000, 0x0000000706600000| Untracked 
|  11|0x0000000706800000, 0x0000000706a00000, 0x0000000706a00000|100%| O|  |TAMS 0x0000000706a00000, 0x0000000706800000| Untracked 
|  12|0x0000000706a00000, 0x0000000706b93e00, 0x0000000706c00000| 78%| O|  |TAMS 0x0000000706b93e00, 0x0000000706a00000| Untracked 
|  13|0x0000000706c00000, 0x0000000706e00000, 0x0000000706e00000|100%| O|  |TAMS 0x0000000706e00000, 0x0000000706c00000| Untracked 
|  14|0x0000000706e00000, 0x0000000707000000, 0x0000000707000000|100%| O|  |TAMS 0x0000000707000000, 0x0000000706e00000| Untracked 
|  15|0x0000000707000000, 0x0000000707200000, 0x0000000707200000|100%| O|  |TAMS 0x0000000707200000, 0x0000000707000000| Untracked 
|  16|0x0000000707200000, 0x0000000707400000, 0x0000000707400000|100%| O|  |TAMS 0x0000000707400000, 0x0000000707200000| Untracked 
|  17|0x0000000707400000, 0x0000000707600000, 0x0000000707600000|100%| O|  |TAMS 0x0000000707600000, 0x0000000707400000| Untracked 
|  18|0x0000000707600000, 0x0000000707800000, 0x0000000707800000|100%| O|  |TAMS 0x0000000707800000, 0x0000000707600000| Untracked 
|  19|0x0000000707800000, 0x0000000707a00000, 0x0000000707a00000|100%| O|  |TAMS 0x0000000707a00000, 0x0000000707800000| Untracked 
|  20|0x0000000707a00000, 0x0000000707c00000, 0x0000000707c00000|100%| O|  |TAMS 0x0000000707c00000, 0x0000000707a00000| Untracked 
|  21|0x0000000707c00000, 0x0000000707e00000, 0x0000000707e00000|100%| O|  |TAMS 0x0000000707e00000, 0x0000000707c00000| Untracked 
|  22|0x0000000707e00000, 0x0000000708000000, 0x0000000708000000|100%| O|  |TAMS 0x0000000708000000, 0x0000000707e00000| Untracked 
|  23|0x0000000708000000, 0x0000000708200000, 0x0000000708200000|100%| O|  |TAMS 0x0000000708200000, 0x0000000708000000| Untracked 
|  24|0x0000000708200000, 0x0000000708400000, 0x0000000708400000|100%| O|  |TAMS 0x0000000708400000, 0x0000000708200000| Untracked 
|  25|0x0000000708400000, 0x0000000708600000, 0x0000000708600000|100%| O|  |TAMS 0x0000000708600000, 0x0000000708400000| Untracked 
|  26|0x0000000708600000, 0x0000000708800000, 0x0000000708800000|100%| O|  |TAMS 0x0000000708800000, 0x0000000708600000| Untracked 
|  27|0x0000000708800000, 0x0000000708a00000, 0x0000000708a00000|100%| O|  |TAMS 0x0000000708a00000, 0x0000000708800000| Untracked 
|  28|0x0000000708a00000, 0x0000000708c00000, 0x0000000708c00000|100%| O|  |TAMS 0x0000000708c00000, 0x0000000708a00000| Untracked 
|  29|0x0000000708c00000, 0x0000000708e00000, 0x0000000708e00000|100%| O|  |TAMS 0x0000000708e00000, 0x0000000708c00000| Untracked 
|  30|0x0000000708e00000, 0x0000000709000000, 0x0000000709000000|100%| O|  |TAMS 0x0000000709000000, 0x0000000708e00000| Untracked 
|  31|0x0000000709000000, 0x0000000709200000, 0x0000000709200000|100%| O|  |TAMS 0x0000000709200000, 0x0000000709000000| Untracked 
|  32|0x0000000709200000, 0x0000000709400000, 0x0000000709400000|100%|HS|  |TAMS 0x0000000709400000, 0x0000000709200000| Complete 
|  33|0x0000000709400000, 0x0000000709600000, 0x0000000709600000|100%|HC|  |TAMS 0x0000000709600000, 0x0000000709400000| Complete 
|  34|0x0000000709600000, 0x0000000709800000, 0x0000000709800000|100%|HC|  |TAMS 0x0000000709800000, 0x0000000709600000| Complete 
|  35|0x0000000709800000, 0x0000000709a00000, 0x0000000709a00000|100%|HC|  |TAMS 0x0000000709a00000, 0x0000000709800000| Complete 
|  36|0x0000000709a00000, 0x0000000709c00000, 0x0000000709c00000|100%|HC|  |TAMS 0x0000000709c00000, 0x0000000709a00000| Complete 
|  37|0x0000000709c00000, 0x0000000709e00000, 0x0000000709e00000|100%| O|  |TAMS 0x0000000709e00000, 0x0000000709c00000| Untracked 
|  38|0x0000000709e00000, 0x000000070a000000, 0x000000070a000000|100%| O|  |TAMS 0x000000070a000000, 0x0000000709e00000| Untracked 
|  39|0x000000070a000000, 0x000000070a200000, 0x000000070a200000|100%| O|  |TAMS 0x000000070a200000, 0x000000070a000000| Untracked 
|  40|0x000000070a200000, 0x000000070a400000, 0x000000070a400000|100%| O|  |TAMS 0x000000070a400000, 0x000000070a200000| Untracked 
|  41|0x000000070a400000, 0x000000070a600000, 0x000000070a600000|100%| O|  |TAMS 0x000000070a600000, 0x000000070a400000| Untracked 
|  42|0x000000070a600000, 0x000000070a800000, 0x000000070a800000|100%| O|  |TAMS 0x000000070a800000, 0x000000070a600000| Untracked 
|  43|0x000000070a800000, 0x000000070aa00000, 0x000000070aa00000|100%| O|  |TAMS 0x000000070a833400, 0x000000070a800000| Untracked 
|  44|0x000000070aa00000, 0x000000070ac00000, 0x000000070ac00000|100%| O|  |TAMS 0x000000070aa00000, 0x000000070aa00000| Untracked 
|  45|0x000000070ac00000, 0x000000070ac49600, 0x000000070ae00000| 14%| O|  |TAMS 0x000000070ac00000, 0x000000070ac00000| Untracked 
|  46|0x000000070ae00000, 0x000000070b000000, 0x000000070b000000|100%|HS|  |TAMS 0x000000070ae00000, 0x000000070ae00000| Complete 
|  47|0x000000070b000000, 0x000000070b200000, 0x000000070b200000|100%|HC|  |TAMS 0x000000070b000000, 0x000000070b000000| Complete 
|  48|0x000000070b200000, 0x000000070b400000, 0x000000070b400000|100%|HC|  |TAMS 0x000000070b200000, 0x000000070b200000| Complete 
|  49|0x000000070b400000, 0x000000070b600000, 0x000000070b600000|100%|HC|  |TAMS 0x000000070b400000, 0x000000070b400000| Complete 
|  50|0x000000070b600000, 0x000000070b600000, 0x000000070b800000|  0%| F|  |TAMS 0x000000070b600000, 0x000000070b600000| Untracked 
|  51|0x000000070b800000, 0x000000070b800000, 0x000000070ba00000|  0%| F|  |TAMS 0x000000070b800000, 0x000000070b800000| Untracked 
|  52|0x000000070ba00000, 0x000000070ba00000, 0x000000070bc00000|  0%| F|  |TAMS 0x000000070ba00000, 0x000000070ba00000| Untracked 
|  53|0x000000070bc00000, 0x000000070bc00000, 0x000000070be00000|  0%| F|  |TAMS 0x000000070bc00000, 0x000000070bc00000| Untracked 
|  54|0x000000070be00000, 0x000000070be00000, 0x000000070c000000|  0%| F|  |TAMS 0x000000070be00000, 0x000000070be00000| Untracked 
|  55|0x000000070c000000, 0x000000070c000000, 0x000000070c200000|  0%| F|  |TAMS 0x000000070c000000, 0x000000070c000000| Untracked 
|  56|0x000000070c200000, 0x000000070c200000, 0x000000070c400000|  0%| F|  |TAMS 0x000000070c200000, 0x000000070c200000| Untracked 
|  57|0x000000070c400000, 0x000000070c400000, 0x000000070c600000|  0%| F|  |TAMS 0x000000070c400000, 0x000000070c400000| Untracked 
|  58|0x000000070c600000, 0x000000070c600000, 0x000000070c800000|  0%| F|  |TAMS 0x000000070c600000, 0x000000070c600000| Untracked 
|  59|0x000000070c800000, 0x000000070c800000, 0x000000070ca00000|  0%| F|  |TAMS 0x000000070c800000, 0x000000070c800000| Untracked 
|  60|0x000000070ca00000, 0x000000070ca00000, 0x000000070cc00000|  0%| F|  |TAMS 0x000000070ca00000, 0x000000070ca00000| Untracked 
|  61|0x000000070cc00000, 0x000000070cc00000, 0x000000070ce00000|  0%| F|  |TAMS 0x000000070cc00000, 0x000000070cc00000| Untracked 
|  62|0x000000070ce00000, 0x000000070ce00000, 0x000000070d000000|  0%| F|  |TAMS 0x000000070ce00000, 0x000000070ce00000| Untracked 
|  63|0x000000070d000000, 0x000000070d000000, 0x000000070d200000|  0%| F|  |TAMS 0x000000070d000000, 0x000000070d000000| Untracked 
|  64|0x000000070d200000, 0x000000070d200000, 0x000000070d400000|  0%| F|  |TAMS 0x000000070d200000, 0x000000070d200000| Untracked 
|  65|0x000000070d400000, 0x000000070d400000, 0x000000070d600000|  0%| F|  |TAMS 0x000000070d400000, 0x000000070d400000| Untracked 
|  66|0x000000070d600000, 0x000000070d600000, 0x000000070d800000|  0%| F|  |TAMS 0x000000070d600000, 0x000000070d600000| Untracked 
|  67|0x000000070d800000, 0x000000070d800000, 0x000000070da00000|  0%| F|  |TAMS 0x000000070d800000, 0x000000070d800000| Untracked 
|  68|0x000000070da00000, 0x000000070da00000, 0x000000070dc00000|  0%| F|  |TAMS 0x000000070da00000, 0x000000070da00000| Untracked 
|  69|0x000000070dc00000, 0x000000070dc00000, 0x000000070de00000|  0%| F|  |TAMS 0x000000070dc00000, 0x000000070dc00000| Untracked 
|  70|0x000000070de00000, 0x000000070de00000, 0x000000070e000000|  0%| F|  |TAMS 0x000000070de00000, 0x000000070de00000| Untracked 
|  71|0x000000070e000000, 0x000000070e000000, 0x000000070e200000|  0%| F|  |TAMS 0x000000070e000000, 0x000000070e000000| Untracked 
|  72|0x000000070e200000, 0x000000070e3553f8, 0x000000070e400000| 66%| E|  |TAMS 0x000000070e200000, 0x000000070e200000| Complete 
|  73|0x000000070e400000, 0x000000070e493fa0, 0x000000070e600000| 28%| S|CS|TAMS 0x000000070e400000, 0x000000070e400000| Complete 
|  74|0x000000070e600000, 0x000000070e800000, 0x000000070e800000|100%| S|CS|TAMS 0x000000070e600000, 0x000000070e600000| Complete 
|  75|0x000000070e800000, 0x000000070ea00000, 0x000000070ea00000|100%| E|CS|TAMS 0x000000070e800000, 0x000000070e800000| Complete 
|  76|0x000000070ea00000, 0x000000070ec00000, 0x000000070ec00000|100%| E|CS|TAMS 0x000000070ea00000, 0x000000070ea00000| Complete 
|  77|0x000000070ec00000, 0x000000070ee00000, 0x000000070ee00000|100%| E|CS|TAMS 0x000000070ec00000, 0x000000070ec00000| Complete 
|  78|0x000000070ee00000, 0x000000070f000000, 0x000000070f000000|100%| E|CS|TAMS 0x000000070ee00000, 0x000000070ee00000| Complete 
|  79|0x000000070f000000, 0x000000070f200000, 0x000000070f200000|100%| E|CS|TAMS 0x000000070f000000, 0x000000070f000000| Complete 
|  80|0x000000070f200000, 0x000000070f400000, 0x000000070f400000|100%| E|CS|TAMS 0x000000070f200000, 0x000000070f200000| Complete 
|  81|0x000000070f400000, 0x000000070f600000, 0x000000070f600000|100%| E|CS|TAMS 0x000000070f400000, 0x000000070f400000| Complete 
|  82|0x000000070f600000, 0x000000070f800000, 0x000000070f800000|100%| E|CS|TAMS 0x000000070f600000, 0x000000070f600000| Complete 
|  83|0x000000070f800000, 0x000000070fa00000, 0x000000070fa00000|100%| E|CS|TAMS 0x000000070f800000, 0x000000070f800000| Complete 
| 110|0x0000000712e00000, 0x0000000713000000, 0x0000000713000000|100%| E|CS|TAMS 0x0000000712e00000, 0x0000000712e00000| Complete 
| 111|0x0000000713000000, 0x0000000713200000, 0x0000000713200000|100%| E|CS|TAMS 0x0000000713000000, 0x0000000713000000| Complete 
| 125|0x0000000714c00000, 0x0000000714e00000, 0x0000000714e00000|100%| E|CS|TAMS 0x0000000714c00000, 0x0000000714c00000| Complete 

Card table byte_map: [0x000001c770960000,0x000001c771140000] _byte_map_base: 0x000001c76d137000

Marking Bits (Prev, Next): (CMBitMap*) 0x000001c756e97680, (CMBitMap*) 0x000001c756e97640
 Prev Bits: [0x000001c7757e0000, 0x000001c779698000)
 Next Bits: [0x000001c771920000, 0x000001c7757d8000)

Polling page: 0x000001c754e30000

Metaspace:

Usage:
  Non-class:     43.56 MB capacity,    43.35 MB (>99%) used,   158.46 KB ( <1%) free+waste,    55.06 KB ( <1%) overhead. 
      Class:      6.69 MB capacity,     6.59 MB ( 98%) used,    87.56 KB (  1%) free+waste,    20.13 KB ( <1%) overhead. 
       Both:     50.26 MB capacity,    49.94 MB (>99%) used,   246.02 KB ( <1%) free+waste,    75.19 KB ( <1%) overhead. 

Virtual space:
  Non-class space:       44.00 MB reserved,      44.00 MB (100%) committed 
      Class space:        1.00 GB reserved,       6.83 MB ( <1%) committed 
             Both:        1.04 GB reserved,      50.83 MB (  5%) committed 

Chunk freelists:
   Non-Class:  448.00 KB
       Class:  25.00 KB
        Both:  473.00 KB

MaxMetaspaceSize: 17179869184.00 GB
CompressedClassSpaceSize: 1.00 GB

CodeHeap 'non-profiled nmethods': size=119168Kb used=4515Kb max_used=4515Kb free=114652Kb
 bounds [0x000001c768280000, 0x000001c7686f0000, 0x000001c76f6e0000]
CodeHeap 'profiled nmethods': size=119104Kb used=12810Kb max_used=12810Kb free=106293Kb
 bounds [0x000001c760e30000, 0x000001c761ac0000, 0x000001c768280000]
CodeHeap 'non-nmethods': size=7488Kb used=1546Kb max_used=3241Kb free=5941Kb
 bounds [0x000001c7606e0000, 0x000001c760a10000, 0x000001c760e30000]
 total_blobs=6933 nmethods=6039 adapters=805
 compilation: enabled
              stopped_count=0, restarted_count=0
 full_count=0

Compilation events (20 events):
Event: 200.626 Thread 0x000001c77d242590 6892       3       java.lang.ClassLoader::findNative (21 bytes)
Event: 200.626 Thread 0x000001c77d242590 nmethod 6892 0x000001c761ab1990 code [0x000001c761ab1b40, 0x000001c761ab1d38]
Event: 200.626 Thread 0x000001c77d242590 6893       3       jdk.internal.loader.NativeLibraries::find (72 bytes)
Event: 200.626 Thread 0x000001c77d242590 nmethod 6893 0x000001c761ab1e90 code [0x000001c761ab20c0, 0x000001c761ab2938]
Event: 200.630 Thread 0x000001c77d242590 6894       3       jdk.internal.jimage.ImageLocation::<init> (27 bytes)
Event: 200.631 Thread 0x000001c77d242590 nmethod 6894 0x000001c761ab2b90 code [0x000001c761ab2d80, 0x000001c761ab3398]
Event: 200.654 Thread 0x000001c77d242590 6896       3       java.lang.Boolean::parseBoolean (7 bytes)
Event: 200.654 Thread 0x000001c77d242590 nmethod 6896 0x000001c761ab3590 code [0x000001c761ab3740, 0x000001c761ab3868]
Event: 200.691 Thread 0x000001c77d242590 6897       3       java.util.regex.Pattern$Node::<init> (12 bytes)
Event: 200.691 Thread 0x000001c77d242590 nmethod 6897 0x000001c761ab3910 code [0x000001c761ab3ac0, 0x000001c761ab3c98]
Event: 200.701 Thread 0x000001c77d238680 6898       4       java.util.ImmutableCollections$ListN::size (6 bytes)
Event: 200.702 Thread 0x000001c77d238680 nmethod 6898 0x000001c7686e7710 code [0x000001c7686e7880, 0x000001c7686e78f8]
Event: 200.703 Thread 0x000001c77d238680 6899   !   4       java.lang.ClassLoader::addClass (27 bytes)
Event: 200.713 Thread 0x000001c77d238680 nmethod 6899 0x000001c7686e7a10 code [0x000001c7686e7bc0, 0x000001c7686e85f8]
Event: 200.719 Thread 0x000001c77d238680 6900       4       java.lang.invoke.DirectMethodHandle::internalMemberName (8 bytes)
Event: 200.720 Thread 0x000001c77d238680 nmethod 6900 0x000001c7686e8a10 code [0x000001c7686e8b80, 0x000001c7686e8bf8]
Event: 200.724 Thread 0x000001c77d242590 6901   !   3       java.nio.CharBuffer::wrap (21 bytes)
Event: 200.724 Thread 0x000001c77d242590 nmethod 6901 0x000001c761ab3d90 code [0x000001c761ab3f40, 0x000001c761ab41d8]
Event: 200.727 Thread 0x000001c77d242590 6902       3       com.sun.javafx.font.FontFileReader$Buffer::getShort (52 bytes)
Event: 200.727 Thread 0x000001c77d242590 nmethod 6902 0x000001c761ab4310 code [0x000001c761ab44a0, 0x000001c761ab4618]

GC Heap History (20 events):
Event: 1.759 GC heap before
{Heap before GC invocations=2 (full 0):
 garbage-first heap   total 258048K, used 46530K [0x0000000705200000, 0x0000000800000000)
  region size 2048K, 14 young (28672K), 2 survivors (4096K)
 Metaspace       used 20799K, capacity 21011K, committed 21248K, reserved 1069056K
  class space    used 2243K, capacity 2299K, committed 2304K, reserved 1048576K
}
Event: 1.764 GC heap after
{Heap after GC invocations=3 (full 0):
 garbage-first heap   total 258048K, used 30287K [0x0000000705200000, 0x0000000800000000)
  region size 2048K, 2 young (4096K), 2 survivors (4096K)
 Metaspace       used 20799K, capacity 21011K, committed 21248K, reserved 1069056K
  class space    used 2243K, capacity 2299K, committed 2304K, reserved 1048576K
}
Event: 3.839 GC heap before
{Heap before GC invocations=4 (full 0):
 garbage-first heap   total 110592K, used 89679K [0x0000000705200000, 0x0000000800000000)
  region size 2048K, 32 young (65536K), 2 survivors (4096K)
 Metaspace       used 31919K, capacity 32198K, committed 32636K, reserved 1079296K
  class space    used 3579K, capacity 3663K, committed 3708K, reserved 1048576K
}
Event: 3.849 GC heap after
{Heap after GC invocations=5 (full 0):
 garbage-first heap   total 110592K, used 37581K [0x0000000705200000, 0x0000000800000000)
  region size 2048K, 4 young (8192K), 4 survivors (8192K)
 Metaspace       used 31919K, capacity 32198K, committed 32636K, reserved 1079296K
  class space    used 3579K, capacity 3663K, committed 3708K, reserved 1048576K
}
Event: 7.586 GC heap before
{Heap before GC invocations=5 (full 0):
 garbage-first heap   total 110592K, used 66253K [0x0000000705200000, 0x0000000800000000)
  region size 2048K, 19 young (38912K), 4 survivors (8192K)
 Metaspace       used 34804K, capacity 35039K, committed 35452K, reserved 1081344K
  class space    used 4016K, capacity 4115K, committed 4220K, reserved 1048576K
}
Event: 7.597 GC heap after
{Heap after GC invocations=6 (full 0):
 garbage-first heap   total 133120K, used 43906K [0x0000000705200000, 0x0000000800000000)
  region size 2048K, 3 young (6144K), 3 survivors (6144K)
 Metaspace       used 34804K, capacity 35039K, committed 35452K, reserved 1081344K
  class space    used 4016K, capacity 4115K, committed 4220K, reserved 1048576K
}
Event: 8.018 GC heap before
{Heap before GC invocations=6 (full 0):
 garbage-first heap   total 133120K, used 50050K [0x0000000705200000, 0x0000000800000000)
  region size 2048K, 7 young (14336K), 3 survivors (6144K)
 Metaspace       used 35475K, capacity 35715K, committed 36048K, reserved 1081344K
  class space    used 4189K, capacity 4276K, committed 4304K, reserved 1048576K
}
Event: 8.023 GC heap after
{Heap after GC invocations=7 (full 0):
 garbage-first heap   total 133120K, used 46412K [0x0000000705200000, 0x0000000800000000)
  region size 2048K, 2 young (4096K), 2 survivors (4096K)
 Metaspace       used 35475K, capacity 35715K, committed 36048K, reserved 1081344K
  class space    used 4189K, capacity 4276K, committed 4304K, reserved 1048576K
}
Event: 12.597 GC heap before
{Heap before GC invocations=8 (full 0):
 garbage-first heap   total 133120K, used 87372K [0x0000000705200000, 0x0000000800000000)
  region size 2048K, 23 young (47104K), 2 survivors (4096K)
 Metaspace       used 40662K, capacity 40967K, committed 41680K, reserved 1085440K
  class space    used 5139K, capacity 5237K, committed 5328K, reserved 1048576K
}
Event: 12.610 GC heap after
{Heap after GC invocations=9 (full 0):
 garbage-first heap   total 133120K, used 54312K [0x0000000705200000, 0x0000000800000000)
  region size 2048K, 3 young (6144K), 3 survivors (6144K)
 Metaspace       used 40662K, capacity 40967K, committed 41680K, reserved 1085440K
  class space    used 5139K, capacity 5237K, committed 5328K, reserved 1048576K
}
Event: 14.244 GC heap before
{Heap before GC invocations=9 (full 0):
 garbage-first heap   total 133120K, used 93224K [0x0000000705200000, 0x0000000800000000)
  region size 2048K, 22 young (45056K), 3 survivors (6144K)
 Metaspace       used 46396K, capacity 46711K, committed 47440K, reserved 1091584K
  class space    used 5976K, capacity 6083K, committed 6224K, reserved 1048576K
}
Event: 14.254 GC heap after
{Heap after GC invocations=10 (full 0):
 garbage-first heap   total 133120K, used 65006K [0x0000000705200000, 0x0000000800000000)
  region size 2048K, 3 young (6144K), 3 survivors (6144K)
 Metaspace       used 46396K, capacity 46711K, committed 47440K, reserved 1091584K
  class space    used 5976K, capacity 6083K, committed 6224K, reserved 1048576K
}
Event: 14.562 GC heap before
{Heap before GC invocations=10 (full 0):
 garbage-first heap   total 133120K, used 75246K [0x0000000705200000, 0x0000000800000000)
  region size 2048K, 9 young (18432K), 3 survivors (6144K)
 Metaspace       used 46831K, capacity 47159K, committed 47824K, reserved 1091584K
  class space    used 6095K, capacity 6211K, committed 6352K, reserved 1048576K
}
Event: 14.567 GC heap after
{Heap after GC invocations=11 (full 0):
 garbage-first heap   total 133120K, used 69199K [0x0000000705200000, 0x0000000800000000)
  region size 2048K, 2 young (4096K), 2 survivors (4096K)
 Metaspace       used 46831K, capacity 47159K, committed 47824K, reserved 1091584K
  class space    used 6095K, capacity 6211K, committed 6352K, reserved 1048576K
}
Event: 14.871 GC heap before
{Heap before GC invocations=12 (full 0):
 garbage-first heap   total 143360K, used 104015K [0x0000000705200000, 0x0000000800000000)
  region size 2048K, 15 young (30720K), 2 survivors (4096K)
 Metaspace       used 47362K, capacity 47736K, committed 48464K, reserved 1091584K
  class space    used 6230K, capacity 6339K, committed 6480K, reserved 1048576K
}
Event: 14.875 GC heap after
{Heap after GC invocations=13 (full 0):
 garbage-first heap   total 143360K, used 84755K [0x0000000705200000, 0x0000000800000000)
  region size 2048K, 2 young (4096K), 2 survivors (4096K)
 Metaspace       used 47362K, capacity 47736K, committed 48464K, reserved 1091584K
  class space    used 6230K, capacity 6339K, committed 6480K, reserved 1048576K
}
Event: 15.217 GC heap before
{Heap before GC invocations=13 (full 0):
 garbage-first heap   total 143360K, used 109331K [0x0000000705200000, 0x0000000800000000)
  region size 2048K, 14 young (28672K), 2 survivors (4096K)
 Metaspace       used 47818K, capacity 48152K, committed 48848K, reserved 1091584K
  class space    used 6386K, capacity 6499K, committed 6608K, reserved 1048576K
}
Event: 15.222 GC heap after
{Heap after GC invocations=14 (full 0):
 garbage-first heap   total 143360K, used 91932K [0x0000000705200000, 0x0000000800000000)
  region size 2048K, 2 young (4096K), 2 survivors (4096K)
 Metaspace       used 47818K, capacity 48152K, committed 48848K, reserved 1091584K
  class space    used 6386K, capacity 6499K, committed 6608K, reserved 1048576K
}
Event: 15.567 GC heap before
{Heap before GC invocations=15 (full 0):
 garbage-first heap   total 161792K, used 98076K [0x0000000705200000, 0x0000000800000000)
  region size 2048K, 6 young (12288K), 2 survivors (4096K)
 Metaspace       used 48762K, capacity 49144K, committed 49744K, reserved 1091584K
  class space    used 6461K, capacity 6595K, committed 6736K, reserved 1048576K
}
Event: 15.570 GC heap after
{Heap after GC invocations=16 (full 0):
 garbage-first heap   total 161792K, used 94660K [0x0000000705200000, 0x0000000800000000)
  region size 2048K, 2 young (4096K), 2 survivors (4096K)
 Metaspace       used 48762K, capacity 49144K, committed 49744K, reserved 1091584K
  class space    used 6461K, capacity 6595K, committed 6736K, reserved 1048576K
}

Deoptimization events (20 events):
Event: 200.639 Thread 0x000001c77d89c3f0 Uncommon trap: trap_request=0xffffff45 fr.pc=0x000001c7686c5ff4 relative=0x00000000000035b4
Event: 200.639 Thread 0x000001c77d89c3f0 Uncommon trap: reason=unstable_if action=reinterpret pc=0x000001c7686c5ff4 method=java.awt.Container.isParentOf(Ljava/awt/Component;)Z @ 13 c2
Event: 200.639 Thread 0x000001c77d89c3f0 DEOPT PACKING pc=0x000001c7686c5ff4 sp=0x000000b9ef1fe020
Event: 200.639 Thread 0x000001c77d89c3f0 DEOPT UNPACKING pc=0x000001c76072e42f sp=0x000000b9ef1fdee0 mode 2
Event: 200.639 Thread 0x000001c77d89c3f0 Uncommon trap: trap_request=0xffffff45 fr.pc=0x000001c7686c5ff4 relative=0x00000000000035b4
Event: 200.639 Thread 0x000001c77d89c3f0 Uncommon trap: reason=unstable_if action=reinterpret pc=0x000001c7686c5ff4 method=java.awt.Container.isParentOf(Ljava/awt/Component;)Z @ 13 c2
Event: 200.639 Thread 0x000001c77d89c3f0 DEOPT PACKING pc=0x000001c7686c5ff4 sp=0x000000b9ef1fe100
Event: 200.639 Thread 0x000001c77d89c3f0 DEOPT UNPACKING pc=0x000001c76072e42f sp=0x000000b9ef1fdfc8 mode 2
Event: 200.639 Thread 0x000001c77d89c3f0 Uncommon trap: trap_request=0xffffff45 fr.pc=0x000001c7686c0f80 relative=0x0000000000000760
Event: 200.639 Thread 0x000001c77d89c3f0 Uncommon trap: reason=unstable_if action=reinterpret pc=0x000001c7686c0f80 method=java.awt.Container.isParentOf(Ljava/awt/Component;)Z @ 13 c2
Event: 200.639 Thread 0x000001c77d89c3f0 DEOPT PACKING pc=0x000001c7686c0f80 sp=0x000000b9ef1fe250
Event: 200.639 Thread 0x000001c77d89c3f0 DEOPT UNPACKING pc=0x000001c76072e42f sp=0x000000b9ef1fe108 mode 2
Event: 200.691 Thread 0x000001c7094e35d0 Uncommon trap: trap_request=0xffffff45 fr.pc=0x000001c768334648 relative=0x0000000000000228
Event: 200.691 Thread 0x000001c7094e35d0 Uncommon trap: reason=unstable_if action=reinterpret pc=0x000001c768334648 method=java.util.regex.Matcher.reset()Ljava/util/regex/Matcher; @ 71 c2
Event: 200.691 Thread 0x000001c7094e35d0 DEOPT PACKING pc=0x000001c768334648 sp=0x000000b9f03fd6c0
Event: 200.691 Thread 0x000001c7094e35d0 DEOPT UNPACKING pc=0x000001c76072e42f sp=0x000000b9f03fd648 mode 2
Event: 200.691 Thread 0x000001c7094e35d0 Uncommon trap: trap_request=0xffffffc6 fr.pc=0x000001c76837d2d4 relative=0x0000000000000194
Event: 200.691 Thread 0x000001c7094e35d0 Uncommon trap: reason=bimorphic_or_optimized_type_check action=maybe_recompile pc=0x000001c76837d2d4 method=java.util.regex.Pattern$Branch.match(Ljava/util/regex/Matcher;ILjava/lang/CharSequence;)Z @ 32 c2
Event: 200.691 Thread 0x000001c7094e35d0 DEOPT PACKING pc=0x000001c76837d2d4 sp=0x000000b9f03fceb0
Event: 200.691 Thread 0x000001c7094e35d0 DEOPT UNPACKING pc=0x000001c76072e42f sp=0x000000b9f03fce40 mode 2

Classes unloaded (0 events):
No events

Classes redefined (0 events):
No events

Internal exceptions (20 events):
Event: 13.614 Thread 0x000001c77d89c3f0 Exception <a 'java/lang/NoSuchMethodError'{0x000000070c4bdf28}: 'java.lang.Object java.lang.invoke.DirectMethodHandle$Holder.invokeStaticInit(java.lang.Object, java.lang.Object, java.lang.Object, java.lang.Object)'> (0x000000070c4bdf28) 
thrown [./src/hotspot/share/interpreter/linkResolver.cpp, line 782]
Event: 14.059 Thread 0x000001c77deae0c0 Implicit null exception at 0x000001c7682e9d48 to 0x000001c7682eb0cc
Event: 14.126 Thread 0x000001c77deae0c0 Implicit null exception at 0x000001c76844b3c7 to 0x000001c76844f69c
Event: 14.133 Thread 0x000001c7094e4440 Implicit null exception at 0x000001c76844b3c7 to 0x000001c76844f69c
Event: 14.144 Thread 0x000001c77deae0c0 Implicit null exception at 0x000001c76844b3c7 to 0x000001c76844f69c
Event: 14.146 Thread 0x000001c7094e4440 Implicit null exception at 0x000001c76844b3c7 to 0x000001c76844f69c
Event: 14.642 Thread 0x000001c77d89c3f0 Implicit null exception at 0x000001c768330585 to 0x000001c768330a68
Event: 15.476 Thread 0x000001c77d89c3f0 Implicit null exception at 0x000001c7685d696a to 0x000001c7685d794e
Event: 15.476 Thread 0x000001c77d89c3f0 Implicit null exception at 0x000001c7682ff272 to 0x000001c7682fffdc
Event: 15.477 Thread 0x000001c77d89c3f0 Implicit null exception at 0x000001c7683eedcd to 0x000001c7683f21ef
Event: 15.477 Thread 0x000001c77d89c3f0 Implicit null exception at 0x000001c76844866c to 0x000001c7684493a8
Event: 21.756 Thread 0x000001c77d89c3f0 Implicit null exception at 0x000001c768444e82 to 0x000001c7684463c4
Event: 22.222 Thread 0x000001c77d89c3f0 Implicit null exception at 0x000001c7684449ac to 0x000001c768444a3c
Event: 197.406 Thread 0x000001c77d89c3f0 Implicit null exception at 0x000001c76860a1d9 to 0x000001c76860abbb
Event: 197.409 Thread 0x000001c77d89c3f0 Implicit null exception at 0x000001c768538ad1 to 0x000001c76853907c
Event: 197.420 Thread 0x000001c77d89c3f0 Implicit null exception at 0x000001c768626c6a to 0x000001c768627774
Event: 197.433 Thread 0x000001c77d89c3f0 Exception <a 'java/lang/NoSuchMethodError'{0x000000070e94b510}: 'int java.lang.invoke.DirectMethodHandle$Holder.invokeStatic(java.lang.Object)'> (0x000000070e94b510) 
thrown [./src/hotspot/share/interpreter/linkResolver.cpp, line 782]
Event: 200.615 Thread 0x000001c7094e35d0 Exception <a 'java/lang/NullPointerException'{0x000000070e9915e8}> (0x000000070e9915e8) 
thrown [./src/hotspot/share/interpreter/linkResolver.cpp, line 1374]
Event: 200.624 Thread 0x000001c7094e35d0 Exception <a 'java/lang/NoSuchMethodError'{0x000000070e205eb0}: 'void java.lang.invoke.DirectMethodHandle$Holder.invokeSpecial(java.lang.Object, java.lang.Object, java.lang.Object, java.lang.Object, java.lang.Object)'> (0x000000070e205eb0) 
thrown [./src/hotspot/share/interpreter/linkResolver.cpp, line 782]
Event: 200.638 Thread 0x000001c7094e35d0 Exception <a 'java/lang/NoSuchMethodError'{0x000000070e23a758}: 'int java.lang.invoke.DirectMethodHandle$Holder.invokeSpecial(java.lang.Object, java.lang.Object, java.lang.Object, java.lang.Object)'> (0x000000070e23a758) 
thrown [./src/hotspot/share/interpreter/linkResolver.cpp, line 782]

Events (20 events):
Event: 200.646 loading class java/util/concurrent/ScheduledThreadPoolExecutor$DelayedWorkQueue done
Event: 200.646 loading class java/util/concurrent/RunnableScheduledFuture
Event: 200.646 loading class java/util/concurrent/ScheduledFuture
Event: 200.646 loading class java/util/concurrent/ScheduledFuture done
Event: 200.646 loading class java/util/concurrent/RunnableScheduledFuture done
Event: 200.647 Thread 0x000001c70d1f4b70 Thread exited: 0x000001c70d1f4b70
Event: 200.648 Thread 0x000001c77d89c8c0 Thread exited: 0x000001c77d89c8c0
Event: 200.648 Thread 0x000001c70d1f3d00 Thread exited: 0x000001c70d1f3d00
Event: 200.648 loading class java/net/CookieHandler
Event: 200.649 loading class java/net/CookieHandler done
Event: 200.652 Loaded shared library D:\Program Files\BellSoft\LibericaJDK-15-Full\bin\jfxwebkit.dll
Event: 200.689 loading class java/lang/Runtime$VersionPattern
Event: 200.689 loading class java/lang/Runtime$VersionPattern done
Event: 200.700 Loaded shared library D:\Program Files\BellSoft\LibericaJDK-15-Full\bin\javafx_font.dll
Event: 200.711 Thread 0x000001c77df355a0 Thread exited: 0x000001c77df355a0
Event: 200.723 Thread 0x000001c7094e5c50 Thread exited: 0x000001c7094e5c50
Event: 200.724 loading class sun/nio/cs/UTF_16BE$Decoder
Event: 200.724 loading class sun/nio/cs/UTF_16BE$Decoder done
Event: 200.729 loading class java/lang/Throwable$WrappedPrintStream
Event: 200.729 loading class java/lang/Throwable$WrappedPrintStream done


Dynamic libraries:
0x00007ff7d4c30000 - 0x00007ff7d4c3d000 	D:\Program Files\BellSoft\LibericaJDK-15-Full\bin\java.exe
0x00007ffe10a30000 - 0x00007ffe10c47000 	C:\Windows\SYSTEM32\ntdll.dll
0x00007ffe0f4e0000 - 0x00007ffe0f5a4000 	C:\Windows\System32\KERNEL32.DLL
0x00007ffe0dd60000 - 0x00007ffe0e10d000 	C:\Windows\System32\KERNELBASE.dll
0x00007ffe0e110000 - 0x00007ffe0e221000 	C:\Windows\System32\ucrtbase.dll
0x00007ffe08380000 - 0x00007ffe08398000 	D:\Program Files\BellSoft\LibericaJDK-15-Full\bin\jli.dll
0x00007ffe056f0000 - 0x00007ffe05705000 	D:\Program Files\BellSoft\LibericaJDK-15-Full\bin\VCRUNTIME140.dll
0x00007ffe10840000 - 0x00007ffe109ee000 	C:\Windows\System32\USER32.dll
0x00007ffe0e3c0000 - 0x00007ffe0e3e6000 	C:\Windows\System32\win32u.dll
0x00007ffe0f8a0000 - 0x00007ffe0f8c9000 	C:\Windows\System32\GDI32.dll
0x00007ffe0e230000 - 0x00007ffe0e349000 	C:\Windows\System32\gdi32full.dll
0x00007ffdefd80000 - 0x00007ffdf0013000 	C:\Windows\WinSxS\amd64_microsoft.windows.common-controls_6595b64144ccf1df_6.0.22621.3672_none_2713b9d173822955\COMCTL32.dll
0x00007ffe0e6d0000 - 0x00007ffe0e76a000 	C:\Windows\System32\msvcp_win.dll
0x00007ffe0e820000 - 0x00007ffe0e8c7000 	C:\Windows\System32\msvcrt.dll
0x00007ffe0f170000 - 0x00007ffe0f1a1000 	C:\Windows\System32\IMM32.DLL
0x00007ffe05570000 - 0x00007ffe0560b000 	D:\Program Files\BellSoft\LibericaJDK-15-Full\bin\msvcp140.dll
0x00007ffd80c40000 - 0x00007ffd817d0000 	D:\Program Files\BellSoft\LibericaJDK-15-Full\bin\server\jvm.dll
0x00007ffe10660000 - 0x00007ffe10712000 	C:\Windows\System32\ADVAPI32.dll
0x00007ffe102a0000 - 0x00007ffe10349000 	C:\Windows\System32\sechost.dll
0x00007ffe0e560000 - 0x00007ffe0e588000 	C:\Windows\System32\bcrypt.dll
0x00007ffe0f3c0000 - 0x00007ffe0f4d4000 	C:\Windows\System32\RPCRT4.dll
0x00007ffe0f1c0000 - 0x00007ffe0f1c8000 	C:\Windows\System32\PSAPI.DLL
0x00007ffe06390000 - 0x00007ffe06399000 	C:\Windows\SYSTEM32\WSOCK32.dll
0x00007ffe0f0f0000 - 0x00007ffe0f161000 	C:\Windows\System32\WS2_32.dll
0x00007ffe05500000 - 0x00007ffe05534000 	C:\Windows\SYSTEM32\WINMM.dll
0x00007ffe02a10000 - 0x00007ffe02a1a000 	C:\Windows\SYSTEM32\VERSION.dll
0x00007ffe0ce80000 - 0x00007ffe0ce98000 	C:\Windows\SYSTEM32\kernel.appcore.dll
0x00007ffe06380000 - 0x00007ffe0638a000 	D:\Program Files\BellSoft\LibericaJDK-15-Full\bin\jimage.dll
0x00007ffe0b3c0000 - 0x00007ffe0b5f2000 	C:\Windows\SYSTEM32\DBGHELP.DLL
0x00007ffe0ed50000 - 0x00007ffe0f0d8000 	C:\Windows\System32\combase.dll
0x00007ffe10510000 - 0x00007ffe105e7000 	C:\Windows\System32\OLEAUT32.dll
0x00007ffe00cf0000 - 0x00007ffe00d22000 	C:\Windows\SYSTEM32\dbgcore.DLL
0x00007ffe0e590000 - 0x00007ffe0e60b000 	C:\Windows\System32\bcryptPrimitives.dll
0x00007ffe05680000 - 0x00007ffe056a5000 	D:\Program Files\BellSoft\LibericaJDK-15-Full\bin\java.dll
0x00007ffe0f920000 - 0x00007ffe1017f000 	C:\Windows\System32\SHELL32.dll
0x00007ffe0bc80000 - 0x00007ffe0c57c000 	C:\Windows\SYSTEM32\windows.storage.dll
0x00007ffe0bb40000 - 0x00007ffe0bc7f000 	C:\Windows\SYSTEM32\wintypes.dll
0x00007ffe10740000 - 0x00007ffe10834000 	C:\Windows\System32\SHCORE.dll
0x00007ffe0f5b0000 - 0x00007ffe0f60e000 	C:\Windows\System32\shlwapi.dll
0x00007ffe0dc90000 - 0x00007ffe0dcb1000 	C:\Windows\SYSTEM32\profapi.dll
0x00007ffe05660000 - 0x00007ffe05679000 	D:\Program Files\BellSoft\LibericaJDK-15-Full\bin\net.dll
0x00007ffe073a0000 - 0x00007ffe074d6000 	C:\Windows\SYSTEM32\WINHTTP.dll
0x00007ffe0d2f0000 - 0x00007ffe0d359000 	C:\Windows\system32\mswsock.dll
0x00007ffe05640000 - 0x00007ffe05652000 	D:\Program Files\BellSoft\LibericaJDK-15-Full\bin\nio.dll
0x00007ffe05620000 - 0x00007ffe05638000 	D:\Program Files\BellSoft\LibericaJDK-15-Full\bin\zip.dll
0x00007ffd80aa0000 - 0x00007ffd80c39000 	D:\Program Files\BellSoft\LibericaJDK-15-Full\bin\awt.dll
0x00007ffe04980000 - 0x00007ffe04a17000 	C:\Windows\SYSTEM32\apphelp.dll
0x00007ffe085e0000 - 0x00007ffe0868f000 	C:\Windows\system32\uxtheme.dll
0x00007ffe0f1d0000 - 0x00007ffe0f323000 	C:\Windows\System32\MSCTF.dll
0x00007ffe0f670000 - 0x00007ffe0f815000 	C:\Windows\System32\ole32.dll
0x00007ffdd3d60000 - 0x00007ffdd3d78000 	C:\Program Files (x86)\Smadav\SmadHook64c.dll
0x00007ffe0e350000 - 0x00007ffe0e3bb000 	C:\Windows\System32\WINTRUST.dll
0x00007ffe0e3f0000 - 0x00007ffe0e557000 	C:\Windows\System32\CRYPT32.dll
0x00007ffe0d5b0000 - 0x00007ffe0d5c2000 	C:\Windows\System32\MSASN1.dll
0x00007ffe0ae20000 - 0x00007ffe0ae4b000 	C:\Windows\system32\DWMAPI.DLL
0x00007ffdef860000 - 0x00007ffdef913000 	C:\Windows\WinSxS\amd64_microsoft.windows.common-controls_6595b64144ccf1df_5.82.22621.3527_none_b43b7f4b638cc64f\comctl32.dll
0x00007ffde6b60000 - 0x00007ffde6be2000 	D:\Program Files\BellSoft\LibericaJDK-15-Full\bin\freetype.dll
0x00007ffd808f0000 - 0x00007ffd80996000 	D:\Program Files\BellSoft\LibericaJDK-15-Full\bin\fontmanager.dll
0x00007ffd809a0000 - 0x00007ffd80aa0000 	C:\Windows\system32\opengl32.dll
0x00007ffe05540000 - 0x00007ffe0556d000 	C:\Windows\SYSTEM32\GLU32.dll
0x00007ffe0b0a0000 - 0x00007ffe0b0d9000 	C:\Windows\SYSTEM32\dxcore.dll
0x00007ffdebe40000 - 0x00007ffdebfe8000 	C:\Windows\system32\d3d9.dll
0x00007ffe0da10000 - 0x00007ffe0da5e000 	C:\Windows\SYSTEM32\cfgmgr32.dll
0x00007ffe0e8d0000 - 0x00007ffe0ed44000 	C:\Windows\System32\SETUPAPI.dll
0x00007ffe0da60000 - 0x00007ffe0da8c000 	C:\Windows\SYSTEM32\DEVOBJ.dll
0x00007ffe02b10000 - 0x00007ffe02b59000 	C:\Windows\SYSTEM32\directxdatabasehelper.dll
0x00007ffe0d3f0000 - 0x00007ffe0d418000 	C:\Windows\SYSTEM32\USERENV.dll
0x00007ffe00050000 - 0x00007ffe002da000 	C:\Windows\SYSTEM32\twinapi.appcore.dll
0x00007ffe01b00000 - 0x00007ffe01b32000 	C:\Windows\SYSTEM32\cryptnet.dll
0x00007ffe018d0000 - 0x00007ffe01a28000 	C:\Windows\SYSTEM32\drvstore.dll
0x00007ffe0d620000 - 0x00007ffe0d669000 	C:\Windows\SYSTEM32\wldp.dll
0x00007ffe0d570000 - 0x00007ffe0d57c000 	C:\Windows\SYSTEM32\cryptbase.dll
0x00007ffe10720000 - 0x00007ffe1073f000 	C:\Windows\System32\imagehlp.dll
0x00007ffe0d550000 - 0x00007ffe0d56b000 	C:\Windows\System32\CRYPTSP.dll
0x00007ffe0cde0000 - 0x00007ffe0ce15000 	C:\Windows\system32\rsaenh.dll
0x00007ffd700f0000 - 0x00007ffd722db000 	C:\Windows\System32\DriverStore\FileRepository\nvhm.inf_amd64_41c48f20ac7de4fb\nvgpucomp64.dll
0x00007ffe0d380000 - 0x00007ffe0d3a6000 	C:\Windows\SYSTEM32\gpapi.dll
0x00007ffe0e770000 - 0x00007ffe0e820000 	C:\Windows\System32\clbcatq.dll
0x00007ffe06f10000 - 0x00007ffe07010000 	C:\Windows\SYSTEM32\PROPSYS.dll
0x00007ffde3700000 - 0x00007ffde37b5000 	C:\Windows\System32\Windows.FileExplorer.Common.dll
0x00007ffe05b70000 - 0x00007ffe05b8a000 	C:\Windows\system32\NetworkExplorer.dll
0x00007ffde6bf0000 - 0x00007ffde6c0e000 	C:\Windows\SYSTEM32\MPR.dll
0x00007ffe051f0000 - 0x00007ffe0521b000 	C:\Windows\System32\p9np.dll
0x00007ffe05250000 - 0x00007ffe0525c000 	C:\Windows\System32\drprov.dll
0x00007ffe051c0000 - 0x00007ffe051e2000 	C:\Windows\System32\ntlanman.dll
0x00007ffdf8650000 - 0x00007ffdf866f000 	C:\Windows\System32\davclnt.dll
0x00007ffe0c930000 - 0x00007ffe0c996000 	C:\Windows\System32\WINSTA.dll
0x00007ffe06b70000 - 0x00007ffe06b8a000 	C:\Windows\System32\wkscli.dll
0x00007ffddcff0000 - 0x00007ffddd002000 	C:\Windows\SYSTEM32\cscapi.dll
0x00007ffe0c9a0000 - 0x00007ffe0c9ac000 	C:\Windows\System32\netutils.dll
0x00007ffdecc50000 - 0x00007ffdecca6000 	C:\Windows\System32\dlnashext.dll
0x00007ffdebb90000 - 0x00007ffdebbf9000 	C:\Windows\System32\PlayToDevice.dll
0x00007ffdf0310000 - 0x00007ffdf0331000 	C:\Windows\System32\DevDispItemProvider.dll
0x00007ffdf8490000 - 0x00007ffdf852d000 	C:\Windows\System32\MMDevApi.dll
0x00007ffdcb280000 - 0x00007ffdcb325000 	C:\Windows\system32\wpdshext.dll
0x00007ffdf00d0000 - 0x00007ffdf0289000 	C:\Windows\WinSxS\amd64_microsoft.windows.gdiplus_6595b64144ccf1df_1.1.22621.3810_none_57f8d842ce19d879\gdiplus.dll
0x00007ffe053f0000 - 0x00007ffe0548e000 	C:\Windows\System32\PortableDeviceApi.dll
0x00007ffdf0ca0000 - 0x00007ffdf0cc4000 	C:\Windows\System32\EhStorAPI.dll
0x00007ffe0cc40000 - 0x00007ffe0cc54000 	C:\Windows\System32\WTSAPI32.dll
0x00007ffe00bb0000 - 0x00007ffe00bbd000 	C:\Windows\SYSTEM32\LINKINFO.dll
0x00007ffe02890000 - 0x00007ffe029c5000 	C:\Windows\System32\Windows.System.Launcher.dll
0x00007ffe07d30000 - 0x00007ffe07dc3000 	C:\Windows\System32\msvcp110_win.dll
0x00007ffe04e90000 - 0x00007ffe04eaa000 	C:\Windows\SYSTEM32\windows.staterepositorycore.dll
0x00007ffe05610000 - 0x00007ffe05620000 	D:\Program Files\BellSoft\LibericaJDK-15-Full\bin\verify.dll
0x00007ffe05c50000 - 0x00007ffe05c5e000 	D:\Program Files\BellSoft\LibericaJDK-15-Full\bin\sunmscapi.dll
0x00007ffe0d710000 - 0x00007ffe0d73e000 	C:\Windows\SYSTEM32\ncrypt.dll
0x00007ffe0d6d0000 - 0x00007ffe0d707000 	C:\Windows\SYSTEM32\NTASN1.dll
0x00007ffe0c830000 - 0x00007ffe0c928000 	C:\Windows\SYSTEM32\DNSAPI.dll
0x00007ffe0c7e0000 - 0x00007ffe0c80d000 	C:\Windows\SYSTEM32\IPHLPAPI.DLL
0x00007ffe10650000 - 0x00007ffe10659000 	C:\Windows\System32\NSI.dll
0x00007ffe054f0000 - 0x00007ffe054fa000 	C:\Windows\System32\rasadhlp.dll
0x00007ffe057f0000 - 0x00007ffe05873000 	C:\Windows\System32\fwpuclnt.dll
0x00007ffe06ef0000 - 0x00007ffe06f09000 	C:\Windows\SYSTEM32\dhcpcsvc6.DLL
0x00007ffe06ed0000 - 0x00007ffe06eef000 	C:\Windows\SYSTEM32\dhcpcsvc.DLL
0x00007ffe083e0000 - 0x00007ffe08591000 	C:\Windows\SYSTEM32\WindowsCodecs.dll
0x00007ffdd79a0000 - 0x00007ffdd79fe000 	C:\Windows\system32\dataexchange.dll
0x000001c70a830000 - 0x000001c70a833000 	D:\Program Files\BellSoft\LibericaJDK-15-Full\bin\api-ms-win-core-console-l1-1-0.dll
0x000001c70a940000 - 0x000001c70a943000 	D:\Program Files\BellSoft\LibericaJDK-15-Full\bin\api-ms-win-core-console-l1-2-0.dll
0x000001c70c950000 - 0x000001c70c953000 	D:\Program Files\BellSoft\LibericaJDK-15-Full\bin\api-ms-win-core-datetime-l1-1-0.dll
0x000001c70c960000 - 0x000001c70c963000 	D:\Program Files\BellSoft\LibericaJDK-15-Full\bin\api-ms-win-core-debug-l1-1-0.dll
0x000001c70c970000 - 0x000001c70c973000 	D:\Program Files\BellSoft\LibericaJDK-15-Full\bin\api-ms-win-core-errorhandling-l1-1-0.dll
0x000001c70c980000 - 0x000001c70c984000 	D:\Program Files\BellSoft\LibericaJDK-15-Full\bin\api-ms-win-core-file-l1-1-0.dll
0x000001c70c990000 - 0x000001c70c993000 	D:\Program Files\BellSoft\LibericaJDK-15-Full\bin\api-ms-win-core-file-l1-2-0.dll
0x000001c70c9a0000 - 0x000001c70c9a3000 	D:\Program Files\BellSoft\LibericaJDK-15-Full\bin\api-ms-win-core-file-l2-1-0.dll
0x000001c70c9b0000 - 0x000001c70c9b3000 	D:\Program Files\BellSoft\LibericaJDK-15-Full\bin\api-ms-win-core-handle-l1-1-0.dll
0x000001c70c9c0000 - 0x000001c70c9c3000 	D:\Program Files\BellSoft\LibericaJDK-15-Full\bin\api-ms-win-core-heap-l1-1-0.dll
0x000001c70c9d0000 - 0x000001c70c9d3000 	D:\Program Files\BellSoft\LibericaJDK-15-Full\bin\api-ms-win-core-interlocked-l1-1-0.dll
0x000001c70c9e0000 - 0x000001c70c9e3000 	D:\Program Files\BellSoft\LibericaJDK-15-Full\bin\api-ms-win-core-libraryloader-l1-1-0.dll

dbghelp: loaded successfully - version: 4.0.5 - missing functions: none
symbol engine: initialized successfully - sym options: 0x614 - pdb path: .;D:\Program Files\BellSoft\LibericaJDK-15-Full\bin;C:\Windows\SYSTEM32;C:\Windows\WinSxS\amd64_microsoft.windows.common-controls_6595b64144ccf1df_6.0.22621.3672_none_2713b9d173822955;D:\Program Files\BellSoft\LibericaJDK-15-Full\bin\server;C:\Program Files (x86)\Smadav;C:\Windows\WinSxS\amd64_microsoft.windows.common-controls_6595b64144ccf1df_5.82.22621.3527_none_b43b7f4b638cc64f;C:\Windows\System32\DriverStore\FileRepository\iigd_dch.inf_amd64_0fdf6ce291234272;C:\Windows\System32\DriverStore\FileRepository\nvhm.inf_amd64_41c48f20ac7de4fb;C:\Windows\WinSxS\amd64_microsoft.windows.gdiplus_6595b64144ccf1df_1.1.22621.3810_none_57f8d842ce19d879

VM Arguments:
jvm_args: -Dfile.encoding=UTF-8 
java_command: simrskhanza.SIMRSKhanza
java_class_path (initial): D:\Documents\Project\SIMRSKhanza Custom Toper\lib\lib_all\commons-codec-1.10.jar;D:\Documents\Project\SIMRSKhanza Custom Toper\lib\lib_all\calendar-src.jar;D:\Documents\Project\SIMRSKhanza Custom Toper\lib\lib_all\calendar-doc.jar;D:\Documents\Project\SIMRSKhanza Custom Toper\lib\lib_all\calendar.jar;D:\Documents\Project\SIMRSKhanza Custom Toper\lib\lib_all\jcalendar-1.4.jar;D:\Documents\Project\SIMRSKhanza Custom Toper\lib\lib_all\ant-1.7.1.jar;D:\Documents\Project\SIMRSKhanza Custom Toper\lib\lib_all\apache-httpcomponents-httpclient.jar;D:\Documents\Project\SIMRSKhanza Custom Toper\lib\lib_all\appframework-1.0.3.jar;D:\Documents\Project\SIMRSKhanza Custom Toper\lib\lib_all\barbecue-1.5-beta1.jar;D:\Documents\Project\SIMRSKhanza Custom Toper\lib\lib_all\batik-dom.jar;D:\Documents\Project\SIMRSKhanza Custom Toper\lib\lib_all\groovy-all-2.4.7.jar;D:\Documents\Project\SIMRSKhanza Custom Toper\lib\lib_all\bcel-5.2.jar;D:\Documents\Project\SIMRSKhanza Custom Toper\lib\lib_all\bcprov-jdk15on-154.jar;D:\Documents\Project\SIMRSKhanza Custom Toper\lib\lib_all\poi-4.1.0.jar;D:\Documents\Project\SIMRSKhanza Custom Toper\lib\lib_all\beansbinding-1.2.1.jar;D:\Documents\Project\SIMRSKhanza Custom Toper\lib\lib_all\bsh-2.0b4.jar;D:\Documents\Project\SIMRSKhanza Custom Toper\lib\lib_all\com-jaspersoft-ireport.jar;D:\Documents\Project\SIMRSKhanza Custom Toper\lib\lib_all\com.fasterxml.jackson.core.jar;D:\Documents\Project\SIMRSKhanza Custom Toper\lib\lib_all\comm.jar;D:\Documents\Project\SIMRSKhanza Custom Toper\lib\lib_all\common-javaFX-plugin.jar;D:\Documents\Project\SIMRSKhanza Custom Toper\lib\lib_all\commons-javaflow-20060411.jar;D:\Documents\Project\SIMRSKhanza Custom Toper\lib\lib_all\commons-logging-1.2.jar;D:\Documents\Project\SIMRSKhanza Custom Toper\lib\lib_all\fluent-hc-4.5.1.jar;D:\Documents\Project\SIMRSKhanza Custom Toper\lib\lib_all\fontbox-2.0.13.jar;D:\Documents\Project\SIMRSKhanza Custom Toper\lib\lib_all\gson-2.2.2.jar;D:\Documents\P
Launcher Type: SUN_STANDARD

[Global flags]
     intx CICompilerCount                          = 12                                        {product} {ergonomic}
     uint ConcGCThreads                            = 4                                         {product} {ergonomic}
     uint G1ConcRefinementThreads                  = 15                                        {product} {ergonomic}
   size_t G1HeapRegionSize                         = 2097152                                   {product} {ergonomic}
    uintx GCDrainStackTargetSize                   = 64                                        {product} {ergonomic}
   size_t InitialHeapSize                          = 264241152                                 {product} {ergonomic}
   size_t MarkStackSize                            = 4194304                                   {product} {ergonomic}
   size_t MaxHeapSize                              = 4208984064                                {product} {ergonomic}
   size_t MaxNewSize                               = 2524971008                                {product} {ergonomic}
   size_t MinHeapDeltaBytes                        = 2097152                                   {product} {ergonomic}
   size_t MinHeapSize                              = 8388608                                   {product} {ergonomic}
    uintx NonNMethodCodeHeapSize                   = 7602480                                {pd product} {ergonomic}
    uintx NonProfiledCodeHeapSize                  = 122027880                              {pd product} {ergonomic}
    uintx ProfiledCodeHeapSize                     = 122027880                              {pd product} {ergonomic}
    uintx ReservedCodeCacheSize                    = 251658240                              {pd product} {ergonomic}
     bool SegmentedCodeCache                       = true                                      {product} {ergonomic}
   size_t SoftMaxHeapSize                          = 4208984064                             {manageable} {ergonomic}
     bool UseCompressedClassPointers               = true                                 {lp64_product} {ergonomic}
     bool UseCompressedOops                        = true                                 {lp64_product} {ergonomic}
     bool UseG1GC                                  = true                                      {product} {ergonomic}
     bool UseLargePagesIndividualAllocation        = false                                  {pd product} {ergonomic}

Logging:
Log output configuration:
 #0: stdout all=warning uptime,level,tags
 #1: stderr all=off uptime,level,tags

Environment Variables:
JAVA_HOME=D:\Program Files\BellSoft\LibericaJDK-15-Full\
PATH=D:\Program Files\Python312\Scripts\;D:\Program Files\Python312\;C:\Program Files (x86)\Common Files\Oracle\Java\javapath;D:\Program Files\Arena\RSCommon;D:\Program Files\BellSoft\LibericaJDK-15-Full\bin\;C:\Windows\system32;C:\Windows;C:\Windows\System32\Wbem;C:\Windows\System32\WindowsPowerShell\v1.0\;C:\Windows\System32\OpenSSH\;D:\laragon\bin\php\php-7.4.9-Win32-vc15-x64;C:\ProgramData\ComposerSetup\bin;D:\Program Files\Git\cmd;C:\Users\Victus\AppData\Local\Yarn\config\global\node_modules\.bin;C:\Users\Victus\AppData\Roaming\Composer\vendor\bin;C:\Users\Victus\AppData\Roaming\npm;D:\laragon\bin;D:\laragon\bin\apache\httpd-2.4.54-win64-VS16\bin;D:\laragon\bin\composer;D:\laragon\bin\git\bin;D:\laragon\bin\git\cmd;D:\laragon\bin\git\mingw64\bin;D:\laragon\bin\git\usr\bin;D:\laragon\bin\laragon\utils;D:\laragon\bin\mysql\mysql-8.0.30-winx64\bin;D:\laragon\bin\nginx\nginx-1.22.0;D:\laragon\bin\ngrok;D:\laragon\bin\nodejs\node-v18;D:\laragon\bin\notepad++;D:\laragon\bin\php\php-7.4.9-Win32-vc15-x64;D:\laragon\bin\python\python-3.10;D:\laragon\bin\python\python-3.10\Scripts;D:\laragon\bin\redis\redis-x64-5.0.14.1;D:\laragon\bin\telnet;D:\laragon\usr\bin;C:\Users\Victus\AppData\Local\Microsoft\WindowsApps;D:\Program Files\Microsoft VS Code\bin;
USERNAME=Victus
OS=Windows_NT
PROCESSOR_IDENTIFIER=Intel64 Family 6 Model 154 Stepping 3, GenuineIntel



---------------  S Y S T E M  ---------------

OS:
 Windows 10 , 64 bit Build 22621 (10.0.22621.3672)
OS uptime: 0 days 3:42 hours
HyperV virtualization detected

CPU: total 20 (initial active 20) (10 cores per cpu, 2 threads per core) family 6 model 154 stepping 3 microcode 0x432, cmov, cx8, fxsr, mmx, sse, sse2, sse3, ssse3, sse4.1, sse4.2, popcnt, vzeroupper, avx, avx2, aes, clmul, erms, 3dnowpref, lzcnt, ht, tsc, tscinvbit, bmi1, bmi2, adx, sha, fma, clflush, clflushopt, clwb

Memory: 4k page, system-wide physical 16051M (5584M free)
TotalPageFile size 27827M (AvailPageFile size 13837M)
current process WorkingSet (physical memory assigned to process): 432M, peak: 463M
current process commit charge ("private bytes"): 486M, peak: 539M

vm_info: OpenJDK 64-Bit Server VM (15.0.2+10) for windows-amd64 JRE (15.0.2+10), built on Jan 21 2021 08:07:14 by "" with MS VC++ 15.9 (VS2017)

END.
