#
# A fatal error has been detected by the Java Runtime Environment:
#
#  EXCEPTION_ACCESS_VIOLATION (0xc0000005) at pc=0x00007ff8412e7847, pid=32168, tid=30764
#
# JRE version: OpenJDK Runtime Environment (15.0.2+10) (build 15.0.2+10)
# Java VM: OpenJDK 64-Bit Server VM (15.0.2+10, mixed mode, sharing, tiered, compressed oops, g1 gc, windows-amd64)
# Problematic frame:
# C  0x00007ff8412e7847
#
# No core dump will be written. Minidumps are not enabled by default on client versions of Windows
#
# If you would like to submit a bug report, please visit:
#   https://bugreport.java.com/bugreport/crash.jsp
# The crash happened outside the Java Virtual Machine in native code.
# See problematic frame for where to report the bug.
#

---------------  S U M M A R Y ------------

Command Line: -Dfile.encoding=UTF-8 simrskhanza.SIMRSKhanza

Host: 12th Gen Intel(R) Core(TM) i7-12700H, 20 cores, 31G,  Windows 10 , 64 bit Build 26100 (10.0.26100.4768)
Time: Fri Aug 29 11:19:09 2025 SE Asia Standard Time elapsed time: 19.244509 seconds (0d 0h 0m 19s)

---------------  T H R E A D  ---------------

Current thread (0x0000027fdab52b20):  JavaThread "JavaFX Application Thread" [_thread_in_native, id=30764, stack(0x000000dd37e00000,0x000000dd37f00000)]

Stack: [0x000000dd37e00000,0x000000dd37f00000],  sp=0x000000dd37efcc90,  free space=1011k
Native frames: (J=compiled Java code, j=interpreted, Vv=VM code, C=native code)
C  0x00007ff8412e7847

Java frames: (J=compiled Java code, j=interpreted, Vv=VM code)
j  com.sun.webkit.WebPage.twkInit(JZF)V+0 javafx.web@15.0.2
j  com.sun.webkit.WebPage.<init>(Lcom/sun/webkit/WebPageClient;Lcom/sun/webkit/UIClient;Lcom/sun/webkit/PolicyClient;Lcom/sun/webkit/InspectorClient;Lcom/sun/webkit/ThemeClient;Z)V+195 javafx.web@15.0.2
j  javafx.scene.web.WebEngine.<init>(Ljava/lang/String;Z)V+270 javafx.web@15.0.2
j  javafx.scene.web.WebEngine.<init>()V+3 javafx.web@15.0.2
j  javafx.scene.web.WebView.<init>()V+60 javafx.web@15.0.2
j  bridging.INACBGHybrid$3.run()V+4
j  com.sun.javafx.application.PlatformImpl.lambda$runLater$10(Ljava/lang/Runnable;)Ljava/lang/Void;+1 javafx.graphics@15.0.2
j  com.sun.javafx.application.PlatformImpl$$Lambda$275+0x000000080109ce70.run()Ljava/lang/Object;+4 javafx.graphics@15.0.2
J 4893 c1 java.security.AccessController.doPrivileged(Ljava/security/PrivilegedAction;Ljava/security/AccessControlContext;)Ljava/lang/Object; java.base@15.0.2 (17 bytes) @ 0x0000027faf87c9e4 [0x0000027faf87c800+0x00000000000001e4]
j  com.sun.javafx.application.PlatformImpl.lambda$runLater$11(Ljava/lang/Runnable;Ljava/security/AccessControlContext;)V+7 javafx.graphics@15.0.2
j  com.sun.javafx.application.PlatformImpl$$Lambda$274+0x000000080109ca20.run()V+8 javafx.graphics@15.0.2
j  com.sun.glass.ui.InvokeLaterDispatcher$Future.run()V+4 javafx.graphics@15.0.2
v  ~StubRoutines::call_stub
j  com.sun.glass.ui.win.WinApplication._runLoop(Ljava/lang/Runnable;)V+0 javafx.graphics@15.0.2
j  com.sun.glass.ui.win.WinApplication.lambda$runLoop$3(ILjava/lang/Runnable;)V+8 javafx.graphics@15.0.2
j  com.sun.glass.ui.win.WinApplication$$Lambda$261+0x000000080106d4a0.run()V+12 javafx.graphics@15.0.2
j  java.lang.Thread.run()V+11 java.base@15.0.2
v  ~StubRoutines::call_stub

siginfo: EXCEPTION_ACCESS_VIOLATION (0xc0000005), writing address 0x0000000000000000


Register to memory mapping:

RIP=0x00007ff8412e7847 points into unknown readable memory: ff
RAX=0x000000dd37efcd18 is pointing into the stack for thread: 0x0000027fdab52b20
RBX=0x0000027fd8820a50 points into unknown readable memory: 0x0000000000000000 | 00 00 00 00 00 00 00 00
RCX=0x0 is NULL
RDX=0x00007ff84226bcf8 points into unknown readable memory: 0x00000073656d6974 | 74 69 6d 65 73 00 00 00
RSP=0x000000dd37efcc90 is pointing into the stack for thread: 0x0000027fdab52b20
RBP=0x0000027fd8820a50 points into unknown readable memory: 0x0000000000000000 | 00 00 00 00 00 00 00 00
RSI=0x00007ff8441ef938 points into unknown readable memory: 0x00007ff842238a60 | 60 8a 23 42 f8 7f 00 00
RDI=0x000000dd37efcd88 is pointing into the stack for thread: 0x0000027fdab52b20
R8 =0x0 is NULL
R9 =0xffff828793e0c730 is an unknown value
R10=0x0000000000000005 is an unknown value
R11=0x000000dd37efc8d8 is pointing into the stack for thread: 0x0000027fdab52b20
R12=0x0000027fddc78918 points into unknown readable memory: 0x0000027fd5c31c00 | 00 1c c3 d5 7f 02 00 00
R13=0x0000027fd667bc80 points into unknown readable memory: 0x00007ff84227f7e0 | e0 f7 27 42 f8 7f 00 00
R14=0x0 is NULL
R15=0x0 is NULL


Registers:
RAX=0x000000dd37efcd18, RBX=0x0000027fd8820a50, RCX=0x0000000000000000, RDX=0x00007ff84226bcf8
RSP=0x000000dd37efcc90, RBP=0x0000027fd8820a50, RSI=0x00007ff8441ef938, RDI=0x000000dd37efcd88
R8 =0x0000000000000000, R9 =0xffff828793e0c730, R10=0x0000000000000005, R11=0x000000dd37efc8d8
R12=0x0000027fddc78918, R13=0x0000027fd667bc80, R14=0x0000000000000000, R15=0x0000000000000000
RIP=0x00007ff8412e7847, EFLAGS=0x0000000000010202

Top of Stack: (sp=0x000000dd37efcc90)
0x000000dd37efcc90:   40d8884083126e98 0000027fd8820a50
0x000000dd37efcca0:   0000027fd8820a50 0000027fd8820a50
0x000000dd37efccb0:   0000000000000000 000000dd37efccd0
0x000000dd37efccc0:   0000027fddc78900 00007ff840b9f78b
0x000000dd37efccd0:   0000000000000000 0000000000000000
0x000000dd37efcce0:   0000027fd881eb90 0000027fd881eba8
0x000000dd37efccf0:   0000027fd881eb90 00007ff840ce93da
0x000000dd37efcd00:   0000027fddc78830 0000027fd881eba8
0x000000dd37efcd10:   0000027fd667bc80 0000000000000000
0x000000dd37efcd20:   000000dd37efcd30 0000000000000001
0x000000dd37efcd30:   0000027fd8820a48 00007ff840cec8ee
0x000000dd37efcd40:   0000027fd667bc80 0000027fd8820a50
0x000000dd37efcd50:   0000000000000001 000000dd37efce29
0x000000dd37efcd60:   0000027fddc78830 00007ff84111cd43
0x000000dd37efcd70:   0000000000000000 0000027fd881eb90
0x000000dd37efcd80:   0000027fddc78830 0000000000000000 

Instructions: (pc=0x00007ff8412e7847)
0x00007ff8412e7747:   33 cc e8 e2 4d e9 00 48 83 c4 40 5e 5d 5b c3 48
0x00007ff8412e7757:   8d 0d 9b 43 f1 02 e8 be 53 e9 00 83 3d 8f 43 f1
0x00007ff8412e7767:   02 ff 0f 85 36 ff ff ff 48 8b cf e8 b9 e0 ff ff
0x00007ff8412e7777:   4c 8b 07 4c 8d 0d 53 5f 03 01 48 8b d0 48 8b cf
0x00007ff8412e7787:   4d 8b 90 08 01 00 00 4c 8d 05 4b 5f 03 01 41 ff
0x00007ff8412e7797:   d2 48 8d 0d 59 43 f1 02 48 89 05 4a 43 f1 02 e8
0x00007ff8412e77a7:   15 53 e9 00 e9 f5 fe ff ff 48 89 5c 24 08 48 89
0x00007ff8412e77b7:   74 24 10 57 48 83 ec 60 65 48 8b 04 25 58 00 00
0x00007ff8412e77c7:   00 48 8b f1 44 8b 0d c6 24 f2 02 49 8b d8 b9 18
0x00007ff8412e77d7:   00 00 00 48 8b fa 4e 8b 0c c8 42 8b 04 09 39 05
0x00007ff8412e77e7:   2d 43 f1 02 0f 8f b0 00 00 00 48 8d 44 24 40 c6
0x00007ff8412e77f7:   44 24 30 00 48 89 44 24 28 4c 8d 0d 09 43 f1 02
0x00007ff8412e7807:   4c 8b c3 48 c7 44 24 20 00 00 00 00 48 8d 94 24
0x00007ff8412e7817:   88 00 00 00 c6 44 24 40 00 48 8b ce c6 44 24 42
0x00007ff8412e7827:   00 c6 44 24 46 00 c6 44 24 48 00 c6 44 24 4c 00
0x00007ff8412e7837:   c6 44 24 4e 00 e8 0f cf 9f ff 48 8b 08 48 89 0f
0x00007ff8412e7847:   ff 01 48 8b 9c 24 88 00 00 00 48 c7 84 24 88 00
0x00007ff8412e7857:   00 00 00 00 00 00 48 85 db 74 2c 8b 03 83 e8 01
0x00007ff8412e7867:   74 15 89 03 48 8b c7 48 8b 5c 24 70 48 8b 74 24
0x00007ff8412e7877:   78 48 83 c4 60 5f c3 48 8b cb e8 aa 68 9f ff 48
0x00007ff8412e7887:   8b cb e8 92 5e d9 00 48 8b 5c 24 70 48 8b c7 48
0x00007ff8412e7897:   8b 74 24 78 48 83 c4 60 5f c3 48 8d 0d 70 42 f1
0x00007ff8412e78a7:   02 e8 73 52 e9 00 83 3d 64 42 f1 02 ff 0f 85 37
0x00007ff8412e78b7:   ff ff ff 48 8d 15 c3 c5 fe 00 48 8d 8c 24 88 00
0x00007ff8412e78c7:   00 00 e8 e2 bc db 00 48 8b 84 24 88 00 00 00 48
0x00007ff8412e78d7:   8d 0d 43 73 f4 00 48 89 05 2c 42 f1 02 e8 37 50
0x00007ff8412e78e7:   e9 00 48 8d 0d 28 42 f1 02 e8 cb 51 e9 00 e9 f7
0x00007ff8412e78f7:   fe ff ff cc cc cc cc cc cc 48 89 5c 24 08 48 89
0x00007ff8412e7907:   6c 24 20 56 57 41 56 48 83 ec 40 48 8b 05 ff da
0x00007ff8412e7917:   ef 02 48 33 c4 48 89 44 24 38 48 8b d9 41 8b e8
0x00007ff8412e7927:   48 8b 0d 5a 18 f2 02 48 8b fa 41 b8 02 00 01 00
0x00007ff8412e7937:   48 8d 54 24 20 48 8b 01 4c 8b 48 30 41 ff d1 48 


Stack slot to memory mapping:
stack at sp + 0 slots: 0x40d8884083126e98 is an unknown value
stack at sp + 1 slots: 0x0000027fd8820a50 points into unknown readable memory: 0x0000000000000000 | 00 00 00 00 00 00 00 00
stack at sp + 2 slots: 0x0000027fd8820a50 points into unknown readable memory: 0x0000000000000000 | 00 00 00 00 00 00 00 00
stack at sp + 3 slots: 0x0000027fd8820a50 points into unknown readable memory: 0x0000000000000000 | 00 00 00 00 00 00 00 00
stack at sp + 4 slots: 0x0 is NULL
stack at sp + 5 slots: 0x000000dd37efccd0 is pointing into the stack for thread: 0x0000027fdab52b20
stack at sp + 6 slots: 0x0000027fddc78900 points into unknown readable memory: 0x0000000000000000 | 00 00 00 00 00 00 00 00
stack at sp + 7 slots: 0x00007ff840b9f78b points into unknown readable memory: eb 06 4c 89 07


---------------  P R O C E S S  ---------------

Threads class SMR info:
_java_thread_list=0x0000027fd8e288d0, length=21, elements={
0x0000027fd3a90f70, 0x0000027fd3a91b40, 0x0000027fd4a9aea0, 0x0000027fd4a9b950,
0x0000027fd4a9c400, 0x0000027fd4a9d290, 0x0000027fd4aa3170, 0x0000027fd4aa4180,
0x0000027fd4b7dcd0, 0x0000027fd4d44d70, 0x0000027fd4cf8720, 0x0000027fd58b1370,
0x0000027fd5ee16a0, 0x0000027fd59b8890, 0x0000027fd63ab620, 0x0000027fd63aac80,
0x0000027fd63a8130, 0x0000027fdab53e60, 0x0000027fdab52b20, 0x0000027fdab55670,
0x0000027fdab534c0
}

Java Threads: ( => current thread )
  0x0000027fd3a90f70 JavaThread "Reference Handler" daemon [_thread_blocked, id=20884, stack(0x000000dd34900000,0x000000dd34a00000)]
  0x0000027fd3a91b40 JavaThread "Finalizer" daemon [_thread_blocked, id=31472, stack(0x000000dd34a00000,0x000000dd34b00000)]
  0x0000027fd4a9aea0 JavaThread "Signal Dispatcher" daemon [_thread_blocked, id=29668, stack(0x000000dd34b00000,0x000000dd34c00000)]
  0x0000027fd4a9b950 JavaThread "Attach Listener" daemon [_thread_blocked, id=24128, stack(0x000000dd34c00000,0x000000dd34d00000)]
  0x0000027fd4a9c400 JavaThread "Service Thread" daemon [_thread_blocked, id=35816, stack(0x000000dd34d00000,0x000000dd34e00000)]
  0x0000027fd4a9d290 JavaThread "C2 CompilerThread0" daemon [_thread_blocked, id=24304, stack(0x000000dd34e00000,0x000000dd34f00000)]
  0x0000027fd4aa3170 JavaThread "C1 CompilerThread0" daemon [_thread_blocked, id=31296, stack(0x000000dd34f00000,0x000000dd35000000)]
  0x0000027fd4aa4180 JavaThread "Sweeper thread" daemon [_thread_blocked, id=28664, stack(0x000000dd35000000,0x000000dd35100000)]
  0x0000027fd4b7dcd0 JavaThread "C1 CompilerThread1" daemon [_thread_blocked, id=30000, stack(0x000000dd35100000,0x000000dd35200000)]
  0x0000027fd4d44d70 JavaThread "Notification Thread" daemon [_thread_blocked, id=25212, stack(0x000000dd35200000,0x000000dd35300000)]
  0x0000027fd4cf8720 JavaThread "Common-Cleaner" daemon [_thread_blocked, id=27968, stack(0x000000dd35400000,0x000000dd35500000)]
  0x0000027fd58b1370 JavaThread "Java2D Disposer" daemon [_thread_blocked, id=33364, stack(0x000000dd36200000,0x000000dd36300000)]
  0x0000027fd5ee16a0 JavaThread "AWT-Shutdown" [_thread_blocked, id=25496, stack(0x000000dd36300000,0x000000dd36400000)]
  0x0000027fd59b8890 JavaThread "AWT-EventQueue-0" [_thread_blocked, id=34688, stack(0x000000dd36600000,0x000000dd36700000)]
  0x0000027fd63ab620 JavaThread "DestroyJavaVM" [_thread_blocked, id=34044, stack(0x000000dd34200000,0x000000dd34300000)]
  0x0000027fd63aac80 JavaThread "Abandoned connection cleanup thread" daemon [_thread_blocked, id=32428, stack(0x000000dd37000000,0x000000dd37100000)]
  0x0000027fd63a8130 JavaThread "TimerQueue" daemon [_thread_blocked, id=3468, stack(0x000000dd36f00000,0x000000dd37000000)]
  0x0000027fdab53e60 JavaThread "InvokeLaterDispatcher" daemon [_thread_blocked, id=28428, stack(0x000000dd37d00000,0x000000dd37e00000)]
=>0x0000027fdab52b20 JavaThread "JavaFX Application Thread" [_thread_in_native, id=30764, stack(0x000000dd37e00000,0x000000dd37f00000)]
  0x0000027fdab55670 JavaThread "Thread-2" daemon [_thread_in_native, id=32144, stack(0x000000dd36c00000,0x000000dd36d00000)]
  0x0000027fdab534c0 JavaThread "Image Fetcher 0" daemon [_thread_blocked, id=10652, stack(0x000000dd36500000,0x000000dd36600000)]

Other Threads:
  0x0000027fd3a8df40 VMThread "VM Thread" [stack: 0x000000dd34800000,0x000000dd34900000] [id=22476]
  0x0000027fd4d45a50 WatcherThread [stack: 0x000000dd35300000,0x000000dd35400000] [id=5104]
  0x0000027fa4f08040 GCTaskThread "GC Thread#0" [stack: 0x000000dd34300000,0x000000dd34400000] [id=14820]
  0x0000027fd4d3c7a0 GCTaskThread "GC Thread#1" [stack: 0x000000dd35700000,0x000000dd35800000] [id=30040]
  0x0000027fd4d3a7c0 GCTaskThread "GC Thread#2" [stack: 0x000000dd35800000,0x000000dd35900000] [id=26644]
  0x0000027fd4d3b480 GCTaskThread "GC Thread#3" [stack: 0x000000dd35900000,0x000000dd35a00000] [id=27280]
  0x0000027fd4d3cad0 GCTaskThread "GC Thread#4" [stack: 0x000000dd35a00000,0x000000dd35b00000] [id=31456]
  0x0000027fd4d3bae0 GCTaskThread "GC Thread#5" [stack: 0x000000dd35b00000,0x000000dd35c00000] [id=22792]
  0x0000027fd4d3c140 GCTaskThread "GC Thread#6" [stack: 0x000000dd35c00000,0x000000dd35d00000] [id=31928]
  0x0000027fd4d39e30 GCTaskThread "GC Thread#7" [stack: 0x000000dd35d00000,0x000000dd35e00000] [id=33652]
  0x0000027fd4d3c470 GCTaskThread "GC Thread#8" [stack: 0x000000dd35e00000,0x000000dd35f00000] [id=35448]
  0x0000027fd4d39b00 GCTaskThread "GC Thread#9" [stack: 0x000000dd35f00000,0x000000dd36000000] [id=31228]
  0x0000027fd4d39170 GCTaskThread "GC Thread#10" [stack: 0x000000dd36000000,0x000000dd36100000] [id=27248]
  0x0000027fd4d394a0 GCTaskThread "GC Thread#11" [stack: 0x000000dd36100000,0x000000dd36200000] [id=27568]
  0x0000027fa4f19070 ConcurrentGCThread "G1 Main Marker" [stack: 0x000000dd34400000,0x000000dd34500000] [id=8636]
  0x0000027fa4f1c530 ConcurrentGCThread "G1 Conc#0" [stack: 0x000000dd34500000,0x000000dd34600000] [id=22276]
  0x0000027fd640fff0 ConcurrentGCThread "G1 Conc#1" [stack: 0x000000dd35500000,0x000000dd35600000] [id=3868]
  0x0000027fd6410980 ConcurrentGCThread "G1 Conc#2" [stack: 0x000000dd36d00000,0x000000dd36e00000] [id=27608]
  0x0000027fd6412630 ConcurrentGCThread "G1 Conc#3" [stack: 0x000000dd36e00000,0x000000dd36f00000] [id=26788]
  0x0000027fa4f3e9b0 ConcurrentGCThread "G1 Refine#0" [stack: 0x000000dd34600000,0x000000dd34700000] [id=1920]
  0x0000027fda32c650 ConcurrentGCThread "G1 Refine#1" [stack: 0x000000dd37300000,0x000000dd37400000] [id=24080]
  0x0000027fda32c9b0 ConcurrentGCThread "G1 Refine#2" [stack: 0x000000dd37400000,0x000000dd37500000] [id=14572]
  0x0000027fda32cd10 ConcurrentGCThread "G1 Refine#3" [stack: 0x000000dd37500000,0x000000dd37600000] [id=12084]
  0x0000027fda32d070 ConcurrentGCThread "G1 Refine#4" [stack: 0x000000dd37600000,0x000000dd37700000] [id=14116]
  0x0000027fd397a2a0 ConcurrentGCThread "G1 Young RemSet Sampling" [stack: 0x000000dd34700000,0x000000dd34800000] [id=25512]

Threads with active compile tasks:

VM state: not at safepoint (normal execution)

VM Mutex/Monitor currently owned by a thread: None

Heap address: 0x0000000605000000, size: 8112 MB, Compressed Oops mode: Zero based, Oop shift amount: 3
CDS archive(s) mapped at: [0x0000000800000000-0x0000000800b50000-0x0000000800b50000), size 11862016, SharedBaseAddress: 0x0000000800000000, ArchiveRelocationMode: 0.
Compressed class space mapped at: 0x0000000800b50000-0x0000000840b50000, size: 1073741824
Narrow klass base: 0x0000000800000000, Narrow klass shift: 3, Narrow klass range: 0x100000000

GC Precious Log:
 CPUs: 20 total, 20 available
 Memory: 32435M
 Large Page Support: Disabled
 NUMA Support: Disabled
 Compressed Oops: Enabled (Zero based)
 Heap Region Size: 4M
 Heap Min Capacity: 8M
 Heap Initial Capacity: 508M
 Heap Max Capacity: 8112M
 Pre-touch: Disabled
 Parallel Workers: 15
 Concurrent Workers: 4
 Concurrent Refinement Workers: 15
 Periodic GC: Disabled

Heap:
 garbage-first heap   total 184320K, used 107575K [0x0000000605000000, 0x0000000800000000)
  region size 4096K, 4 young (16384K), 1 survivors (4096K)
 Metaspace       used 47268K, capacity 47584K, committed 48336K, reserved 1091584K
  class space    used 6339K, capacity 6429K, committed 6528K, reserved 1048576K

Heap Regions: E=young(eden), S=young(survivor), O=old, HS=humongous(starts), HC=humongous(continues), CS=collection set, F=free, OA=open archive, CA=closed archive, TAMS=top-at-mark-start (previous, next)
|   0|0x0000000605000000, 0x0000000605400000, 0x0000000605400000|100%| O|  |TAMS 0x0000000605400000, 0x0000000605000000| Untracked 
|   1|0x0000000605400000, 0x0000000605800000, 0x0000000605800000|100%| O|  |TAMS 0x0000000605800000, 0x0000000605400000| Untracked 
|   2|0x0000000605800000, 0x0000000605c00000, 0x0000000605c00000|100%| O|  |TAMS 0x0000000605c00000, 0x0000000605800000| Untracked 
|   3|0x0000000605c00000, 0x0000000606000000, 0x0000000606000000|100%| O|  |TAMS 0x0000000606000000, 0x0000000605c00000| Untracked 
|   4|0x0000000606000000, 0x0000000606400000, 0x0000000606400000|100%| O|  |TAMS 0x0000000606400000, 0x0000000606000000| Untracked 
|   5|0x0000000606400000, 0x00000006064c7200, 0x0000000606800000| 19%| O|  |TAMS 0x00000006064c7200, 0x0000000606400000| Untracked 
|   6|0x0000000606800000, 0x0000000606c00000, 0x0000000606c00000|100%| O|  |TAMS 0x0000000606c00000, 0x0000000606800000| Untracked 
|   7|0x0000000606c00000, 0x0000000607000000, 0x0000000607000000|100%| O|  |TAMS 0x0000000607000000, 0x0000000606c00000| Untracked 
|   8|0x0000000607000000, 0x0000000607400000, 0x0000000607400000|100%| O|  |TAMS 0x0000000607400000, 0x0000000607000000| Untracked 
|   9|0x0000000607400000, 0x0000000607800000, 0x0000000607800000|100%| O|  |TAMS 0x0000000607800000, 0x0000000607400000| Untracked 
|  10|0x0000000607800000, 0x0000000607c00000, 0x0000000607c00000|100%| O|  |TAMS 0x0000000607c00000, 0x0000000607800000| Untracked 
|  11|0x0000000607c00000, 0x0000000608000000, 0x0000000608000000|100%| O|  |TAMS 0x0000000608000000, 0x0000000607c00000| Untracked 
|  12|0x0000000608000000, 0x0000000608400000, 0x0000000608400000|100%| O|  |TAMS 0x0000000608400000, 0x0000000608000000| Untracked 
|  13|0x0000000608400000, 0x0000000608800000, 0x0000000608800000|100%| O|  |TAMS 0x0000000608800000, 0x0000000608400000| Untracked 
|  14|0x0000000608800000, 0x0000000608c00000, 0x0000000608c00000|100%| O|  |TAMS 0x0000000608c00000, 0x0000000608800000| Untracked 
|  15|0x0000000608c00000, 0x0000000609000000, 0x0000000609000000|100%| O|  |TAMS 0x0000000609000000, 0x0000000608c00000| Untracked 
|  16|0x0000000609000000, 0x0000000609400000, 0x0000000609400000|100%|HS|  |TAMS 0x0000000609400000, 0x0000000609000000| Complete 
|  17|0x0000000609400000, 0x0000000609800000, 0x0000000609800000|100%|HC|  |TAMS 0x0000000609800000, 0x0000000609400000| Complete 
|  18|0x0000000609800000, 0x0000000609c00000, 0x0000000609c00000|100%|HC|  |TAMS 0x0000000609c00000, 0x0000000609800000| Complete 
|  19|0x0000000609c00000, 0x000000060a000000, 0x000000060a000000|100%| O|  |TAMS 0x000000060a000000, 0x0000000609c00000| Untracked 
|  20|0x000000060a000000, 0x000000060a400000, 0x000000060a400000|100%| O|  |TAMS 0x000000060a244e00, 0x000000060a000000| Untracked 
|  21|0x000000060a400000, 0x000000060a800000, 0x000000060a800000|100%| O|  |TAMS 0x000000060a400000, 0x000000060a400000| Untracked 
|  22|0x000000060a800000, 0x000000060a846a00, 0x000000060ac00000|  6%| O|  |TAMS 0x000000060a800000, 0x000000060a800000| Untracked 
|  23|0x000000060ac00000, 0x000000060b000000, 0x000000060b000000|100%|HS|  |TAMS 0x000000060ac00000, 0x000000060ac00000| Complete 
|  24|0x000000060b000000, 0x000000060b400000, 0x000000060b400000|100%|HC|  |TAMS 0x000000060b000000, 0x000000060b000000| Complete 
|  25|0x000000060b400000, 0x000000060b400000, 0x000000060b800000|  0%| F|  |TAMS 0x000000060b400000, 0x000000060b400000| Untracked 
|  26|0x000000060b800000, 0x000000060b800000, 0x000000060bc00000|  0%| F|  |TAMS 0x000000060b800000, 0x000000060b800000| Untracked 
|  27|0x000000060bc00000, 0x000000060bc00000, 0x000000060c000000|  0%| F|  |TAMS 0x000000060bc00000, 0x000000060bc00000| Untracked 
|  28|0x000000060c000000, 0x000000060c000000, 0x000000060c400000|  0%| F|  |TAMS 0x000000060c000000, 0x000000060c000000| Untracked 
|  29|0x000000060c400000, 0x000000060c400000, 0x000000060c800000|  0%| F|  |TAMS 0x000000060c400000, 0x000000060c400000| Untracked 
|  30|0x000000060c800000, 0x000000060c800000, 0x000000060cc00000|  0%| F|  |TAMS 0x000000060c800000, 0x000000060c800000| Untracked 
|  31|0x000000060cc00000, 0x000000060cc00000, 0x000000060d000000|  0%| F|  |TAMS 0x000000060cc00000, 0x000000060cc00000| Untracked 
|  32|0x000000060d000000, 0x000000060d000000, 0x000000060d400000|  0%| F|  |TAMS 0x000000060d000000, 0x000000060d000000| Untracked 
|  33|0x000000060d400000, 0x000000060d800000, 0x000000060d800000|100%| S|CS|TAMS 0x000000060d400000, 0x000000060d400000| Complete 
|  34|0x000000060d800000, 0x000000060d800000, 0x000000060dc00000|  0%| F|  |TAMS 0x000000060d800000, 0x000000060d800000| Untracked 
|  35|0x000000060dc00000, 0x000000060dc00000, 0x000000060e000000|  0%| F|  |TAMS 0x000000060dc00000, 0x000000060dc00000| Untracked 
|  36|0x000000060e000000, 0x000000060e000000, 0x000000060e400000|  0%| F|  |TAMS 0x000000060e000000, 0x000000060e000000| Untracked 
|  37|0x000000060e400000, 0x000000060e400000, 0x000000060e800000|  0%| F|  |TAMS 0x000000060e400000, 0x000000060e400000| Untracked 
|  38|0x000000060e800000, 0x000000060e800000, 0x000000060ec00000|  0%| F|  |TAMS 0x000000060e800000, 0x000000060e800000| Untracked 
|  39|0x000000060ec00000, 0x000000060ec00000, 0x000000060f000000|  0%| F|  |TAMS 0x000000060ec00000, 0x000000060ec00000| Untracked 
|  40|0x000000060f000000, 0x000000060f000000, 0x000000060f400000|  0%| F|  |TAMS 0x000000060f000000, 0x000000060f000000| Untracked 
|  41|0x000000060f400000, 0x000000060f400000, 0x000000060f800000|  0%| F|  |TAMS 0x000000060f400000, 0x000000060f400000| Untracked 
|  42|0x000000060f800000, 0x000000060f877fd8, 0x000000060fc00000| 11%| E|  |TAMS 0x000000060f800000, 0x000000060f800000| Complete 
| 121|0x0000000623400000, 0x0000000623800000, 0x0000000623800000|100%| E|CS|TAMS 0x0000000623400000, 0x0000000623400000| Complete 
| 126|0x0000000624800000, 0x0000000624c00000, 0x0000000624c00000|100%| E|CS|TAMS 0x0000000624800000, 0x0000000624800000| Complete 

Card table byte_map: [0x0000027fbf1c0000,0x0000027fc01a0000] _byte_map_base: 0x0000027fbc198000

Marking Bits (Prev, Next): (CMBitMap*) 0x0000027fa4f08830, (CMBitMap*) 0x0000027fa4f08870
 Prev Bits: [0x0000027fc1180000, 0x0000027fc9040000)
 Next Bits: [0x0000027fc9040000, 0x0000027fd0f00000)

Polling page: 0x0000027fa2ff0000

Metaspace:

Usage:
  Non-class:     40.19 MB capacity,    39.97 MB (>99%) used,   175.80 KB ( <1%) free+waste,    50.44 KB ( <1%) overhead. 
      Class:      6.28 MB capacity,     6.19 MB ( 99%) used,    70.81 KB (  1%) free+waste,    18.69 KB ( <1%) overhead. 
       Both:     46.47 MB capacity,    46.16 MB (>99%) used,   246.61 KB ( <1%) free+waste,    69.13 KB ( <1%) overhead. 

Virtual space:
  Non-class space:       42.00 MB reserved,      40.83 MB ( 97%) committed 
      Class space:        1.00 GB reserved,       6.38 MB ( <1%) committed 
             Both:        1.04 GB reserved,      47.20 MB (  4%) committed 

Chunk freelists:
   Non-Class:  525.00 KB
       Class:  3.00 KB
        Both:  528.00 KB

MaxMetaspaceSize: 17179869184.00 GB
CompressedClassSpaceSize: 1.00 GB

CodeHeap 'non-profiled nmethods': size=119168Kb used=4475Kb max_used=4475Kb free=114692Kb
 bounds [0x0000027fb62d0000, 0x0000027fb6730000, 0x0000027fbd730000]
CodeHeap 'profiled nmethods': size=119104Kb used=12020Kb max_used=12020Kb free=107084Kb
 bounds [0x0000027faee80000, 0x0000027fafa40000, 0x0000027fb62d0000]
CodeHeap 'non-nmethods': size=7488Kb used=2083Kb max_used=3219Kb free=5404Kb
 bounds [0x0000027fae730000, 0x0000027faea60000, 0x0000027faee80000]
 total_blobs=6620 nmethods=5754 adapters=773
 compilation: enabled
              stopped_count=0, restarted_count=0
 full_count=0

Compilation events (20 events):
Event: 19.111 Thread 0x0000027fd4aa3170 nmethod 6611 0x0000027fafa38610 code [0x0000027fafa387c0, 0x0000027fafa38ae8]
Event: 19.111 Thread 0x0000027fd4b7dcd0 nmethod 6609 0x0000027fafa38c10 code [0x0000027fafa38fe0, 0x0000027fafa3ae48]
Event: 19.112 Thread 0x0000027fd4b7dcd0 6612       3       sun.java2d.loops.GraphicsPrimitiveMgr::locateGeneral (42 bytes)
Event: 19.112 Thread 0x0000027fd4b7dcd0 nmethod 6612 0x0000027fafa3ba90 code [0x0000027fafa3bc40, 0x0000027fafa3bf18]
Event: 19.113 Thread 0x0000027fd4b7dcd0 6613       3       java.awt.Font$FontAccessImpl::getFont2D (5 bytes)
Event: 19.113 Thread 0x0000027fd4b7dcd0 nmethod 6613 0x0000027fafa3c090 code [0x0000027fafa3c240, 0x0000027fafa3c368]
Event: 19.113 Thread 0x0000027fd4b7dcd0 6614       3       java.lang.Class::privateGetDeclaredMethods (64 bytes)
Event: 19.113 Thread 0x0000027fd4b7dcd0 nmethod 6614 0x0000027fafa3c410 code [0x0000027fafa3c620, 0x0000027fafa3ce18]
Event: 19.114 Thread 0x0000027fd4a9d290 6615       4       jdk.internal.org.objectweb.asm.MethodWriter::visitVarInsn (302 bytes)
Event: 19.118 Thread 0x0000027fd4a9d290 nmethod 6615 0x0000027fb672a390 code [0x0000027fb672a560, 0x0000027fb672abb0]
Event: 19.129 Thread 0x0000027fd4a9d290 6617   !   4       java.lang.ClassLoader::addClass (27 bytes)
Event: 19.134 Thread 0x0000027fd4a9d290 nmethod 6617 0x0000027fb672b390 code [0x0000027fb672b540, 0x0000027fb672bfe8]
Event: 19.135 Thread 0x0000027fd4a9d290 6618       4       java.security.CodeSource::<init> (52 bytes)
Event: 19.136 Thread 0x0000027fd4a9d290 nmethod 6618 0x0000027fb672c390 code [0x0000027fb672c520, 0x0000027fb672c8a8]
Event: 19.136 Thread 0x0000027fd4a9d290 6619       4       java.lang.ClassLoader::postDefineClass (39 bytes)
Event: 19.155 Thread 0x0000027fd4a9d290 nmethod 6619 0x0000027fb672c990 code [0x0000027fb672cbc0, 0x0000027fb672e0c0]
Event: 19.155 Thread 0x0000027fd4b7dcd0 6620       3       java.lang.ClassLoader::findNative (21 bytes)
Event: 19.155 Thread 0x0000027fd4b7dcd0 nmethod 6620 0x0000027fafa3d090 code [0x0000027fafa3d240, 0x0000027fafa3d438]
Event: 19.203 Thread 0x0000027fd4b7dcd0 6621       3       java.lang.Boolean::parseBoolean (7 bytes)
Event: 19.203 Thread 0x0000027fd4b7dcd0 nmethod 6621 0x0000027fafa3d590 code [0x0000027fafa3d740, 0x0000027fafa3d868]

GC Heap History (20 events):
Event: 1.822 GC heap before
{Heap before GC invocations=3 (full 0):
 garbage-first heap   total 520192K, used 36308K [0x0000000605000000, 0x0000000800000000)
  region size 4096K, 6 young (24576K), 1 survivors (4096K)
 Metaspace       used 20676K, capacity 20953K, committed 21296K, reserved 1069056K
  class space    used 2275K, capacity 2394K, committed 2432K, reserved 1048576K
}
Event: 1.824 GC heap after
{Heap after GC invocations=4 (full 0):
 garbage-first heap   total 520192K, used 24754K [0x0000000605000000, 0x0000000800000000)
  region size 4096K, 1 young (4096K), 1 survivors (4096K)
 Metaspace       used 20676K, capacity 20953K, committed 21296K, reserved 1069056K
  class space    used 2275K, capacity 2394K, committed 2432K, reserved 1048576K
}
Event: 5.833 GC heap before
{Heap before GC invocations=5 (full 0):
 garbage-first heap   total 110592K, used 86194K [0x0000000605000000, 0x0000000800000000)
  region size 4096K, 16 young (65536K), 1 survivors (4096K)
 Metaspace       used 30881K, capacity 31120K, committed 31536K, reserved 1077248K
  class space    used 3584K, capacity 3657K, committed 3712K, reserved 1048576K
}
Event: 5.839 GC heap after
{Heap after GC invocations=6 (full 0):
 garbage-first heap   total 110592K, used 36782K [0x0000000605000000, 0x0000000800000000)
  region size 4096K, 2 young (8192K), 2 survivors (8192K)
 Metaspace       used 30881K, capacity 31120K, committed 31536K, reserved 1077248K
  class space    used 3584K, capacity 3657K, committed 3712K, reserved 1048576K
}
Event: 7.711 GC heap before
{Heap before GC invocations=6 (full 0):
 garbage-first heap   total 110592K, used 61358K [0x0000000605000000, 0x0000000800000000)
  region size 4096K, 9 young (36864K), 2 survivors (8192K)
 Metaspace       used 34191K, capacity 34431K, committed 35248K, reserved 1081344K
  class space    used 4189K, capacity 4267K, committed 4352K, reserved 1048576K
}
Event: 7.715 GC heap after
{Heap after GC invocations=7 (full 0):
 garbage-first heap   total 110592K, used 44333K [0x0000000605000000, 0x0000000800000000)
  region size 4096K, 2 young (8192K), 2 survivors (8192K)
 Metaspace       used 34191K, capacity 34431K, committed 35248K, reserved 1081344K
  class space    used 4189K, capacity 4267K, committed 4352K, reserved 1048576K
}
Event: 8.222 GC heap before
{Heap before GC invocations=7 (full 0):
 garbage-first heap   total 110592K, used 48429K [0x0000000605000000, 0x0000000800000000)
  region size 4096K, 4 young (16384K), 2 survivors (8192K)
 Metaspace       used 34999K, capacity 35264K, committed 35920K, reserved 1081344K
  class space    used 4277K, capacity 4331K, committed 4352K, reserved 1048576K
}
Event: 8.227 GC heap after
{Heap after GC invocations=8 (full 0):
 garbage-first heap   total 110592K, used 45657K [0x0000000605000000, 0x0000000800000000)
  region size 4096K, 1 young (4096K), 1 survivors (4096K)
 Metaspace       used 34999K, capacity 35264K, committed 35920K, reserved 1081344K
  class space    used 4277K, capacity 4331K, committed 4352K, reserved 1048576K
}
Event: 10.677 GC heap before
{Heap before GC invocations=9 (full 0):
 garbage-first heap   total 110592K, used 70233K [0x0000000605000000, 0x0000000800000000)
  region size 4096K, 7 young (28672K), 1 survivors (4096K)
 Metaspace       used 37514K, capacity 37762K, committed 38480K, reserved 1083392K
  class space    used 4922K, capacity 5035K, committed 5120K, reserved 1048576K
}
Event: 10.680 GC heap after
{Heap after GC invocations=10 (full 0):
 garbage-first heap   total 110592K, used 50158K [0x0000000605000000, 0x0000000800000000)
  region size 4096K, 1 young (4096K), 1 survivors (4096K)
 Metaspace       used 37514K, capacity 37762K, committed 38480K, reserved 1083392K
  class space    used 4922K, capacity 5035K, committed 5120K, reserved 1048576K
}
Event: 11.686 GC heap before
{Heap before GC invocations=10 (full 0):
 garbage-first heap   total 110592K, used 74734K [0x0000000605000000, 0x0000000800000000)
  region size 4096K, 7 young (28672K), 1 survivors (4096K)
 Metaspace       used 42242K, capacity 42544K, committed 43344K, reserved 1087488K
  class space    used 5477K, capacity 5561K, committed 5632K, reserved 1048576K
}
Event: 11.689 GC heap after
{Heap after GC invocations=11 (full 0):
 garbage-first heap   total 110592K, used 56339K [0x0000000605000000, 0x0000000800000000)
  region size 4096K, 1 young (4096K), 1 survivors (4096K)
 Metaspace       used 42242K, capacity 42544K, committed 43344K, reserved 1087488K
  class space    used 5477K, capacity 5561K, committed 5632K, reserved 1048576K
}
Event: 12.132 GC heap before
{Heap before GC invocations=12 (full 0):
 garbage-first heap   total 110592K, used 68627K [0x0000000605000000, 0x0000000800000000)
  region size 4096K, 6 young (24576K), 1 survivors (4096K)
 Metaspace       used 43007K, capacity 43344K, committed 44112K, reserved 1087488K
  class space    used 5684K, capacity 5785K, committed 5888K, reserved 1048576K
}
Event: 12.135 GC heap after
{Heap after GC invocations=13 (full 0):
 garbage-first heap   total 110592K, used 63344K [0x0000000605000000, 0x0000000800000000)
  region size 4096K, 1 young (4096K), 1 survivors (4096K)
 Metaspace       used 43007K, capacity 43344K, committed 44112K, reserved 1087488K
  class space    used 5684K, capacity 5785K, committed 5888K, reserved 1048576K
}
Event: 12.239 GC heap before
{Heap before GC invocations=14 (full 0):
 garbage-first heap   total 151552K, used 83824K [0x0000000605000000, 0x0000000800000000)
  region size 4096K, 4 young (16384K), 1 survivors (4096K)
 Metaspace       used 43141K, capacity 43504K, committed 44112K, reserved 1087488K
  class space    used 5721K, capacity 5817K, committed 5888K, reserved 1048576K
}
Event: 12.242 GC heap after
{Heap after GC invocations=15 (full 0):
 garbage-first heap   total 151552K, used 76607K [0x0000000605000000, 0x0000000800000000)
  region size 4096K, 1 young (4096K), 1 survivors (4096K)
 Metaspace       used 43141K, capacity 43504K, committed 44112K, reserved 1087488K
  class space    used 5721K, capacity 5817K, committed 5888K, reserved 1048576K
}
Event: 12.603 GC heap before
{Heap before GC invocations=15 (full 0):
 garbage-first heap   total 151552K, used 105279K [0x0000000605000000, 0x0000000800000000)
  region size 4096K, 8 young (32768K), 1 survivors (4096K)
 Metaspace       used 43848K, capacity 44145K, committed 44752K, reserved 1087488K
  class space    used 5916K, capacity 6009K, committed 6016K, reserved 1048576K
}
Event: 12.606 GC heap after
{Heap after GC invocations=16 (full 0):
 garbage-first heap   total 151552K, used 85040K [0x0000000605000000, 0x0000000800000000)
  region size 4096K, 1 young (4096K), 1 survivors (4096K)
 Metaspace       used 43848K, capacity 44145K, committed 44752K, reserved 1087488K
  class space    used 5916K, capacity 6009K, committed 6016K, reserved 1048576K
}
Event: 13.074 GC heap before
{Heap before GC invocations=17 (full 0):
 garbage-first heap   total 159744K, used 101424K [0x0000000605000000, 0x0000000800000000)
  region size 4096K, 6 young (24576K), 1 survivors (4096K)
 Metaspace       used 45072K, capacity 45393K, committed 46032K, reserved 1089536K
  class space    used 6084K, capacity 6169K, committed 6272K, reserved 1048576K
}
Event: 13.076 GC heap after
{Heap after GC invocations=18 (full 0):
 garbage-first heap   total 159744K, used 91191K [0x0000000605000000, 0x0000000800000000)
  region size 4096K, 1 young (4096K), 1 survivors (4096K)
 Metaspace       used 45072K, capacity 45393K, committed 46032K, reserved 1089536K
  class space    used 6084K, capacity 6169K, committed 6272K, reserved 1048576K
}

Deoptimization events (20 events):
Event: 19.110 Thread 0x0000027fd59b8890 Uncommon trap: trap_request=0xffffff45 fr.pc=0x0000027fb6688f24 relative=0x00000000000003a4
Event: 19.110 Thread 0x0000027fd59b8890 Uncommon trap: reason=unstable_if action=reinterpret pc=0x0000027fb6688f24 method=java.awt.GradientPaintContext.<init>(Ljava/awt/image/ColorModel;Ljava/awt/geom/Point2D;Ljava/awt/geom/Point2D;Ljava/awt/geom/AffineTransform;Ljava/awt/Color;Ljava/awt/Color;
Event: 19.110 Thread 0x0000027fd59b8890 DEOPT PACKING pc=0x0000027fb6688f24 sp=0x000000dd366fad30
Event: 19.110 Thread 0x0000027fd59b8890 DEOPT UNPACKING pc=0x0000027fae77e42f sp=0x000000dd366fac60 mode 2
Event: 19.110 Thread 0x0000027fd59b8890 Uncommon trap: trap_request=0xffffffbe fr.pc=0x0000027fb65eefd4 relative=0x00000000000009b4
Event: 19.110 Thread 0x0000027fd59b8890 Uncommon trap: reason=profile_predicate action=maybe_recompile pc=0x0000027fb65eefd4 method=java.awt.GradientPaintContext.<init>(Ljava/awt/image/ColorModel;Ljava/awt/geom/Point2D;Ljava/awt/geom/Point2D;Ljava/awt/geom/AffineTransform;Ljava/awt/Color;Ljava/
Event: 19.110 Thread 0x0000027fd59b8890 DEOPT PACKING pc=0x0000027fb65eefd4 sp=0x000000dd366fad60
Event: 19.110 Thread 0x0000027fd59b8890 DEOPT UNPACKING pc=0x0000027fae77e42f sp=0x000000dd366fac68 mode 2
Event: 19.117 Thread 0x0000027fd59b8890 Uncommon trap: trap_request=0xffffff45 fr.pc=0x0000027fb6462444 relative=0x00000000000000a4
Event: 19.117 Thread 0x0000027fd59b8890 Uncommon trap: reason=unstable_if action=reinterpret pc=0x0000027fb6462444 method=java.awt.AWTKeyStroke.equals(Ljava/lang/Object;)Z @ 20 c2
Event: 19.117 Thread 0x0000027fd59b8890 DEOPT PACKING pc=0x0000027fb6462444 sp=0x000000dd366fcba0
Event: 19.117 Thread 0x0000027fd59b8890 DEOPT UNPACKING pc=0x0000027fae77e42f sp=0x000000dd366fcb30 mode 2
Event: 19.140 Thread 0x0000027fd59b8890 Uncommon trap: trap_request=0xffffff45 fr.pc=0x0000027fb65219fc relative=0x00000000000001dc
Event: 19.140 Thread 0x0000027fd59b8890 Uncommon trap: reason=unstable_if action=reinterpret pc=0x0000027fb65219fc method=javax.swing.ArrayTable.size()I @ 4 c2
Event: 19.140 Thread 0x0000027fd59b8890 DEOPT PACKING pc=0x0000027fb65219fc sp=0x000000dd366fd220
Event: 19.140 Thread 0x0000027fd59b8890 DEOPT UNPACKING pc=0x0000027fae77e42f sp=0x000000dd366fd178 mode 2
Event: 19.208 Thread 0x0000027fdab52b20 Uncommon trap: trap_request=0xffffff45 fr.pc=0x0000027fb6592748 relative=0x0000000000000228
Event: 19.208 Thread 0x0000027fdab52b20 Uncommon trap: reason=unstable_if action=reinterpret pc=0x0000027fb6592748 method=java.util.regex.Matcher.reset()Ljava/util/regex/Matcher; @ 71 c2
Event: 19.208 Thread 0x0000027fdab52b20 DEOPT PACKING pc=0x0000027fb6592748 sp=0x000000dd37efd3d0
Event: 19.208 Thread 0x0000027fdab52b20 DEOPT UNPACKING pc=0x0000027fae77e42f sp=0x000000dd37efd358 mode 2

Classes unloaded (0 events):
No events

Classes redefined (0 events):
No events

Internal exceptions (20 events):
Event: 12.967 Thread 0x0000027fd59b8890 Exception <a 'java/io/FileNotFoundException'{0x000000060daffe30}> (0x000000060daffe30) 
thrown [./src/hotspot/share/prims/jni.cpp, line 578]
Event: 12.982 Thread 0x0000027fd59b8890 Implicit null exception at 0x0000027fb6522027 to 0x0000027fb6522255
Event: 12.982 Thread 0x0000027fd59b8890 Implicit null exception at 0x0000027fb6354c72 to 0x0000027fb63559dc
Event: 12.982 Thread 0x0000027fd59b8890 Implicit null exception at 0x0000027fb6524400 to 0x0000027fb65266db
Event: 12.982 Thread 0x0000027fd59b8890 Implicit null exception at 0x0000027fb636226c to 0x0000027fb6362fa8
Event: 12.992 Thread 0x0000027fd59b8890 Implicit null exception at 0x0000027fb64c4189 to 0x0000027fb64c49d0
Event: 18.694 Thread 0x0000027fd59b8890 Implicit null exception at 0x0000027fb63d5d09 to 0x0000027fb63d6e10
Event: 18.789 Thread 0x0000027fd59b8890 Implicit null exception at 0x0000027fb6698ecd to 0x0000027fb669984f
Event: 18.789 Thread 0x0000027fd59b8890 Implicit null exception at 0x0000027fb6484cbf to 0x0000027fb648674c
Event: 18.790 Thread 0x0000027fd59b8890 Implicit null exception at 0x0000027fb65a4851 to 0x0000027fb65a4dd4
Event: 18.790 Thread 0x0000027fd59b8890 Implicit null exception at 0x0000027fb64844ac to 0x0000027fb648453c
Event: 18.803 Thread 0x0000027fd59b8890 Implicit null exception at 0x0000027fb66dab6a to 0x0000027fb66db62c
Event: 18.831 Thread 0x0000027fd59b8890 Exception <a 'java/lang/NoSuchMethodError'{0x00000006236e1c18}: 'int java.lang.invoke.DirectMethodHandle$Holder.invokeStatic(java.lang.Object)'> (0x00000006236e1c18) 
thrown [./src/hotspot/share/interpreter/linkResolver.cpp, line 782]
Event: 19.110 Thread 0x0000027fdab52b20 Exception <a 'java/lang/NullPointerException'{0x000000062376eca0}> (0x000000062376eca0) 
thrown [./src/hotspot/share/interpreter/linkResolver.cpp, line 1374]
Event: 19.114 Thread 0x0000027fdab52b20 Exception <a 'java/lang/NoSuchMethodError'{0x000000062378a898}: 'void java.lang.invoke.DirectMethodHandle$Holder.invokeSpecial(java.lang.Object, java.lang.Object, java.lang.Object, java.lang.Object, java.lang.Object)'> (0x000000062378a898) 
thrown [./src/hotspot/share/interpreter/linkResolver.cpp, line 782]
Event: 19.125 Thread 0x0000027fdab52b20 Exception <a 'java/lang/NoSuchMethodError'{0x00000006237bf0e0}: 'int java.lang.invoke.DirectMethodHandle$Holder.invokeSpecial(java.lang.Object, java.lang.Object, java.lang.Object, java.lang.Object)'> (0x00000006237bf0e0) 
thrown [./src/hotspot/share/interpreter/linkResolver.cpp, line 782]
Event: 19.140 Thread 0x0000027fd59b8890 Implicit null exception at 0x0000027fb652185a to 0x0000027fb65219e8
Event: 19.227 Thread 0x0000027fdab52b20 Exception <a 'java/lang/NullPointerException'{0x000000060f865610}> (0x000000060f865610) 
thrown [./src/hotspot/share/interpreter/linkResolver.cpp, line 1374]
Event: 19.228 Thread 0x0000027fdab52b20 Exception <a 'java/lang/NullPointerException'{0x000000060f86aa40}> (0x000000060f86aa40) 
thrown [./src/hotspot/share/interpreter/linkResolver.cpp, line 1374]
Event: 19.228 Thread 0x0000027fdab52b20 Exception <a 'java/lang/NullPointerException'{0x000000060f86f940}> (0x000000060f86f940) 
thrown [./src/hotspot/share/interpreter/linkResolver.cpp, line 1374]

Events (20 events):
Event: 19.136 loading class java/net/CookieHandler done
Event: 19.143 Thread 0x0000027fdab53990 Thread added: 0x0000027fdab53990
Event: 19.143 Thread 0x0000027fdab551a0 Thread added: 0x0000027fdab551a0
Event: 19.143 Thread 0x0000027fdab52180 Thread added: 0x0000027fdab52180
Event: 19.143 Thread 0x0000027fdab55b40 Thread added: 0x0000027fdab55b40
Event: 19.155 Loaded shared library C:\Program Files\BellSoft\LibericaJDK-15-Full\bin\jfxwebkit.dll
Event: 19.155 Thread 0x0000027fdab551a0 Thread exited: 0x0000027fdab551a0
Event: 19.155 Thread 0x0000027fdab55b40 Thread exited: 0x0000027fdab55b40
Event: 19.155 Thread 0x0000027fdab53990 Thread exited: 0x0000027fdab53990
Event: 19.161 Thread 0x0000027fd586aa60 Thread exited: 0x0000027fd586aa60
Event: 19.200 Thread 0x0000027fd63aa7b0 Thread exited: 0x0000027fd63aa7b0
Event: 19.208 Thread 0x0000027fd5f2ee90 Thread exited: 0x0000027fd5f2ee90
Event: 19.208 loading class java/lang/Runtime$VersionPattern
Event: 19.208 loading class java/lang/Runtime$VersionPattern done
Event: 19.208 loading class java/util/regex/Pattern$Loop
Event: 19.208 loading class java/util/regex/Pattern$Loop done
Event: 19.208 loading class java/util/regex/Pattern$Prolog
Event: 19.208 loading class java/util/regex/Pattern$Prolog done
Event: 19.227 loading class java/lang/Throwable$WrappedPrintStream
Event: 19.227 loading class java/lang/Throwable$WrappedPrintStream done


Dynamic libraries:
0x00007ff709e20000 - 0x00007ff709e2d000 	C:\Program Files\BellSoft\LibericaJDK-15-Full\bin\java.exe
0x00007ff918d40000 - 0x00007ff918fa7000 	C:\WINDOWS\SYSTEM32\ntdll.dll
0x00007ff917530000 - 0x00007ff9175f9000 	C:\WINDOWS\System32\KERNEL32.DLL
0x00007ff916120000 - 0x00007ff916510000 	C:\WINDOWS\System32\KERNELBASE.dll
0x00007ff916520000 - 0x00007ff91666b000 	C:\WINDOWS\System32\ucrtbase.dll
0x00007ff8e9e60000 - 0x00007ff8e9e75000 	C:\Program Files\BellSoft\LibericaJDK-15-Full\bin\VCRUNTIME140.dll
0x00007ff8e9b50000 - 0x00007ff8e9b68000 	C:\Program Files\BellSoft\LibericaJDK-15-Full\bin\jli.dll
0x00007ff916bf0000 - 0x00007ff916db5000 	C:\WINDOWS\System32\USER32.dll
0x00007ff915e70000 - 0x00007ff915e97000 	C:\WINDOWS\System32\win32u.dll
0x00007ff8f3cb0000 - 0x00007ff8f3f4a000 	C:\WINDOWS\WinSxS\amd64_microsoft.windows.common-controls_6595b64144ccf1df_6.0.26100.4768_none_3e0c112ce331287c\COMCTL32.dll
0x00007ff918b80000 - 0x00007ff918bab000 	C:\WINDOWS\System32\GDI32.dll
0x00007ff9189d0000 - 0x00007ff918a79000 	C:\WINDOWS\System32\msvcrt.dll
0x00007ff915fe0000 - 0x00007ff916118000 	C:\WINDOWS\System32\gdi32full.dll
0x00007ff915f30000 - 0x00007ff915fd3000 	C:\WINDOWS\System32\msvcp_win.dll
0x00007ff918660000 - 0x00007ff91868f000 	C:\WINDOWS\System32\IMM32.DLL
0x00007ff8b10d0000 - 0x00007ff8b116b000 	C:\Program Files\BellSoft\LibericaJDK-15-Full\bin\msvcp140.dll
0x00007ff894c00000 - 0x00007ff895790000 	C:\Program Files\BellSoft\LibericaJDK-15-Full\bin\server\jvm.dll
0x00007ff918190000 - 0x00007ff918244000 	C:\WINDOWS\System32\ADVAPI32.dll
0x00007ff917600000 - 0x00007ff9176a6000 	C:\WINDOWS\System32\sechost.dll
0x00007ff918bb0000 - 0x00007ff918cc8000 	C:\WINDOWS\System32\RPCRT4.dll
0x00007ff9186a0000 - 0x00007ff9186a8000 	C:\WINDOWS\System32\PSAPI.DLL
0x00007ff907030000 - 0x00007ff907065000 	C:\WINDOWS\SYSTEM32\WINMM.dll
0x00007ff8ea580000 - 0x00007ff8ea58a000 	C:\WINDOWS\SYSTEM32\WSOCK32.dll
0x00007ff90a100000 - 0x00007ff90a10b000 	C:\WINDOWS\SYSTEM32\VERSION.dll
0x00007ff9185e0000 - 0x00007ff918654000 	C:\WINDOWS\System32\WS2_32.dll
0x00007ff914bf0000 - 0x00007ff914c0b000 	C:\WINDOWS\SYSTEM32\kernel.appcore.dll
0x00007ff8f1b80000 - 0x00007ff8f1b8a000 	C:\Program Files\BellSoft\LibericaJDK-15-Full\bin\jimage.dll
0x00007ff913470000 - 0x00007ff9136b1000 	C:\WINDOWS\SYSTEM32\DBGHELP.DLL
0x00007ff918250000 - 0x00007ff9185d5000 	C:\WINDOWS\System32\combase.dll
0x00007ff916dc0000 - 0x00007ff916ea0000 	C:\WINDOWS\System32\OLEAUT32.dll
0x00007ff8e9840000 - 0x00007ff8e9883000 	C:\WINDOWS\SYSTEM32\dbgcore.DLL
0x00007ff9167f0000 - 0x00007ff916889000 	C:\WINDOWS\System32\bcryptPrimitives.dll
0x00007ff8e9a00000 - 0x00007ff8e9a25000 	C:\Program Files\BellSoft\LibericaJDK-15-Full\bin\java.dll
0x00007ff917a40000 - 0x00007ff91818d000 	C:\WINDOWS\System32\SHELL32.dll
0x00007ff916670000 - 0x00007ff9167e3000 	C:\WINDOWS\System32\wintypes.dll
0x00007ff913a20000 - 0x00007ff914280000 	C:\WINDOWS\SYSTEM32\windows.storage.dll
0x00007ff916ad0000 - 0x00007ff916bc5000 	C:\WINDOWS\System32\SHCORE.dll
0x00007ff917820000 - 0x00007ff91788a000 	C:\WINDOWS\System32\shlwapi.dll
0x00007ff915d90000 - 0x00007ff915db9000 	C:\WINDOWS\SYSTEM32\profapi.dll
0x00007ff8e9e40000 - 0x00007ff8e9e59000 	C:\Program Files\BellSoft\LibericaJDK-15-Full\bin\net.dll
0x00007ff90c700000 - 0x00007ff90c81e000 	C:\WINDOWS\SYSTEM32\WINHTTP.dll
0x00007ff915180000 - 0x00007ff9151eb000 	C:\WINDOWS\system32\mswsock.dll
0x00007ff8e99e0000 - 0x00007ff8e99f2000 	C:\Program Files\BellSoft\LibericaJDK-15-Full\bin\nio.dll
0x00007ff8e99c0000 - 0x00007ff8e99d8000 	C:\Program Files\BellSoft\LibericaJDK-15-Full\bin\zip.dll
0x00007ff8a3590000 - 0x00007ff8a3729000 	C:\Program Files\BellSoft\LibericaJDK-15-Full\bin\awt.dll
0x00007ff9128e0000 - 0x00007ff91297e000 	C:\WINDOWS\SYSTEM32\apphelp.dll
0x00007ff912a20000 - 0x00007ff912acf000 	C:\WINDOWS\system32\uxtheme.dll
0x00007ff9176b0000 - 0x00007ff917811000 	C:\WINDOWS\System32\MSCTF.dll
0x00007ff917890000 - 0x00007ff917a30000 	C:\WINDOWS\System32\ole32.dll
0x00007ff8dd7b0000 - 0x00007ff8dd7c8000 	C:\Program Files (x86)\Smadav\SmadHook64c.dll
0x00007ff915ea0000 - 0x00007ff915f24000 	C:\WINDOWS\System32\WINTRUST.dll
0x00007ff916950000 - 0x00007ff916ac7000 	C:\WINDOWS\System32\CRYPT32.dll
0x00007ff9154b0000 - 0x00007ff9154c3000 	C:\WINDOWS\SYSTEM32\MSASN1.dll
0x00007ff912e50000 - 0x00007ff912e85000 	C:\WINDOWS\system32\DWMAPI.DLL
0x00007ff8e44b0000 - 0x00007ff8e4564000 	C:\WINDOWS\WinSxS\amd64_microsoft.windows.common-controls_6595b64144ccf1df_5.82.26100.4484_none_87ef4f277a2c8b1a\comctl32.dll
0x00007ff8a3990000 - 0x00007ff8a3a12000 	C:\Program Files\BellSoft\LibericaJDK-15-Full\bin\freetype.dll
0x00007ff8a33c0000 - 0x00007ff8a3466000 	C:\Program Files\BellSoft\LibericaJDK-15-Full\bin\fontmanager.dll
0x00007ff8a3470000 - 0x00007ff8a3588000 	C:\WINDOWS\system32\opengl32.dll
0x00007ff8aac20000 - 0x00007ff8aac4d000 	C:\WINDOWS\SYSTEM32\GLU32.dll
0x00007ff912c00000 - 0x00007ff912c4d000 	C:\WINDOWS\SYSTEM32\dxcore.dll
0x00007ff917430000 - 0x00007ff9174d8000 	C:\WINDOWS\System32\clbcatq.dll
0x00007ff910350000 - 0x00007ff91045d000 	C:\WINDOWS\SYSTEM32\PROPSYS.dll
0x00007ff8e9490000 - 0x00007ff8e9552000 	C:\Windows\System32\Windows.FileExplorer.Common.dll
0x00007ff915b10000 - 0x00007ff915b67000 	C:\WINDOWS\SYSTEM32\CFGMGR32.dll
0x00007ff8f38f0000 - 0x00007ff8f390b000 	C:\WINDOWS\system32\NetworkExplorer.dll
0x00007ff8e96b0000 - 0x00007ff8e9831000 	C:\Windows\System32\Windows.System.Launcher.dll
0x00007ff8fe080000 - 0x00007ff8fe09a000 	C:\WINDOWS\SYSTEM32\windows.staterepositorycore.dll
0x00007ff8f2530000 - 0x00007ff8f2551000 	C:\WINDOWS\SYSTEM32\MPR.dll
0x00007ff8cc7d0000 - 0x00007ff8cc7f2000 	C:\WINDOWS\System32\p9np.dll
0x00007ff905a20000 - 0x00007ff905a2d000 	C:\WINDOWS\System32\drprov.dll
0x00007ff8cc7b0000 - 0x00007ff8cc7cd000 	C:\WINDOWS\System32\ntlanman.dll
0x00007ff8cc780000 - 0x00007ff8cc7a1000 	C:\WINDOWS\System32\davclnt.dll
0x00007ff915520000 - 0x00007ff91558a000 	C:\WINDOWS\System32\WINSTA.dll
0x00007ff90b970000 - 0x00007ff90b98b000 	C:\WINDOWS\System32\wkscli.dll
0x00007ff8edd80000 - 0x00007ff8edd93000 	C:\WINDOWS\SYSTEM32\cscapi.dll
0x00007ff914570000 - 0x00007ff91457d000 	C:\WINDOWS\System32\netutils.dll
0x00007ff8fe450000 - 0x00007ff8fe4aa000 	C:\Windows\System32\dlnashext.dll
0x00007ff8b5490000 - 0x00007ff8b54ec000 	C:\Windows\System32\PlayToDevice.dll
0x00007ff906c20000 - 0x00007ff906c42000 	C:\Windows\System32\DevDispItemProvider.dll
0x00007ff90b170000 - 0x00007ff90b212000 	C:\WINDOWS\System32\MMDevApi.dll
0x00007ff915ae0000 - 0x00007ff915b0d000 	C:\WINDOWS\System32\DEVOBJ.dll
0x00007ff8aac60000 - 0x00007ff8aad0b000 	C:\WINDOWS\system32\wpdshext.dll
0x00007ff8e47b0000 - 0x00007ff8e498f000 	C:\WINDOWS\WinSxS\amd64_microsoft.windows.gdiplus_6595b64144ccf1df_1.1.26100.4946_none_6ef530c63dc53cfc\gdiplus.dll
0x00007ff90af40000 - 0x00007ff90afde000 	C:\Windows\System32\PortableDeviceApi.dll
0x00007ff916f90000 - 0x00007ff917416000 	C:\WINDOWS\System32\SETUPAPI.dll
0x00007ff8b2780000 - 0x00007ff8b27a5000 	C:\Windows\System32\EhStorAPI.dll
0x00007ff912990000 - 0x00007ff9129a6000 	C:\Windows\System32\WTSAPI32.dll
0x00007ff8ef7c0000 - 0x00007ff8ef7cf000 	C:\WINDOWS\SYSTEM32\LINKINFO.dll
0x00007ff8f1880000 - 0x00007ff8f1890000 	C:\Program Files\BellSoft\LibericaJDK-15-Full\bin\verify.dll
0x00007ff914640000 - 0x00007ff914766000 	C:\WINDOWS\SYSTEM32\DNSAPI.dll
0x00007ff9145b0000 - 0x00007ff9145e3000 	C:\WINDOWS\SYSTEM32\IPHLPAPI.DLL
0x00007ff916be0000 - 0x00007ff916bea000 	C:\WINDOWS\System32\NSI.dll
0x00007ff90b8d0000 - 0x00007ff90b8db000 	C:\Windows\System32\rasadhlp.dll
0x00007ff90cf50000 - 0x00007ff90cfd6000 	C:\WINDOWS\System32\fwpuclnt.dll
0x00007ff910f50000 - 0x00007ff91118f000 	C:\WINDOWS\SYSTEM32\WindowsCodecs.dll
0x00007ff8ef810000 - 0x00007ff8ef86a000 	C:\WINDOWS\system32\dataexchange.dll
0x00007ff8fe6e0000 - 0x00007ff8fe918000 	C:\WINDOWS\system32\twinapi.appcore.dll
0x0000027fd6e00000 - 0x0000027fd6e03000 	C:\Program Files\BellSoft\LibericaJDK-15-Full\bin\api-ms-win-core-console-l1-1-0.dll
0x0000027fd6e10000 - 0x0000027fd6e13000 	C:\Program Files\BellSoft\LibericaJDK-15-Full\bin\api-ms-win-core-console-l1-2-0.dll
0x0000027fd6e20000 - 0x0000027fd6e23000 	C:\Program Files\BellSoft\LibericaJDK-15-Full\bin\api-ms-win-core-datetime-l1-1-0.dll
0x0000027fd6e30000 - 0x0000027fd6e33000 	C:\Program Files\BellSoft\LibericaJDK-15-Full\bin\api-ms-win-core-debug-l1-1-0.dll
0x0000027fd6e40000 - 0x0000027fd6e43000 	C:\Program Files\BellSoft\LibericaJDK-15-Full\bin\api-ms-win-core-errorhandling-l1-1-0.dll
0x0000027fd6e50000 - 0x0000027fd6e54000 	C:\Program Files\BellSoft\LibericaJDK-15-Full\bin\api-ms-win-core-file-l1-1-0.dll
0x0000027fd6e60000 - 0x0000027fd6e63000 	C:\Program Files\BellSoft\LibericaJDK-15-Full\bin\api-ms-win-core-file-l1-2-0.dll
0x0000027fd6e70000 - 0x0000027fd6e73000 	C:\Program Files\BellSoft\LibericaJDK-15-Full\bin\api-ms-win-core-file-l2-1-0.dll
0x0000027fd6e80000 - 0x0000027fd6e83000 	C:\Program Files\BellSoft\LibericaJDK-15-Full\bin\api-ms-win-core-handle-l1-1-0.dll
0x0000027fd6e90000 - 0x0000027fd6e93000 	C:\Program Files\BellSoft\LibericaJDK-15-Full\bin\api-ms-win-core-heap-l1-1-0.dll
0x0000027fd6ea0000 - 0x0000027fd6ea3000 	C:\Program Files\BellSoft\LibericaJDK-15-Full\bin\api-ms-win-core-interlocked-l1-1-0.dll
0x0000027fd6eb0000 - 0x0000027fd6eb3000 	C:\Program Files\BellSoft\LibericaJDK-15-Full\bin\api-ms-win-core-libraryloader-l1-1-0.dll
0x0000027fd6ec0000 - 0x0000027fd6ec3000 	C:\Program Files\BellSoft\LibericaJDK-15-Full\bin\api-ms-win-core-localization-l1-2-0.dll
0x0000027fd6ed0000 - 0x0000027fd6ed3000 	C:\Program Files\BellSoft\LibericaJDK-15-Full\bin\api-ms-win-core-memory-l1-1-0.dll
0x0000027fd6ee0000 - 0x0000027fd6ee3000 	C:\Program Files\BellSoft\LibericaJDK-15-Full\bin\api-ms-win-core-namedpipe-l1-1-0.dll
0x0000027fd6ef0000 - 0x0000027fd6ef3000 	C:\Program Files\BellSoft\LibericaJDK-15-Full\bin\api-ms-win-core-processenvironment-l1-1-0.dll
0x0000027fd6f00000 - 0x0000027fd6f03000 	C:\Program Files\BellSoft\LibericaJDK-15-Full\bin\api-ms-win-core-processthreads-l1-1-0.dll
0x0000027fd6f10000 - 0x0000027fd6f13000 	C:\Program Files\BellSoft\LibericaJDK-15-Full\bin\api-ms-win-core-processthreads-l1-1-1.dll
0x0000027fd6f20000 - 0x0000027fd6f23000 	C:\Program Files\BellSoft\LibericaJDK-15-Full\bin\api-ms-win-core-profile-l1-1-0.dll
0x0000027fd6f30000 - 0x0000027fd6f33000 	C:\Program Files\BellSoft\LibericaJDK-15-Full\bin\api-ms-win-core-rtlsupport-l1-1-0.dll
0x0000027fd6f40000 - 0x0000027fd6f43000 	C:\Program Files\BellSoft\LibericaJDK-15-Full\bin\api-ms-win-core-string-l1-1-0.dll
0x0000027fd6f50000 - 0x0000027fd6f53000 	C:\Program Files\BellSoft\LibericaJDK-15-Full\bin\api-ms-win-core-synch-l1-1-0.dll
0x0000027fd6f60000 - 0x0000027fd6f63000 	C:\Program Files\BellSoft\LibericaJDK-15-Full\bin\api-ms-win-core-synch-l1-2-0.dll
0x0000027fd6f70000 - 0x0000027fd6f73000 	C:\Program Files\BellSoft\LibericaJDK-15-Full\bin\api-ms-win-core-sysinfo-l1-1-0.dll
0x0000027fd6f80000 - 0x0000027fd6f83000 	C:\Program Files\BellSoft\LibericaJDK-15-Full\bin\api-ms-win-core-timezone-l1-1-0.dll
0x0000027fd6f90000 - 0x0000027fd6f93000 	C:\Program Files\BellSoft\LibericaJDK-15-Full\bin\api-ms-win-core-util-l1-1-0.dll
0x0000027fd6fa0000 - 0x0000027fd6fa3000 	C:\Program Files\BellSoft\LibericaJDK-15-Full\bin\api-ms-win-crt-conio-l1-1-0.dll
0x0000027fd6fb0000 - 0x0000027fd6fb4000 	C:\Program Files\BellSoft\LibericaJDK-15-Full\bin\api-ms-win-crt-convert-l1-1-0.dll
0x0000027fd6fc0000 - 0x0000027fd6fc3000 	C:\Program Files\BellSoft\LibericaJDK-15-Full\bin\api-ms-win-crt-environment-l1-1-0.dll
0x0000027fd6fd0000 - 0x0000027fd6fd3000 	C:\Program Files\BellSoft\LibericaJDK-15-Full\bin\api-ms-win-crt-filesystem-l1-1-0.dll
0x0000027fd6fe0000 - 0x0000027fd6fe3000 	C:\Program Files\BellSoft\LibericaJDK-15-Full\bin\api-ms-win-crt-heap-l1-1-0.dll

dbghelp: loaded successfully - version: 4.0.5 - missing functions: none
symbol engine: initialized successfully - sym options: 0x614 - pdb path: .;C:\Program Files\BellSoft\LibericaJDK-15-Full\bin;C:\WINDOWS\SYSTEM32;C:\WINDOWS\WinSxS\amd64_microsoft.windows.common-controls_6595b64144ccf1df_6.0.26100.4768_none_3e0c112ce331287c;C:\Program Files\BellSoft\LibericaJDK-15-Full\bin\server;C:\Program Files (x86)\Smadav;C:\WINDOWS\WinSxS\amd64_microsoft.windows.common-controls_6595b64144ccf1df_5.82.26100.4484_none_87ef4f277a2c8b1a;C:\WINDOWS\WinSxS\amd64_microsoft.windows.gdiplus_6595b64144ccf1df_1.1.26100.4946_none_6ef530c63dc53cfc;C:\WINDOWS\System32\DriverStore\FileRepository\iigd_dch.inf_amd64_0fdf6ce291234272

VM Arguments:
jvm_args: -Dfile.encoding=UTF-8 
java_command: simrskhanza.SIMRSKhanza
java_class_path (initial): D:\Documents\Project\SIMRSKhanza Custom Toper\lib\lib_all\commons-codec-1.10.jar;D:\Documents\Project\SIMRSKhanza Custom Toper\lib\lib_all\calendar-src.jar;D:\Documents\Project\SIMRSKhanza Custom Toper\lib\lib_all\calendar-doc.jar;D:\Documents\Project\SIMRSKhanza Custom Toper\lib\lib_all\calendar.jar;D:\Documents\Project\SIMRSKhanza Custom Toper\lib\lib_all\jcalendar-1.4.jar;D:\Documents\Project\SIMRSKhanza Custom Toper\lib\lib_all\ant-1.7.1.jar;D:\Documents\Project\SIMRSKhanza Custom Toper\lib\lib_all\apache-httpcomponents-httpclient.jar;D:\Documents\Project\SIMRSKhanza Custom Toper\lib\lib_all\appframework-1.0.3.jar;D:\Documents\Project\SIMRSKhanza Custom Toper\lib\lib_all\barbecue-1.5-beta1.jar;D:\Documents\Project\SIMRSKhanza Custom Toper\lib\lib_all\batik-dom.jar;D:\Documents\Project\SIMRSKhanza Custom Toper\lib\lib_all\groovy-all-2.4.7.jar;D:\Documents\Project\SIMRSKhanza Custom Toper\lib\lib_all\bcel-5.2.jar;D:\Documents\Project\SIMRSKhanza Custom Toper\lib\lib_all\bcprov-jdk15on-154.jar;D:\Documents\Project\SIMRSKhanza Custom Toper\lib\lib_all\poi-4.1.0.jar;D:\Documents\Project\SIMRSKhanza Custom Toper\lib\lib_all\beansbinding-1.2.1.jar;D:\Documents\Project\SIMRSKhanza Custom Toper\lib\lib_all\bsh-2.0b4.jar;D:\Documents\Project\SIMRSKhanza Custom Toper\lib\lib_all\com-jaspersoft-ireport.jar;D:\Documents\Project\SIMRSKhanza Custom Toper\lib\lib_all\com.fasterxml.jackson.core.jar;D:\Documents\Project\SIMRSKhanza Custom Toper\lib\lib_all\comm.jar;D:\Documents\Project\SIMRSKhanza Custom Toper\lib\lib_all\common-javaFX-plugin.jar;D:\Documents\Project\SIMRSKhanza Custom Toper\lib\lib_all\commons-javaflow-20060411.jar;D:\Documents\Project\SIMRSKhanza Custom Toper\lib\lib_all\commons-logging-1.2.jar;D:\Documents\Project\SIMRSKhanza Custom Toper\lib\lib_all\fluent-hc-4.5.1.jar;D:\Documents\Project\SIMRSKhanza Custom Toper\lib\lib_all\fontbox-2.0.13.jar;D:\Documents\Project\SIMRSKhanza Custom Toper\lib\lib_all\gson-2.13.1.jar;D:\Documents\
Launcher Type: SUN_STANDARD

[Global flags]
     intx CICompilerCount                          = 12                                        {product} {ergonomic}
     uint ConcGCThreads                            = 4                                         {product} {ergonomic}
     uint G1ConcRefinementThreads                  = 15                                        {product} {ergonomic}
   size_t G1HeapRegionSize                         = 4194304                                   {product} {ergonomic}
    uintx GCDrainStackTargetSize                   = 64                                        {product} {ergonomic}
   size_t InitialHeapSize                          = 532676608                                 {product} {ergonomic}
   size_t MarkStackSize                            = 4194304                                   {product} {ergonomic}
   size_t MaxHeapSize                              = 8506048512                                {product} {ergonomic}
   size_t MaxNewSize                               = 5100273664                                {product} {ergonomic}
   size_t MinHeapDeltaBytes                        = 4194304                                   {product} {ergonomic}
   size_t MinHeapSize                              = 8388608                                   {product} {ergonomic}
    uintx NonNMethodCodeHeapSize                   = 7602480                                {pd product} {ergonomic}
    uintx NonProfiledCodeHeapSize                  = 122027880                              {pd product} {ergonomic}
    uintx ProfiledCodeHeapSize                     = 122027880                              {pd product} {ergonomic}
    uintx ReservedCodeCacheSize                    = 251658240                              {pd product} {ergonomic}
     bool SegmentedCodeCache                       = true                                      {product} {ergonomic}
   size_t SoftMaxHeapSize                          = 8506048512                             {manageable} {ergonomic}
     bool UseCompressedClassPointers               = true                                 {lp64_product} {ergonomic}
     bool UseCompressedOops                        = true                                 {lp64_product} {ergonomic}
     bool UseG1GC                                  = true                                      {product} {ergonomic}
     bool UseLargePagesIndividualAllocation        = false                                  {pd product} {ergonomic}

Logging:
Log output configuration:
 #0: stdout all=warning uptime,level,tags
 #1: stderr all=off uptime,level,tags

Environment Variables:
JAVA_HOME=C:\Program Files\BellSoft\LibericaJDK-15-Full\
PATH=C:\Program Files\BellSoft\LibericaJDK-15-Full\bin\;C:\ProgramData\Oracle\Java\javapath;D:\Program Files\Python312\Scripts\;D:\Program Files\Python312\;D:\Program Files\Arena\RSCommon;C:\WINDOWS\system32;C:\WINDOWS;C:\WINDOWS\System32\Wbem;C:\WINDOWS\System32\WindowsPowerShell\v1.0\;C:\WINDOWS\System32\OpenSSH\;D:\laragon\bin\php\php-7.4.9-Win32-vc15-x64;C:\ProgramData\ComposerSetup\bin;D:\Program Files\Git\cmd;C:\Program Files\playit_gg\bin\;D:\Program Files\Kubernetes\Minikube;;C:\Program Files\Docker\Docker\resources\bin;C:\Program Files\PuTTY\;C:\Users\Victus\AppData\Local\Yarn\config\global\node_modules\.bin;C:\Users\Victus\AppData\Roaming\Composer\vendor\bin;C:\Users\Victus\AppData\Roaming\npm;D:\laragon\bin;D:\laragon\bin\apache\httpd-2.4.54-win64-VS16\bin;D:\laragon\bin\composer;D:\laragon\bin\git\bin;D:\laragon\bin\git\cmd;D:\laragon\bin\git\mingw64\bin;D:\laragon\bin\git\usr\bin;D:\laragon\bin\laragon\utils;D:\laragon\bin\mysql\mysql-8.0.30-winx64\bin;D:\laragon\bin\nginx\nginx-1.22.0;D:\laragon\bin\ngrok;D:\laragon\bin\nodejs\node-v18;D:\laragon\bin\notepad++;D:\laragon\bin\php\php-8.1.10-Win32-vs16-x64;D:\laragon\bin\python\python-3.10;D:\laragon\bin\python\python-3.10\Scripts;D:\laragon\bin\redis\redis-x64-5.0.14.1;D:\laragon\bin\telnet;D:\laragon\usr\bin;C:\Users\Victus\AppData\Local\Microsoft\WindowsApps;D:\Program Files\Microsoft VS Code\bin;;%USERPROFILE%\AppData\Local\Microsoft\WindowsApps
USERNAME=Victus
OS=Windows_NT
PROCESSOR_IDENTIFIER=Intel64 Family 6 Model 154 Stepping 3, GenuineIntel



---------------  S Y S T E M  ---------------

OS:
 Windows 10 , 64 bit Build 26100 (10.0.26100.4768)
OS uptime: 0 days 6:58 hours
HyperV virtualization detected

CPU: total 20 (initial active 20) (10 cores per cpu, 2 threads per core) family 6 model 154 stepping 3 microcode 0x434, cmov, cx8, fxsr, mmx, sse, sse2, sse3, ssse3, sse4.1, sse4.2, popcnt, vzeroupper, avx, avx2, aes, clmul, erms, 3dnowpref, lzcnt, ht, tsc, tscinvbit, bmi1, bmi2, adx, sha, fma, clflush, clflushopt, clwb

Memory: 4k page, system-wide physical 32435M (12673M free)
TotalPageFile size 36531M (AvailPageFile size 15031M)
current process WorkingSet (physical memory assigned to process): 424M, peak: 445M
current process commit charge ("private bytes"): 500M, peak: 733M

vm_info: OpenJDK 64-Bit Server VM (15.0.2+10) for windows-amd64 JRE (15.0.2+10), built on Jan 21 2021 08:07:14 by "" with MS VC++ 15.9 (VS2017)

END.
